#
# There is insufficient memory for the Java Runtime Environment to continue.
# Native memory allocation (mmap) failed to map 9437184 bytes for G1 virtual space
# Possible reasons:
#   The system is out of physical RAM or swap space
#   The process is running with CompressedOops enabled, and the Java Heap may be blocking the growth of the native heap
# Possible solutions:
#   Reduce memory load on the system
#   Increase physical memory or swap space
#   Check if swap backing store is full
#   Decrease Java heap size (-Xmx/-Xms)
#   Decrease number of Java threads
#   Decrease Java thread stack sizes (-Xss)
#   Set larger code cache with -XX:ReservedCodeCacheSize=
#   JVM is running with Unscaled Compressed Oops mode in which the Java heap is
#     placed in the first 4GB address space. The Java Heap base address is the
#     maximum limit for the native heap growth. Please use -XX:HeapBaseMinAddress
#     to set the Java Heap base and to place the Java Heap above 4GB virtual address.
# This output file may be truncated or incomplete.
#
#  Out of Memory Error (os_windows.cpp:3769), pid=8956, tid=3864
#
# JRE version: OpenJDK Runtime Environment (17.0.6) (build 17.0.6+0-b2043.56-10027231)
# Java VM: OpenJDK 64-Bit Server VM (17.0.6+0-b2043.56-10027231, mixed mode, tiered, compressed oops, compressed class ptrs, g1 gc, windows-amd64)
# No core dump will be written. Minidumps are not enabled by default on client versions of Windows
#

---------------  S U M M A R Y ------------

Command Line: org.jetbrains.kotlin.cli.jvm.K2JVMCompiler @C:\Users\Thoriso Tumelo\Downloads\Compressed\WILAPPUPDATED\WILAPP\app\build\20231121_2219284685510748466.compiler.options

Host: Intel(R) Core(TM) i3-8100T CPU @ 3.10GHz, 4 cores, 7G,  Windows 10 , 64 bit Build 19041 (10.0.19041.3031)
Time: Tue Nov 21 21:45:47 2023 South Africa Standard Time elapsed time: 9.549312 seconds (0d 0h 0m 9s)

---------------  T H R E A D  ---------------

Current thread (0x000001450049cb90):  VMThread "VM Thread" [stack: 0x0000000e70600000,0x0000000e70700000] [id=3864]

Stack: [0x0000000e70600000,0x0000000e70700000]
Native frames: (J=compiled Java code, j=interpreted, Vv=VM code, C=native code)
V  [jvm.dll+0x683c9a]
V  [jvm.dll+0x8427a4]
V  [jvm.dll+0x843f9e]
V  [jvm.dll+0x844603]
V  [jvm.dll+0x249b75]
V  [jvm.dll+0x680b69]
V  [jvm.dll+0x67505a]
V  [jvm.dll+0x309acb]
V  [jvm.dll+0x310f86]
V  [jvm.dll+0x3608ee]
V  [jvm.dll+0x360b1f]
V  [jvm.dll+0x2dfbf8]
V  [jvm.dll+0x2ddec4]
V  [jvm.dll+0x2dd4cc]
V  [jvm.dll+0x321f3b]
V  [jvm.dll+0x848ccb]
V  [jvm.dll+0x849a04]
V  [jvm.dll+0x849f1d]
V  [jvm.dll+0x84a2f4]
V  [jvm.dll+0x84a3c0]
V  [jvm.dll+0x7f274a]
V  [jvm.dll+0x682ad5]
C  [ucrtbase.dll+0x21bb2]
C  [KERNEL32.DLL+0x17614]
C  [ntdll.dll+0x526f1]

VM_Operation (0x0000000e700fd470): G1CollectForAllocation, mode: safepoint, requested by thread 0x0000014567040540


---------------  P R O C E S S  ---------------

Threads class SMR info:
_java_thread_list=0x0000014502a9b960, length=13, elements={
0x0000014567040540, 0x00000145004f5f90, 0x00000145004f6e00, 0x000001450102e2d0,
0x000001450102ed90, 0x0000014501023f00, 0x00000145010248b0, 0x0000014501025590,
0x0000014501027f90, 0x000001450052cfd0, 0x00000145011877c0, 0x00000145011886b0,
0x00000145017d7300
}

Java Threads: ( => current thread )
  0x0000014567040540 JavaThread "main" [_thread_blocked, id=10556, stack(0x0000000e70000000,0x0000000e70100000)]
  0x00000145004f5f90 JavaThread "Reference Handler" daemon [_thread_blocked, id=860, stack(0x0000000e70700000,0x0000000e70800000)]
  0x00000145004f6e00 JavaThread "Finalizer" daemon [_thread_blocked, id=7972, stack(0x0000000e70800000,0x0000000e70900000)]
  0x000001450102e2d0 JavaThread "Signal Dispatcher" daemon [_thread_blocked, id=2448, stack(0x0000000e70900000,0x0000000e70a00000)]
  0x000001450102ed90 JavaThread "Attach Listener" daemon [_thread_blocked, id=7524, stack(0x0000000e70a00000,0x0000000e70b00000)]
  0x0000014501023f00 JavaThread "Service Thread" daemon [_thread_blocked, id=2892, stack(0x0000000e70b00000,0x0000000e70c00000)]
  0x00000145010248b0 JavaThread "Monitor Deflation Thread" daemon [_thread_blocked, id=10420, stack(0x0000000e70c00000,0x0000000e70d00000)]
  0x0000014501025590 JavaThread "C2 CompilerThread0" daemon [_thread_blocked, id=3332, stack(0x0000000e70d00000,0x0000000e70e00000)]
  0x0000014501027f90 JavaThread "C1 CompilerThread0" daemon [_thread_blocked, id=2516, stack(0x0000000e70e00000,0x0000000e70f00000)]
  0x000001450052cfd0 JavaThread "Sweeper thread" daemon [_thread_blocked, id=4756, stack(0x0000000e70f00000,0x0000000e71000000)]
  0x00000145011877c0 JavaThread "Notification Thread" daemon [_thread_blocked, id=10976, stack(0x0000000e71000000,0x0000000e71100000)]
  0x00000145011886b0 JavaThread "Common-Cleaner" daemon [_thread_blocked, id=6156, stack(0x0000000e71200000,0x0000000e71300000)]
  0x00000145017d7300 JavaThread "C2 CompilerThread1" daemon [_thread_blocked, id=6252, stack(0x0000000e71600000,0x0000000e71700000)]

Other Threads:
=>0x000001450049cb90 VMThread "VM Thread" [stack: 0x0000000e70600000,0x0000000e70700000] [id=3864]
  0x00000145670b8550 WatcherThread [stack: 0x0000000e71100000,0x0000000e71200000] [id=3492]
  0x000001456709c8d0 GCTaskThread "GC Thread#0" [stack: 0x0000000e70100000,0x0000000e70200000] [id=12180]
  0x00000145015713e0 GCTaskThread "GC Thread#1" [stack: 0x0000000e71300000,0x0000000e71400000] [id=11544]
  0x0000014501576ec0 GCTaskThread "GC Thread#2" [stack: 0x0000000e71400000,0x0000000e71500000] [id=4272]
  0x00000145015a2f40 GCTaskThread "GC Thread#3" [stack: 0x0000000e71500000,0x0000000e71600000] [id=6204]
  0x00000145670ad960 ConcurrentGCThread "G1 Main Marker" [stack: 0x0000000e70200000,0x0000000e70300000] [id=6320]
  0x00000145670aeb10 ConcurrentGCThread "G1 Conc#0" [stack: 0x0000000e70300000,0x0000000e70400000] [id=5752]
  0x00000145003500a0 ConcurrentGCThread "G1 Refine#0" [stack: 0x0000000e70400000,0x0000000e70500000] [id=7308]
  0x00000145029ee680 ConcurrentGCThread "G1 Refine#1" [stack: 0x0000000e71700000,0x0000000e71800000] [id=4988]
  0x00000145029ee960 ConcurrentGCThread "G1 Refine#2" [stack: 0x0000000e71800000,0x0000000e71900000] [id=3840]
  0x00000145052f4af0 ConcurrentGCThread "G1 Refine#3" [stack: 0x0000000e71900000,0x0000000e71a00000] [id=5936]
  0x0000014500350ac0 ConcurrentGCThread "G1 Service" [stack: 0x0000000e70500000,0x0000000e70600000] [id=7752]

Threads with active compile tasks:
C2 CompilerThread0     9584 9884       4       org.jetbrains.kotlin.ir.types.impl.IrSimpleTypeBuilder::setArguments (12 bytes)
C2 CompilerThread1     9584 9872       4       org.jetbrains.kotlin.ir.types.impl.IrSimpleTypeImplKt::buildSimpleType (53 bytes)

VM state: at safepoint (normal execution)

VM Mutex/Monitor currently owned by a thread:  ([mutex/lock_event])
[0x000001456703bad0] Threads_lock - owner thread: 0x000001450049cb90
[0x000001456703b920] Heap_lock - owner thread: 0x0000014567040540

Heap address: 0x0000000082600000, size: 2010 MB, Compressed Oops mode: 32-bit

CDS archive(s) not mapped
Compressed class space mapped at: 0x0000000100000000-0x0000000140000000, reserved size: 1073741824
Narrow klass base: 0x0000000000000000, Narrow klass shift: 3, Narrow klass range: 0x140000000

GC Precious Log:
 CPUs: 4 total, 4 available
 Memory: 8035M
 Large Page Support: Disabled
 NUMA Support: Disabled
 Compressed Oops: Enabled (32-bit)
 Heap Region Size: 1M
 Heap Min Capacity: 8M
 Heap Initial Capacity: 126M
 Heap Max Capacity: 2010M
 Pre-touch: Disabled
 Parallel Workers: 4
 Concurrent Workers: 1
 Concurrent Refinement Workers: 4
 Periodic GC: Disabled

Heap:
 garbage-first heap   total 119808K, used 69385K [0x0000000082600000, 0x0000000100000000)
  region size 1024K, 1 young (1024K), 1 survivors (1024K)
 Metaspace       used 69596K, committed 69952K, reserved 1114112K
  class space    used 7903K, committed 8064K, reserved 1048576K

Heap Regions: E=young(eden), S=young(survivor), O=old, HS=humongous(starts), HC=humongous(continues), CS=collection set, F=free, OA=open archive, CA=closed archive, TAMS=top-at-mark-start (previous, next)
|   0|0x0000000082600000, 0x0000000082700000, 0x0000000082700000|100%|HS|  |TAMS 0x0000000082700000, 0x0000000082600000| Complete 
|   1|0x0000000082700000, 0x0000000082800000, 0x0000000082800000|100%|HC|  |TAMS 0x0000000082800000, 0x0000000082700000| Complete 
|   2|0x0000000082800000, 0x0000000082900000, 0x0000000082900000|100%|HC|  |TAMS 0x0000000082900000, 0x0000000082800000| Complete 
|   3|0x0000000082900000, 0x0000000082a00000, 0x0000000082a00000|100%|HC|  |TAMS 0x0000000082a00000, 0x0000000082900000| Complete 
|   4|0x0000000082a00000, 0x0000000082b00000, 0x0000000082b00000|100%| O|  |TAMS 0x0000000082b00000, 0x0000000082a00000| Untracked 
|   5|0x0000000082b00000, 0x0000000082c00000, 0x0000000082c00000|100%| O|  |TAMS 0x0000000082c00000, 0x0000000082b00000| Untracked 
|   6|0x0000000082c00000, 0x0000000082d00000, 0x0000000082d00000|100%| O|  |TAMS 0x0000000082d00000, 0x0000000082c00000| Untracked 
|   7|0x0000000082d00000, 0x0000000082e00000, 0x0000000082e00000|100%|HS|  |TAMS 0x0000000082e00000, 0x0000000082d00000| Complete 
|   8|0x0000000082e00000, 0x0000000082f00000, 0x0000000082f00000|100%|HC|  |TAMS 0x0000000082f00000, 0x0000000082e00000| Complete 
|   9|0x0000000082f00000, 0x0000000083000000, 0x0000000083000000|100%|HC|  |TAMS 0x0000000083000000, 0x0000000082f00000| Complete 
|  10|0x0000000083000000, 0x0000000083100000, 0x0000000083100000|100%|HC|  |TAMS 0x0000000083100000, 0x0000000083000000| Complete 
|  11|0x0000000083100000, 0x0000000083200000, 0x0000000083200000|100%| O|  |TAMS 0x0000000083200000, 0x0000000083100000| Untracked 
|  12|0x0000000083200000, 0x0000000083300000, 0x0000000083300000|100%| O|  |TAMS 0x0000000083300000, 0x0000000083200000| Untracked 
|  13|0x0000000083300000, 0x0000000083400000, 0x0000000083400000|100%| O|  |TAMS 0x0000000083400000, 0x0000000083300000| Untracked 
|  14|0x0000000083400000, 0x0000000083500000, 0x0000000083500000|100%| O|  |TAMS 0x0000000083500000, 0x0000000083400000| Untracked 
|  15|0x0000000083500000, 0x0000000083600000, 0x0000000083600000|100%| O|  |TAMS 0x0000000083600000, 0x0000000083500000| Untracked 
|  16|0x0000000083600000, 0x0000000083700000, 0x0000000083700000|100%| O|  |TAMS 0x0000000083700000, 0x0000000083600000| Untracked 
|  17|0x0000000083700000, 0x0000000083800000, 0x0000000083800000|100%| O|  |TAMS 0x0000000083800000, 0x0000000083700000| Untracked 
|  18|0x0000000083800000, 0x0000000083900000, 0x0000000083900000|100%| O|  |TAMS 0x0000000083900000, 0x0000000083800000| Untracked 
|  19|0x0000000083900000, 0x0000000083a00000, 0x0000000083a00000|100%| O|  |TAMS 0x0000000083a00000, 0x0000000083900000| Untracked 
|  20|0x0000000083a00000, 0x0000000083b00000, 0x0000000083b00000|100%| O|  |TAMS 0x0000000083b00000, 0x0000000083a00000| Untracked 
|  21|0x0000000083b00000, 0x0000000083c00000, 0x0000000083c00000|100%| O|  |TAMS 0x0000000083c00000, 0x0000000083b00000| Untracked 
|  22|0x0000000083c00000, 0x0000000083d00000, 0x0000000083d00000|100%| O|  |TAMS 0x0000000083d00000, 0x0000000083c00000| Untracked 
|  23|0x0000000083d00000, 0x0000000083e00000, 0x0000000083e00000|100%| O|  |TAMS 0x0000000083e00000, 0x0000000083d00000| Untracked 
|  24|0x0000000083e00000, 0x0000000083f00000, 0x0000000083f00000|100%| O|  |TAMS 0x0000000083f00000, 0x0000000083e00000| Untracked 
|  25|0x0000000083f00000, 0x0000000084000000, 0x0000000084000000|100%| O|  |TAMS 0x0000000084000000, 0x0000000083f00000| Untracked 
|  26|0x0000000084000000, 0x0000000084100000, 0x0000000084100000|100%| O|  |TAMS 0x0000000084100000, 0x0000000084000000| Untracked 
|  27|0x0000000084100000, 0x0000000084200000, 0x0000000084200000|100%|HS|  |TAMS 0x0000000084200000, 0x0000000084100000| Complete 
|  28|0x0000000084200000, 0x0000000084300000, 0x0000000084300000|100%|HC|  |TAMS 0x0000000084300000, 0x0000000084200000| Complete 
|  29|0x0000000084300000, 0x0000000084400000, 0x0000000084400000|100%| O|  |TAMS 0x0000000084400000, 0x0000000084300000| Untracked 
|  30|0x0000000084400000, 0x0000000084500000, 0x0000000084500000|100%| O|  |TAMS 0x0000000084500000, 0x0000000084400000| Untracked 
|  31|0x0000000084500000, 0x0000000084600000, 0x0000000084600000|100%| O|  |TAMS 0x0000000084600000, 0x0000000084500000| Untracked 
|  32|0x0000000084600000, 0x0000000084700000, 0x0000000084700000|100%| O|  |TAMS 0x0000000084700000, 0x0000000084600000| Untracked 
|  33|0x0000000084700000, 0x0000000084800000, 0x0000000084800000|100%| O|  |TAMS 0x0000000084800000, 0x0000000084700000| Untracked 
|  34|0x0000000084800000, 0x0000000084900000, 0x0000000084900000|100%| O|  |TAMS 0x0000000084900000, 0x0000000084800000| Untracked 
|  35|0x0000000084900000, 0x0000000084a00000, 0x0000000084a00000|100%| O|  |TAMS 0x0000000084a00000, 0x0000000084900000| Untracked 
|  36|0x0000000084a00000, 0x0000000084b00000, 0x0000000084b00000|100%| O|  |TAMS 0x0000000084b00000, 0x0000000084a00000| Untracked 
|  37|0x0000000084b00000, 0x0000000084c00000, 0x0000000084c00000|100%| O|  |TAMS 0x0000000084c00000, 0x0000000084b00000| Untracked 
|  38|0x0000000084c00000, 0x0000000084d00000, 0x0000000084d00000|100%| O|  |TAMS 0x0000000084d00000, 0x0000000084c00000| Untracked 
|  39|0x0000000084d00000, 0x0000000084e00000, 0x0000000084e00000|100%| O|  |TAMS 0x0000000084e00000, 0x0000000084d00000| Untracked 
|  40|0x0000000084e00000, 0x0000000084f00000, 0x0000000084f00000|100%| O|  |TAMS 0x0000000084f00000, 0x0000000084e00000| Untracked 
|  41|0x0000000084f00000, 0x0000000085000000, 0x0000000085000000|100%| O|  |TAMS 0x0000000085000000, 0x0000000084f00000| Untracked 
|  42|0x0000000085000000, 0x0000000085100000, 0x0000000085100000|100%| O|  |TAMS 0x0000000085100000, 0x0000000085000000| Untracked 
|  43|0x0000000085100000, 0x0000000085200000, 0x0000000085200000|100%| O|  |TAMS 0x0000000085200000, 0x0000000085100000| Untracked 
|  44|0x0000000085200000, 0x0000000085300000, 0x0000000085300000|100%| O|  |TAMS 0x0000000085300000, 0x0000000085200000| Untracked 
|  45|0x0000000085300000, 0x0000000085400000, 0x0000000085400000|100%| O|  |TAMS 0x0000000085400000, 0x0000000085300000| Untracked 
|  46|0x0000000085400000, 0x0000000085500000, 0x0000000085500000|100%| O|  |TAMS 0x0000000085500000, 0x0000000085400000| Untracked 
|  47|0x0000000085500000, 0x0000000085600000, 0x0000000085600000|100%| O|  |TAMS 0x0000000085600000, 0x0000000085500000| Untracked 
|  48|0x0000000085600000, 0x0000000085700000, 0x0000000085700000|100%| O|  |TAMS 0x0000000085700000, 0x0000000085600000| Untracked 
|  49|0x0000000085700000, 0x0000000085800000, 0x0000000085800000|100%| O|  |TAMS 0x0000000085800000, 0x0000000085700000| Untracked 
|  50|0x0000000085800000, 0x0000000085900000, 0x0000000085900000|100%| O|  |TAMS 0x0000000085900000, 0x0000000085800000| Untracked 
|  51|0x0000000085900000, 0x0000000085a00000, 0x0000000085a00000|100%| O|  |TAMS 0x0000000085a00000, 0x0000000085900000| Untracked 
|  52|0x0000000085a00000, 0x0000000085b00000, 0x0000000085b00000|100%| O|  |TAMS 0x0000000085b00000, 0x0000000085a00000| Untracked 
|  53|0x0000000085b00000, 0x0000000085c00000, 0x0000000085c00000|100%| O|  |TAMS 0x0000000085c00000, 0x0000000085b00000| Untracked 
|  54|0x0000000085c00000, 0x0000000085d00000, 0x0000000085d00000|100%| O|  |TAMS 0x0000000085d00000, 0x0000000085c00000| Untracked 
|  55|0x0000000085d00000, 0x0000000085e00000, 0x0000000085e00000|100%| O|  |TAMS 0x0000000085e00000, 0x0000000085d00000| Untracked 
|  56|0x0000000085e00000, 0x0000000085f00000, 0x0000000085f00000|100%| O|  |TAMS 0x0000000085f00000, 0x0000000085e00000| Untracked 
|  57|0x0000000085f00000, 0x0000000086000000, 0x0000000086000000|100%| O|  |TAMS 0x0000000086000000, 0x0000000085f00000| Untracked 
|  58|0x0000000086000000, 0x0000000086000000, 0x0000000086100000|  0%| F|  |TAMS 0x0000000086000000, 0x0000000086000000| Untracked 
|  59|0x0000000086100000, 0x0000000086200000, 0x0000000086200000|100%| O|  |TAMS 0x0000000086100000, 0x0000000086100000| Untracked 
|  60|0x0000000086200000, 0x0000000086300000, 0x0000000086300000|100%| O|  |TAMS 0x0000000086200000, 0x0000000086200000| Untracked 
|  61|0x0000000086300000, 0x0000000086400000, 0x0000000086400000|100%| O|  |TAMS 0x0000000086300000, 0x0000000086300000| Untracked 
|  62|0x0000000086400000, 0x0000000086500000, 0x0000000086500000|100%| O|  |TAMS 0x0000000086400000, 0x0000000086400000| Untracked 
|  63|0x0000000086500000, 0x0000000086600000, 0x0000000086600000|100%| O|  |TAMS 0x0000000086500000, 0x0000000086500000| Untracked 
|  64|0x0000000086600000, 0x0000000086700000, 0x0000000086700000|100%| O|  |TAMS 0x0000000086600000, 0x0000000086600000| Untracked 
|  65|0x0000000086700000, 0x0000000086800000, 0x0000000086800000|100%| O|  |TAMS 0x0000000086700000, 0x0000000086700000| Untracked 
|  66|0x0000000086800000, 0x0000000086900000, 0x0000000086900000|100%| O|  |TAMS 0x0000000086800000, 0x0000000086800000| Untracked 
|  67|0x0000000086900000, 0x0000000086a00000, 0x0000000086a00000|100%| O|  |TAMS 0x0000000086900000, 0x0000000086900000| Untracked 
|  68|0x0000000086a00000, 0x0000000086a4c000, 0x0000000086b00000| 29%| O|  |TAMS 0x0000000086a00000, 0x0000000086a00000| Untracked 
|  69|0x0000000086b00000, 0x0000000086b00000, 0x0000000086c00000|  0%| F|  |TAMS 0x0000000086b00000, 0x0000000086b00000| Untracked 
|  70|0x0000000086c00000, 0x0000000086c00000, 0x0000000086d00000|  0%| F|  |TAMS 0x0000000086c00000, 0x0000000086c00000| Untracked 
|  71|0x0000000086d00000, 0x0000000086d00000, 0x0000000086e00000|  0%| F|  |TAMS 0x0000000086d00000, 0x0000000086d00000| Untracked 
|  72|0x0000000086e00000, 0x0000000086e00000, 0x0000000086f00000|  0%| F|  |TAMS 0x0000000086e00000, 0x0000000086e00000| Untracked 
|  73|0x0000000086f00000, 0x0000000086f00000, 0x0000000087000000|  0%| F|  |TAMS 0x0000000086f00000, 0x0000000086f00000| Untracked 
|  74|0x0000000087000000, 0x0000000087000000, 0x0000000087100000|  0%| F|  |TAMS 0x0000000087000000, 0x0000000087000000| Untracked 
|  75|0x0000000087100000, 0x0000000087100000, 0x0000000087200000|  0%| F|  |TAMS 0x0000000087100000, 0x0000000087100000| Untracked 
|  76|0x0000000087200000, 0x0000000087200000, 0x0000000087300000|  0%| F|  |TAMS 0x0000000087200000, 0x0000000087200000| Untracked 
|  77|0x0000000087300000, 0x0000000087300000, 0x0000000087400000|  0%| F|  |TAMS 0x0000000087300000, 0x0000000087300000| Untracked 
|  78|0x0000000087400000, 0x0000000087400000, 0x0000000087500000|  0%| F|  |TAMS 0x0000000087400000, 0x0000000087400000| Untracked 
|  79|0x0000000087500000, 0x0000000087500000, 0x0000000087600000|  0%| F|  |TAMS 0x0000000087500000, 0x0000000087500000| Untracked 
|  80|0x0000000087600000, 0x0000000087600000, 0x0000000087700000|  0%| F|  |TAMS 0x0000000087600000, 0x0000000087600000| Untracked 
|  81|0x0000000087700000, 0x0000000087700000, 0x0000000087800000|  0%| F|  |TAMS 0x0000000087700000, 0x0000000087700000| Untracked 
|  82|0x0000000087800000, 0x0000000087800000, 0x0000000087900000|  0%| F|  |TAMS 0x0000000087800000, 0x0000000087800000| Untracked 
|  83|0x0000000087900000, 0x0000000087900000, 0x0000000087a00000|  0%| F|  |TAMS 0x0000000087900000, 0x0000000087900000| Untracked 
|  84|0x0000000087a00000, 0x0000000087a00000, 0x0000000087b00000|  0%| F|  |TAMS 0x0000000087a00000, 0x0000000087a00000| Untracked 
|  85|0x0000000087b00000, 0x0000000087b00000, 0x0000000087c00000|  0%| F|  |TAMS 0x0000000087b00000, 0x0000000087b00000| Untracked 
|  86|0x0000000087c00000, 0x0000000087c00000, 0x0000000087d00000|  0%| F|  |TAMS 0x0000000087c00000, 0x0000000087c00000| Untracked 
|  87|0x0000000087d00000, 0x0000000087d00000, 0x0000000087e00000|  0%| F|  |TAMS 0x0000000087d00000, 0x0000000087d00000| Untracked 
|  88|0x0000000087e00000, 0x0000000087e00000, 0x0000000087f00000|  0%| F|  |TAMS 0x0000000087e00000, 0x0000000087e00000| Untracked 
|  89|0x0000000087f00000, 0x0000000087f00000, 0x0000000088000000|  0%| F|  |TAMS 0x0000000087f00000, 0x0000000087f00000| Untracked 
|  90|0x0000000088000000, 0x0000000088000000, 0x0000000088100000|  0%| F|  |TAMS 0x0000000088000000, 0x0000000088000000| Untracked 
|  91|0x0000000088100000, 0x0000000088100000, 0x0000000088200000|  0%| F|  |TAMS 0x0000000088100000, 0x0000000088100000| Untracked 
|  92|0x0000000088200000, 0x0000000088200000, 0x0000000088300000|  0%| F|  |TAMS 0x0000000088200000, 0x0000000088200000| Untracked 
|  93|0x0000000088300000, 0x0000000088300000, 0x0000000088400000|  0%| F|  |TAMS 0x0000000088300000, 0x0000000088300000| Untracked 
|  94|0x0000000088400000, 0x0000000088400000, 0x0000000088500000|  0%| F|  |TAMS 0x0000000088400000, 0x0000000088400000| Untracked 
|  95|0x0000000088500000, 0x0000000088500000, 0x0000000088600000|  0%| F|  |TAMS 0x0000000088500000, 0x0000000088500000| Untracked 
|  96|0x0000000088600000, 0x0000000088600000, 0x0000000088700000|  0%| F|  |TAMS 0x0000000088600000, 0x0000000088600000| Untracked 
|  97|0x0000000088700000, 0x0000000088700000, 0x0000000088800000|  0%| F|  |TAMS 0x0000000088700000, 0x0000000088700000| Untracked 
|  98|0x0000000088800000, 0x0000000088800000, 0x0000000088900000|  0%| F|  |TAMS 0x0000000088800000, 0x0000000088800000| Untracked 
|  99|0x0000000088900000, 0x0000000088900000, 0x0000000088a00000|  0%| F|  |TAMS 0x0000000088900000, 0x0000000088900000| Untracked 
| 100|0x0000000088a00000, 0x0000000088a00000, 0x0000000088b00000|  0%| F|  |TAMS 0x0000000088a00000, 0x0000000088a00000| Untracked 
| 101|0x0000000088b00000, 0x0000000088b00000, 0x0000000088c00000|  0%| F|  |TAMS 0x0000000088b00000, 0x0000000088b00000| Untracked 
| 102|0x0000000088c00000, 0x0000000088c00000, 0x0000000088d00000|  0%| F|  |TAMS 0x0000000088c00000, 0x0000000088c00000| Untracked 
| 103|0x0000000088d00000, 0x0000000088d00000, 0x0000000088e00000|  0%| F|  |TAMS 0x0000000088d00000, 0x0000000088d00000| Untracked 
| 104|0x0000000088e00000, 0x0000000088e00000, 0x0000000088f00000|  0%| F|  |TAMS 0x0000000088e00000, 0x0000000088e00000| Untracked 
| 105|0x0000000088f00000, 0x0000000088f00000, 0x0000000089000000|  0%| F|  |TAMS 0x0000000088f00000, 0x0000000088f00000| Untracked 
| 106|0x0000000089000000, 0x0000000089000000, 0x0000000089100000|  0%| F|  |TAMS 0x0000000089000000, 0x0000000089000000| Untracked 
| 107|0x0000000089100000, 0x0000000089100000, 0x0000000089200000|  0%| F|  |TAMS 0x0000000089100000, 0x0000000089100000| Untracked 
| 108|0x0000000089200000, 0x0000000089200000, 0x0000000089300000|  0%| F|  |TAMS 0x0000000089200000, 0x0000000089200000| Untracked 
| 109|0x0000000089300000, 0x0000000089300000, 0x0000000089400000|  0%| F|  |TAMS 0x0000000089300000, 0x0000000089300000| Untracked 
| 110|0x0000000089400000, 0x0000000089400000, 0x0000000089500000|  0%| F|  |TAMS 0x0000000089400000, 0x0000000089400000| Untracked 
| 111|0x0000000089500000, 0x0000000089500000, 0x0000000089600000|  0%| F|  |TAMS 0x0000000089500000, 0x0000000089500000| Untracked 
| 112|0x0000000089600000, 0x0000000089600000, 0x0000000089700000|  0%| F|  |TAMS 0x0000000089600000, 0x0000000089600000| Untracked 
| 113|0x0000000089700000, 0x0000000089700000, 0x0000000089800000|  0%| F|  |TAMS 0x0000000089700000, 0x0000000089700000| Untracked 
| 114|0x0000000089800000, 0x0000000089876620, 0x0000000089900000| 46%| S|CS|TAMS 0x0000000089800000, 0x0000000089800000| Complete 
| 115|0x0000000089900000, 0x0000000089900000, 0x0000000089a00000|  0%| F|  |TAMS 0x0000000089900000, 0x0000000089900000| Untracked 
| 125|0x000000008a300000, 0x000000008a300000, 0x000000008a400000|  0%| F|  |TAMS 0x000000008a300000, 0x000000008a300000| Untracked 

Card table byte_map: [0x0000014579900000,0x0000014579cf0000] _byte_map_base: 0x00000145794ed000

Marking Bits (Prev, Next): (CMBitMap*) 0x000001456709cf20, (CMBitMap*) 0x000001456709cee0
 Prev Bits: [0x000001457c050000, 0x000001457dfb8000)
 Next Bits: [0x000001457a0e0000, 0x000001457c048000)

Polling page: 0x0000014564ee0000

Metaspace:

Usage:
  Non-class:     60.25 MB used.
      Class:      7.72 MB used.
       Both:     67.96 MB used.

Virtual space:
  Non-class space:       64.00 MB reserved,      60.44 MB ( 94%) committed,  8 nodes.
      Class space:        1.00 GB reserved,       7.88 MB ( <1%) committed,  1 nodes.
             Both:        1.06 GB reserved,      68.31 MB (  6%) committed. 

Chunk freelists:
   Non-Class:  3.34 MB
       Class:  112.00 KB
        Both:  3.45 MB

MaxMetaspaceSize: unlimited
CompressedClassSpaceSize: 1.00 GB
Initial GC threshold: 21.00 MB
Current GC threshold: 109.62 MB
CDS: off
MetaspaceReclaimPolicy: balanced
 - commit_granule_bytes: 65536.
 - commit_granule_words: 8192.
 - virtual_space_node_default_size: 1048576.
 - enlarge_chunks_in_place: 1.
 - new_chunks_are_fully_committed: 0.
 - uncommit_free_chunks: 1.
 - use_allocation_guard: 0.
 - handle_deallocations: 1.


Internal statistics:

num_allocs_failed_limit: 6.
num_arena_births: 318.
num_arena_deaths: 0.
num_vsnodes_births: 9.
num_vsnodes_deaths: 0.
num_space_committed: 1091.
num_space_uncommitted: 0.
num_chunks_returned_to_freelist: 6.
num_chunks_taken_from_freelist: 2438.
num_chunk_merges: 6.
num_chunk_splits: 1984.
num_chunks_enlarged: 1758.
num_purges: 0.
num_inconsistent_stats: 0.

CodeHeap 'non-profiled nmethods': size=120000Kb used=4207Kb max_used=4207Kb free=115792Kb
 bounds [0x0000014571fe0000, 0x0000014572400000, 0x0000014579510000]
CodeHeap 'profiled nmethods': size=120000Kb used=22594Kb max_used=22594Kb free=97405Kb
 bounds [0x000001456a510000, 0x000001456bb30000, 0x0000014571a40000]
CodeHeap 'non-nmethods': size=5760Kb used=1407Kb max_used=1463Kb free=4352Kb
 bounds [0x0000014571a40000, 0x0000014571cb0000, 0x0000014571fe0000]
 total_blobs=9097 nmethods=8373 adapters=630
 compilation: enabled
              stopped_count=0, restarted_count=0
 full_count=0

Compilation events (20 events):
Event: 9.532 Thread 0x00000145017d7300 nmethod 9869 0x00000145723fa710 code [0x00000145723fa8a0, 0x00000145723fa9d8]
Event: 9.532 Thread 0x00000145017d7300 9870       4       org.jetbrains.kotlin.ir.visitors.IrElementTransformerVoid::visitValueParameter (12 bytes)
Event: 9.532 Thread 0x0000014501027f90 9877       3       kotlin.collections.ArrayDeque::positiveMod (21 bytes)
Event: 9.532 Thread 0x0000014501027f90 nmethod 9877 0x000001456ae6ee10 code [0x000001456ae6efa0, 0x000001456ae6f118]
Event: 9.532 Thread 0x0000014501027f90 9878       3       org.jetbrains.kotlin.ir.declarations.lazy.SynchronizedLazyVar::getValue (11 bytes)
Event: 9.533 Thread 0x00000145017d7300 nmethod 9870 0x00000145723fab10 code [0x00000145723fac80, 0x00000145723fad38]
Event: 9.533 Thread 0x00000145017d7300 9872       4       org.jetbrains.kotlin.ir.types.impl.IrSimpleTypeImplKt::buildSimpleType (53 bytes)
Event: 9.533 Thread 0x0000014501027f90 nmethod 9878 0x000001456bb26d10 code [0x000001456bb26f20, 0x000001456bb274e8]
Event: 9.533 Thread 0x0000014501027f90 9879   !   3       org.jetbrains.kotlin.ir.declarations.lazy.SynchronizedLazyVar::getValue (70 bytes)
Event: 9.534 Thread 0x0000014501027f90 nmethod 9879 0x000001456bb27790 code [0x000001456bb279c0, 0x000001456bb28238]
Event: 9.535 Thread 0x0000014501027f90 9880       3       org.jetbrains.kotlin.ir.expressions.IrMemberAccessExpression::getValueArgument (46 bytes)
Event: 9.536 Thread 0x0000014501027f90 nmethod 9880 0x000001456bb28610 code [0x000001456bb288a0, 0x000001456bb293b8]
Event: 9.538 Thread 0x0000014501025590 nmethod 9868 0x00000145723fae10 code [0x00000145723fafe0, 0x00000145723fb638]
Event: 9.538 Thread 0x0000014501027f90 9881       3       kotlin.collections.ArrayDeque::last (39 bytes)
Event: 9.538 Thread 0x0000014501027f90 nmethod 9881 0x000001456b286f90 code [0x000001456b287180, 0x000001456b287768]
Event: 9.539 Thread 0x0000014501027f90 9882       3       org.jetbrains.kotlin.ir.declarations.lazy.IrLazyClass::getParent (19 bytes)
Event: 9.539 Thread 0x0000014501027f90 nmethod 9882 0x000001456aca0010 code [0x000001456aca01c0, 0x000001456aca04a8]
Event: 9.539 Thread 0x0000014501027f90 9883       3       org.jetbrains.kotlin.ir.interpreter.IrInterpreter::getCallStack (8 bytes)
Event: 9.539 Thread 0x0000014501027f90 nmethod 9883 0x000001456a6a2990 code [0x000001456a6a2b20, 0x000001456a6a2c58]
Event: 9.539 Thread 0x0000014501025590 9884       4       org.jetbrains.kotlin.ir.types.impl.IrSimpleTypeBuilder::setArguments (12 bytes)

GC Heap History (20 events):
Event: 4.963 GC heap after
{Heap after GC invocations=16 (full 0):
 garbage-first heap   total 79872K, used 44220K [0x0000000082600000, 0x0000000100000000)
  region size 1024K, 4 young (4096K), 4 survivors (4096K)
 Metaspace       used 52514K, committed 52800K, reserved 1097728K
  class space    used 6195K, committed 6336K, reserved 1048576K
}
Event: 5.186 GC heap before
{Heap before GC invocations=16 (full 0):
 garbage-first heap   total 79872K, used 61628K [0x0000000082600000, 0x0000000100000000)
  region size 1024K, 21 young (21504K), 4 survivors (4096K)
 Metaspace       used 52816K, committed 53120K, reserved 1097728K
  class space    used 6208K, committed 6336K, reserved 1048576K
}
Event: 5.201 GC heap after
{Heap after GC invocations=17 (full 0):
 garbage-first heap   total 102400K, used 47763K [0x0000000082600000, 0x0000000100000000)
  region size 1024K, 3 young (3072K), 3 survivors (3072K)
 Metaspace       used 52816K, committed 53120K, reserved 1097728K
  class space    used 6208K, committed 6336K, reserved 1048576K
}
Event: 5.343 GC heap before
{Heap before GC invocations=18 (full 0):
 garbage-first heap   total 102400K, used 77459K [0x0000000082600000, 0x0000000100000000)
  region size 1024K, 32 young (32768K), 3 survivors (3072K)
 Metaspace       used 52998K, committed 53248K, reserved 1097728K
  class space    used 6228K, committed 6336K, reserved 1048576K
}
Event: 5.348 GC heap after
{Heap after GC invocations=19 (full 0):
 garbage-first heap   total 102400K, used 48776K [0x0000000082600000, 0x0000000100000000)
  region size 1024K, 1 young (1024K), 1 survivors (1024K)
 Metaspace       used 52998K, committed 53248K, reserved 1097728K
  class space    used 6228K, committed 6336K, reserved 1048576K
}
Event: 5.881 GC heap before
{Heap before GC invocations=19 (full 0):
 garbage-first heap   total 102400K, used 78472K [0x0000000082600000, 0x0000000100000000)
  region size 1024K, 30 young (30720K), 1 survivors (1024K)
 Metaspace       used 55612K, committed 55872K, reserved 1105920K
  class space    used 6543K, committed 6656K, reserved 1048576K
}
Event: 5.886 GC heap after
{Heap after GC invocations=20 (full 0):
 garbage-first heap   total 102400K, used 50176K [0x0000000082600000, 0x0000000100000000)
  region size 1024K, 2 young (2048K), 2 survivors (2048K)
 Metaspace       used 55612K, committed 55872K, reserved 1105920K
  class space    used 6543K, committed 6656K, reserved 1048576K
}
Event: 6.333 GC heap before
{Heap before GC invocations=21 (full 0):
 garbage-first heap   total 102400K, used 64512K [0x0000000082600000, 0x0000000100000000)
  region size 1024K, 17 young (17408K), 2 survivors (2048K)
 Metaspace       used 57189K, committed 57472K, reserved 1105920K
  class space    used 6726K, committed 6848K, reserved 1048576K
}
Event: 6.342 GC heap after
{Heap after GC invocations=22 (full 0):
 garbage-first heap   total 102400K, used 53112K [0x0000000082600000, 0x0000000100000000)
  region size 1024K, 4 young (4096K), 4 survivors (4096K)
 Metaspace       used 57189K, committed 57472K, reserved 1105920K
  class space    used 6726K, committed 6848K, reserved 1048576K
}
Event: 7.346 GC heap before
{Heap before GC invocations=23 (full 0):
 garbage-first heap   total 102400K, used 81784K [0x0000000082600000, 0x0000000100000000)
  region size 1024K, 31 young (31744K), 4 survivors (4096K)
 Metaspace       used 59141K, committed 59392K, reserved 1105920K
  class space    used 6860K, committed 6976K, reserved 1048576K
}
Event: 7.358 GC heap after
{Heap after GC invocations=24 (full 0):
 garbage-first heap   total 102400K, used 56929K [0x0000000082600000, 0x0000000100000000)
  region size 1024K, 4 young (4096K), 4 survivors (4096K)
 Metaspace       used 59141K, committed 59392K, reserved 1105920K
  class space    used 6860K, committed 6976K, reserved 1048576K
}
Event: 8.181 GC heap before
{Heap before GC invocations=24 (full 0):
 garbage-first heap   total 102400K, used 81505K [0x0000000082600000, 0x0000000100000000)
  region size 1024K, 28 young (28672K), 4 survivors (4096K)
 Metaspace       used 61769K, committed 62080K, reserved 1105920K
  class space    used 7091K, committed 7232K, reserved 1048576K
}
Event: 8.192 GC heap after
{Heap after GC invocations=25 (full 0):
 garbage-first heap   total 102400K, used 59694K [0x0000000082600000, 0x0000000100000000)
  region size 1024K, 3 young (3072K), 3 survivors (3072K)
 Metaspace       used 61769K, committed 62080K, reserved 1105920K
  class space    used 7091K, committed 7232K, reserved 1048576K
}
Event: 8.725 GC heap before
{Heap before GC invocations=26 (full 0):
 garbage-first heap   total 102400K, used 81198K [0x0000000082600000, 0x0000000100000000)
  region size 1024K, 25 young (25600K), 3 survivors (3072K)
 Metaspace       used 65730K, committed 66048K, reserved 1114112K
  class space    used 7463K, committed 7616K, reserved 1048576K
}
Event: 8.733 GC heap after
{Heap after GC invocations=27 (full 0):
 garbage-first heap   total 102400K, used 62382K [0x0000000082600000, 0x0000000100000000)
  region size 1024K, 3 young (3072K), 3 survivors (3072K)
 Metaspace       used 65730K, committed 66048K, reserved 1114112K
  class space    used 7463K, committed 7616K, reserved 1048576K
}
Event: 9.116 GC heap before
{Heap before GC invocations=27 (full 0):
 garbage-first heap   total 102400K, used 82862K [0x0000000082600000, 0x0000000100000000)
  region size 1024K, 23 young (23552K), 3 survivors (3072K)
 Metaspace       used 66912K, committed 67264K, reserved 1114112K
  class space    used 7590K, committed 7744K, reserved 1048576K
}
Event: 9.127 GC heap after
{Heap after GC invocations=28 (full 0):
 garbage-first heap   total 102400K, used 66560K [0x0000000082600000, 0x0000000100000000)
  region size 1024K, 3 young (3072K), 3 survivors (3072K)
 Metaspace       used 66912K, committed 67264K, reserved 1114112K
  class space    used 7590K, committed 7744K, reserved 1048576K
}
Event: 9.480 GC heap before
{Heap before GC invocations=29 (full 0):
 garbage-first heap   total 119808K, used 81920K [0x0000000082600000, 0x0000000100000000)
  region size 1024K, 18 young (18432K), 3 survivors (3072K)
 Metaspace       used 69081K, committed 69376K, reserved 1114112K
  class space    used 7865K, committed 8000K, reserved 1048576K
}
Event: 9.490 GC heap after
{Heap after GC invocations=30 (full 0):
 garbage-first heap   total 119808K, used 69480K [0x0000000082600000, 0x0000000100000000)
  region size 1024K, 3 young (3072K), 3 survivors (3072K)
 Metaspace       used 69081K, committed 69376K, reserved 1114112K
  class space    used 7865K, committed 8000K, reserved 1048576K
}
Event: 9.540 GC heap before
{Heap before GC invocations=30 (full 0):
 garbage-first heap   total 119808K, used 71528K [0x0000000082600000, 0x0000000100000000)
  region size 1024K, 5 young (5120K), 3 survivors (3072K)
 Metaspace       used 69596K, committed 69952K, reserved 1114112K
  class space    used 7903K, committed 8064K, reserved 1048576K
}

Dll operation events (2 events):
Event: 0.014 Loaded shared library E:\Android studio 2022.1.3\jbr\bin\java.dll
Event: 1.184 Loaded shared library E:\Android studio 2022.1.3\jbr\bin\verify.dll

Deoptimization events (20 events):
Event: 9.493 Thread 0x0000014567040540 Uncommon trap: trap_request=0xffffffc6 fr.pc=0x00000145723edf88 relative=0x0000000000000c88
Event: 9.493 Thread 0x0000014567040540 Uncommon trap: reason=bimorphic_or_optimized_type_check action=maybe_recompile pc=0x00000145723edf88 method=org.jetbrains.kotlin.ir.visitors.IrElementTransformerVoid.visitValueParameter(Lorg/jetbrains/kotlin/ir/declarations/IrValueParameter;Ljava/lang/Voi
Event: 9.493 Thread 0x0000014567040540 DEOPT PACKING pc=0x00000145723edf88 sp=0x0000000e700fd9b0
Event: 9.493 Thread 0x0000014567040540 DEOPT UNPACKING pc=0x0000014571a969a3 sp=0x0000000e700fd930 mode 2
Event: 9.524 Thread 0x0000014567040540 Uncommon trap: trap_request=0xffffffde fr.pc=0x0000014572359110 relative=0x0000000000000070
Event: 9.524 Thread 0x0000014567040540 Uncommon trap: reason=class_check action=maybe_recompile pc=0x0000014572359110 method=kotlin.collections.AbstractMutableList.size()I @ 1 c2
Event: 9.524 Thread 0x0000014567040540 DEOPT PACKING pc=0x0000014572359110 sp=0x0000000e700fd880
Event: 9.524 Thread 0x0000014567040540 DEOPT UNPACKING pc=0x0000014571a969a3 sp=0x0000000e700fd810 mode 2
Event: 9.524 Thread 0x0000014567040540 Uncommon trap: trap_request=0xffffffde fr.pc=0x0000014572359110 relative=0x0000000000000070
Event: 9.524 Thread 0x0000014567040540 Uncommon trap: reason=class_check action=maybe_recompile pc=0x0000014572359110 method=kotlin.collections.AbstractMutableList.size()I @ 1 c2
Event: 9.524 Thread 0x0000014567040540 DEOPT PACKING pc=0x0000014572359110 sp=0x0000000e700fd870
Event: 9.524 Thread 0x0000014567040540 DEOPT UNPACKING pc=0x0000014571a969a3 sp=0x0000000e700fd800 mode 2
Event: 9.524 Thread 0x0000014567040540 Uncommon trap: trap_request=0xffffffde fr.pc=0x0000014572359110 relative=0x0000000000000070
Event: 9.524 Thread 0x0000014567040540 Uncommon trap: reason=class_check action=maybe_recompile pc=0x0000014572359110 method=kotlin.collections.AbstractMutableList.size()I @ 1 c2
Event: 9.524 Thread 0x0000014567040540 DEOPT PACKING pc=0x0000014572359110 sp=0x0000000e700fd880
Event: 9.524 Thread 0x0000014567040540 DEOPT UNPACKING pc=0x0000014571a969a3 sp=0x0000000e700fd810 mode 2
Event: 9.524 Thread 0x0000014567040540 Uncommon trap: trap_request=0xffffffde fr.pc=0x0000014572359110 relative=0x0000000000000070
Event: 9.524 Thread 0x0000014567040540 Uncommon trap: reason=class_check action=maybe_recompile pc=0x0000014572359110 method=kotlin.collections.AbstractMutableList.size()I @ 1 c2
Event: 9.524 Thread 0x0000014567040540 DEOPT PACKING pc=0x0000014572359110 sp=0x0000000e700fd920
Event: 9.524 Thread 0x0000014567040540 DEOPT UNPACKING pc=0x0000014571a969a3 sp=0x0000000e700fd8b0 mode 2

Classes unloaded (0 events):
No events

Classes redefined (0 events):
No events

Internal exceptions (20 events):
Event: 4.968 Thread 0x0000014567040540 Exception <a 'java/lang/NoSuchMethodError'{0x000000008a32c5b0}: 'int java.lang.invoke.DirectMethodHandle$Holder.invokeInterface(java.lang.Object, java.lang.Object)'> (0x000000008a32c5b0) 
thrown [s\src\hotspot\share\interpreter\linkResolver.cpp, line 771]
Event: 5.563 Thread 0x0000014567040540 Exception <a 'java/lang/NoSuchMethodError'{0x0000000087b4cce8}: 'int java.lang.invoke.DirectMethodHandle$Holder.invokeStaticInit(java.lang.Object, int)'> (0x0000000087b4cce8) 
thrown [s\src\hotspot\share\interpreter\linkResolver.cpp, line 771]
Event: 5.592 Thread 0x0000014567040540 Implicit null exception at 0x00000145720d8da0 to 0x00000145720d8f24
Event: 5.592 Thread 0x0000014567040540 Implicit null exception at 0x0000014572045360 to 0x00000145720453fa
Event: 5.625 Thread 0x0000014567040540 Exception <a 'java/lang/NoSuchMethodError'{0x0000000087acdc70}: 'java.lang.Object java.lang.invoke.DirectMethodHandle$Holder.newInvokeSpecial(java.lang.Object, java.lang.Object, java.lang.Object, java.lang.Object, java.lang.Object, java.lang.Object)'> (0x0000000087acdc70) 
thrown [s\src\hotspot\share\interpreter\linkResolver.cpp, line 771]
Event: 5.937 Thread 0x0000014567040540 Implicit null exception at 0x0000014572141a4c to 0x0000014572141b40
Event: 6.144 Thread 0x0000014567040540 Exception <a 'java/lang/NoSuchMethodError'{0x00000000881b7930}: 'java.lang.Object java.lang.invoke.DirectMethodHandle$Holder.newInvokeSpecial(java.lang.Object, int, java.lang.Object, java.lang.Object)'> (0x00000000881b7930) 
thrown [s\src\hotspot\share\interpreter\linkResolver.cpp, line 771]
Event: 6.203 Thread 0x0000014567040540 Exception <a 'java/lang/NoSuchMethodError'{0x0000000087ea0b00}: 'java.lang.Object java.lang.invoke.DirectMethodHandle$Holder.invokeInterface(java.lang.Object, java.lang.Object, java.lang.Object)'> (0x0000000087ea0b00) 
thrown [s\src\hotspot\share\interpreter\linkResolver.cpp, line 771]
Event: 6.203 Thread 0x0000014567040540 Exception <a 'java/lang/IncompatibleClassChangeError'{0x0000000087ea4470}: Found class java.lang.Object, but interface was expected> (0x0000000087ea4470) 
thrown [s\src\hotspot\share\interpreter\linkResolver.cpp, line 838]
Event: 6.519 Thread 0x0000014567040540 Exception <a 'java/lang/NoSuchMethodError'{0x0000000088246750}: 'java.lang.Object java.lang.invoke.DirectMethodHandle$Holder.newInvokeSpecial(java.lang.Object, java.lang.Object, java.lang.Object, java.lang.Object, java.lang.Object, java.lang.Object, java.lang.Object)'> (0x0000000088246750) 
thrown [s\src\hotspot\share\interpreter\linkResolver.cpp, line 771]
Event: 6.520 Thread 0x0000014567040540 Exception <a 'java/lang/NoSuchMethodError'{0x000000008824b858}: 'java.lang.Object java.lang.invoke.Invokers$Holder.linkToTargetMethod(java.lang.Object, java.lang.Object, java.lang.Object, java.lang.Object, java.lang.Object, java.lang.Object, java.lang.Object)'> (0x000000008824b858) 
thrown [s\src\hotspot\share\interpreter\linkResolver.cpp, line 771]
Event: 6.564 Thread 0x0000014567040540 Exception <a 'java/lang/NoSuchMethodError'{0x0000000088142a18}: 'void java.lang.invoke.DirectMethodHandle$Holder.invokeStatic(java.lang.Object, java.lang.Object, java.lang.Object)'> (0x0000000088142a18) 
thrown [s\src\hotspot\share\interpreter\linkResolver.cpp, line 771]
Event: 6.907 Thread 0x0000014567040540 Implicit null exception at 0x0000014572230140 to 0x0000014572230a4c
Event: 7.619 Thread 0x0000014567040540 Implicit null exception at 0x000001457234e6f2 to 0x000001457234ee20
Event: 8.005 Thread 0x0000014567040540 Implicit null exception at 0x0000014572077711 to 0x000001457207798c
Event: 8.223 Thread 0x0000014567040540 Exception <a 'java/lang/NoSuchMethodError'{0x000000008a3582a0}: 'java.lang.Object java.lang.invoke.DirectMethodHandle$Holder.invokeStaticInit(java.lang.Object, java.lang.Object, java.lang.Object, java.lang.Object)'> (0x000000008a3582a0) 
thrown [s\src\hotspot\share\interpreter\linkResolver.cpp, line 771]
Event: 8.571 Thread 0x0000014567040540 Exception <a 'java/lang/NoSuchMethodError'{0x0000000087c28880}: 'java.lang.Object java.lang.invoke.DirectMethodHandle$Holder.newInvokeSpecial(java.lang.Object, java.lang.Object, java.lang.Object, int, int)'> (0x0000000087c28880) 
thrown [s\src\hotspot\share\interpreter\linkResolver.cpp, line 771]
Event: 8.572 Thread 0x0000014567040540 Exception <a 'java/lang/NoSuchMethodError'{0x0000000087c2c6c0}: 'java.lang.Object java.lang.invoke.DirectMethodHandle$Holder.invokeSpecial(java.lang.Object, java.lang.Object, java.lang.Object, java.lang.Object, int, int)'> (0x0000000087c2c6c0) 
thrown [s\src\hotspot\share\interpreter\linkResolver.cpp, line 771]
Event: 8.821 Thread 0x0000014567040540 Exception <a 'java/lang/NoSuchMethodError'{0x00000000887f9120}: 'java.lang.Object java.lang.invoke.Invokers$Holder.linkToTargetMethod(java.lang.Object, java.lang.Object, int, int, java.lang.Object, java.lang.Object, java.lang.Object, java.lang.Object, java.lang.Object)'> (0x00000000887f9120) 
thrown [s\src\hotspot\share\interpreter\linkResolver.cpp, line 771]
Event: 8.838 Thread 0x0000014567040540 Exception <a 'java/lang/NoSuchMethodError'{0x0000000088672d70}: 'java.lang.Object java.lang.invoke.DirectMethodHandle$Holder.invokeStatic(java.lang.Object, int, java.lang.Object)'> (0x0000000088672d70) 
thrown [s\src\hotspot\share\interpreter\linkResolver.cpp, line 771]

VM Operations (20 events):
Event: 9.387 Executing VM operation: HandshakeAllThreads done
Event: 9.394 Executing VM operation: HandshakeAllThreads
Event: 9.394 Executing VM operation: HandshakeAllThreads done
Event: 9.405 Executing VM operation: HandshakeAllThreads
Event: 9.405 Executing VM operation: HandshakeAllThreads done
Event: 9.406 Executing VM operation: HandshakeAllThreads
Event: 9.406 Executing VM operation: HandshakeAllThreads done
Event: 9.452 Executing VM operation: HandshakeAllThreads
Event: 9.452 Executing VM operation: HandshakeAllThreads done
Event: 9.477 Executing VM operation: HandshakeAllThreads
Event: 9.477 Executing VM operation: HandshakeAllThreads done
Event: 9.479 Executing VM operation: G1CollectForAllocation
Event: 9.490 Executing VM operation: G1CollectForAllocation done
Event: 9.513 Executing VM operation: HandshakeAllThreads
Event: 9.513 Executing VM operation: HandshakeAllThreads done
Event: 9.521 Executing VM operation: HandshakeAllThreads
Event: 9.521 Executing VM operation: HandshakeAllThreads done
Event: 9.522 Executing VM operation: HandshakeAllThreads
Event: 9.522 Executing VM operation: HandshakeAllThreads done
Event: 9.540 Executing VM operation: G1CollectForAllocation

Events (20 events):
Event: 8.462 Thread 0x000001450052cfd0 flushing nmethod 0x000001456b718d90
Event: 8.462 Thread 0x000001450052cfd0 flushing nmethod 0x000001456b759390
Event: 8.462 Thread 0x000001450052cfd0 flushing nmethod 0x000001456b766510
Event: 8.462 Thread 0x000001450052cfd0 flushing nmethod 0x000001456b79b910
Event: 8.462 Thread 0x000001450052cfd0 flushing nmethod 0x000001456b7ea010
Event: 8.462 Thread 0x000001450052cfd0 flushing nmethod 0x000001456b7f2f10
Event: 8.462 Thread 0x000001450052cfd0 flushing nmethod 0x000001456b7fb410
Event: 8.462 Thread 0x000001450052cfd0 flushing nmethod 0x000001456b814110
Event: 8.462 Thread 0x000001450052cfd0 flushing nmethod 0x000001456b818d10
Event: 8.462 Thread 0x000001450052cfd0 flushing nmethod 0x000001456b831310
Event: 8.463 Thread 0x000001450052cfd0 flushing nmethod 0x000001456b87ea90
Event: 8.463 Thread 0x000001450052cfd0 flushing nmethod 0x000001456b900f10
Event: 8.463 Thread 0x000001450052cfd0 flushing nmethod 0x000001456b926b90
Event: 8.463 Thread 0x000001450052cfd0 flushing nmethod 0x000001456b949a90
Event: 8.463 Thread 0x000001450052cfd0 flushing nmethod 0x000001456b94c190
Event: 8.463 Thread 0x000001450052cfd0 flushing nmethod 0x000001456b953710
Event: 8.463 Thread 0x000001450052cfd0 flushing nmethod 0x000001456b95b590
Event: 8.463 Thread 0x000001450052cfd0 flushing nmethod 0x000001456b95cb10
Event: 8.567 loading class java/security/CodeSigner
Event: 8.567 loading class java/security/CodeSigner done


Dynamic libraries:
0x00007ff7c2c60000 - 0x00007ff7c2c6a000 	E:\Android studio 2022.1.3\jbr\bin\java.exe
0x00007fffe8ed0000 - 0x00007fffe90c8000 	C:\WINDOWS\SYSTEM32\ntdll.dll
0x00007fffe3100000 - 0x00007fffe3119000 	C:\Program Files\Avast Software\Avast\aswhook.dll
0x00007fffe6f90000 - 0x00007fffe704f000 	C:\WINDOWS\System32\KERNEL32.DLL
0x00007fffe6690000 - 0x00007fffe6986000 	C:\WINDOWS\System32\KERNELBASE.dll
0x00007fffe6bb0000 - 0x00007fffe6cb0000 	C:\WINDOWS\System32\ucrtbase.dll
0x00007fffcee20000 - 0x00007fffcee37000 	E:\Android studio 2022.1.3\jbr\bin\jli.dll
0x00007fffac970000 - 0x00007fffac98b000 	E:\Android studio 2022.1.3\jbr\bin\VCRUNTIME140.dll
0x00007fffe7a60000 - 0x00007fffe7bfd000 	C:\WINDOWS\System32\USER32.dll
0x00007fffe6660000 - 0x00007fffe6682000 	C:\WINDOWS\System32\win32u.dll
0x00007fffc7ee0000 - 0x00007fffc817a000 	C:\WINDOWS\WinSxS\amd64_microsoft.windows.common-controls_6595b64144ccf1df_6.0.19041.1110_none_60b5254171f9507e\COMCTL32.dll
0x00007fffe8520000 - 0x00007fffe854c000 	C:\WINDOWS\System32\GDI32.dll
0x00007fffe7dd0000 - 0x00007fffe7e6e000 	C:\WINDOWS\System32\msvcrt.dll
0x00007fffe6cb0000 - 0x00007fffe6dc5000 	C:\WINDOWS\System32\gdi32full.dll
0x00007fffe6a50000 - 0x00007fffe6aed000 	C:\WINDOWS\System32\msvcp_win.dll
0x00007fffe7e80000 - 0x00007fffe7eb0000 	C:\WINDOWS\System32\IMM32.DLL
0x00007fffce860000 - 0x00007fffce86c000 	E:\Android studio 2022.1.3\jbr\bin\vcruntime140_1.dll
0x00007fffab410000 - 0x00007fffab49d000 	E:\Android studio 2022.1.3\jbr\bin\msvcp140.dll
0x00007fffad810000 - 0x00007fffae47e000 	E:\Android studio 2022.1.3\jbr\bin\server\jvm.dll
0x00007fffe79b0000 - 0x00007fffe7a5f000 	C:\WINDOWS\System32\ADVAPI32.dll
0x00007fffe7d20000 - 0x00007fffe7dbc000 	C:\WINDOWS\System32\sechost.dll
0x00007fffe82a0000 - 0x00007fffe83c6000 	C:\WINDOWS\System32\RPCRT4.dll
0x00007fffd59f0000 - 0x00007fffd59f9000 	C:\WINDOWS\SYSTEM32\WSOCK32.dll
0x00007fffd3b00000 - 0x00007fffd3b27000 	C:\WINDOWS\SYSTEM32\WINMM.dll
0x00007fffe0b00000 - 0x00007fffe0b0a000 	C:\WINDOWS\SYSTEM32\VERSION.dll
0x00007fffe8600000 - 0x00007fffe866b000 	C:\WINDOWS\System32\WS2_32.dll
0x00007fffe4440000 - 0x00007fffe4452000 	C:\WINDOWS\SYSTEM32\kernel.appcore.dll
0x00007fffe0180000 - 0x00007fffe018a000 	E:\Android studio 2022.1.3\jbr\bin\jimage.dll
0x00007fffd9150000 - 0x00007fffd9334000 	C:\WINDOWS\SYSTEM32\DBGHELP.DLL
0x00007fffd9110000 - 0x00007fffd9144000 	C:\WINDOWS\SYSTEM32\dbgcore.DLL
0x00007fffe6b20000 - 0x00007fffe6ba2000 	C:\WINDOWS\System32\bcryptPrimitives.dll
0x00007fffd6000000 - 0x00007fffd6025000 	E:\Android studio 2022.1.3\jbr\bin\java.dll
0x00007fffd3d20000 - 0x00007fffd3d38000 	E:\Android studio 2022.1.3\jbr\bin\zip.dll
0x00007fffe8740000 - 0x00007fffe8e84000 	C:\WINDOWS\System32\SHELL32.dll
0x00007fffe4640000 - 0x00007fffe4dd3000 	C:\WINDOWS\SYSTEM32\windows.storage.dll
0x00007fffe75a0000 - 0x00007fffe78f4000 	C:\WINDOWS\System32\combase.dll
0x00007fffe5e40000 - 0x00007fffe5e6e000 	C:\WINDOWS\SYSTEM32\Wldp.dll
0x00007fffe7900000 - 0x00007fffe79ad000 	C:\WINDOWS\System32\SHCORE.dll
0x00007fffe8680000 - 0x00007fffe86d5000 	C:\WINDOWS\System32\shlwapi.dll
0x00007fffe64f0000 - 0x00007fffe650f000 	C:\WINDOWS\SYSTEM32\profapi.dll
0x00007fffd3980000 - 0x00007fffd3999000 	E:\Android studio 2022.1.3\jbr\bin\net.dll
0x00007fffddf40000 - 0x00007fffde04a000 	C:\WINDOWS\SYSTEM32\WINHTTP.dll
0x00007fffe5c20000 - 0x00007fffe5c8a000 	C:\WINDOWS\system32\mswsock.dll
0x00007fffd37c0000 - 0x00007fffd37d6000 	E:\Android studio 2022.1.3\jbr\bin\nio.dll
0x00007fffd60e0000 - 0x00007fffd60f0000 	E:\Android studio 2022.1.3\jbr\bin\verify.dll

dbghelp: loaded successfully - version: 4.0.5 - missing functions: none
symbol engine: initialized successfully - sym options: 0x614 - pdb path: .;E:\Android studio 2022.1.3\jbr\bin;C:\WINDOWS\SYSTEM32;C:\Program Files\Avast Software\Avast;C:\WINDOWS\WinSxS\amd64_microsoft.windows.common-controls_6595b64144ccf1df_6.0.19041.1110_none_60b5254171f9507e;E:\Android studio 2022.1.3\jbr\bin\server

VM Arguments:
java_command: org.jetbrains.kotlin.cli.jvm.K2JVMCompiler @C:\Users\Thoriso Tumelo\Downloads\Compressed\WILAPPUPDATED\WILAPP\app\build\20231121_2219284685510748466.compiler.options
java_class_path (initial): C:\Users\Thoriso Tumelo\.gradle\caches\modules-2\files-2.1\org.jetbrains.kotlin\kotlin-compiler-embeddable\1.8.0\eb9118d4bcceaa2a94b2ae2a33a4ddba7c9a947f\kotlin-compiler-embeddable-1.8.0.jar;C:\Users\Thoriso Tumelo\.gradle\caches\modules-2\files-2.1\org.jetbrains.kotlin\kotlin-stdlib\1.8.0\1796921c7a3e2e2665a83e6c8d33399336cd39bc\kotlin-stdlib-1.8.0.jar;C:\Users\Thoriso Tumelo\.gradle\caches\modules-2\files-2.1\org.jetbrains.kotlin\kotlin-script-runtime\1.8.0\b2f7e760d283cb339974851c222a4c1d48f2d3d\kotlin-script-runtime-1.8.0.jar;C:\Users\Thoriso Tumelo\.gradle\caches\modules-2\files-2.1\org.jetbrains.kotlin\kotlin-reflect\1.6.10\1cbe9c92c12a94eea200d23c2bbaedaf3daf5132\kotlin-reflect-1.6.10.jar;C:\Users\Thoriso Tumelo\.gradle\caches\modules-2\files-2.1\org.jetbrains.kotlin\kotlin-daemon-embeddable\1.8.0\d255216c551685dc3a7e852b53617f5f01aaaa5c\kotlin-daemon-embeddable-1.8.0.jar;C:\Users\Thoriso Tumelo\.gradle\caches\modules-2\files-2.1\org.jetbrains.intellij.deps\trove4j\1.0.20200330\3afb14d5f9ceb459d724e907a21145e8ff394f02\trove4j-1.0.20200330.jar;C:\Users\Thoriso Tumelo\.gradle\caches\modules-2\files-2.1\net.java.dev.jna\jna\5.6.0\330f2244e9030119ab3030fc3fededc86713d9cc\jna-5.6.0.jar;C:\Users\Thoriso Tumelo\.gradle\caches\modules-2\files-2.1\org.jetbrains.kotlin\kotlin-stdlib-common\1.8.0\f7197e7cc76453ac59f8b0f8d5137cc600becd36\kotlin-stdlib-common-1.8.0.jar;C:\Users\Thoriso Tumelo\.gradle\caches\modules-2\files-2.1\org.jetbrains\annotations\13.0\919f0dfe192fb4e063e7dacadee7f8bb9a2672a9\annotations-13.0.jar
Launcher Type: SUN_STANDARD

[Global flags]
     intx CICompilerCount                          = 3                                         {product} {ergonomic}
     uint ConcGCThreads                            = 1                                         {product} {ergonomic}
     uint G1ConcRefinementThreads                  = 4                                         {product} {ergonomic}
   size_t G1HeapRegionSize                         = 1048576                                   {product} {ergonomic}
    uintx GCDrainStackTargetSize                   = 64                                        {product} {ergonomic}
   size_t InitialHeapSize                          = 132120576                                 {product} {ergonomic}
   size_t MarkStackSize                            = 4194304                                   {product} {ergonomic}
   size_t MaxHeapSize                              = 2107637760                                {product} {ergonomic}
   size_t MaxNewSize                               = 1264582656                                {product} {ergonomic}
   size_t MinHeapDeltaBytes                        = 1048576                                   {product} {ergonomic}
   size_t MinHeapSize                              = 8388608                                   {product} {ergonomic}
    uintx NonNMethodCodeHeapSize                   = 5832780                                {pd product} {ergonomic}
    uintx NonProfiledCodeHeapSize                  = 122912730                              {pd product} {ergonomic}
    uintx ProfiledCodeHeapSize                     = 122912730                              {pd product} {ergonomic}
    uintx ReservedCodeCacheSize                    = 251658240                              {pd product} {ergonomic}
     bool SegmentedCodeCache                       = true                                      {product} {ergonomic}
   size_t SoftMaxHeapSize                          = 2107637760                             {manageable} {ergonomic}
     bool UseCompressedClassPointers               = true                           {product lp64_product} {ergonomic}
     bool UseCompressedOops                        = true                           {product lp64_product} {ergonomic}
     bool UseG1GC                                  = true                                      {product} {ergonomic}
     bool UseLargePagesIndividualAllocation        = false                                  {pd product} {ergonomic}

Logging:
Log output configuration:
 #0: stdout all=warning uptime,level,tags
 #1: stderr all=off uptime,level,tags

Environment Variables:
PATH=C:\WINDOWS\system32;C:\WINDOWS;C:\WINDOWS\System32\Wbem;C:\WINDOWS\System32\WindowsPowerShell\v1.0\;C:\WINDOWS\System32\OpenSSH\;C:\Program Files\Git\cmd;C:\Users\Thoriso Tumelo\AppData\Local\Microsoft\WindowsApps
USERNAME=Thoriso Tumelo
OS=Windows_NT
PROCESSOR_IDENTIFIER=Intel64 Family 6 Model 158 Stepping 11, GenuineIntel
TMP=C:\Users\THORIS~1\AppData\Local\Temp
TEMP=C:\Users\THORIS~1\AppData\Local\Temp


JNI global refs:
JNI global refs: 10, weak refs: 0

JNI global refs memory usage: 843, weak refs: 841


---------------  S Y S T E M  ---------------

OS:
 Windows 10 , 64 bit Build 19041 (10.0.19041.3031)
OS uptime: 0 days 23:54 hours
Hyper-V role detected

CPU: total 4 (initial active 4) (4 cores per cpu, 1 threads per core) family 6 model 158 stepping 11 microcode 0xb4, cx8, cmov, fxsr, mmx, 3dnowpref, sse, sse2, sse3, ssse3, sse4.1, sse4.2, popcnt, lzcnt, tsc, tscinvbit, avx, avx2, aes, erms, clmul, bmi1, bmi2, adx, fma, vzeroupper, clflush, clflushopt, hv

Memory: 4k page, system-wide physical 8035M (403M free)
TotalPageFile size 9939M (AvailPageFile size 10M)
current process WorkingSet (physical memory assigned to process): 315M, peak: 315M
current process commit charge ("private bytes"): 347M, peak: 356M

vm_info: OpenJDK 64-Bit Server VM (17.0.6+0-b2043.56-10027231) for windows-amd64 JRE (17.0.6+0-b2043.56-10027231), built on Apr 28 2023 00:43:19 by "androidbuild" with MS VC++ 16.10 / 16.11 (VS2019)

END.
