#
# There is insufficient memory for the Java Runtime Environment to continue.
# Native memory allocation (mmap) failed to map 31457280 bytes for G1 virtual space
# Possible reasons:
#   The system is out of physical RAM or swap space
#   The process is running with CompressedOops enabled, and the Java Heap may be blocking the growth of the native heap
# Possible solutions:
#   Reduce memory load on the system
#   Increase physical memory or swap space
#   Check if swap backing store is full
#   Decrease Java heap size (-Xmx/-Xms)
#   Decrease number of Java threads
#   Decrease Java thread stack sizes (-Xss)
#   Set larger code cache with -XX:ReservedCodeCacheSize=
#   JVM is running with Unscaled Compressed Oops mode in which the Java heap is
#     placed in the first 4GB address space. The Java Heap base address is the
#     maximum limit for the native heap growth. Please use -XX:HeapBaseMinAddress
#     to set the Java Heap base and to place the Java Heap above 4GB virtual address.
# This output file may be truncated or incomplete.
#
#  Out of Memory Error (os_windows.cpp:3769), pid=7764, tid=5040
#
# JRE version: OpenJDK Runtime Environment (17.0.6) (build 17.0.6+0-b2043.56-10027231)
# Java VM: OpenJDK 64-Bit Server VM (17.0.6+0-b2043.56-10027231, mixed mode, tiered, compressed oops, compressed class ptrs, g1 gc, windows-amd64)
# No core dump will be written. Minidumps are not enabled by default on client versions of Windows
#

---------------  S U M M A R Y ------------

Command Line: org.jetbrains.kotlin.cli.jvm.K2JVMCompiler @C:\Users\Thoriso Tumelo\Downloads\Compressed\WILAPPUPDATED\WILAPP\app\build\20231121_4845053329621481625.compiler.options

Host: Intel(R) Core(TM) i3-8100T CPU @ 3.10GHz, 4 cores, 7G,  Windows 10 , 64 bit Build 19041 (10.0.19041.3031)
Time: Tue Nov 21 21:46:21 2023 South Africa Standard Time elapsed time: 5.184335 seconds (0d 0h 0m 5s)

---------------  T H R E A D  ---------------

Current thread (0x0000018df8fab6d0):  VMThread "VM Thread" [stack: 0x0000002a04d00000,0x0000002a04e00000] [id=5040]

Stack: [0x0000002a04d00000,0x0000002a04e00000]
Native frames: (J=compiled Java code, j=interpreted, Vv=VM code, C=native code)
V  [jvm.dll+0x683c9a]
V  [jvm.dll+0x8427a4]
V  [jvm.dll+0x843f9e]
V  [jvm.dll+0x844603]
V  [jvm.dll+0x249b75]
V  [jvm.dll+0x680b69]
V  [jvm.dll+0x67505a]
V  [jvm.dll+0x309acb]
V  [jvm.dll+0x310f86]
V  [jvm.dll+0x3608ee]
V  [jvm.dll+0x360b1f]
V  [jvm.dll+0x2dfbf8]
V  [jvm.dll+0x2ddec4]
V  [jvm.dll+0x2dd4cc]
V  [jvm.dll+0x321f3b]
V  [jvm.dll+0x848ccb]
V  [jvm.dll+0x849a04]
V  [jvm.dll+0x849f1d]
V  [jvm.dll+0x84a2f4]
V  [jvm.dll+0x84a3c0]
V  [jvm.dll+0x7f274a]
V  [jvm.dll+0x682ad5]
C  [ucrtbase.dll+0x21bb2]
C  [KERNEL32.DLL+0x17614]
C  [ntdll.dll+0x526f1]

VM_Operation (0x0000002a047fc3c0): G1CollectForAllocation, mode: safepoint, requested by thread 0x0000018dddc012a0


---------------  P R O C E S S  ---------------

Threads class SMR info:
_java_thread_list=0x0000018df9fee650, length=13, elements={
0x0000018dddc012a0, 0x0000018df9028260, 0x0000018df90290d0, 0x0000018df9036640,
0x0000018df9037100, 0x0000018df9037bb0, 0x0000018df9038560, 0x0000018df9c27e40,
0x0000018df9c288e0, 0x0000018df9c48040, 0x0000018df9da72a0, 0x0000018df9db6fc0,
0x0000018dfb8c0100
}

Java Threads: ( => current thread )
  0x0000018dddc012a0 JavaThread "main" [_thread_blocked, id=2416, stack(0x0000002a04700000,0x0000002a04800000)]
  0x0000018df9028260 JavaThread "Reference Handler" daemon [_thread_blocked, id=10272, stack(0x0000002a04e00000,0x0000002a04f00000)]
  0x0000018df90290d0 JavaThread "Finalizer" daemon [_thread_blocked, id=1260, stack(0x0000002a04f00000,0x0000002a05000000)]
  0x0000018df9036640 JavaThread "Signal Dispatcher" daemon [_thread_blocked, id=7904, stack(0x0000002a05000000,0x0000002a05100000)]
  0x0000018df9037100 JavaThread "Attach Listener" daemon [_thread_blocked, id=5372, stack(0x0000002a05100000,0x0000002a05200000)]
  0x0000018df9037bb0 JavaThread "Service Thread" daemon [_thread_blocked, id=5140, stack(0x0000002a05200000,0x0000002a05300000)]
  0x0000018df9038560 JavaThread "Monitor Deflation Thread" daemon [_thread_blocked, id=4460, stack(0x0000002a05300000,0x0000002a05400000)]
  0x0000018df9c27e40 JavaThread "C2 CompilerThread0" daemon [_thread_blocked, id=10776, stack(0x0000002a05400000,0x0000002a05500000)]
  0x0000018df9c288e0 JavaThread "C1 CompilerThread0" daemon [_thread_blocked, id=11480, stack(0x0000002a05500000,0x0000002a05600000)]
  0x0000018df9c48040 JavaThread "Sweeper thread" daemon [_thread_blocked, id=7268, stack(0x0000002a05600000,0x0000002a05700000)]
  0x0000018df9da72a0 JavaThread "Notification Thread" daemon [_thread_blocked, id=11076, stack(0x0000002a05700000,0x0000002a05800000)]
  0x0000018df9db6fc0 JavaThread "Common-Cleaner" daemon [_thread_blocked, id=12048, stack(0x0000002a05900000,0x0000002a05a00000)]
  0x0000018dfb8c0100 JavaThread "C2 CompilerThread1" daemon [_thread_blocked, id=1612, stack(0x0000002a05a00000,0x0000002a05b00000)]

Other Threads:
=>0x0000018df8fab6d0 VMThread "VM Thread" [stack: 0x0000002a04d00000,0x0000002a04e00000] [id=5040]
  0x0000018dddc7da20 WatcherThread [stack: 0x0000002a05800000,0x0000002a05900000] [id=6428]
  0x0000018dddc5b710 GCTaskThread "GC Thread#0" [stack: 0x0000002a04800000,0x0000002a04900000] [id=8716]
  0x0000018dfa19a880 GCTaskThread "GC Thread#1" [stack: 0x0000002a05b00000,0x0000002a05c00000] [id=9384]
  0x0000018dfa212fe0 GCTaskThread "GC Thread#2" [stack: 0x0000002a05c00000,0x0000002a05d00000] [id=3336]
  0x0000018dfa207590 GCTaskThread "GC Thread#3" [stack: 0x0000002a05d00000,0x0000002a05e00000] [id=3308]
  0x0000018dddc6c930 ConcurrentGCThread "G1 Main Marker" [stack: 0x0000002a04900000,0x0000002a04a00000] [id=4192]
  0x0000018dddc6d340 ConcurrentGCThread "G1 Conc#0" [stack: 0x0000002a04a00000,0x0000002a04b00000] [id=4796]
  0x0000018dddcc5420 ConcurrentGCThread "G1 Refine#0" [stack: 0x0000002a04b00000,0x0000002a04c00000] [id=2560]
  0x0000018dddcc5e40 ConcurrentGCThread "G1 Service" [stack: 0x0000002a04c00000,0x0000002a04d00000] [id=9736]

Threads with active compile tasks:
C2 CompilerThread0     5219 5063       4       org.jetbrains.org.objectweb.asm.Type::getDescriptor (93 bytes)
C1 CompilerThread0     5219 5072       3       org.jetbrains.kotlin.load.kotlin.MethodSignatureMappingKt::computeJvmDescriptor (220 bytes)

VM state: at safepoint (normal execution)

VM Mutex/Monitor currently owned by a thread:  ([mutex/lock_event])
[0x0000018dddbfc720] Threads_lock - owner thread: 0x0000018df8fab6d0
[0x0000018dddbfc960] Heap_lock - owner thread: 0x0000018dddc012a0

Heap address: 0x0000000082600000, size: 2010 MB, Compressed Oops mode: 32-bit

CDS archive(s) not mapped
Compressed class space mapped at: 0x0000000100000000-0x0000000140000000, reserved size: 1073741824
Narrow klass base: 0x0000000000000000, Narrow klass shift: 3, Narrow klass range: 0x140000000

GC Precious Log:
 CPUs: 4 total, 4 available
 Memory: 8035M
 Large Page Support: Disabled
 NUMA Support: Disabled
 Compressed Oops: Enabled (32-bit)
 Heap Region Size: 1M
 Heap Min Capacity: 8M
 Heap Initial Capacity: 126M
 Heap Max Capacity: 2010M
 Pre-touch: Disabled
 Parallel Workers: 4
 Concurrent Workers: 1
 Concurrent Refinement Workers: 4
 Periodic GC: Disabled

Heap:
 garbage-first heap   total 129024K, used 41633K [0x0000000082600000, 0x0000000100000000)
  region size 1024K, 3 young (3072K), 3 survivors (3072K)
 Metaspace       used 52240K, committed 52544K, reserved 1097728K
  class space    used 6184K, committed 6336K, reserved 1048576K

Heap Regions: E=young(eden), S=young(survivor), O=old, HS=humongous(starts), HC=humongous(continues), CS=collection set, F=free, OA=open archive, CA=closed archive, TAMS=top-at-mark-start (previous, next)
|   0|0x0000000082600000, 0x0000000082700000, 0x0000000082700000|100%|HS|  |TAMS 0x0000000082700000, 0x0000000082700000| Complete 
|   1|0x0000000082700000, 0x0000000082800000, 0x0000000082800000|100%|HC|  |TAMS 0x0000000082800000, 0x0000000082800000| Complete 
|   2|0x0000000082800000, 0x0000000082900000, 0x0000000082900000|100%|HC|  |TAMS 0x0000000082900000, 0x0000000082900000| Complete 
|   3|0x0000000082900000, 0x0000000082a00000, 0x0000000082a00000|100%|HC|  |TAMS 0x0000000082a00000, 0x0000000082a00000| Complete 
|   4|0x0000000082a00000, 0x0000000082b00000, 0x0000000082b00000|100%| O|  |TAMS 0x0000000082b00000, 0x0000000082b00000| Untracked 
|   5|0x0000000082b00000, 0x0000000082c00000, 0x0000000082c00000|100%| O|  |TAMS 0x0000000082c00000, 0x0000000082c00000| Untracked 
|   6|0x0000000082c00000, 0x0000000082d00000, 0x0000000082d00000|100%| O|  |TAMS 0x0000000082c00000, 0x0000000082d00000| Untracked 
|   7|0x0000000082d00000, 0x0000000082e00000, 0x0000000082e00000|100%|HS|  |TAMS 0x0000000082e00000, 0x0000000082e00000| Complete 
|   8|0x0000000082e00000, 0x0000000082f00000, 0x0000000082f00000|100%|HC|  |TAMS 0x0000000082f00000, 0x0000000082f00000| Complete 
|   9|0x0000000082f00000, 0x0000000083000000, 0x0000000083000000|100%|HC|  |TAMS 0x0000000083000000, 0x0000000083000000| Complete 
|  10|0x0000000083000000, 0x0000000083100000, 0x0000000083100000|100%|HC|  |TAMS 0x0000000083100000, 0x0000000083100000| Complete 
|  11|0x0000000083100000, 0x0000000083200000, 0x0000000083200000|100%| O|  |TAMS 0x0000000083200000, 0x0000000083200000| Untracked 
|  12|0x0000000083200000, 0x0000000083300000, 0x0000000083300000|100%| O|  |TAMS 0x0000000083300000, 0x0000000083300000| Untracked 
|  13|0x0000000083300000, 0x0000000083400000, 0x0000000083400000|100%| O|  |TAMS 0x0000000083400000, 0x0000000083400000| Untracked 
|  14|0x0000000083400000, 0x0000000083500000, 0x0000000083500000|100%| O|  |TAMS 0x0000000083500000, 0x0000000083500000| Untracked 
|  15|0x0000000083500000, 0x0000000083600000, 0x0000000083600000|100%| O|  |TAMS 0x0000000083600000, 0x0000000083600000| Untracked 
|  16|0x0000000083600000, 0x0000000083700000, 0x0000000083700000|100%| O|  |TAMS 0x0000000083700000, 0x0000000083700000| Untracked 
|  17|0x0000000083700000, 0x0000000083800000, 0x0000000083800000|100%| O|  |TAMS 0x0000000083800000, 0x0000000083800000| Untracked 
|  18|0x0000000083800000, 0x0000000083900000, 0x0000000083900000|100%| O|  |TAMS 0x0000000083900000, 0x0000000083900000| Untracked 
|  19|0x0000000083900000, 0x0000000083a00000, 0x0000000083a00000|100%| O|  |TAMS 0x0000000083a00000, 0x0000000083a00000| Untracked 
|  20|0x0000000083a00000, 0x0000000083b00000, 0x0000000083b00000|100%| O|  |TAMS 0x0000000083b00000, 0x0000000083b00000| Untracked 
|  21|0x0000000083b00000, 0x0000000083c00000, 0x0000000083c00000|100%| O|  |TAMS 0x0000000083c00000, 0x0000000083c00000| Untracked 
|  22|0x0000000083c00000, 0x0000000083d00000, 0x0000000083d00000|100%| O|  |TAMS 0x0000000083d00000, 0x0000000083d00000| Untracked 
|  23|0x0000000083d00000, 0x0000000083e00000, 0x0000000083e00000|100%| O|  |TAMS 0x0000000083e00000, 0x0000000083e00000| Untracked 
|  24|0x0000000083e00000, 0x0000000083f00000, 0x0000000083f00000|100%| O|  |TAMS 0x0000000083f00000, 0x0000000083f00000| Untracked 
|  25|0x0000000083f00000, 0x0000000084000000, 0x0000000084000000|100%| O|  |TAMS 0x0000000084000000, 0x0000000084000000| Untracked 
|  26|0x0000000084000000, 0x0000000084100000, 0x0000000084100000|100%| O|  |TAMS 0x0000000084100000, 0x0000000084100000| Untracked 
|  27|0x0000000084100000, 0x0000000084200000, 0x0000000084200000|100%| O|  |TAMS 0x0000000084200000, 0x0000000084200000| Untracked 
|  28|0x0000000084200000, 0x0000000084300000, 0x0000000084300000|100%| O|  |TAMS 0x0000000084300000, 0x0000000084300000| Untracked 
|  29|0x0000000084300000, 0x0000000084400000, 0x0000000084400000|100%| O|  |TAMS 0x0000000084400000, 0x0000000084400000| Untracked 
|  30|0x0000000084400000, 0x0000000084500000, 0x0000000084500000|100%|HS|  |TAMS 0x0000000084500000, 0x0000000084500000| Complete 
|  31|0x0000000084500000, 0x0000000084600000, 0x0000000084600000|100%|HC|  |TAMS 0x0000000084600000, 0x0000000084600000| Complete 
|  32|0x0000000084600000, 0x0000000084700000, 0x0000000084700000|100%| O|  |TAMS 0x0000000084600000, 0x0000000084700000| Untracked 
|  33|0x0000000084700000, 0x0000000084700000, 0x0000000084800000|  0%| F|  |TAMS 0x0000000084700000, 0x0000000084700000| Untracked 
|  34|0x0000000084800000, 0x0000000084900000, 0x0000000084900000|100%| O|  |TAMS 0x0000000084900000, 0x0000000084900000| Untracked 
|  35|0x0000000084900000, 0x0000000084a00000, 0x0000000084a00000|100%| O|  |TAMS 0x0000000084a00000, 0x0000000084a00000| Untracked 
|  36|0x0000000084a00000, 0x0000000084b00000, 0x0000000084b00000|100%| O|  |TAMS 0x0000000084af3e00, 0x0000000084b00000| Untracked 
|  37|0x0000000084b00000, 0x0000000084c00000, 0x0000000084c00000|100%| O|  |TAMS 0x0000000084b00000, 0x0000000084c00000| Untracked 
|  38|0x0000000084c00000, 0x0000000084ca8400, 0x0000000084d00000| 65%| O|  |TAMS 0x0000000084c00000, 0x0000000084c16a00| Untracked 
|  39|0x0000000084d00000, 0x0000000084d00000, 0x0000000084e00000|  0%| F|  |TAMS 0x0000000084d00000, 0x0000000084d00000| Untracked 
|  40|0x0000000084e00000, 0x0000000084e00000, 0x0000000084f00000|  0%| F|  |TAMS 0x0000000084e00000, 0x0000000084e00000| Untracked 
|  41|0x0000000084f00000, 0x0000000084f00000, 0x0000000085000000|  0%| F|  |TAMS 0x0000000084f00000, 0x0000000084f00000| Untracked 
|  42|0x0000000085000000, 0x0000000085000000, 0x0000000085100000|  0%| F|  |TAMS 0x0000000085000000, 0x0000000085000000| Untracked 
|  43|0x0000000085100000, 0x0000000085100000, 0x0000000085200000|  0%| F|  |TAMS 0x0000000085100000, 0x0000000085100000| Untracked 
|  44|0x0000000085200000, 0x0000000085200000, 0x0000000085300000|  0%| F|  |TAMS 0x0000000085200000, 0x0000000085200000| Untracked 
|  45|0x0000000085300000, 0x0000000085300000, 0x0000000085400000|  0%| F|  |TAMS 0x0000000085300000, 0x0000000085300000| Untracked 
|  46|0x0000000085400000, 0x0000000085400000, 0x0000000085500000|  0%| F|  |TAMS 0x0000000085400000, 0x0000000085400000| Untracked 
|  47|0x0000000085500000, 0x0000000085500000, 0x0000000085600000|  0%| F|  |TAMS 0x0000000085500000, 0x0000000085500000| Untracked 
|  48|0x0000000085600000, 0x0000000085600000, 0x0000000085700000|  0%| F|  |TAMS 0x0000000085600000, 0x0000000085600000| Untracked 
|  49|0x0000000085700000, 0x0000000085700000, 0x0000000085800000|  0%| F|  |TAMS 0x0000000085700000, 0x0000000085700000| Untracked 
|  50|0x0000000085800000, 0x0000000085900000, 0x0000000085900000|100%| S|CS|TAMS 0x0000000085800000, 0x0000000085800000| Complete 
|  51|0x0000000085900000, 0x0000000085a00000, 0x0000000085a00000|100%| S|CS|TAMS 0x0000000085900000, 0x0000000085900000| Complete 
|  52|0x0000000085a00000, 0x0000000085b00000, 0x0000000085b00000|100%| S|CS|TAMS 0x0000000085a00000, 0x0000000085a00000| Complete 
|  53|0x0000000085b00000, 0x0000000085b00000, 0x0000000085c00000|  0%| F|  |TAMS 0x0000000085b00000, 0x0000000085b00000| Untracked 
|  54|0x0000000085c00000, 0x0000000085c00000, 0x0000000085d00000|  0%| F|  |TAMS 0x0000000085c00000, 0x0000000085c00000| Untracked 
|  55|0x0000000085d00000, 0x0000000085d00000, 0x0000000085e00000|  0%| F|  |TAMS 0x0000000085d00000, 0x0000000085d00000| Untracked 
|  56|0x0000000085e00000, 0x0000000085e00000, 0x0000000085f00000|  0%| F|  |TAMS 0x0000000085e00000, 0x0000000085e00000| Untracked 
|  57|0x0000000085f00000, 0x0000000085f00000, 0x0000000086000000|  0%| F|  |TAMS 0x0000000085f00000, 0x0000000085f00000| Untracked 
|  58|0x0000000086000000, 0x0000000086000000, 0x0000000086100000|  0%| F|  |TAMS 0x0000000086000000, 0x0000000086000000| Untracked 
|  59|0x0000000086100000, 0x0000000086100000, 0x0000000086200000|  0%| F|  |TAMS 0x0000000086100000, 0x0000000086100000| Untracked 
|  60|0x0000000086200000, 0x0000000086200000, 0x0000000086300000|  0%| F|  |TAMS 0x0000000086200000, 0x0000000086200000| Untracked 
|  61|0x0000000086300000, 0x0000000086300000, 0x0000000086400000|  0%| F|  |TAMS 0x0000000086300000, 0x0000000086300000| Untracked 
|  62|0x0000000086400000, 0x0000000086400000, 0x0000000086500000|  0%| F|  |TAMS 0x0000000086400000, 0x0000000086400000| Untracked 
|  63|0x0000000086500000, 0x0000000086500000, 0x0000000086600000|  0%| F|  |TAMS 0x0000000086500000, 0x0000000086500000| Untracked 
|  64|0x0000000086600000, 0x0000000086600000, 0x0000000086700000|  0%| F|  |TAMS 0x0000000086600000, 0x0000000086600000| Untracked 
|  65|0x0000000086700000, 0x0000000086700000, 0x0000000086800000|  0%| F|  |TAMS 0x0000000086700000, 0x0000000086700000| Untracked 
|  66|0x0000000086800000, 0x0000000086800000, 0x0000000086900000|  0%| F|  |TAMS 0x0000000086800000, 0x0000000086800000| Untracked 
|  67|0x0000000086900000, 0x0000000086900000, 0x0000000086a00000|  0%| F|  |TAMS 0x0000000086900000, 0x0000000086900000| Untracked 
|  68|0x0000000086a00000, 0x0000000086a00000, 0x0000000086b00000|  0%| F|  |TAMS 0x0000000086a00000, 0x0000000086a00000| Untracked 
|  69|0x0000000086b00000, 0x0000000086b00000, 0x0000000086c00000|  0%| F|  |TAMS 0x0000000086b00000, 0x0000000086b00000| Untracked 
|  70|0x0000000086c00000, 0x0000000086c00000, 0x0000000086d00000|  0%| F|  |TAMS 0x0000000086c00000, 0x0000000086c00000| Untracked 
|  71|0x0000000086d00000, 0x0000000086d00000, 0x0000000086e00000|  0%| F|  |TAMS 0x0000000086d00000, 0x0000000086d00000| Untracked 
|  72|0x0000000086e00000, 0x0000000086e00000, 0x0000000086f00000|  0%| F|  |TAMS 0x0000000086e00000, 0x0000000086e00000| Untracked 
|  73|0x0000000086f00000, 0x0000000086f00000, 0x0000000087000000|  0%| F|  |TAMS 0x0000000086f00000, 0x0000000086f00000| Untracked 
|  74|0x0000000087000000, 0x0000000087000000, 0x0000000087100000|  0%| F|  |TAMS 0x0000000087000000, 0x0000000087000000| Untracked 
|  75|0x0000000087100000, 0x0000000087100000, 0x0000000087200000|  0%| F|  |TAMS 0x0000000087100000, 0x0000000087100000| Untracked 
|  76|0x0000000087200000, 0x0000000087200000, 0x0000000087300000|  0%| F|  |TAMS 0x0000000087200000, 0x0000000087200000| Untracked 
|  77|0x0000000087300000, 0x0000000087300000, 0x0000000087400000|  0%| F|  |TAMS 0x0000000087300000, 0x0000000087300000| Untracked 
|  78|0x0000000087400000, 0x0000000087400000, 0x0000000087500000|  0%| F|  |TAMS 0x0000000087400000, 0x0000000087400000| Untracked 
|  79|0x0000000087500000, 0x0000000087500000, 0x0000000087600000|  0%| F|  |TAMS 0x0000000087500000, 0x0000000087500000| Untracked 
|  80|0x0000000087600000, 0x0000000087600000, 0x0000000087700000|  0%| F|  |TAMS 0x0000000087600000, 0x0000000087600000| Untracked 
|  81|0x0000000087700000, 0x0000000087700000, 0x0000000087800000|  0%| F|  |TAMS 0x0000000087700000, 0x0000000087700000| Untracked 
|  82|0x0000000087800000, 0x0000000087800000, 0x0000000087900000|  0%| F|  |TAMS 0x0000000087800000, 0x0000000087800000| Untracked 
|  83|0x0000000087900000, 0x0000000087900000, 0x0000000087a00000|  0%| F|  |TAMS 0x0000000087900000, 0x0000000087900000| Untracked 
|  84|0x0000000087a00000, 0x0000000087a00000, 0x0000000087b00000|  0%| F|  |TAMS 0x0000000087a00000, 0x0000000087a00000| Untracked 
|  85|0x0000000087b00000, 0x0000000087b00000, 0x0000000087c00000|  0%| F|  |TAMS 0x0000000087b00000, 0x0000000087b00000| Untracked 
|  86|0x0000000087c00000, 0x0000000087c00000, 0x0000000087d00000|  0%| F|  |TAMS 0x0000000087c00000, 0x0000000087c00000| Untracked 
|  87|0x0000000087d00000, 0x0000000087d00000, 0x0000000087e00000|  0%| F|  |TAMS 0x0000000087d00000, 0x0000000087d00000| Untracked 
|  88|0x0000000087e00000, 0x0000000087e00000, 0x0000000087f00000|  0%| F|  |TAMS 0x0000000087e00000, 0x0000000087e00000| Untracked 
|  89|0x0000000087f00000, 0x0000000087f00000, 0x0000000088000000|  0%| F|  |TAMS 0x0000000087f00000, 0x0000000087f00000| Untracked 
|  90|0x0000000088000000, 0x0000000088000000, 0x0000000088100000|  0%| F|  |TAMS 0x0000000088000000, 0x0000000088000000| Untracked 
|  91|0x0000000088100000, 0x0000000088100000, 0x0000000088200000|  0%| F|  |TAMS 0x0000000088100000, 0x0000000088100000| Untracked 
|  92|0x0000000088200000, 0x0000000088200000, 0x0000000088300000|  0%| F|  |TAMS 0x0000000088200000, 0x0000000088200000| Untracked 
|  93|0x0000000088300000, 0x0000000088300000, 0x0000000088400000|  0%| F|  |TAMS 0x0000000088300000, 0x0000000088300000| Untracked 
|  94|0x0000000088400000, 0x0000000088400000, 0x0000000088500000|  0%| F|  |TAMS 0x0000000088400000, 0x0000000088400000| Untracked 
|  95|0x0000000088500000, 0x0000000088500000, 0x0000000088600000|  0%| F|  |TAMS 0x0000000088500000, 0x0000000088500000| Untracked 
|  96|0x0000000088600000, 0x0000000088600000, 0x0000000088700000|  0%| F|  |TAMS 0x0000000088600000, 0x0000000088600000| Untracked 
|  97|0x0000000088700000, 0x0000000088700000, 0x0000000088800000|  0%| F|  |TAMS 0x0000000088700000, 0x0000000088700000| Untracked 
|  98|0x0000000088800000, 0x0000000088800000, 0x0000000088900000|  0%| F|  |TAMS 0x0000000088800000, 0x0000000088800000| Untracked 
|  99|0x0000000088900000, 0x0000000088900000, 0x0000000088a00000|  0%| F|  |TAMS 0x0000000088900000, 0x0000000088900000| Untracked 
| 100|0x0000000088a00000, 0x0000000088a00000, 0x0000000088b00000|  0%| F|  |TAMS 0x0000000088a00000, 0x0000000088a00000| Untracked 
| 101|0x0000000088b00000, 0x0000000088b00000, 0x0000000088c00000|  0%| F|  |TAMS 0x0000000088b00000, 0x0000000088b00000| Untracked 
| 102|0x0000000088c00000, 0x0000000088c00000, 0x0000000088d00000|  0%| F|  |TAMS 0x0000000088c00000, 0x0000000088c00000| Untracked 
| 103|0x0000000088d00000, 0x0000000088d00000, 0x0000000088e00000|  0%| F|  |TAMS 0x0000000088d00000, 0x0000000088d00000| Untracked 
| 104|0x0000000088e00000, 0x0000000088e00000, 0x0000000088f00000|  0%| F|  |TAMS 0x0000000088e00000, 0x0000000088e00000| Untracked 
| 105|0x0000000088f00000, 0x0000000088f00000, 0x0000000089000000|  0%| F|  |TAMS 0x0000000088f00000, 0x0000000088f00000| Untracked 
| 106|0x0000000089000000, 0x0000000089000000, 0x0000000089100000|  0%| F|  |TAMS 0x0000000089000000, 0x0000000089000000| Untracked 
| 107|0x0000000089100000, 0x0000000089100000, 0x0000000089200000|  0%| F|  |TAMS 0x0000000089100000, 0x0000000089100000| Untracked 
| 108|0x0000000089200000, 0x0000000089200000, 0x0000000089300000|  0%| F|  |TAMS 0x0000000089200000, 0x0000000089200000| Untracked 
| 109|0x0000000089300000, 0x0000000089300000, 0x0000000089400000|  0%| F|  |TAMS 0x0000000089300000, 0x0000000089300000| Untracked 
| 110|0x0000000089400000, 0x0000000089400000, 0x0000000089500000|  0%| F|  |TAMS 0x0000000089400000, 0x0000000089400000| Untracked 
| 111|0x0000000089500000, 0x0000000089500000, 0x0000000089600000|  0%| F|  |TAMS 0x0000000089500000, 0x0000000089500000| Untracked 
| 112|0x0000000089600000, 0x0000000089600000, 0x0000000089700000|  0%| F|  |TAMS 0x0000000089600000, 0x0000000089600000| Untracked 
| 113|0x0000000089700000, 0x0000000089700000, 0x0000000089800000|  0%| F|  |TAMS 0x0000000089700000, 0x0000000089700000| Untracked 
| 114|0x0000000089800000, 0x0000000089800000, 0x0000000089900000|  0%| F|  |TAMS 0x0000000089800000, 0x0000000089800000| Untracked 
| 115|0x0000000089900000, 0x0000000089900000, 0x0000000089a00000|  0%| F|  |TAMS 0x0000000089900000, 0x0000000089900000| Untracked 
| 116|0x0000000089a00000, 0x0000000089a00000, 0x0000000089b00000|  0%| F|  |TAMS 0x0000000089a00000, 0x0000000089a00000| Untracked 
| 117|0x0000000089b00000, 0x0000000089b00000, 0x0000000089c00000|  0%| F|  |TAMS 0x0000000089b00000, 0x0000000089b00000| Untracked 
| 118|0x0000000089c00000, 0x0000000089c00000, 0x0000000089d00000|  0%| F|  |TAMS 0x0000000089c00000, 0x0000000089c00000| Untracked 
| 119|0x0000000089d00000, 0x0000000089d00000, 0x0000000089e00000|  0%| F|  |TAMS 0x0000000089d00000, 0x0000000089d00000| Untracked 
| 120|0x0000000089e00000, 0x0000000089e00000, 0x0000000089f00000|  0%| F|  |TAMS 0x0000000089e00000, 0x0000000089e00000| Untracked 
| 121|0x0000000089f00000, 0x0000000089f00000, 0x000000008a000000|  0%| F|  |TAMS 0x0000000089f00000, 0x0000000089f00000| Untracked 
| 122|0x000000008a000000, 0x000000008a000000, 0x000000008a100000|  0%| F|  |TAMS 0x000000008a000000, 0x000000008a000000| Untracked 
| 123|0x000000008a100000, 0x000000008a100000, 0x000000008a200000|  0%| F|  |TAMS 0x000000008a100000, 0x000000008a100000| Untracked 
| 124|0x000000008a200000, 0x000000008a200000, 0x000000008a300000|  0%| F|  |TAMS 0x000000008a200000, 0x000000008a200000| Untracked 
| 125|0x000000008a300000, 0x000000008a300000, 0x000000008a400000|  0%| F|  |TAMS 0x000000008a300000, 0x000000008a300000| Untracked 

Card table byte_map: [0x0000018df22e0000,0x0000018df26d0000] _byte_map_base: 0x0000018df1ecd000

Marking Bits (Prev, Next): (CMBitMap*) 0x0000018dddc5bd60, (CMBitMap*) 0x0000018dddc5bd20
 Prev Bits: [0x0000018df4a30000, 0x0000018df6998000)
 Next Bits: [0x0000018df2ac0000, 0x0000018df4a28000)

Polling page: 0x0000018dddcd0000

Metaspace:

Usage:
  Non-class:     44.98 MB used.
      Class:      6.04 MB used.
       Both:     51.02 MB used.

Virtual space:
  Non-class space:       48.00 MB reserved,      45.12 MB ( 94%) committed,  6 nodes.
      Class space:        1.00 GB reserved,       6.19 MB ( <1%) committed,  1 nodes.
             Both:        1.05 GB reserved,      51.31 MB (  5%) committed. 

Chunk freelists:
   Non-Class:  1.95 MB
       Class:  1.78 MB
        Both:  3.73 MB

MaxMetaspaceSize: unlimited
CompressedClassSpaceSize: 1.00 GB
Initial GC threshold: 21.00 MB
Current GC threshold: 80.12 MB
CDS: off
MetaspaceReclaimPolicy: balanced
 - commit_granule_bytes: 65536.
 - commit_granule_words: 8192.
 - virtual_space_node_default_size: 1048576.
 - enlarge_chunks_in_place: 1.
 - new_chunks_are_fully_committed: 0.
 - uncommit_free_chunks: 1.
 - use_allocation_guard: 0.
 - handle_deallocations: 1.


Internal statistics:

num_allocs_failed_limit: 6.
num_arena_births: 216.
num_arena_deaths: 0.
num_vsnodes_births: 7.
num_vsnodes_deaths: 0.
num_space_committed: 819.
num_space_uncommitted: 0.
num_chunks_returned_to_freelist: 6.
num_chunks_taken_from_freelist: 1700.
num_chunk_merges: 6.
num_chunk_splits: 1390.
num_chunks_enlarged: 1234.
num_purges: 0.
num_inconsistent_stats: 0.

CodeHeap 'non-profiled nmethods': size=120000Kb used=2357Kb max_used=2357Kb free=117642Kb
 bounds [0x0000018dea390000, 0x0000018dea600000, 0x0000018df18c0000]
CodeHeap 'profiled nmethods': size=120000Kb used=11745Kb max_used=11745Kb free=108254Kb
 bounds [0x0000018de28c0000, 0x0000018de3440000, 0x0000018de9df0000]
CodeHeap 'non-nmethods': size=5760Kb used=1283Kb max_used=1375Kb free=4476Kb
 bounds [0x0000018de9df0000, 0x0000018dea060000, 0x0000018dea390000]
 total_blobs=5645 nmethods=5044 adapters=513
 compilation: enabled
              stopped_count=0, restarted_count=0
 full_count=0

Compilation events (20 events):
Event: 5.152 Thread 0x0000018df9c27e40 5062       4       java.text.StringCharacterIterator::<init> (12 bytes)
Event: 5.154 Thread 0x0000018df9c27e40 nmethod 5062 0x0000018dea5db190 code [0x0000018dea5db320, 0x0000018dea5db558]
Event: 5.155 Thread 0x0000018df9c27e40 5063       4       org.jetbrains.org.objectweb.asm.Type::getDescriptor (93 bytes)
Event: 5.157 Thread 0x0000018df9c288e0 5064       3       org.jetbrains.kotlin.load.java.lazy.LazyJavaTypeParameterResolver::<init> (82 bytes)
Event: 5.158 Thread 0x0000018df9c288e0 nmethod 5064 0x0000018de3429410 code [0x0000018de34297a0, 0x0000018de342ad88]
Event: 5.158 Thread 0x0000018df9c288e0 5065       3       org.jetbrains.kotlin.utils.CollectionsKt::mapToIndex (76 bytes)
Event: 5.159 Thread 0x0000018df9c288e0 nmethod 5065 0x0000018de342b510 code [0x0000018de342b7c0, 0x0000018de342c578]
Event: 5.159 Thread 0x0000018df9c288e0 5066       3       org.jetbrains.kotlin.load.java.typeEnhancement.SignatureEnhancement::getDefaultAnnotations (219 bytes)
Event: 5.161 Thread 0x0000018df9c288e0 nmethod 5066 0x0000018de342ca90 code [0x0000018de342cf40, 0x0000018de342f6d8]
Event: 5.161 Thread 0x0000018df9c288e0 5067       3       org.jetbrains.kotlin.load.kotlin.MethodSignatureMappingKt::getInternalName (60 bytes)
Event: 5.162 Thread 0x0000018df9c288e0 nmethod 5067 0x0000018de3430310 code [0x0000018de3430660, 0x0000018de3431608]
Event: 5.162 Thread 0x0000018df9c288e0 5068       3       org.jetbrains.kotlin.load.kotlin.SignatureBuildingComponents::signature (36 bytes)
Event: 5.163 Thread 0x0000018df9c288e0 nmethod 5068 0x0000018de3431c10 code [0x0000018de3431f20, 0x0000018de3432e38]
Event: 5.163 Thread 0x0000018dfb8c0100 nmethod 5056 0x0000018dea5db710 code [0x0000018dea5db960, 0x0000018dea5dcd28]
Event: 5.163 Thread 0x0000018df9c288e0 5069       3       org.jetbrains.kotlin.load.java.typeEnhancement.SignatureEnhancement::enhance$default (29 bytes)
Event: 5.163 Thread 0x0000018df9c288e0 nmethod 5069 0x0000018de3433390 code [0x0000018de3433540, 0x0000018de34336e8]
Event: 5.163 Thread 0x0000018df9c288e0 5070       3       org.jetbrains.kotlin.load.java.structure.impl.classFiles.BinaryJavaModifierListOwner::getVisibility (83 bytes)
Event: 5.163 Thread 0x0000018df9c288e0 nmethod 5070 0x0000018de3433810 code [0x0000018de3433a20, 0x0000018de3434018]
Event: 5.163 Thread 0x0000018df9c288e0 5072       3       org.jetbrains.kotlin.load.kotlin.MethodSignatureMappingKt::computeJvmDescriptor (220 bytes)
Event: 5.177 Thread 0x0000018df9c288e0 nmethod 5072 0x0000018de3434110 code [0x0000018de3434720, 0x0000018de34375b8]

GC Heap History (20 events):
Event: 2.534 GC heap after
{Heap after GC invocations=9 (full 0):
 garbage-first heap   total 54272K, used 27273K [0x0000000082600000, 0x0000000100000000)
  region size 1024K, 1 young (1024K), 1 survivors (1024K)
 Metaspace       used 35934K, committed 36096K, reserved 1081344K
  class space    used 4521K, committed 4608K, reserved 1048576K
}
Event: 2.769 GC heap before
{Heap before GC invocations=10 (full 0):
 garbage-first heap   total 54272K, used 37513K [0x0000000082600000, 0x0000000100000000)
  region size 1024K, 12 young (12288K), 1 survivors (1024K)
 Metaspace       used 37960K, committed 38208K, reserved 1089536K
  class space    used 4763K, committed 4864K, reserved 1048576K
}
Event: 2.772 GC heap after
{Heap after GC invocations=11 (full 0):
 garbage-first heap   total 54272K, used 26317K [0x0000000082600000, 0x0000000100000000)
  region size 1024K, 2 young (2048K), 2 survivors (2048K)
 Metaspace       used 37960K, committed 38208K, reserved 1089536K
  class space    used 4763K, committed 4864K, reserved 1048576K
}
Event: 3.046 GC heap before
{Heap before GC invocations=11 (full 0):
 garbage-first heap   total 54272K, used 39629K [0x0000000082600000, 0x0000000100000000)
  region size 1024K, 15 young (15360K), 2 survivors (2048K)
 Metaspace       used 40705K, committed 40896K, reserved 1089536K
  class space    used 4980K, committed 5056K, reserved 1048576K
}
Event: 3.050 GC heap after
{Heap after GC invocations=12 (full 0):
 garbage-first heap   total 54272K, used 27885K [0x0000000082600000, 0x0000000100000000)
  region size 1024K, 2 young (2048K), 2 survivors (2048K)
 Metaspace       used 40705K, committed 40896K, reserved 1089536K
  class space    used 4980K, committed 5056K, reserved 1048576K
}
Event: 3.248 GC heap before
{Heap before GC invocations=13 (full 0):
 garbage-first heap   total 54272K, used 39149K [0x0000000082600000, 0x0000000100000000)
  region size 1024K, 14 young (14336K), 2 survivors (2048K)
 Metaspace       used 43010K, committed 43200K, reserved 1089536K
  class space    used 5227K, committed 5312K, reserved 1048576K
}
Event: 3.251 GC heap after
{Heap after GC invocations=14 (full 0):
 garbage-first heap   total 54272K, used 29043K [0x0000000082600000, 0x0000000100000000)
  region size 1024K, 2 young (2048K), 2 survivors (2048K)
 Metaspace       used 43010K, committed 43200K, reserved 1089536K
  class space    used 5227K, committed 5312K, reserved 1048576K
}
Event: 3.530 GC heap before
{Heap before GC invocations=14 (full 0):
 garbage-first heap   total 54272K, used 40307K [0x0000000082600000, 0x0000000100000000)
  region size 1024K, 13 young (13312K), 2 survivors (2048K)
 Metaspace       used 46615K, committed 46848K, reserved 1097728K
  class space    used 5661K, committed 5760K, reserved 1048576K
}
Event: 3.534 GC heap after
{Heap after GC invocations=15 (full 0):
 garbage-first heap   total 66560K, used 29982K [0x0000000082600000, 0x0000000100000000)
  region size 1024K, 1 young (1024K), 1 survivors (1024K)
 Metaspace       used 46615K, committed 46848K, reserved 1097728K
  class space    used 5661K, committed 5760K, reserved 1048576K
}
Event: 3.911 GC heap before
{Heap before GC invocations=16 (full 0):
 garbage-first heap   total 66560K, used 52510K [0x0000000082600000, 0x0000000100000000)
  region size 1024K, 20 young (20480K), 1 survivors (1024K)
 Metaspace       used 48770K, committed 48960K, reserved 1097728K
  class space    used 5896K, committed 5952K, reserved 1048576K
}
Event: 3.917 GC heap after
{Heap after GC invocations=17 (full 0):
 garbage-first heap   total 66560K, used 36898K [0x0000000082600000, 0x0000000100000000)
  region size 1024K, 3 young (3072K), 3 survivors (3072K)
 Metaspace       used 48770K, committed 48960K, reserved 1097728K
  class space    used 5896K, committed 5952K, reserved 1048576K
}
Event: 3.925 GC heap before
{Heap before GC invocations=17 (full 0):
 garbage-first heap   total 66560K, used 37922K [0x0000000082600000, 0x0000000100000000)
  region size 1024K, 4 young (4096K), 3 survivors (3072K)
 Metaspace       used 48772K, committed 48960K, reserved 1097728K
  class space    used 5896K, committed 5952K, reserved 1048576K
}
Event: 3.929 GC heap after
{Heap after GC invocations=18 (full 0):
 garbage-first heap   total 66560K, used 36223K [0x0000000082600000, 0x0000000100000000)
  region size 1024K, 1 young (1024K), 1 survivors (1024K)
 Metaspace       used 48772K, committed 48960K, reserved 1097728K
  class space    used 5896K, committed 5952K, reserved 1048576K
}
Event: 3.978 GC heap before
{Heap before GC invocations=18 (full 0):
 garbage-first heap   total 66560K, used 51583K [0x0000000082600000, 0x0000000100000000)
  region size 1024K, 16 young (16384K), 1 survivors (1024K)
 Metaspace       used 48924K, committed 49088K, reserved 1097728K
  class space    used 5896K, committed 5952K, reserved 1048576K
}
Event: 3.979 GC heap after
{Heap after GC invocations=19 (full 0):
 garbage-first heap   total 66560K, used 36471K [0x0000000082600000, 0x0000000100000000)
  region size 1024K, 1 young (1024K), 1 survivors (1024K)
 Metaspace       used 48924K, committed 49088K, reserved 1097728K
  class space    used 5896K, committed 5952K, reserved 1048576K
}
Event: 4.286 GC heap before
{Heap before GC invocations=20 (full 0):
 garbage-first heap   total 73728K, used 51831K [0x0000000082600000, 0x0000000100000000)
  region size 1024K, 16 young (16384K), 1 survivors (1024K)
 Metaspace       used 50659K, committed 50880K, reserved 1097728K
  class space    used 6091K, committed 6208K, reserved 1048576K
}
Event: 4.291 GC heap after
{Heap after GC invocations=21 (full 0):
 garbage-first heap   total 73728K, used 38262K [0x0000000082600000, 0x0000000100000000)
  region size 1024K, 2 young (2048K), 2 survivors (2048K)
 Metaspace       used 50659K, committed 50880K, reserved 1097728K
  class space    used 6091K, committed 6208K, reserved 1048576K
}
Event: 4.309 GC heap before
{Heap before GC invocations=21 (full 0):
 garbage-first heap   total 73728K, used 39286K [0x0000000082600000, 0x0000000100000000)
  region size 1024K, 3 young (3072K), 2 survivors (2048K)
 Metaspace       used 50735K, committed 51008K, reserved 1097728K
  class space    used 6104K, committed 6272K, reserved 1048576K
}
Event: 4.314 GC heap after
{Heap after GC invocations=22 (full 0):
 garbage-first heap   total 73728K, used 38618K [0x0000000082600000, 0x0000000100000000)
  region size 1024K, 1 young (1024K), 1 survivors (1024K)
 Metaspace       used 50735K, committed 51008K, reserved 1097728K
  class space    used 6104K, committed 6272K, reserved 1048576K
}
Event: 5.174 GC heap before
{Heap before GC invocations=22 (full 0):
 garbage-first heap   total 73728K, used 57050K [0x0000000082600000, 0x0000000100000000)
  region size 1024K, 19 young (19456K), 1 survivors (1024K)
 Metaspace       used 52240K, committed 52544K, reserved 1097728K
  class space    used 6184K, committed 6336K, reserved 1048576K
}

Dll operation events (2 events):
Event: 0.008 Loaded shared library E:\Android studio 2022.1.3\jbr\bin\java.dll
Event: 1.090 Loaded shared library E:\Android studio 2022.1.3\jbr\bin\verify.dll

Deoptimization events (20 events):
Event: 4.973 Thread 0x0000018dddc012a0 DEOPT PACKING pc=0x0000018dea5b81e4 sp=0x0000002a047f9130
Event: 4.973 Thread 0x0000018dddc012a0 DEOPT UNPACKING pc=0x0000018de9e469a3 sp=0x0000002a047f90c0 mode 2
Event: 5.023 Thread 0x0000018dddc012a0 DEOPT PACKING pc=0x0000018de3161374 sp=0x0000002a047f9b80
Event: 5.023 Thread 0x0000018dddc012a0 DEOPT UNPACKING pc=0x0000018de9e47143 sp=0x0000002a047f9088 mode 0
Event: 5.024 Thread 0x0000018dddc012a0 Uncommon trap: trap_request=0xffffffde fr.pc=0x0000018dea5b7b50 relative=0x00000000000000b0
Event: 5.024 Thread 0x0000018dddc012a0 Uncommon trap: reason=class_check action=maybe_recompile pc=0x0000018dea5b7b50 method=org.jetbrains.kotlin.types.checker.ClassicTypeSystemContext$DefaultImpls.asFlexibleType(Lorg/jetbrains/kotlin/types/checker/ClassicTypeSystemContext;Lorg/jetbrains/kotli
Event: 5.024 Thread 0x0000018dddc012a0 DEOPT PACKING pc=0x0000018dea5b7b50 sp=0x0000002a047f9bc0
Event: 5.024 Thread 0x0000018dddc012a0 DEOPT UNPACKING pc=0x0000018de9e469a3 sp=0x0000002a047f9b30 mode 2
Event: 5.024 Thread 0x0000018dddc012a0 Uncommon trap: trap_request=0xffffffde fr.pc=0x0000018dea5b7b50 relative=0x00000000000000b0
Event: 5.024 Thread 0x0000018dddc012a0 Uncommon trap: reason=class_check action=maybe_recompile pc=0x0000018dea5b7b50 method=org.jetbrains.kotlin.types.checker.ClassicTypeSystemContext$DefaultImpls.asFlexibleType(Lorg/jetbrains/kotlin/types/checker/ClassicTypeSystemContext;Lorg/jetbrains/kotli
Event: 5.024 Thread 0x0000018dddc012a0 DEOPT PACKING pc=0x0000018dea5b7b50 sp=0x0000002a047f9c80
Event: 5.024 Thread 0x0000018dddc012a0 DEOPT UNPACKING pc=0x0000018de9e469a3 sp=0x0000002a047f9bf0 mode 2
Event: 5.024 Thread 0x0000018dddc012a0 Uncommon trap: trap_request=0xffffffde fr.pc=0x0000018dea5b7b50 relative=0x00000000000000b0
Event: 5.024 Thread 0x0000018dddc012a0 Uncommon trap: reason=class_check action=maybe_recompile pc=0x0000018dea5b7b50 method=org.jetbrains.kotlin.types.checker.ClassicTypeSystemContext$DefaultImpls.asFlexibleType(Lorg/jetbrains/kotlin/types/checker/ClassicTypeSystemContext;Lorg/jetbrains/kotli
Event: 5.024 Thread 0x0000018dddc012a0 DEOPT PACKING pc=0x0000018dea5b7b50 sp=0x0000002a047f9c70
Event: 5.024 Thread 0x0000018dddc012a0 DEOPT UNPACKING pc=0x0000018de9e469a3 sp=0x0000002a047f9be0 mode 2
Event: 5.024 Thread 0x0000018dddc012a0 Uncommon trap: trap_request=0xffffffde fr.pc=0x0000018dea5b7b50 relative=0x00000000000000b0
Event: 5.024 Thread 0x0000018dddc012a0 Uncommon trap: reason=class_check action=maybe_recompile pc=0x0000018dea5b7b50 method=org.jetbrains.kotlin.types.checker.ClassicTypeSystemContext$DefaultImpls.asFlexibleType(Lorg/jetbrains/kotlin/types/checker/ClassicTypeSystemContext;Lorg/jetbrains/kotli
Event: 5.024 Thread 0x0000018dddc012a0 DEOPT PACKING pc=0x0000018dea5b7b50 sp=0x0000002a047f9c70
Event: 5.024 Thread 0x0000018dddc012a0 DEOPT UNPACKING pc=0x0000018de9e469a3 sp=0x0000002a047f9be0 mode 2

Classes unloaded (0 events):
No events

Classes redefined (0 events):
No events

Internal exceptions (20 events):
Event: 1.093 Thread 0x0000018dddc012a0 Exception <a 'java/lang/NoSuchMethodError'{0x0000000089543b00}: 'java.lang.Object java.lang.invoke.DirectMethodHandle$Holder.invokeStaticInit(java.lang.Object)'> (0x0000000089543b00) 
thrown [s\src\hotspot\share\interpreter\linkResolver.cpp, line 771]
Event: 1.216 Thread 0x0000018dddc012a0 Exception <a 'java/lang/NoSuchMethodError'{0x0000000088c10d38}: 'java.lang.Object java.lang.invoke.DirectMethodHandle$Holder.invokeStaticInit(java.lang.Object, int)'> (0x0000000088c10d38) 
thrown [s\src\hotspot\share\interpreter\linkResolver.cpp, line 771]
Event: 1.224 Thread 0x0000018dddc012a0 Exception <a 'java/lang/NoSuchMethodError'{0x0000000088c9a578}: 'void java.lang.invoke.DirectMethodHandle$Holder.invokeStatic(java.lang.Object, java.lang.Object)'> (0x0000000088c9a578) 
thrown [s\src\hotspot\share\interpreter\linkResolver.cpp, line 771]
Event: 1.242 Thread 0x0000018dddc012a0 Exception <a 'java/lang/NoSuchMethodError'{0x0000000088bd4210}: 'long java.lang.invoke.DirectMethodHandle$Holder.invokeStatic(java.lang.Object)'> (0x0000000088bd4210) 
thrown [s\src\hotspot\share\interpreter\linkResolver.cpp, line 771]
Event: 1.243 Thread 0x0000018dddc012a0 Exception <a 'java/lang/NoSuchMethodError'{0x0000000088bd7968}: 'long java.lang.invoke.DirectMethodHandle$Holder.invokeStaticInit(java.lang.Object)'> (0x0000000088bd7968) 
thrown [s\src\hotspot\share\interpreter\linkResolver.cpp, line 771]
Event: 1.316 Thread 0x0000018dddc012a0 Exception <a 'java/lang/NoSuchMethodError'{0x0000000084913998}: 'int java.lang.invoke.DirectMethodHandle$Holder.invokeStaticInit(java.lang.Object, java.lang.Object, java.lang.Object)'> (0x0000000084913998) 
thrown [s\src\hotspot\share\interpreter\linkResolver.cpp, line 771]
Event: 1.321 Thread 0x0000018dddc012a0 Exception <a 'java/lang/NoSuchMethodError'{0x000000008493c300}: 'int java.lang.invoke.DirectMethodHandle$Holder.invokeStaticInit(java.lang.Object, java.lang.Object)'> (0x000000008493c300) 
thrown [s\src\hotspot\share\interpreter\linkResolver.cpp, line 771]
Event: 1.340 Thread 0x0000018dddc012a0 Exception <a 'java/lang/NoSuchMethodError'{0x0000000084818db8}: 'void java.lang.invoke.DirectMethodHandle$Holder.invokeSpecial(java.lang.Object, java.lang.Object, java.lang.Object)'> (0x0000000084818db8) 
thrown [s\src\hotspot\share\interpreter\linkResolver.cpp, line 771]
Event: 1.604 Thread 0x0000018dddc012a0 Exception <a 'java/lang/NoSuchMethodError'{0x0000000083dd1900}: 'void java.lang.invoke.DirectMethodHandle$Holder.invokeStatic(java.lang.Object, java.lang.Object, java.lang.Object, java.lang.Object)'> (0x0000000083dd1900) 
thrown [s\src\hotspot\share\interpreter\linkResolver.cpp, line 771]
Event: 1.671 Thread 0x0000018dddc012a0 Exception <a 'java/lang/NoSuchMethodError'{0x000000008397c6e8}: 'void java.lang.invoke.DirectMethodHandle$Holder.invokeStaticInit(java.lang.Object, java.lang.Object)'> (0x000000008397c6e8) 
thrown [s\src\hotspot\share\interpreter\linkResolver.cpp, line 771]
Event: 1.753 Thread 0x0000018dddc012a0 Exception <a 'java/lang/NoSuchMethodError'{0x00000000887b45a0}: 'void java.lang.invoke.DirectMethodHandle$Holder.invokeVirtual(java.lang.Object, java.lang.Object)'> (0x00000000887b45a0) 
thrown [s\src\hotspot\share\interpreter\linkResolver.cpp, line 771]
Event: 1.764 Thread 0x0000018dddc012a0 Exception <a 'java/lang/NoSuchMethodError'{0x000000008863eb10}: 'int java.lang.invoke.DirectMethodHandle$Holder.invokeVirtual(java.lang.Object, java.lang.Object)'> (0x000000008863eb10) 
thrown [s\src\hotspot\share\interpreter\linkResolver.cpp, line 771]
Event: 1.780 Thread 0x0000018dddc012a0 Exception <a 'java/lang/NoSuchMethodError'{0x00000000886e61e0}: 'java.lang.Object java.lang.invoke.Invokers$Holder.invokeExact_MT(java.lang.Object, java.lang.Object, java.lang.Object, java.lang.Object, java.lang.Object, java.lang.Object)'> (0x00000000886e61e0) 
thrown [s\src\hotspot\share\interpreter\linkResolver.cpp, line 771]
Event: 2.529 Thread 0x0000018dddc012a0 Exception <a 'java/lang/NoSuchMethodError'{0x000000008874c5f8}: 'java.lang.Object java.lang.invoke.DirectMethodHandle$Holder.invokeVirtual(java.lang.Object, java.lang.Object, java.lang.Object)'> (0x000000008874c5f8) 
thrown [s\src\hotspot\share\interpreter\linkResolver.cpp, line 771]
Event: 3.381 Thread 0x0000018dddc012a0 Exception <a 'java/lang/NoSuchMethodError'{0x00000000885e7188}: 'java.lang.Object java.lang.invoke.DirectMethodHandle$Holder.newInvokeSpecial(java.lang.Object, java.lang.Object, int)'> (0x00000000885e7188) 
thrown [s\src\hotspot\share\interpreter\linkResolver.cpp, line 771]
Event: 3.422 Thread 0x0000018dddc012a0 Exception <a 'java/lang/NoSuchMethodError'{0x0000000085462ed0}: 'java.lang.Object java.lang.invoke.DirectMethodHandle$Holder.newInvokeSpecial(java.lang.Object, java.lang.Object, java.lang.Object, int)'> (0x0000000085462ed0) 
thrown [s\src\hotspot\share\interpreter\linkResolver.cpp, line 771]
Event: 3.422 Thread 0x0000018dddc012a0 Exception <a 'java/lang/NoSuchMethodError'{0x0000000085467558}: 'java.lang.Object java.lang.invoke.DirectMethodHandle$Holder.invokeSpecial(java.lang.Object, java.lang.Object, java.lang.Object, java.lang.Object, int)'> (0x0000000085467558) 
thrown [s\src\hotspot\share\interpreter\linkResolver.cpp, line 771]
Event: 3.422 Thread 0x0000018dddc012a0 Exception <a 'java/lang/NoSuchMethodError'{0x000000008546b3c8}: 'java.lang.Object java.lang.invoke.Invokers$Holder.linkToTargetMethod(java.lang.Object, java.lang.Object, int, java.lang.Object)'> (0x000000008546b3c8) 
thrown [s\src\hotspot\share\interpreter\linkResolver.cpp, line 771]
Event: 3.614 Thread 0x0000018dddc012a0 Exception <a 'java/lang/NoSuchMethodError'{0x0000000088651658}: 'java.lang.Object java.lang.invoke.DirectMethodHandle$Holder.invokeInterface(java.lang.Object, java.lang.Object)'> (0x0000000088651658) 
thrown [s\src\hotspot\share\interpreter\linkResolver.cpp, line 771]
Event: 4.383 Thread 0x0000018dddc012a0 Exception <a 'java/lang/NoSuchMethodError'{0x00000000885d1a68}: 'java.lang.Object java.lang.invoke.DirectMethodHandle$Holder.invokeStaticInit(java.lang.Object, java.lang.Object, java.lang.Object)'> (0x00000000885d1a68) 
thrown [s\src\hotspot\share\interpreter\linkResolver.cpp, line 771]

VM Operations (20 events):
Event: 4.291 Executing VM operation: G1CollectForAllocation done
Event: 4.293 Executing VM operation: HandshakeAllThreads
Event: 4.293 Executing VM operation: HandshakeAllThreads done
Event: 4.309 Executing VM operation: G1CollectForAllocation
Event: 4.314 Executing VM operation: G1CollectForAllocation done
Event: 4.523 Executing VM operation: ICBufferFull
Event: 4.523 Executing VM operation: ICBufferFull done
Event: 4.715 Executing VM operation: ICBufferFull
Event: 4.715 Executing VM operation: ICBufferFull done
Event: 4.931 Executing VM operation: ICBufferFull
Event: 4.931 Executing VM operation: ICBufferFull done
Event: 4.970 Executing VM operation: HandshakeAllThreads
Event: 4.970 Executing VM operation: HandshakeAllThreads done
Event: 5.019 Executing VM operation: HandshakeAllThreads
Event: 5.019 Executing VM operation: HandshakeAllThreads done
Event: 5.021 Executing VM operation: HandshakeAllThreads
Event: 5.021 Executing VM operation: HandshakeAllThreads done
Event: 5.091 Executing VM operation: ICBufferFull
Event: 5.091 Executing VM operation: ICBufferFull done
Event: 5.174 Executing VM operation: G1CollectForAllocation

Events (20 events):
Event: 4.052 loading class java/util/function/BiConsumer
Event: 4.052 loading class java/util/function/BiConsumer done
Event: 4.052 loading class java/util/function/BinaryOperator
Event: 4.053 loading class java/util/function/BinaryOperator done
Event: 4.053 loading class java/util/stream/ReduceOps
Event: 4.053 loading class java/util/stream/ReduceOps done
Event: 4.053 loading class java/util/stream/ReduceOps$3
Event: 4.054 loading class java/util/stream/ReduceOps$ReduceOp
Event: 4.054 loading class java/util/stream/ReduceOps$ReduceOp done
Event: 4.054 loading class java/util/stream/ReduceOps$3 done
Event: 4.054 loading class java/util/stream/ReduceOps$3ReducingSink
Event: 4.054 loading class java/util/stream/ReduceOps$AccumulatingSink
Event: 4.054 loading class java/util/stream/ReduceOps$AccumulatingSink done
Event: 4.054 loading class java/util/stream/ReduceOps$Box
Event: 4.054 loading class java/util/stream/ReduceOps$Box done
Event: 4.054 loading class java/util/stream/ReduceOps$3ReducingSink done
Event: 4.054 loading class java/util/stream/ReferencePipeline$2$1
Event: 4.054 loading class java/util/stream/ReferencePipeline$2$1 done
Event: 4.284 loading class java/util/RegularEnumSet$EnumSetIterator
Event: 4.284 loading class java/util/RegularEnumSet$EnumSetIterator done


Dynamic libraries:
0x00007ff7c2c60000 - 0x00007ff7c2c6a000 	E:\Android studio 2022.1.3\jbr\bin\java.exe
0x00007fffe8ed0000 - 0x00007fffe90c8000 	C:\WINDOWS\SYSTEM32\ntdll.dll
0x00007fffe3100000 - 0x00007fffe3119000 	C:\Program Files\Avast Software\Avast\aswhook.dll
0x00007fffe6f90000 - 0x00007fffe704f000 	C:\WINDOWS\System32\KERNEL32.DLL
0x00007fffe6690000 - 0x00007fffe6986000 	C:\WINDOWS\System32\KERNELBASE.dll
0x00007fffe6bb0000 - 0x00007fffe6cb0000 	C:\WINDOWS\System32\ucrtbase.dll
0x00007fffac970000 - 0x00007fffac98b000 	E:\Android studio 2022.1.3\jbr\bin\VCRUNTIME140.dll
0x00007fffcee20000 - 0x00007fffcee37000 	E:\Android studio 2022.1.3\jbr\bin\jli.dll
0x00007fffe7a60000 - 0x00007fffe7bfd000 	C:\WINDOWS\System32\USER32.dll
0x00007fffc7ee0000 - 0x00007fffc817a000 	C:\WINDOWS\WinSxS\amd64_microsoft.windows.common-controls_6595b64144ccf1df_6.0.19041.1110_none_60b5254171f9507e\COMCTL32.dll
0x00007fffe6660000 - 0x00007fffe6682000 	C:\WINDOWS\System32\win32u.dll
0x00007fffe7dd0000 - 0x00007fffe7e6e000 	C:\WINDOWS\System32\msvcrt.dll
0x00007fffe8520000 - 0x00007fffe854c000 	C:\WINDOWS\System32\GDI32.dll
0x00007fffe6cb0000 - 0x00007fffe6dc5000 	C:\WINDOWS\System32\gdi32full.dll
0x00007fffe6a50000 - 0x00007fffe6aed000 	C:\WINDOWS\System32\msvcp_win.dll
0x00007fffe7e80000 - 0x00007fffe7eb0000 	C:\WINDOWS\System32\IMM32.DLL
0x00007fffce860000 - 0x00007fffce86c000 	E:\Android studio 2022.1.3\jbr\bin\vcruntime140_1.dll
0x00007fffab410000 - 0x00007fffab49d000 	E:\Android studio 2022.1.3\jbr\bin\msvcp140.dll
0x00007fffad810000 - 0x00007fffae47e000 	E:\Android studio 2022.1.3\jbr\bin\server\jvm.dll
0x00007fffe79b0000 - 0x00007fffe7a5f000 	C:\WINDOWS\System32\ADVAPI32.dll
0x00007fffe7d20000 - 0x00007fffe7dbc000 	C:\WINDOWS\System32\sechost.dll
0x00007fffe82a0000 - 0x00007fffe83c6000 	C:\WINDOWS\System32\RPCRT4.dll
0x00007fffd59f0000 - 0x00007fffd59f9000 	C:\WINDOWS\SYSTEM32\WSOCK32.dll
0x00007fffd3b00000 - 0x00007fffd3b27000 	C:\WINDOWS\SYSTEM32\WINMM.dll
0x00007fffe8600000 - 0x00007fffe866b000 	C:\WINDOWS\System32\WS2_32.dll
0x00007fffe0b00000 - 0x00007fffe0b0a000 	C:\WINDOWS\SYSTEM32\VERSION.dll
0x00007fffe4440000 - 0x00007fffe4452000 	C:\WINDOWS\SYSTEM32\kernel.appcore.dll
0x00007fffe0180000 - 0x00007fffe018a000 	E:\Android studio 2022.1.3\jbr\bin\jimage.dll
0x00007fffd9150000 - 0x00007fffd9334000 	C:\WINDOWS\SYSTEM32\DBGHELP.DLL
0x00007fffd9110000 - 0x00007fffd9144000 	C:\WINDOWS\SYSTEM32\dbgcore.DLL
0x00007fffe6b20000 - 0x00007fffe6ba2000 	C:\WINDOWS\System32\bcryptPrimitives.dll
0x00007fffd6000000 - 0x00007fffd6025000 	E:\Android studio 2022.1.3\jbr\bin\java.dll
0x00007fffd3d20000 - 0x00007fffd3d38000 	E:\Android studio 2022.1.3\jbr\bin\zip.dll
0x00007fffe8740000 - 0x00007fffe8e84000 	C:\WINDOWS\System32\SHELL32.dll
0x00007fffe4640000 - 0x00007fffe4dd3000 	C:\WINDOWS\SYSTEM32\windows.storage.dll
0x00007fffe75a0000 - 0x00007fffe78f4000 	C:\WINDOWS\System32\combase.dll
0x00007fffe5e40000 - 0x00007fffe5e6e000 	C:\WINDOWS\SYSTEM32\Wldp.dll
0x00007fffe7900000 - 0x00007fffe79ad000 	C:\WINDOWS\System32\SHCORE.dll
0x00007fffe8680000 - 0x00007fffe86d5000 	C:\WINDOWS\System32\shlwapi.dll
0x00007fffe64f0000 - 0x00007fffe650f000 	C:\WINDOWS\SYSTEM32\profapi.dll
0x00007fffd3980000 - 0x00007fffd3999000 	E:\Android studio 2022.1.3\jbr\bin\net.dll
0x00007fffddf40000 - 0x00007fffde04a000 	C:\WINDOWS\SYSTEM32\WINHTTP.dll
0x00007fffe5c20000 - 0x00007fffe5c8a000 	C:\WINDOWS\system32\mswsock.dll
0x00007fffd37c0000 - 0x00007fffd37d6000 	E:\Android studio 2022.1.3\jbr\bin\nio.dll
0x00007fffd60e0000 - 0x00007fffd60f0000 	E:\Android studio 2022.1.3\jbr\bin\verify.dll

dbghelp: loaded successfully - version: 4.0.5 - missing functions: none
symbol engine: initialized successfully - sym options: 0x614 - pdb path: .;E:\Android studio 2022.1.3\jbr\bin;C:\WINDOWS\SYSTEM32;C:\Program Files\Avast Software\Avast;C:\WINDOWS\WinSxS\amd64_microsoft.windows.common-controls_6595b64144ccf1df_6.0.19041.1110_none_60b5254171f9507e;E:\Android studio 2022.1.3\jbr\bin\server

VM Arguments:
java_command: org.jetbrains.kotlin.cli.jvm.K2JVMCompiler @C:\Users\Thoriso Tumelo\Downloads\Compressed\WILAPPUPDATED\WILAPP\app\build\20231121_4845053329621481625.compiler.options
java_class_path (initial): C:\Users\Thoriso Tumelo\.gradle\caches\modules-2\files-2.1\org.jetbrains.kotlin\kotlin-compiler-embeddable\1.8.0\eb9118d4bcceaa2a94b2ae2a33a4ddba7c9a947f\kotlin-compiler-embeddable-1.8.0.jar;C:\Users\Thoriso Tumelo\.gradle\caches\modules-2\files-2.1\org.jetbrains.kotlin\kotlin-stdlib\1.8.0\1796921c7a3e2e2665a83e6c8d33399336cd39bc\kotlin-stdlib-1.8.0.jar;C:\Users\Thoriso Tumelo\.gradle\caches\modules-2\files-2.1\org.jetbrains.kotlin\kotlin-script-runtime\1.8.0\b2f7e760d283cb339974851c222a4c1d48f2d3d\kotlin-script-runtime-1.8.0.jar;C:\Users\Thoriso Tumelo\.gradle\caches\modules-2\files-2.1\org.jetbrains.kotlin\kotlin-reflect\1.6.10\1cbe9c92c12a94eea200d23c2bbaedaf3daf5132\kotlin-reflect-1.6.10.jar;C:\Users\Thoriso Tumelo\.gradle\caches\modules-2\files-2.1\org.jetbrains.kotlin\kotlin-daemon-embeddable\1.8.0\d255216c551685dc3a7e852b53617f5f01aaaa5c\kotlin-daemon-embeddable-1.8.0.jar;C:\Users\Thoriso Tumelo\.gradle\caches\modules-2\files-2.1\org.jetbrains.intellij.deps\trove4j\1.0.20200330\3afb14d5f9ceb459d724e907a21145e8ff394f02\trove4j-1.0.20200330.jar;C:\Users\Thoriso Tumelo\.gradle\caches\modules-2\files-2.1\net.java.dev.jna\jna\5.6.0\330f2244e9030119ab3030fc3fededc86713d9cc\jna-5.6.0.jar;C:\Users\Thoriso Tumelo\.gradle\caches\modules-2\files-2.1\org.jetbrains.kotlin\kotlin-stdlib-common\1.8.0\f7197e7cc76453ac59f8b0f8d5137cc600becd36\kotlin-stdlib-common-1.8.0.jar;C:\Users\Thoriso Tumelo\.gradle\caches\modules-2\files-2.1\org.jetbrains\annotations\13.0\919f0dfe192fb4e063e7dacadee7f8bb9a2672a9\annotations-13.0.jar
Launcher Type: SUN_STANDARD

[Global flags]
     intx CICompilerCount                          = 3                                         {product} {ergonomic}
     uint ConcGCThreads                            = 1                                         {product} {ergonomic}
     uint G1ConcRefinementThreads                  = 4                                         {product} {ergonomic}
   size_t G1HeapRegionSize                         = 1048576                                   {product} {ergonomic}
    uintx GCDrainStackTargetSize                   = 64                                        {product} {ergonomic}
   size_t InitialHeapSize                          = 132120576                                 {product} {ergonomic}
   size_t MarkStackSize                            = 4194304                                   {product} {ergonomic}
   size_t MaxHeapSize                              = 2107637760                                {product} {ergonomic}
   size_t MaxNewSize                               = 1264582656                                {product} {ergonomic}
   size_t MinHeapDeltaBytes                        = 1048576                                   {product} {ergonomic}
   size_t MinHeapSize                              = 8388608                                   {product} {ergonomic}
    uintx NonNMethodCodeHeapSize                   = 5832780                                {pd product} {ergonomic}
    uintx NonProfiledCodeHeapSize                  = 122912730                              {pd product} {ergonomic}
    uintx ProfiledCodeHeapSize                     = 122912730                              {pd product} {ergonomic}
    uintx ReservedCodeCacheSize                    = 251658240                              {pd product} {ergonomic}
     bool SegmentedCodeCache                       = true                                      {product} {ergonomic}
   size_t SoftMaxHeapSize                          = 2107637760                             {manageable} {ergonomic}
     bool UseCompressedClassPointers               = true                           {product lp64_product} {ergonomic}
     bool UseCompressedOops                        = true                           {product lp64_product} {ergonomic}
     bool UseG1GC                                  = true                                      {product} {ergonomic}
     bool UseLargePagesIndividualAllocation        = false                                  {pd product} {ergonomic}

Logging:
Log output configuration:
 #0: stdout all=warning uptime,level,tags
 #1: stderr all=off uptime,level,tags

Environment Variables:
PATH=C:\WINDOWS\system32;C:\WINDOWS;C:\WINDOWS\System32\Wbem;C:\WINDOWS\System32\WindowsPowerShell\v1.0\;C:\WINDOWS\System32\OpenSSH\;C:\Program Files\Git\cmd;C:\Users\Thoriso Tumelo\AppData\Local\Microsoft\WindowsApps
USERNAME=Thoriso Tumelo
OS=Windows_NT
PROCESSOR_IDENTIFIER=Intel64 Family 6 Model 158 Stepping 11, GenuineIntel
TMP=C:\Users\THORIS~1\AppData\Local\Temp
TEMP=C:\Users\THORIS~1\AppData\Local\Temp


JNI global refs:
JNI global refs: 10, weak refs: 5

JNI global refs memory usage: 843, weak refs: 841


---------------  S Y S T E M  ---------------

OS:
 Windows 10 , 64 bit Build 19041 (10.0.19041.3031)
OS uptime: 0 days 23:55 hours
Hyper-V role detected

CPU: total 4 (initial active 4) (4 cores per cpu, 1 threads per core) family 6 model 158 stepping 11 microcode 0xb4, cx8, cmov, fxsr, mmx, 3dnowpref, sse, sse2, sse3, ssse3, sse4.1, sse4.2, popcnt, lzcnt, tsc, tscinvbit, avx, avx2, aes, erms, clmul, bmi1, bmi2, adx, fma, vzeroupper, clflush, clflushopt, hv

Memory: 4k page, system-wide physical 8035M (505M free)
TotalPageFile size 9939M (AvailPageFile size 14M)
current process WorkingSet (physical memory assigned to process): 195M, peak: 237M
current process commit charge ("private bytes"): 280M, peak: 310M

vm_info: OpenJDK 64-Bit Server VM (17.0.6+0-b2043.56-10027231) for windows-amd64 JRE (17.0.6+0-b2043.56-10027231), built on Apr 28 2023 00:43:19 by "androidbuild" with MS VC++ 16.10 / 16.11 (VS2019)

END.
