#
# There is insufficient memory for the Java Runtime Environment to continue.
# Native memory allocation (mmap) failed to map 27262976 bytes for G1 virtual space
# Possible reasons:
#   The system is out of physical RAM or swap space
#   The process is running with CompressedOops enabled, and the Java Heap may be blocking the growth of the native heap
# Possible solutions:
#   Reduce memory load on the system
#   Increase physical memory or swap space
#   Check if swap backing store is full
#   Decrease Java heap size (-Xmx/-Xms)
#   Decrease number of Java threads
#   Decrease Java thread stack sizes (-Xss)
#   Set larger code cache with -XX:ReservedCodeCacheSize=
#   JVM is running with Unscaled Compressed Oops mode in which the Java heap is
#     placed in the first 4GB address space. The Java Heap base address is the
#     maximum limit for the native heap growth. Please use -XX:HeapBaseMinAddress
#     to set the Java Heap base and to place the Java Heap above 4GB virtual address.
# This output file may be truncated or incomplete.
#
#  Out of Memory Error (os_windows.cpp:3769), pid=9912, tid=3028
#
# JRE version: OpenJDK Runtime Environment (17.0.6) (build 17.0.6+0-b2043.56-10027231)
# Java VM: OpenJDK 64-Bit Server VM (17.0.6+0-b2043.56-10027231, mixed mode, tiered, compressed oops, compressed class ptrs, g1 gc, windows-amd64)
# No core dump will be written. Minidumps are not enabled by default on client versions of Windows
#

---------------  S U M M A R Y ------------

Command Line: org.jetbrains.kotlin.cli.jvm.K2JVMCompiler @C:\Users\Thoriso Tumelo\Downloads\Compressed\WILAPPUPDATED\WILAPP\app\build\20231121_902401309064726115.compiler.options

Host: Intel(R) Core(TM) i3-8100T CPU @ 3.10GHz, 4 cores, 7G,  Windows 10 , 64 bit Build 19041 (10.0.19041.3031)
Time: Tue Nov 21 21:46:04 2023 South Africa Standard Time elapsed time: 3.925923 seconds (0d 0h 0m 3s)

---------------  T H R E A D  ---------------

Current thread (0x0000026ed91abf00):  VMThread "VM Thread" [stack: 0x000000e3e4e00000,0x000000e3e4f00000] [id=3028]

Stack: [0x000000e3e4e00000,0x000000e3e4f00000]
Native frames: (J=compiled Java code, j=interpreted, Vv=VM code, C=native code)
V  [jvm.dll+0x683c9a]
V  [jvm.dll+0x8427a4]
V  [jvm.dll+0x843f9e]
V  [jvm.dll+0x844603]
V  [jvm.dll+0x249b75]
V  [jvm.dll+0x680b69]
V  [jvm.dll+0x67505a]
V  [jvm.dll+0x309acb]
V  [jvm.dll+0x310f86]
V  [jvm.dll+0x3608ee]
V  [jvm.dll+0x360b1f]
V  [jvm.dll+0x2dfbf8]
V  [jvm.dll+0x2ddec4]
V  [jvm.dll+0x2dd4cc]
V  [jvm.dll+0x321f3b]
V  [jvm.dll+0x848ccb]
V  [jvm.dll+0x849a04]
V  [jvm.dll+0x849f1d]
V  [jvm.dll+0x84a2f4]
V  [jvm.dll+0x84a3c0]
V  [jvm.dll+0x7f274a]
V  [jvm.dll+0x682ad5]
C  [ucrtbase.dll+0x21bb2]
C  [KERNEL32.DLL+0x17614]
C  [ntdll.dll+0x526f1]

VM_Operation (0x000000e3e48fa7f0): G1CollectForAllocation, mode: safepoint, requested by thread 0x0000026ebfd8e710


---------------  P R O C E S S  ---------------

Threads class SMR info:
_java_thread_list=0x0000026ed9e310b0, length=13, elements={
0x0000026ebfd8e710, 0x0000026ed9206d30, 0x0000026ed92074f0, 0x0000026ed9233d90,
0x0000026ed9234460, 0x0000026ed9234b20, 0x0000026ed92350e0, 0x0000026ed9235750,
0x0000026ed9c47520, 0x0000026ed9c48a40, 0x0000026ed9da0d60, 0x0000026ed9daa280,
0x0000026ed9e09690
}

Java Threads: ( => current thread )
  0x0000026ebfd8e710 JavaThread "main" [_thread_blocked, id=6200, stack(0x000000e3e4800000,0x000000e3e4900000)]
  0x0000026ed9206d30 JavaThread "Reference Handler" daemon [_thread_blocked, id=2624, stack(0x000000e3e4f00000,0x000000e3e5000000)]
  0x0000026ed92074f0 JavaThread "Finalizer" daemon [_thread_blocked, id=7028, stack(0x000000e3e5000000,0x000000e3e5100000)]
  0x0000026ed9233d90 JavaThread "Signal Dispatcher" daemon [_thread_blocked, id=10812, stack(0x000000e3e5100000,0x000000e3e5200000)]
  0x0000026ed9234460 JavaThread "Attach Listener" daemon [_thread_blocked, id=9256, stack(0x000000e3e5200000,0x000000e3e5300000)]
  0x0000026ed9234b20 JavaThread "Service Thread" daemon [_thread_blocked, id=7064, stack(0x000000e3e5300000,0x000000e3e5400000)]
  0x0000026ed92350e0 JavaThread "Monitor Deflation Thread" daemon [_thread_blocked, id=3524, stack(0x000000e3e5400000,0x000000e3e5500000)]
  0x0000026ed9235750 JavaThread "C2 CompilerThread0" daemon [_thread_blocked, id=5880, stack(0x000000e3e5500000,0x000000e3e5600000)]
  0x0000026ed9c47520 JavaThread "C1 CompilerThread0" daemon [_thread_blocked, id=3592, stack(0x000000e3e5600000,0x000000e3e5700000)]
  0x0000026ed9c48a40 JavaThread "Sweeper thread" daemon [_thread_blocked, id=10304, stack(0x000000e3e5700000,0x000000e3e5800000)]
  0x0000026ed9da0d60 JavaThread "Notification Thread" daemon [_thread_blocked, id=11036, stack(0x000000e3e5800000,0x000000e3e5900000)]
  0x0000026ed9daa280 JavaThread "Common-Cleaner" daemon [_thread_blocked, id=11916, stack(0x000000e3e5a00000,0x000000e3e5b00000)]
  0x0000026ed9e09690 JavaThread "C2 CompilerThread1" daemon [_thread_blocked, id=4632, stack(0x000000e3e5b00000,0x000000e3e5c00000)]

Other Threads:
=>0x0000026ed91abf00 VMThread "VM Thread" [stack: 0x000000e3e4e00000,0x000000e3e4f00000] [id=3028]
  0x0000026ebfe09220 WatcherThread [stack: 0x000000e3e5900000,0x000000e3e5a00000] [id=5400]
  0x0000026ebfdeaa40 GCTaskThread "GC Thread#0" [stack: 0x000000e3e4900000,0x000000e3e4a00000] [id=8156]
  0x0000026eda1395b0 GCTaskThread "GC Thread#1" [stack: 0x000000e3e5c00000,0x000000e3e5d00000] [id=10872]
  0x0000026eda1f9870 GCTaskThread "GC Thread#2" [stack: 0x000000e3e5d00000,0x000000e3e5e00000] [id=10092]
  0x0000026eda20fdc0 GCTaskThread "GC Thread#3" [stack: 0x000000e3e5e00000,0x000000e3e5f00000] [id=10488]
  0x0000026ebfdfb4c0 ConcurrentGCThread "G1 Main Marker" [stack: 0x000000e3e4a00000,0x000000e3e4b00000] [id=12256]
  0x0000026ebfdfcfb0 ConcurrentGCThread "G1 Conc#0" [stack: 0x000000e3e4b00000,0x000000e3e4c00000] [id=7152]
  0x0000026ed9050090 ConcurrentGCThread "G1 Refine#0" [stack: 0x000000e3e4c00000,0x000000e3e4d00000] [id=2300]
  0x0000026edb37fb20 ConcurrentGCThread "G1 Refine#1" [stack: 0x000000e3e5f00000,0x000000e3e6000000] [id=11316]
  0x0000026edba9d6a0 ConcurrentGCThread "G1 Refine#2" [stack: 0x000000e3e6000000,0x000000e3e6100000] [id=9324]
  0x0000026ed90506c0 ConcurrentGCThread "G1 Service" [stack: 0x000000e3e4d00000,0x000000e3e4e00000] [id=4504]

Threads with active compile tasks:
C2 CompilerThread0     3964 3610   !   4       org.jetbrains.kotlin.metadata.ProtoBuf$Type::<init> (875 bytes)
C2 CompilerThread1     3964 3269       4       java.lang.ClassLoader::loadClass (7 bytes)

VM state: at safepoint (normal execution)

VM Mutex/Monitor currently owned by a thread:  ([mutex/lock_event])
[0x0000026ebfd89320] Threads_lock - owner thread: 0x0000026ed91abf00
[0x0000026ebfd88ea0] Heap_lock - owner thread: 0x0000026ebfd8e710

Heap address: 0x0000000082600000, size: 2010 MB, Compressed Oops mode: 32-bit

CDS archive(s) not mapped
Compressed class space mapped at: 0x0000000100000000-0x0000000140000000, reserved size: 1073741824
Narrow klass base: 0x0000000000000000, Narrow klass shift: 3, Narrow klass range: 0x140000000

GC Precious Log:
 CPUs: 4 total, 4 available
 Memory: 8035M
 Large Page Support: Disabled
 NUMA Support: Disabled
 Compressed Oops: Enabled (32-bit)
 Heap Region Size: 1M
 Heap Min Capacity: 8M
 Heap Initial Capacity: 126M
 Heap Max Capacity: 2010M
 Pre-touch: Disabled
 Parallel Workers: 4
 Concurrent Workers: 1
 Concurrent Refinement Workers: 4
 Periodic GC: Disabled

Heap:
 garbage-first heap   total 102400K, used 35253K [0x0000000082600000, 0x0000000100000000)
  region size 1024K, 1 young (1024K), 1 survivors (1024K)
 Metaspace       used 48903K, committed 49088K, reserved 1097728K
  class space    used 5896K, committed 5952K, reserved 1048576K

Heap Regions: E=young(eden), S=young(survivor), O=old, HS=humongous(starts), HC=humongous(continues), CS=collection set, F=free, OA=open archive, CA=closed archive, TAMS=top-at-mark-start (previous, next)
|   0|0x0000000082600000, 0x0000000082700000, 0x0000000082700000|100%|HS|  |TAMS 0x0000000082700000, 0x0000000082700000| Complete 
|   1|0x0000000082700000, 0x0000000082800000, 0x0000000082800000|100%|HC|  |TAMS 0x0000000082800000, 0x0000000082800000| Complete 
|   2|0x0000000082800000, 0x0000000082900000, 0x0000000082900000|100%|HC|  |TAMS 0x0000000082900000, 0x0000000082900000| Complete 
|   3|0x0000000082900000, 0x0000000082a00000, 0x0000000082a00000|100%|HC|  |TAMS 0x0000000082a00000, 0x0000000082a00000| Complete 
|   4|0x0000000082a00000, 0x0000000082b00000, 0x0000000082b00000|100%| O|  |TAMS 0x0000000082b00000, 0x0000000082b00000| Untracked 
|   5|0x0000000082b00000, 0x0000000082c00000, 0x0000000082c00000|100%| O|  |TAMS 0x0000000082c00000, 0x0000000082c00000| Untracked 
|   6|0x0000000082c00000, 0x0000000082d00000, 0x0000000082d00000|100%| O|  |TAMS 0x0000000082d00000, 0x0000000082d00000| Untracked 
|   7|0x0000000082d00000, 0x0000000082e00000, 0x0000000082e00000|100%|HS|  |TAMS 0x0000000082e00000, 0x0000000082e00000| Complete 
|   8|0x0000000082e00000, 0x0000000082f00000, 0x0000000082f00000|100%|HC|  |TAMS 0x0000000082f00000, 0x0000000082f00000| Complete 
|   9|0x0000000082f00000, 0x0000000083000000, 0x0000000083000000|100%|HC|  |TAMS 0x0000000083000000, 0x0000000083000000| Complete 
|  10|0x0000000083000000, 0x0000000083100000, 0x0000000083100000|100%|HC|  |TAMS 0x0000000083100000, 0x0000000083100000| Complete 
|  11|0x0000000083100000, 0x0000000083200000, 0x0000000083200000|100%| O|  |TAMS 0x0000000083200000, 0x0000000083200000| Untracked 
|  12|0x0000000083200000, 0x0000000083300000, 0x0000000083300000|100%| O|  |TAMS 0x0000000083300000, 0x0000000083300000| Untracked 
|  13|0x0000000083300000, 0x0000000083400000, 0x0000000083400000|100%| O|  |TAMS 0x0000000083400000, 0x0000000083400000| Untracked 
|  14|0x0000000083400000, 0x0000000083500000, 0x0000000083500000|100%| O|  |TAMS 0x0000000083500000, 0x0000000083500000| Untracked 
|  15|0x0000000083500000, 0x0000000083600000, 0x0000000083600000|100%| O|  |TAMS 0x0000000083500000, 0x0000000083600000| Untracked 
|  16|0x0000000083600000, 0x0000000083700000, 0x0000000083700000|100%| O|  |TAMS 0x0000000083600000, 0x0000000083700000| Untracked 
|  17|0x0000000083700000, 0x0000000083800000, 0x0000000083800000|100%| O|  |TAMS 0x0000000083800000, 0x0000000083800000| Untracked 
|  18|0x0000000083800000, 0x0000000083900000, 0x0000000083900000|100%| O|  |TAMS 0x0000000083900000, 0x0000000083900000| Untracked 
|  19|0x0000000083900000, 0x0000000083a00000, 0x0000000083a00000|100%| O|  |TAMS 0x0000000083900000, 0x0000000083900000| Untracked 
|  20|0x0000000083a00000, 0x0000000083b00000, 0x0000000083b00000|100%| O|  |TAMS 0x0000000083b00000, 0x0000000083b00000| Untracked 
|  21|0x0000000083b00000, 0x0000000083c00000, 0x0000000083c00000|100%| O|  |TAMS 0x0000000083bd3800, 0x0000000083c00000| Untracked 
|  22|0x0000000083c00000, 0x0000000083d00000, 0x0000000083d00000|100%| O|  |TAMS 0x0000000083c00000, 0x0000000083d00000| Untracked 
|  23|0x0000000083d00000, 0x0000000083e00000, 0x0000000083e00000|100%| O|  |TAMS 0x0000000083d00000, 0x0000000083e00000| Untracked 
|  24|0x0000000083e00000, 0x0000000083f00000, 0x0000000083f00000|100%| O|  |TAMS 0x0000000083e00000, 0x0000000083f00000| Untracked 
|  25|0x0000000083f00000, 0x0000000084000000, 0x0000000084000000|100%| O|  |TAMS 0x0000000083f00000, 0x0000000084000000| Untracked 
|  26|0x0000000084000000, 0x0000000084100000, 0x0000000084100000|100%| O|  |TAMS 0x0000000084000000, 0x0000000084100000| Untracked 
|  27|0x0000000084100000, 0x0000000084200000, 0x0000000084200000|100%|HS|  |TAMS 0x0000000084100000, 0x0000000084200000| Complete 
|  28|0x0000000084200000, 0x0000000084300000, 0x0000000084300000|100%|HC|  |TAMS 0x0000000084200000, 0x0000000084300000| Complete 
|  29|0x0000000084300000, 0x0000000084400000, 0x0000000084400000|100%| O|  |TAMS 0x0000000084300000, 0x0000000084400000| Untracked 
|  30|0x0000000084400000, 0x0000000084500000, 0x0000000084500000|100%| O|  |TAMS 0x0000000084400000, 0x0000000084500000| Untracked 
|  31|0x0000000084500000, 0x0000000084600000, 0x0000000084600000|100%| O|  |TAMS 0x0000000084500000, 0x00000000845b5400| Untracked 
|  32|0x0000000084600000, 0x0000000084700000, 0x0000000084700000|100%| O|  |TAMS 0x0000000084600000, 0x0000000084600000| Untracked 
|  33|0x0000000084700000, 0x00000000847c7400, 0x0000000084800000| 77%| O|  |TAMS 0x0000000084700000, 0x0000000084700000| Untracked 
|  34|0x0000000084800000, 0x0000000084800000, 0x0000000084900000|  0%| F|  |TAMS 0x0000000084800000, 0x0000000084800000| Untracked 
|  35|0x0000000084900000, 0x0000000084900000, 0x0000000084a00000|  0%| F|  |TAMS 0x0000000084900000, 0x0000000084900000| Untracked 
|  36|0x0000000084a00000, 0x0000000084a00000, 0x0000000084b00000|  0%| F|  |TAMS 0x0000000084a00000, 0x0000000084a00000| Untracked 
|  37|0x0000000084b00000, 0x0000000084b00000, 0x0000000084c00000|  0%| F|  |TAMS 0x0000000084b00000, 0x0000000084b00000| Untracked 
|  38|0x0000000084c00000, 0x0000000084c00000, 0x0000000084d00000|  0%| F|  |TAMS 0x0000000084c00000, 0x0000000084c00000| Untracked 
|  39|0x0000000084d00000, 0x0000000084d00000, 0x0000000084e00000|  0%| F|  |TAMS 0x0000000084d00000, 0x0000000084d00000| Untracked 
|  40|0x0000000084e00000, 0x0000000084e00000, 0x0000000084f00000|  0%| F|  |TAMS 0x0000000084e00000, 0x0000000084e00000| Untracked 
|  41|0x0000000084f00000, 0x0000000084f00000, 0x0000000085000000|  0%| F|  |TAMS 0x0000000084f00000, 0x0000000084f00000| Untracked 
|  42|0x0000000085000000, 0x0000000085000000, 0x0000000085100000|  0%| F|  |TAMS 0x0000000085000000, 0x0000000085000000| Untracked 
|  43|0x0000000085100000, 0x0000000085100000, 0x0000000085200000|  0%| F|  |TAMS 0x0000000085100000, 0x0000000085100000| Untracked 
|  44|0x0000000085200000, 0x0000000085200000, 0x0000000085300000|  0%| F|  |TAMS 0x0000000085200000, 0x0000000085200000| Untracked 
|  45|0x0000000085300000, 0x0000000085300000, 0x0000000085400000|  0%| F|  |TAMS 0x0000000085300000, 0x0000000085300000| Untracked 
|  46|0x0000000085400000, 0x0000000085400000, 0x0000000085500000|  0%| F|  |TAMS 0x0000000085400000, 0x0000000085400000| Untracked 
|  47|0x0000000085500000, 0x0000000085500000, 0x0000000085600000|  0%| F|  |TAMS 0x0000000085500000, 0x0000000085500000| Untracked 
|  48|0x0000000085600000, 0x0000000085600000, 0x0000000085700000|  0%| F|  |TAMS 0x0000000085600000, 0x0000000085600000| Untracked 
|  49|0x0000000085700000, 0x00000000857a6038, 0x0000000085800000| 64%| S|CS|TAMS 0x0000000085700000, 0x0000000085700000| Complete 
|  50|0x0000000085800000, 0x0000000085800000, 0x0000000085900000|  0%| F|  |TAMS 0x0000000085800000, 0x0000000085800000| Untracked 
|  51|0x0000000085900000, 0x0000000085900000, 0x0000000085a00000|  0%| F|  |TAMS 0x0000000085900000, 0x0000000085900000| Untracked 
|  52|0x0000000085a00000, 0x0000000085a00000, 0x0000000085b00000|  0%| F|  |TAMS 0x0000000085a00000, 0x0000000085a00000| Untracked 
|  53|0x0000000085b00000, 0x0000000085b00000, 0x0000000085c00000|  0%| F|  |TAMS 0x0000000085b00000, 0x0000000085b00000| Untracked 
|  54|0x0000000085c00000, 0x0000000085c00000, 0x0000000085d00000|  0%| F|  |TAMS 0x0000000085c00000, 0x0000000085c00000| Untracked 
|  55|0x0000000085d00000, 0x0000000085d00000, 0x0000000085e00000|  0%| F|  |TAMS 0x0000000085d00000, 0x0000000085d00000| Untracked 
|  56|0x0000000085e00000, 0x0000000085e00000, 0x0000000085f00000|  0%| F|  |TAMS 0x0000000085e00000, 0x0000000085e00000| Untracked 
|  57|0x0000000085f00000, 0x0000000085f00000, 0x0000000086000000|  0%| F|  |TAMS 0x0000000085f00000, 0x0000000085f00000| Untracked 
|  58|0x0000000086000000, 0x0000000086000000, 0x0000000086100000|  0%| F|  |TAMS 0x0000000086000000, 0x0000000086000000| Untracked 
|  59|0x0000000086100000, 0x0000000086100000, 0x0000000086200000|  0%| F|  |TAMS 0x0000000086100000, 0x0000000086100000| Untracked 
|  60|0x0000000086200000, 0x0000000086200000, 0x0000000086300000|  0%| F|  |TAMS 0x0000000086200000, 0x0000000086200000| Untracked 
|  61|0x0000000086300000, 0x0000000086300000, 0x0000000086400000|  0%| F|  |TAMS 0x0000000086300000, 0x0000000086300000| Untracked 
|  62|0x0000000086400000, 0x0000000086400000, 0x0000000086500000|  0%| F|  |TAMS 0x0000000086400000, 0x0000000086400000| Untracked 
|  63|0x0000000086500000, 0x0000000086500000, 0x0000000086600000|  0%| F|  |TAMS 0x0000000086500000, 0x0000000086500000| Untracked 
|  64|0x0000000086600000, 0x0000000086600000, 0x0000000086700000|  0%| F|  |TAMS 0x0000000086600000, 0x0000000086600000| Untracked 
|  65|0x0000000086700000, 0x0000000086700000, 0x0000000086800000|  0%| F|  |TAMS 0x0000000086700000, 0x0000000086700000| Untracked 
|  66|0x0000000086800000, 0x0000000086800000, 0x0000000086900000|  0%| F|  |TAMS 0x0000000086800000, 0x0000000086800000| Untracked 
|  67|0x0000000086900000, 0x0000000086900000, 0x0000000086a00000|  0%| F|  |TAMS 0x0000000086900000, 0x0000000086900000| Untracked 
|  68|0x0000000086a00000, 0x0000000086a00000, 0x0000000086b00000|  0%| F|  |TAMS 0x0000000086a00000, 0x0000000086a00000| Untracked 
|  69|0x0000000086b00000, 0x0000000086b00000, 0x0000000086c00000|  0%| F|  |TAMS 0x0000000086b00000, 0x0000000086b00000| Untracked 
|  70|0x0000000086c00000, 0x0000000086c00000, 0x0000000086d00000|  0%| F|  |TAMS 0x0000000086c00000, 0x0000000086c00000| Untracked 
|  71|0x0000000086d00000, 0x0000000086d00000, 0x0000000086e00000|  0%| F|  |TAMS 0x0000000086d00000, 0x0000000086d00000| Untracked 
|  72|0x0000000086e00000, 0x0000000086e00000, 0x0000000086f00000|  0%| F|  |TAMS 0x0000000086e00000, 0x0000000086e00000| Untracked 
|  73|0x0000000086f00000, 0x0000000086f00000, 0x0000000087000000|  0%| F|  |TAMS 0x0000000086f00000, 0x0000000086f00000| Untracked 
|  74|0x0000000087000000, 0x0000000087000000, 0x0000000087100000|  0%| F|  |TAMS 0x0000000087000000, 0x0000000087000000| Untracked 
|  75|0x0000000087100000, 0x0000000087100000, 0x0000000087200000|  0%| F|  |TAMS 0x0000000087100000, 0x0000000087100000| Untracked 
|  76|0x0000000087200000, 0x0000000087200000, 0x0000000087300000|  0%| F|  |TAMS 0x0000000087200000, 0x0000000087200000| Untracked 
|  77|0x0000000087300000, 0x0000000087300000, 0x0000000087400000|  0%| F|  |TAMS 0x0000000087300000, 0x0000000087300000| Untracked 
|  78|0x0000000087400000, 0x0000000087400000, 0x0000000087500000|  0%| F|  |TAMS 0x0000000087400000, 0x0000000087400000| Untracked 
|  79|0x0000000087500000, 0x0000000087500000, 0x0000000087600000|  0%| F|  |TAMS 0x0000000087500000, 0x0000000087500000| Untracked 
|  80|0x0000000087600000, 0x0000000087600000, 0x0000000087700000|  0%| F|  |TAMS 0x0000000087600000, 0x0000000087600000| Untracked 
|  81|0x0000000087700000, 0x0000000087700000, 0x0000000087800000|  0%| F|  |TAMS 0x0000000087700000, 0x0000000087700000| Untracked 
|  82|0x0000000087800000, 0x0000000087800000, 0x0000000087900000|  0%| F|  |TAMS 0x0000000087800000, 0x0000000087800000| Untracked 
|  83|0x0000000087900000, 0x0000000087900000, 0x0000000087a00000|  0%| F|  |TAMS 0x0000000087900000, 0x0000000087900000| Untracked 
|  84|0x0000000087a00000, 0x0000000087a00000, 0x0000000087b00000|  0%| F|  |TAMS 0x0000000087a00000, 0x0000000087a00000| Untracked 
|  85|0x0000000087b00000, 0x0000000087b00000, 0x0000000087c00000|  0%| F|  |TAMS 0x0000000087b00000, 0x0000000087b00000| Untracked 
|  86|0x0000000087c00000, 0x0000000087c00000, 0x0000000087d00000|  0%| F|  |TAMS 0x0000000087c00000, 0x0000000087c00000| Untracked 
|  87|0x0000000087d00000, 0x0000000087d00000, 0x0000000087e00000|  0%| F|  |TAMS 0x0000000087d00000, 0x0000000087d00000| Untracked 
|  88|0x0000000087e00000, 0x0000000087e00000, 0x0000000087f00000|  0%| F|  |TAMS 0x0000000087e00000, 0x0000000087e00000| Untracked 
|  89|0x0000000087f00000, 0x0000000087f00000, 0x0000000088000000|  0%| F|  |TAMS 0x0000000087f00000, 0x0000000087f00000| Untracked 
|  90|0x0000000088000000, 0x0000000088000000, 0x0000000088100000|  0%| F|  |TAMS 0x0000000088000000, 0x0000000088000000| Untracked 
|  91|0x0000000088100000, 0x0000000088100000, 0x0000000088200000|  0%| F|  |TAMS 0x0000000088100000, 0x0000000088100000| Untracked 
|  92|0x0000000088200000, 0x0000000088200000, 0x0000000088300000|  0%| F|  |TAMS 0x0000000088200000, 0x0000000088200000| Untracked 
|  93|0x0000000088300000, 0x0000000088300000, 0x0000000088400000|  0%| F|  |TAMS 0x0000000088300000, 0x0000000088300000| Untracked 
|  94|0x0000000088400000, 0x0000000088400000, 0x0000000088500000|  0%| F|  |TAMS 0x0000000088400000, 0x0000000088400000| Untracked 
|  95|0x0000000088500000, 0x0000000088500000, 0x0000000088600000|  0%| F|  |TAMS 0x0000000088500000, 0x0000000088500000| Untracked 
|  96|0x0000000088600000, 0x0000000088600000, 0x0000000088700000|  0%| F|  |TAMS 0x0000000088600000, 0x0000000088600000| Untracked 
|  97|0x0000000088700000, 0x0000000088700000, 0x0000000088800000|  0%| F|  |TAMS 0x0000000088700000, 0x0000000088700000| Untracked 
|  98|0x0000000088800000, 0x0000000088800000, 0x0000000088900000|  0%| F|  |TAMS 0x0000000088800000, 0x0000000088800000| Untracked 
| 125|0x000000008a300000, 0x000000008a300000, 0x000000008a400000|  0%| F|  |TAMS 0x000000008a300000, 0x000000008a300000| Untracked 

Card table byte_map: [0x0000026ed2650000,0x0000026ed2a40000] _byte_map_base: 0x0000026ed223d000

Marking Bits (Prev, Next): (CMBitMap*) 0x0000026ebfdeb050, (CMBitMap*) 0x0000026ebfdeb090
 Prev Bits: [0x0000026ed2e30000, 0x0000026ed4d98000)
 Next Bits: [0x0000026ed4da0000, 0x0000026ed6d08000)

Polling page: 0x0000026ebf560000

Metaspace:

Usage:
  Non-class:     42.00 MB used.
      Class:      5.76 MB used.
       Both:     47.76 MB used.

Virtual space:
  Non-class space:       48.00 MB reserved,      42.12 MB ( 88%) committed,  6 nodes.
      Class space:        1.00 GB reserved,       5.81 MB ( <1%) committed,  1 nodes.
             Both:        1.05 GB reserved,      47.94 MB (  4%) committed. 

Chunk freelists:
   Non-Class:  1.14 MB
       Class:  2.06 MB
        Both:  3.20 MB

MaxMetaspaceSize: unlimited
CompressedClassSpaceSize: 1.00 GB
Initial GC threshold: 21.00 MB
Current GC threshold: 59.00 MB
CDS: off
MetaspaceReclaimPolicy: balanced
 - commit_granule_bytes: 65536.
 - commit_granule_words: 8192.
 - virtual_space_node_default_size: 1048576.
 - enlarge_chunks_in_place: 1.
 - new_chunks_are_fully_committed: 0.
 - uncommit_free_chunks: 1.
 - use_allocation_guard: 0.
 - handle_deallocations: 1.


Internal statistics:

num_allocs_failed_limit: 6.
num_arena_births: 200.
num_arena_deaths: 0.
num_vsnodes_births: 7.
num_vsnodes_deaths: 0.
num_space_committed: 766.
num_space_uncommitted: 0.
num_chunks_returned_to_freelist: 6.
num_chunks_taken_from_freelist: 1552.
num_chunk_merges: 6.
num_chunk_splits: 1277.
num_chunks_enlarged: 1147.
num_purges: 0.
num_inconsistent_stats: 0.

CodeHeap 'non-profiled nmethods': size=120000Kb used=1635Kb max_used=1635Kb free=118365Kb
 bounds [0x0000026ecad30000, 0x0000026ecafa0000, 0x0000026ed2260000]
CodeHeap 'profiled nmethods': size=120000Kb used=7628Kb max_used=7628Kb free=112371Kb
 bounds [0x0000026ec3260000, 0x0000026ec39e0000, 0x0000026eca790000]
CodeHeap 'non-nmethods': size=5760Kb used=1276Kb max_used=1355Kb free=4484Kb
 bounds [0x0000026eca790000, 0x0000026ecaa00000, 0x0000026ecad30000]
 total_blobs=4243 nmethods=3651 adapters=504
 compilation: enabled
              stopped_count=0, restarted_count=0
 full_count=0

Compilation events (20 events):
Event: 3.899 Thread 0x0000026ed9c47520 3661       2       org.jetbrains.kotlin.metadata.jvm.JvmProtoBuf$JvmMethodSignature::access$2002 (7 bytes)
Event: 3.899 Thread 0x0000026ed9c47520 nmethod 3661 0x0000026ec39cff10 code [0x0000026ec39d00a0, 0x0000026ec39d0198]
Event: 3.899 Thread 0x0000026ed9c47520 3662       2       org.jetbrains.kotlin.metadata.jvm.JvmProtoBuf$JvmMethodSignature::access$2102 (7 bytes)
Event: 3.899 Thread 0x0000026ed9c47520 nmethod 3662 0x0000026ec39d0290 code [0x0000026ec39d0420, 0x0000026ec39d0518]
Event: 3.899 Thread 0x0000026ed9c47520 3663       2       org.jetbrains.kotlin.metadata.jvm.JvmProtoBuf$JvmMethodSignature::access$2202 (7 bytes)
Event: 3.899 Thread 0x0000026ed9c47520 nmethod 3663 0x0000026ec39d0610 code [0x0000026ec39d07a0, 0x0000026ec39d0898]
Event: 3.899 Thread 0x0000026ed9c47520 3664       2       org.jetbrains.kotlin.metadata.ProtoBuf$Type$Argument$Projection::valueOf (50 bytes)
Event: 3.899 Thread 0x0000026ed9c47520 nmethod 3664 0x0000026ec39d0990 code [0x0000026ec39d0b40, 0x0000026ec39d0d18]
Event: 3.903 Thread 0x0000026ed9c47520 3667   !   2       org.jetbrains.kotlin.metadata.jvm.JvmProtoBuf$JvmMethodSignature$Builder::mergeFrom (60 bytes)
Event: 3.903 Thread 0x0000026ed9c47520 nmethod 3667 0x0000026ec39d0d90 code [0x0000026ec39d0f60, 0x0000026ec39d1218]
Event: 3.904 Thread 0x0000026ed9c47520 3668       2       org.jetbrains.kotlin.metadata.jvm.JvmProtoBuf$JvmMethodSignature$Builder::buildPartial (65 bytes)
Event: 3.904 Thread 0x0000026ed9c47520 nmethod 3668 0x0000026ec39d1410 code [0x0000026ec39d15a0, 0x0000026ec39d17b8]
Event: 3.912 Thread 0x0000026ed9c47520 3671       2       org.jetbrains.kotlin.load.kotlin.DeserializedDescriptorResolver::getComponents (17 bytes)
Event: 3.912 Thread 0x0000026ed9c47520 nmethod 3671 0x0000026ec39d1890 code [0x0000026ec39d1aa0, 0x0000026ec39d1e38]
Event: 3.912 Thread 0x0000026ed9c47520 3672       2       org.jetbrains.kotlin.load.kotlin.header.KotlinClassHeader::has (12 bytes)
Event: 3.912 Thread 0x0000026ed9c47520 nmethod 3672 0x0000026ec39d2090 code [0x0000026ec39d2220, 0x0000026ec39d2338]
Event: 3.913 Thread 0x0000026ed9c47520 3673       2       org.jetbrains.kotlin.metadata.jvm.JvmProtoBuf$StringTableTypes$Record$Operation::valueOf (42 bytes)
Event: 3.913 Thread 0x0000026ed9c47520 nmethod 3673 0x0000026ec39d2410 code [0x0000026ec39d25c0, 0x0000026ec39d2758]
Event: 3.913 Thread 0x0000026ed9c47520 3674       2       org.jetbrains.kotlin.protobuf.CodedInputStream::readRawVarint64 (305 bytes)
Event: 3.914 Thread 0x0000026ed9c47520 nmethod 3674 0x0000026ec39d2810 code [0x0000026ec39d29e0, 0x0000026ec39d2ee8]

GC Heap History (20 events):
Event: 1.272 GC heap after
{Heap after GC invocations=3 (full 0):
 garbage-first heap   total 129024K, used 10398K [0x0000000082600000, 0x0000000100000000)
  region size 1024K, 5 young (5120K), 5 survivors (5120K)
 Metaspace       used 21314K, committed 21504K, reserved 1073152K
  class space    used 2323K, committed 2432K, reserved 1048576K
}
Event: 1.670 GC heap before
{Heap before GC invocations=4 (full 0):
 garbage-first heap   total 45056K, used 34974K [0x0000000082600000, 0x0000000100000000)
  region size 1024K, 26 young (26624K), 5 survivors (5120K)
 Metaspace       used 27631K, committed 27840K, reserved 1081344K
  class space    used 3042K, committed 3136K, reserved 1048576K
}
Event: 1.679 GC heap after
{Heap after GC invocations=5 (full 0):
 garbage-first heap   total 45056K, used 16607K [0x0000000082600000, 0x0000000100000000)
  region size 1024K, 3 young (3072K), 3 survivors (3072K)
 Metaspace       used 27631K, committed 27840K, reserved 1081344K
  class space    used 3042K, committed 3136K, reserved 1048576K
}
Event: 1.698 GC heap before
{Heap before GC invocations=5 (full 0):
 garbage-first heap   total 45056K, used 17631K [0x0000000082600000, 0x0000000100000000)
  region size 1024K, 4 young (4096K), 3 survivors (3072K)
 Metaspace       used 27888K, committed 28096K, reserved 1081344K
  class space    used 3070K, committed 3200K, reserved 1048576K
}
Event: 1.701 GC heap after
{Heap after GC invocations=6 (full 0):
 garbage-first heap   total 45056K, used 16693K [0x0000000082600000, 0x0000000100000000)
  region size 1024K, 1 young (1024K), 1 survivors (1024K)
 Metaspace       used 27888K, committed 28096K, reserved 1081344K
  class space    used 3070K, committed 3200K, reserved 1048576K
}
Event: 2.026 GC heap before
{Heap before GC invocations=6 (full 0):
 garbage-first heap   total 45056K, used 32053K [0x0000000082600000, 0x0000000100000000)
  region size 1024K, 17 young (17408K), 1 survivors (1024K)
 Metaspace       used 31057K, committed 31296K, reserved 1081344K
  class space    used 3767K, committed 3904K, reserved 1048576K
}
Event: 2.030 GC heap after
{Heap after GC invocations=7 (full 0):
 garbage-first heap   total 45056K, used 19314K [0x0000000082600000, 0x0000000100000000)
  region size 1024K, 3 young (3072K), 3 survivors (3072K)
 Metaspace       used 31057K, committed 31296K, reserved 1081344K
  class space    used 3767K, committed 3904K, reserved 1048576K
}
Event: 2.217 GC heap before
{Heap before GC invocations=7 (full 0):
 garbage-first heap   total 45056K, used 34674K [0x0000000082600000, 0x0000000100000000)
  region size 1024K, 16 young (16384K), 3 survivors (3072K)
 Metaspace       used 32373K, committed 32576K, reserved 1081344K
  class space    used 4121K, committed 4224K, reserved 1048576K
}
Event: 2.228 GC heap after
{Heap after GC invocations=8 (full 0):
 garbage-first heap   total 67584K, used 24398K [0x0000000082600000, 0x0000000100000000)
  region size 1024K, 2 young (2048K), 2 survivors (2048K)
 Metaspace       used 32373K, committed 32576K, reserved 1081344K
  class space    used 4121K, committed 4224K, reserved 1048576K
}
Event: 2.490 GC heap before
{Heap before GC invocations=8 (full 0):
 garbage-first heap   total 67584K, used 38734K [0x0000000082600000, 0x0000000100000000)
  region size 1024K, 18 young (18432K), 2 survivors (2048K)
 Metaspace       used 35917K, committed 36096K, reserved 1081344K
  class space    used 4530K, committed 4608K, reserved 1048576K
}
Event: 2.496 GC heap after
{Heap after GC invocations=9 (full 0):
 garbage-first heap   total 67584K, used 26446K [0x0000000082600000, 0x0000000100000000)
  region size 1024K, 4 young (4096K), 4 survivors (4096K)
 Metaspace       used 35917K, committed 36096K, reserved 1081344K
  class space    used 4530K, committed 4608K, reserved 1048576K
}
Event: 2.842 GC heap before
{Heap before GC invocations=10 (full 0):
 garbage-first heap   total 67584K, used 48974K [0x0000000082600000, 0x0000000100000000)
  region size 1024K, 26 young (26624K), 4 survivors (4096K)
 Metaspace       used 40062K, committed 40256K, reserved 1089536K
  class space    used 4950K, committed 5056K, reserved 1048576K
}
Event: 2.850 GC heap after
{Heap after GC invocations=11 (full 0):
 garbage-first heap   total 67584K, used 26145K [0x0000000082600000, 0x0000000100000000)
  region size 1024K, 4 young (4096K), 4 survivors (4096K)
 Metaspace       used 40062K, committed 40256K, reserved 1089536K
  class space    used 4950K, committed 5056K, reserved 1048576K
}
Event: 2.872 GC heap before
{Heap before GC invocations=11 (full 0):
 garbage-first heap   total 67584K, used 26145K [0x0000000082600000, 0x0000000100000000)
  region size 1024K, 5 young (5120K), 4 survivors (4096K)
 Metaspace       used 40311K, committed 40512K, reserved 1089536K
  class space    used 4964K, committed 5056K, reserved 1048576K
}
Event: 2.879 GC heap after
{Heap after GC invocations=12 (full 0):
 garbage-first heap   total 67584K, used 26777K [0x0000000082600000, 0x0000000100000000)
  region size 1024K, 1 young (1024K), 1 survivors (1024K)
 Metaspace       used 40311K, committed 40512K, reserved 1089536K
  class space    used 4964K, committed 5056K, reserved 1048576K
}
Event: 3.360 GC heap before
{Heap before GC invocations=12 (full 0):
 garbage-first heap   total 67584K, used 49305K [0x0000000082600000, 0x0000000100000000)
  region size 1024K, 23 young (23552K), 1 survivors (1024K)
 Metaspace       used 46119K, committed 46336K, reserved 1097728K
  class space    used 5615K, committed 5696K, reserved 1048576K
}
Event: 3.364 GC heap after
{Heap after GC invocations=13 (full 0):
 garbage-first heap   total 67584K, used 28031K [0x0000000082600000, 0x0000000100000000)
  region size 1024K, 2 young (2048K), 2 survivors (2048K)
 Metaspace       used 46119K, committed 46336K, reserved 1097728K
  class space    used 5615K, committed 5696K, reserved 1048576K
}
Event: 3.768 GC heap before
{Heap before GC invocations=13 (full 0):
 garbage-first heap   total 67584K, used 52607K [0x0000000082600000, 0x0000000100000000)
  region size 1024K, 24 young (24576K), 2 survivors (2048K)
 Metaspace       used 48817K, committed 49024K, reserved 1097728K
  class space    used 5896K, committed 5952K, reserved 1048576K
}
Event: 3.777 GC heap after
{Heap after GC invocations=14 (full 0):
 garbage-first heap   total 67584K, used 34517K [0x0000000082600000, 0x0000000100000000)
  region size 1024K, 3 young (3072K), 3 survivors (3072K)
 Metaspace       used 48817K, committed 49024K, reserved 1097728K
  class space    used 5896K, committed 5952K, reserved 1048576K
}
Event: 3.918 GC heap before
{Heap before GC invocations=14 (full 0):
 garbage-first heap   total 67584K, used 50901K [0x0000000082600000, 0x0000000100000000)
  region size 1024K, 19 young (19456K), 3 survivors (3072K)
 Metaspace       used 48903K, committed 49088K, reserved 1097728K
  class space    used 5896K, committed 5952K, reserved 1048576K
}

Dll operation events (2 events):
Event: 0.007 Loaded shared library E:\Android studio 2022.1.3\jbr\bin\java.dll
Event: 1.103 Loaded shared library E:\Android studio 2022.1.3\jbr\bin\verify.dll

Deoptimization events (20 events):
Event: 3.571 Thread 0x0000026ebfd8e710 DEOPT PACKING pc=0x0000026ecae7b2cc sp=0x000000e3e48fabb0
Event: 3.571 Thread 0x0000026ebfd8e710 DEOPT UNPACKING pc=0x0000026eca7e69a3 sp=0x000000e3e48faaf8 mode 2
Event: 3.572 Thread 0x0000026ebfd8e710 Uncommon trap: trap_request=0xffffffde fr.pc=0x0000026ecae7b2cc relative=0x00000000000008cc
Event: 3.572 Thread 0x0000026ebfd8e710 Uncommon trap: reason=class_check action=maybe_recompile pc=0x0000026ecae7b2cc method=org.jetbrains.kotlin.protobuf.FieldSet.isInitialized(Ljava/util/Map$Entry;)Z @ 92 c2
Event: 3.572 Thread 0x0000026ebfd8e710 DEOPT PACKING pc=0x0000026ecae7b2cc sp=0x000000e3e48fabb0
Event: 3.572 Thread 0x0000026ebfd8e710 DEOPT UNPACKING pc=0x0000026eca7e69a3 sp=0x000000e3e48faaf8 mode 2
Event: 3.576 Thread 0x0000026ebfd8e710 Uncommon trap: trap_request=0xffffffde fr.pc=0x0000026ecae7b2cc relative=0x00000000000008cc
Event: 3.576 Thread 0x0000026ebfd8e710 Uncommon trap: reason=class_check action=maybe_recompile pc=0x0000026ecae7b2cc method=org.jetbrains.kotlin.protobuf.FieldSet.isInitialized(Ljava/util/Map$Entry;)Z @ 92 c2
Event: 3.576 Thread 0x0000026ebfd8e710 DEOPT PACKING pc=0x0000026ecae7b2cc sp=0x000000e3e48fabb0
Event: 3.576 Thread 0x0000026ebfd8e710 DEOPT UNPACKING pc=0x0000026eca7e69a3 sp=0x000000e3e48faaf8 mode 2
Event: 3.576 Thread 0x0000026ebfd8e710 Uncommon trap: trap_request=0xffffffde fr.pc=0x0000026ecae7b2cc relative=0x00000000000008cc
Event: 3.576 Thread 0x0000026ebfd8e710 Uncommon trap: reason=class_check action=maybe_recompile pc=0x0000026ecae7b2cc method=org.jetbrains.kotlin.protobuf.FieldSet.isInitialized(Ljava/util/Map$Entry;)Z @ 92 c2
Event: 3.576 Thread 0x0000026ebfd8e710 DEOPT PACKING pc=0x0000026ecae7b2cc sp=0x000000e3e48fabb0
Event: 3.576 Thread 0x0000026ebfd8e710 DEOPT UNPACKING pc=0x0000026eca7e69a3 sp=0x000000e3e48faaf8 mode 2
Event: 3.585 Thread 0x0000026ebfd8e710 DEOPT PACKING pc=0x0000026ec379ae65 sp=0x000000e3e48faaa0
Event: 3.585 Thread 0x0000026ebfd8e710 DEOPT UNPACKING pc=0x0000026eca7e7143 sp=0x000000e3e48f9f18 mode 0
Event: 3.637 Thread 0x0000026ebfd8e710 DEOPT PACKING pc=0x0000026ec379ae65 sp=0x000000e3e48f7ed0
Event: 3.637 Thread 0x0000026ebfd8e710 DEOPT UNPACKING pc=0x0000026eca7e7143 sp=0x000000e3e48f7348 mode 0
Event: 3.756 Thread 0x0000026ebfd8e710 DEOPT PACKING pc=0x0000026ec379ae65 sp=0x000000e3e48fab40
Event: 3.756 Thread 0x0000026ebfd8e710 DEOPT UNPACKING pc=0x0000026eca7e7143 sp=0x000000e3e48f9fb8 mode 0

Classes unloaded (0 events):
No events

Classes redefined (0 events):
No events

Internal exceptions (20 events):
Event: 1.022 Thread 0x0000026ebfd8e710 Exception <a 'java/lang/NoSuchMethodError'{0x00000000899d26f8}: 'int java.lang.invoke.DelegatingMethodHandle$Holder.reinvoke_L(java.lang.Object, java.lang.Object, java.lang.Object, long, int)'> (0x00000000899d26f8) 
thrown [s\src\hotspot\share\interpreter\linkResolver.cpp, line 771]
Event: 1.106 Thread 0x0000026ebfd8e710 Exception <a 'java/lang/NoSuchMethodError'{0x0000000089541700}: 'java.lang.Object java.lang.invoke.DirectMethodHandle$Holder.invokeStaticInit(java.lang.Object)'> (0x0000000089541700) 
thrown [s\src\hotspot\share\interpreter\linkResolver.cpp, line 771]
Event: 1.221 Thread 0x0000026ebfd8e710 Exception <a 'java/lang/NoSuchMethodError'{0x0000000088c0d128}: 'java.lang.Object java.lang.invoke.DirectMethodHandle$Holder.invokeStaticInit(java.lang.Object, int)'> (0x0000000088c0d128) 
thrown [s\src\hotspot\share\interpreter\linkResolver.cpp, line 771]
Event: 1.228 Thread 0x0000026ebfd8e710 Exception <a 'java/lang/NoSuchMethodError'{0x0000000088c96ac8}: 'void java.lang.invoke.DirectMethodHandle$Holder.invokeStatic(java.lang.Object, java.lang.Object)'> (0x0000000088c96ac8) 
thrown [s\src\hotspot\share\interpreter\linkResolver.cpp, line 771]
Event: 1.247 Thread 0x0000026ebfd8e710 Exception <a 'java/lang/NoSuchMethodError'{0x0000000088bd0f18}: 'long java.lang.invoke.DirectMethodHandle$Holder.invokeStatic(java.lang.Object)'> (0x0000000088bd0f18) 
thrown [s\src\hotspot\share\interpreter\linkResolver.cpp, line 771]
Event: 1.247 Thread 0x0000026ebfd8e710 Exception <a 'java/lang/NoSuchMethodError'{0x0000000088bd4670}: 'long java.lang.invoke.DirectMethodHandle$Holder.invokeStaticInit(java.lang.Object)'> (0x0000000088bd4670) 
thrown [s\src\hotspot\share\interpreter\linkResolver.cpp, line 771]
Event: 1.317 Thread 0x0000026ebfd8e710 Exception <a 'java/lang/NoSuchMethodError'{0x0000000084922d98}: 'int java.lang.invoke.DirectMethodHandle$Holder.invokeStaticInit(java.lang.Object, java.lang.Object, java.lang.Object)'> (0x0000000084922d98) 
thrown [s\src\hotspot\share\interpreter\linkResolver.cpp, line 771]
Event: 1.321 Thread 0x0000026ebfd8e710 Exception <a 'java/lang/NoSuchMethodError'{0x000000008494b700}: 'int java.lang.invoke.DirectMethodHandle$Holder.invokeStaticInit(java.lang.Object, java.lang.Object)'> (0x000000008494b700) 
thrown [s\src\hotspot\share\interpreter\linkResolver.cpp, line 771]
Event: 1.340 Thread 0x0000026ebfd8e710 Exception <a 'java/lang/NoSuchMethodError'{0x00000000848283f8}: 'void java.lang.invoke.DirectMethodHandle$Holder.invokeSpecial(java.lang.Object, java.lang.Object, java.lang.Object)'> (0x00000000848283f8) 
thrown [s\src\hotspot\share\interpreter\linkResolver.cpp, line 771]
Event: 1.585 Thread 0x0000026ebfd8e710 Exception <a 'java/lang/NoSuchMethodError'{0x0000000083de2058}: 'void java.lang.invoke.DirectMethodHandle$Holder.invokeStatic(java.lang.Object, java.lang.Object, java.lang.Object, java.lang.Object)'> (0x0000000083de2058) 
thrown [s\src\hotspot\share\interpreter\linkResolver.cpp, line 771]
Event: 1.646 Thread 0x0000026ebfd8e710 Exception <a 'java/lang/NoSuchMethodError'{0x000000008398bdb8}: 'void java.lang.invoke.DirectMethodHandle$Holder.invokeStaticInit(java.lang.Object, java.lang.Object)'> (0x000000008398bdb8) 
thrown [s\src\hotspot\share\interpreter\linkResolver.cpp, line 771]
Event: 1.742 Thread 0x0000026ebfd8e710 Exception <a 'java/lang/NoSuchMethodError'{0x00000000887c7ad8}: 'void java.lang.invoke.DirectMethodHandle$Holder.invokeVirtual(java.lang.Object, java.lang.Object)'> (0x00000000887c7ad8) 
thrown [s\src\hotspot\share\interpreter\linkResolver.cpp, line 771]
Event: 1.755 Thread 0x0000026ebfd8e710 Exception <a 'java/lang/NoSuchMethodError'{0x0000000088652af8}: 'int java.lang.invoke.DirectMethodHandle$Holder.invokeVirtual(java.lang.Object, java.lang.Object)'> (0x0000000088652af8) 
thrown [s\src\hotspot\share\interpreter\linkResolver.cpp, line 771]
Event: 1.771 Thread 0x0000026ebfd8e710 Exception <a 'java/lang/NoSuchMethodError'{0x00000000886f89c8}: 'java.lang.Object java.lang.invoke.Invokers$Holder.invokeExact_MT(java.lang.Object, java.lang.Object, java.lang.Object, java.lang.Object, java.lang.Object, java.lang.Object)'> (0x00000000886f89c8) 
thrown [s\src\hotspot\share\interpreter\linkResolver.cpp, line 771]
Event: 2.481 Thread 0x0000026ebfd8e710 Exception <a 'java/lang/NoSuchMethodError'{0x00000000859776c0}: 'java.lang.Object java.lang.invoke.DirectMethodHandle$Holder.invokeVirtual(java.lang.Object, java.lang.Object, java.lang.Object)'> (0x00000000859776c0) 
thrown [s\src\hotspot\share\interpreter\linkResolver.cpp, line 771]
Event: 3.245 Thread 0x0000026ebfd8e710 Exception <a 'java/lang/NoSuchMethodError'{0x0000000085576960}: 'java.lang.Object java.lang.invoke.DirectMethodHandle$Holder.newInvokeSpecial(java.lang.Object, java.lang.Object, int)'> (0x0000000085576960) 
thrown [s\src\hotspot\share\interpreter\linkResolver.cpp, line 771]
Event: 3.286 Thread 0x0000026ebfd8e710 Exception <a 'java/lang/NoSuchMethodError'{0x00000000854f1568}: 'java.lang.Object java.lang.invoke.DirectMethodHandle$Holder.newInvokeSpecial(java.lang.Object, java.lang.Object, java.lang.Object, int)'> (0x00000000854f1568) 
thrown [s\src\hotspot\share\interpreter\linkResolver.cpp, line 771]
Event: 3.286 Thread 0x0000026ebfd8e710 Exception <a 'java/lang/NoSuchMethodError'{0x00000000854f5bf0}: 'java.lang.Object java.lang.invoke.DirectMethodHandle$Holder.invokeSpecial(java.lang.Object, java.lang.Object, java.lang.Object, java.lang.Object, int)'> (0x00000000854f5bf0) 
thrown [s\src\hotspot\share\interpreter\linkResolver.cpp, line 771]
Event: 3.287 Thread 0x0000026ebfd8e710 Exception <a 'java/lang/NoSuchMethodError'{0x00000000854f9a60}: 'java.lang.Object java.lang.invoke.Invokers$Holder.linkToTargetMethod(java.lang.Object, java.lang.Object, int, java.lang.Object)'> (0x00000000854f9a60) 
thrown [s\src\hotspot\share\interpreter\linkResolver.cpp, line 771]
Event: 3.496 Thread 0x0000026ebfd8e710 Exception <a 'java/lang/NoSuchMethodError'{0x00000000885e6eb0}: 'java.lang.Object java.lang.invoke.DirectMethodHandle$Holder.invokeInterface(java.lang.Object, java.lang.Object)'> (0x00000000885e6eb0) 
thrown [s\src\hotspot\share\interpreter\linkResolver.cpp, line 771]

VM Operations (20 events):
Event: 2.879 Executing VM operation: G1CollectForAllocation done
Event: 3.269 Executing VM operation: HandshakeAllThreads
Event: 3.269 Executing VM operation: HandshakeAllThreads done
Event: 3.339 Executing VM operation: HandshakeAllThreads
Event: 3.339 Executing VM operation: HandshakeAllThreads done
Event: 3.359 Executing VM operation: G1CollectForAllocation
Event: 3.365 Executing VM operation: G1CollectForAllocation done
Event: 3.505 Executing VM operation: HandshakeAllThreads
Event: 3.505 Executing VM operation: HandshakeAllThreads done
Event: 3.554 Executing VM operation: HandshakeAllThreads
Event: 3.554 Executing VM operation: HandshakeAllThreads done
Event: 3.557 Executing VM operation: HandshakeAllThreads
Event: 3.557 Executing VM operation: HandshakeAllThreads done
Event: 3.670 Executing VM operation: HandshakeAllThreads
Event: 3.670 Executing VM operation: HandshakeAllThreads done
Event: 3.731 Executing VM operation: ICBufferFull
Event: 3.731 Executing VM operation: ICBufferFull done
Event: 3.768 Executing VM operation: G1CollectForAllocation
Event: 3.777 Executing VM operation: G1CollectForAllocation done
Event: 3.918 Executing VM operation: G1CollectForAllocation

Events (20 events):
Event: 3.166 loading class java/util/PrimitiveIterator$OfInt
Event: 3.166 loading class java/util/PrimitiveIterator
Event: 3.166 loading class java/util/PrimitiveIterator done
Event: 3.166 loading class java/util/PrimitiveIterator$OfInt done
Event: 3.183 loading class java/util/AbstractMap$SimpleImmutableEntry
Event: 3.183 loading class java/util/AbstractMap$SimpleImmutableEntry done
Event: 3.244 loading class java/util/function/IntUnaryOperator
Event: 3.244 loading class java/util/function/IntUnaryOperator done
Event: 3.268 loading class java/util/ArrayList$ListItr
Event: 3.268 loading class java/util/ArrayList$ListItr done
Event: 3.338 loading class java/util/AbstractList$SubList$1
Event: 3.338 loading class java/util/AbstractList$SubList$1 done
Event: 3.338 loading class java/util/AbstractList$ListItr
Event: 3.338 loading class java/util/AbstractList$ListItr done
Event: 3.404 loading class java/text/StringCharacterIterator
Event: 3.404 loading class java/text/CharacterIterator
Event: 3.404 loading class java/text/CharacterIterator done
Event: 3.404 loading class java/text/StringCharacterIterator done
Event: 3.607 loading class java/util/Collections$SingletonMap
Event: 3.608 loading class java/util/Collections$SingletonMap done


Dynamic libraries:
0x00007ff7c2c60000 - 0x00007ff7c2c6a000 	E:\Android studio 2022.1.3\jbr\bin\java.exe
0x00007fffe8ed0000 - 0x00007fffe90c8000 	C:\WINDOWS\SYSTEM32\ntdll.dll
0x00007fffe3100000 - 0x00007fffe3119000 	C:\Program Files\Avast Software\Avast\aswhook.dll
0x00007fffe6f90000 - 0x00007fffe704f000 	C:\WINDOWS\System32\KERNEL32.DLL
0x00007fffe6690000 - 0x00007fffe6986000 	C:\WINDOWS\System32\KERNELBASE.dll
0x00007fffe6bb0000 - 0x00007fffe6cb0000 	C:\WINDOWS\System32\ucrtbase.dll
0x00007fffcee20000 - 0x00007fffcee37000 	E:\Android studio 2022.1.3\jbr\bin\jli.dll
0x00007fffac970000 - 0x00007fffac98b000 	E:\Android studio 2022.1.3\jbr\bin\VCRUNTIME140.dll
0x00007fffe7a60000 - 0x00007fffe7bfd000 	C:\WINDOWS\System32\USER32.dll
0x00007fffe6660000 - 0x00007fffe6682000 	C:\WINDOWS\System32\win32u.dll
0x00007fffc7ee0000 - 0x00007fffc817a000 	C:\WINDOWS\WinSxS\amd64_microsoft.windows.common-controls_6595b64144ccf1df_6.0.19041.1110_none_60b5254171f9507e\COMCTL32.dll
0x00007fffe8520000 - 0x00007fffe854c000 	C:\WINDOWS\System32\GDI32.dll
0x00007fffe7dd0000 - 0x00007fffe7e6e000 	C:\WINDOWS\System32\msvcrt.dll
0x00007fffe6cb0000 - 0x00007fffe6dc5000 	C:\WINDOWS\System32\gdi32full.dll
0x00007fffe6a50000 - 0x00007fffe6aed000 	C:\WINDOWS\System32\msvcp_win.dll
0x00007fffe7e80000 - 0x00007fffe7eb0000 	C:\WINDOWS\System32\IMM32.DLL
0x00007fffce860000 - 0x00007fffce86c000 	E:\Android studio 2022.1.3\jbr\bin\vcruntime140_1.dll
0x00007fffab410000 - 0x00007fffab49d000 	E:\Android studio 2022.1.3\jbr\bin\msvcp140.dll
0x00007fffad810000 - 0x00007fffae47e000 	E:\Android studio 2022.1.3\jbr\bin\server\jvm.dll
0x00007fffe79b0000 - 0x00007fffe7a5f000 	C:\WINDOWS\System32\ADVAPI32.dll
0x00007fffe7d20000 - 0x00007fffe7dbc000 	C:\WINDOWS\System32\sechost.dll
0x00007fffe82a0000 - 0x00007fffe83c6000 	C:\WINDOWS\System32\RPCRT4.dll
0x00007fffd59f0000 - 0x00007fffd59f9000 	C:\WINDOWS\SYSTEM32\WSOCK32.dll
0x00007fffe8600000 - 0x00007fffe866b000 	C:\WINDOWS\System32\WS2_32.dll
0x00007fffd3b00000 - 0x00007fffd3b27000 	C:\WINDOWS\SYSTEM32\WINMM.dll
0x00007fffe0b00000 - 0x00007fffe0b0a000 	C:\WINDOWS\SYSTEM32\VERSION.dll
0x00007fffe4440000 - 0x00007fffe4452000 	C:\WINDOWS\SYSTEM32\kernel.appcore.dll
0x00007fffe0180000 - 0x00007fffe018a000 	E:\Android studio 2022.1.3\jbr\bin\jimage.dll
0x00007fffd9150000 - 0x00007fffd9334000 	C:\WINDOWS\SYSTEM32\DBGHELP.DLL
0x00007fffd9110000 - 0x00007fffd9144000 	C:\WINDOWS\SYSTEM32\dbgcore.DLL
0x00007fffe6b20000 - 0x00007fffe6ba2000 	C:\WINDOWS\System32\bcryptPrimitives.dll
0x00007fffd6000000 - 0x00007fffd6025000 	E:\Android studio 2022.1.3\jbr\bin\java.dll
0x00007fffd3d20000 - 0x00007fffd3d38000 	E:\Android studio 2022.1.3\jbr\bin\zip.dll
0x00007fffe8740000 - 0x00007fffe8e84000 	C:\WINDOWS\System32\SHELL32.dll
0x00007fffe4640000 - 0x00007fffe4dd3000 	C:\WINDOWS\SYSTEM32\windows.storage.dll
0x00007fffe75a0000 - 0x00007fffe78f4000 	C:\WINDOWS\System32\combase.dll
0x00007fffe5e40000 - 0x00007fffe5e6e000 	C:\WINDOWS\SYSTEM32\Wldp.dll
0x00007fffe7900000 - 0x00007fffe79ad000 	C:\WINDOWS\System32\SHCORE.dll
0x00007fffe8680000 - 0x00007fffe86d5000 	C:\WINDOWS\System32\shlwapi.dll
0x00007fffe64f0000 - 0x00007fffe650f000 	C:\WINDOWS\SYSTEM32\profapi.dll
0x00007fffd3980000 - 0x00007fffd3999000 	E:\Android studio 2022.1.3\jbr\bin\net.dll
0x00007fffddf40000 - 0x00007fffde04a000 	C:\WINDOWS\SYSTEM32\WINHTTP.dll
0x00007fffe5c20000 - 0x00007fffe5c8a000 	C:\WINDOWS\system32\mswsock.dll
0x00007fffd37c0000 - 0x00007fffd37d6000 	E:\Android studio 2022.1.3\jbr\bin\nio.dll
0x00007fffd60e0000 - 0x00007fffd60f0000 	E:\Android studio 2022.1.3\jbr\bin\verify.dll

dbghelp: loaded successfully - version: 4.0.5 - missing functions: none
symbol engine: initialized successfully - sym options: 0x614 - pdb path: .;E:\Android studio 2022.1.3\jbr\bin;C:\WINDOWS\SYSTEM32;C:\Program Files\Avast Software\Avast;C:\WINDOWS\WinSxS\amd64_microsoft.windows.common-controls_6595b64144ccf1df_6.0.19041.1110_none_60b5254171f9507e;E:\Android studio 2022.1.3\jbr\bin\server

VM Arguments:
java_command: org.jetbrains.kotlin.cli.jvm.K2JVMCompiler @C:\Users\Thoriso Tumelo\Downloads\Compressed\WILAPPUPDATED\WILAPP\app\build\20231121_902401309064726115.compiler.options
java_class_path (initial): C:\Users\Thoriso Tumelo\.gradle\caches\modules-2\files-2.1\org.jetbrains.kotlin\kotlin-compiler-embeddable\1.8.0\eb9118d4bcceaa2a94b2ae2a33a4ddba7c9a947f\kotlin-compiler-embeddable-1.8.0.jar;C:\Users\Thoriso Tumelo\.gradle\caches\modules-2\files-2.1\org.jetbrains.kotlin\kotlin-stdlib\1.8.0\1796921c7a3e2e2665a83e6c8d33399336cd39bc\kotlin-stdlib-1.8.0.jar;C:\Users\Thoriso Tumelo\.gradle\caches\modules-2\files-2.1\org.jetbrains.kotlin\kotlin-script-runtime\1.8.0\b2f7e760d283cb339974851c222a4c1d48f2d3d\kotlin-script-runtime-1.8.0.jar;C:\Users\Thoriso Tumelo\.gradle\caches\modules-2\files-2.1\org.jetbrains.kotlin\kotlin-reflect\1.6.10\1cbe9c92c12a94eea200d23c2bbaedaf3daf5132\kotlin-reflect-1.6.10.jar;C:\Users\Thoriso Tumelo\.gradle\caches\modules-2\files-2.1\org.jetbrains.kotlin\kotlin-daemon-embeddable\1.8.0\d255216c551685dc3a7e852b53617f5f01aaaa5c\kotlin-daemon-embeddable-1.8.0.jar;C:\Users\Thoriso Tumelo\.gradle\caches\modules-2\files-2.1\org.jetbrains.intellij.deps\trove4j\1.0.20200330\3afb14d5f9ceb459d724e907a21145e8ff394f02\trove4j-1.0.20200330.jar;C:\Users\Thoriso Tumelo\.gradle\caches\modules-2\files-2.1\net.java.dev.jna\jna\5.6.0\330f2244e9030119ab3030fc3fededc86713d9cc\jna-5.6.0.jar;C:\Users\Thoriso Tumelo\.gradle\caches\modules-2\files-2.1\org.jetbrains.kotlin\kotlin-stdlib-common\1.8.0\f7197e7cc76453ac59f8b0f8d5137cc600becd36\kotlin-stdlib-common-1.8.0.jar;C:\Users\Thoriso Tumelo\.gradle\caches\modules-2\files-2.1\org.jetbrains\annotations\13.0\919f0dfe192fb4e063e7dacadee7f8bb9a2672a9\annotations-13.0.jar
Launcher Type: SUN_STANDARD

[Global flags]
     intx CICompilerCount                          = 3                                         {product} {ergonomic}
     uint ConcGCThreads                            = 1                                         {product} {ergonomic}
     uint G1ConcRefinementThreads                  = 4                                         {product} {ergonomic}
   size_t G1HeapRegionSize                         = 1048576                                   {product} {ergonomic}
    uintx GCDrainStackTargetSize                   = 64                                        {product} {ergonomic}
   size_t InitialHeapSize                          = 132120576                                 {product} {ergonomic}
   size_t MarkStackSize                            = 4194304                                   {product} {ergonomic}
   size_t MaxHeapSize                              = 2107637760                                {product} {ergonomic}
   size_t MaxNewSize                               = 1264582656                                {product} {ergonomic}
   size_t MinHeapDeltaBytes                        = 1048576                                   {product} {ergonomic}
   size_t MinHeapSize                              = 8388608                                   {product} {ergonomic}
    uintx NonNMethodCodeHeapSize                   = 5832780                                {pd product} {ergonomic}
    uintx NonProfiledCodeHeapSize                  = 122912730                              {pd product} {ergonomic}
    uintx ProfiledCodeHeapSize                     = 122912730                              {pd product} {ergonomic}
    uintx ReservedCodeCacheSize                    = 251658240                              {pd product} {ergonomic}
     bool SegmentedCodeCache                       = true                                      {product} {ergonomic}
   size_t SoftMaxHeapSize                          = 2107637760                             {manageable} {ergonomic}
     bool UseCompressedClassPointers               = true                           {product lp64_product} {ergonomic}
     bool UseCompressedOops                        = true                           {product lp64_product} {ergonomic}
     bool UseG1GC                                  = true                                      {product} {ergonomic}
     bool UseLargePagesIndividualAllocation        = false                                  {pd product} {ergonomic}

Logging:
Log output configuration:
 #0: stdout all=warning uptime,level,tags
 #1: stderr all=off uptime,level,tags

Environment Variables:
PATH=C:\WINDOWS\system32;C:\WINDOWS;C:\WINDOWS\System32\Wbem;C:\WINDOWS\System32\WindowsPowerShell\v1.0\;C:\WINDOWS\System32\OpenSSH\;C:\Program Files\Git\cmd;C:\Users\Thoriso Tumelo\AppData\Local\Microsoft\WindowsApps
USERNAME=Thoriso Tumelo
OS=Windows_NT
PROCESSOR_IDENTIFIER=Intel64 Family 6 Model 158 Stepping 11, GenuineIntel
TMP=C:\Users\THORIS~1\AppData\Local\Temp
TEMP=C:\Users\THORIS~1\AppData\Local\Temp


JNI global refs:
JNI global refs: 8, weak refs: 17

JNI global refs memory usage: 843, weak refs: 841


---------------  S Y S T E M  ---------------

OS:
 Windows 10 , 64 bit Build 19041 (10.0.19041.3031)
OS uptime: 0 days 23:55 hours
Hyper-V role detected

CPU: total 4 (initial active 4) (4 cores per cpu, 1 threads per core) family 6 model 158 stepping 11 microcode 0xb4, cx8, cmov, fxsr, mmx, 3dnowpref, sse, sse2, sse3, ssse3, sse4.1, sse4.2, popcnt, lzcnt, tsc, tscinvbit, avx, avx2, aes, erms, clmul, bmi1, bmi2, adx, fma, vzeroupper, clflush, clflushopt, hv

Memory: 4k page, system-wide physical 8035M (537M free)
TotalPageFile size 9939M (AvailPageFile size 9M)
current process WorkingSet (physical memory assigned to process): 219M, peak: 223M
current process commit charge ("private bytes"): 282M, peak: 308M

vm_info: OpenJDK 64-Bit Server VM (17.0.6+0-b2043.56-10027231) for windows-amd64 JRE (17.0.6+0-b2043.56-10027231), built on Apr 28 2023 00:43:19 by "androidbuild" with MS VC++ 16.10 / 16.11 (VS2019)

END.
