#
# There is insufficient memory for the Java Runtime Environment to continue.
# Native memory allocation (mmap) failed to map 138412032 bytes for G1 virtual space
# Possible reasons:
#   The system is out of physical RAM or swap space
#   The process is running with CompressedOops enabled, and the Java Heap may be blocking the growth of the native heap
# Possible solutions:
#   Reduce memory load on the system
#   Increase physical memory or swap space
#   Check if swap backing store is full
#   Decrease Java heap size (-Xmx/-Xms)
#   Decrease number of Java threads
#   Decrease Java thread stack sizes (-Xss)
#   Set larger code cache with -XX:ReservedCodeCacheSize=
#   JVM is running with Unscaled Compressed Oops mode in which the Java heap is
#     placed in the first 4GB address space. The Java Heap base address is the
#     maximum limit for the native heap growth. Please use -XX:HeapBaseMinAddress
#     to set the Java Heap base and to place the Java Heap above 4GB virtual address.
# This output file may be truncated or incomplete.
#
#  Out of Memory Error (os_windows.cpp:3769), pid=10784, tid=2268
#
# JRE version: OpenJDK Runtime Environment (17.0.6) (build 17.0.6+0-b2043.56-10027231)
# Java VM: OpenJDK 64-Bit Server VM (17.0.6+0-b2043.56-10027231, mixed mode, tiered, compressed oops, compressed class ptrs, g1 gc, windows-amd64)
# No core dump will be written. Minidumps are not enabled by default on client versions of Windows
#

---------------  S U M M A R Y ------------

Command Line: org.jetbrains.kotlin.cli.jvm.K2JVMCompiler @C:\Users\Thoriso Tumelo\AndroidStudioProjects\WILAPP\app\build\20231119_11011921464978215101.compiler.options

Host: Intel(R) Core(TM) i3-8100T CPU @ 3.10GHz, 4 cores, 7G,  Windows 10 , 64 bit Build 19041 (10.0.19041.3031)
Time: Sun Nov 19 11:14:27 2023 South Africa Standard Time elapsed time: 6.647966 seconds (0d 0h 0m 6s)

---------------  T H R E A D  ---------------

Current thread (0x000001f07e3b7820):  VMThread "VM Thread" [stack: 0x000000ece9600000,0x000000ece9700000] [id=2268]

Stack: [0x000000ece9600000,0x000000ece9700000]
Native frames: (J=compiled Java code, j=interpreted, Vv=VM code, C=native code)
V  [jvm.dll+0x683c9a]
V  [jvm.dll+0x8427a4]
V  [jvm.dll+0x843f9e]
V  [jvm.dll+0x844603]
V  [jvm.dll+0x249b75]
V  [jvm.dll+0x680b69]
V  [jvm.dll+0x67505a]
V  [jvm.dll+0x309acb]
V  [jvm.dll+0x310f86]
V  [jvm.dll+0x3608ee]
V  [jvm.dll+0x360b1f]
V  [jvm.dll+0x2dfbf8]
V  [jvm.dll+0x2ddec4]
V  [jvm.dll+0x2dd4cc]
V  [jvm.dll+0x321f3b]
V  [jvm.dll+0x848ccb]
V  [jvm.dll+0x849a04]
V  [jvm.dll+0x849f1d]
V  [jvm.dll+0x84a2f4]
V  [jvm.dll+0x84a3c0]
V  [jvm.dll+0x7f274a]
V  [jvm.dll+0x682ad5]
C  [ucrtbase.dll+0x21bb2]
C  [KERNEL32.DLL+0x17614]
C  [ntdll.dll+0x526f1]

VM_Operation (0x000000ece90f99f0): G1CollectForAllocation, mode: safepoint, requested by thread 0x000001f064fa09d0


---------------  P R O C E S S  ---------------

Threads class SMR info:
_java_thread_list=0x000001f00137c400, length=13, elements={
0x000001f064fa09d0, 0x000001f07e435620, 0x000001f07e436710, 0x000001f07e43f560,
0x000001f07e440110, 0x000001f07e440c90, 0x000001f07e441710, 0x000001f07f028de0,
0x000001f07f029880, 0x000001f07f046810, 0x000001f07f19faf0, 0x000001f07f1b76e0,
0x000001f000ca9040
}

Java Threads: ( => current thread )
  0x000001f064fa09d0 JavaThread "main" [_thread_blocked, id=5844, stack(0x000000ece9000000,0x000000ece9100000)]
  0x000001f07e435620 JavaThread "Reference Handler" daemon [_thread_blocked, id=1256, stack(0x000000ece9700000,0x000000ece9800000)]
  0x000001f07e436710 JavaThread "Finalizer" daemon [_thread_blocked, id=10828, stack(0x000000ece9800000,0x000000ece9900000)]
  0x000001f07e43f560 JavaThread "Signal Dispatcher" daemon [_thread_blocked, id=4280, stack(0x000000ece9900000,0x000000ece9a00000)]
  0x000001f07e440110 JavaThread "Attach Listener" daemon [_thread_blocked, id=11424, stack(0x000000ece9a00000,0x000000ece9b00000)]
  0x000001f07e440c90 JavaThread "Service Thread" daemon [_thread_blocked, id=9900, stack(0x000000ece9b00000,0x000000ece9c00000)]
  0x000001f07e441710 JavaThread "Monitor Deflation Thread" daemon [_thread_blocked, id=12236, stack(0x000000ece9c00000,0x000000ece9d00000)]
  0x000001f07f028de0 JavaThread "C2 CompilerThread0" daemon [_thread_in_native, id=6548, stack(0x000000ece9d00000,0x000000ece9e00000)]
  0x000001f07f029880 JavaThread "C1 CompilerThread0" daemon [_thread_blocked, id=5380, stack(0x000000ece9e00000,0x000000ece9f00000)]
  0x000001f07f046810 JavaThread "Sweeper thread" daemon [_thread_blocked, id=3208, stack(0x000000ece9f00000,0x000000ecea000000)]
  0x000001f07f19faf0 JavaThread "Notification Thread" daemon [_thread_blocked, id=8108, stack(0x000000ecea000000,0x000000ecea100000)]
  0x000001f07f1b76e0 JavaThread "Common-Cleaner" daemon [_thread_blocked, id=4756, stack(0x000000ecea200000,0x000000ecea300000)]
  0x000001f000ca9040 JavaThread "C2 CompilerThread1" daemon [_thread_blocked, id=2408, stack(0x000000ecea600000,0x000000ecea700000)]

Other Threads:
=>0x000001f07e3b7820 VMThread "VM Thread" [stack: 0x000000ece9600000,0x000000ece9700000] [id=2268]
  0x000001f0650121d0 WatcherThread [stack: 0x000000ecea100000,0x000000ecea200000] [id=9132]
  0x000001f064ff8f10 GCTaskThread "GC Thread#0" [stack: 0x000000ece9100000,0x000000ece9200000] [id=4804]
  0x000001f07f5b3730 GCTaskThread "GC Thread#1" [stack: 0x000000ecea300000,0x000000ecea400000] [id=312]
  0x000001f07f5b39e0 GCTaskThread "GC Thread#2" [stack: 0x000000ecea400000,0x000000ecea500000] [id=8516]
  0x000001f07f5ff2f0 GCTaskThread "GC Thread#3" [stack: 0x000000ecea500000,0x000000ecea600000] [id=2576]
  0x000001f065009a60 ConcurrentGCThread "G1 Main Marker" [stack: 0x000000ece9200000,0x000000ece9300000] [id=8600]
  0x000001f06500ac10 ConcurrentGCThread "G1 Conc#0" [stack: 0x000000ece9300000,0x000000ece9400000] [id=2532]
  0x000001f065061850 ConcurrentGCThread "G1 Refine#0" [stack: 0x000000ece9400000,0x000000ece9500000] [id=4852]
  0x000001f003e67a60 ConcurrentGCThread "G1 Refine#1" [stack: 0x000000ecea700000,0x000000ecea800000] [id=7112]
  0x000001f003e68ba0 ConcurrentGCThread "G1 Refine#2" [stack: 0x000000ecea800000,0x000000ecea900000] [id=10524]
  0x000001f065062270 ConcurrentGCThread "G1 Service" [stack: 0x000000ece9500000,0x000000ece9600000] [id=6048]

Threads with active compile tasks:
C2 CompilerThread0     6689 5426   !   4       jdk.internal.loader.BuiltinClassLoader::findClassOnClassPathOrNull (64 bytes)
C1 CompilerThread0     6689 5596   !   2       org.jetbrains.kotlin.metadata.jvm.JvmProtoBuf$StringTableTypes::<init> (495 bytes)
C2 CompilerThread1     6689 5338       4       jdk.internal.loader.ClassLoaders$AppClassLoader::loadClass (40 bytes)

VM state: at safepoint (normal execution)

VM Mutex/Monitor currently owned by a thread:  ([mutex/lock_event])
[0x000001f064f9eb30] Threads_lock - owner thread: 0x000001f07e3b7820
[0x000001f064f9fd30] Heap_lock - owner thread: 0x000001f064fa09d0

Heap address: 0x0000000082600000, size: 2010 MB, Compressed Oops mode: 32-bit

CDS archive(s) not mapped
Compressed class space mapped at: 0x0000000100000000-0x0000000140000000, reserved size: 1073741824
Narrow klass base: 0x0000000000000000, Narrow klass shift: 3, Narrow klass range: 0x140000000

GC Precious Log:
 CPUs: 4 total, 4 available
 Memory: 8035M
 Large Page Support: Disabled
 NUMA Support: Disabled
 Compressed Oops: Enabled (32-bit)
 Heap Region Size: 1M
 Heap Min Capacity: 8M
 Heap Initial Capacity: 126M
 Heap Max Capacity: 2010M
 Pre-touch: Disabled
 Parallel Workers: 4
 Concurrent Workers: 1
 Concurrent Refinement Workers: 4
 Periodic GC: Disabled

Heap:
 garbage-first heap   total 129024K, used 50226K [0x0000000082600000, 0x0000000100000000)
  region size 1024K, 3 young (3072K), 3 survivors (3072K)
 Metaspace       used 55223K, committed 55488K, reserved 1105920K
  class space    used 6530K, committed 6656K, reserved 1048576K

Heap Regions: E=young(eden), S=young(survivor), O=old, HS=humongous(starts), HC=humongous(continues), CS=collection set, F=free, OA=open archive, CA=closed archive, TAMS=top-at-mark-start (previous, next)
|   0|0x0000000082600000, 0x0000000082700000, 0x0000000082700000|100%|HS|  |TAMS 0x0000000082700000, 0x0000000082700000| Complete 
|   1|0x0000000082700000, 0x0000000082800000, 0x0000000082800000|100%|HC|  |TAMS 0x0000000082800000, 0x0000000082800000| Complete 
|   2|0x0000000082800000, 0x0000000082900000, 0x0000000082900000|100%|HC|  |TAMS 0x0000000082900000, 0x0000000082900000| Complete 
|   3|0x0000000082900000, 0x0000000082a00000, 0x0000000082a00000|100%|HC|  |TAMS 0x0000000082a00000, 0x0000000082a00000| Complete 
|   4|0x0000000082a00000, 0x0000000082b00000, 0x0000000082b00000|100%| O|  |TAMS 0x0000000082b00000, 0x0000000082b00000| Untracked 
|   5|0x0000000082b00000, 0x0000000082c00000, 0x0000000082c00000|100%| O|  |TAMS 0x0000000082c00000, 0x0000000082c00000| Untracked 
|   6|0x0000000082c00000, 0x0000000082d00000, 0x0000000082d00000|100%| O|  |TAMS 0x0000000082d00000, 0x0000000082d00000| Untracked 
|   7|0x0000000082d00000, 0x0000000082e00000, 0x0000000082e00000|100%|HS|  |TAMS 0x0000000082e00000, 0x0000000082e00000| Complete 
|   8|0x0000000082e00000, 0x0000000082f00000, 0x0000000082f00000|100%|HC|  |TAMS 0x0000000082f00000, 0x0000000082f00000| Complete 
|   9|0x0000000082f00000, 0x0000000083000000, 0x0000000083000000|100%|HC|  |TAMS 0x0000000083000000, 0x0000000083000000| Complete 
|  10|0x0000000083000000, 0x0000000083100000, 0x0000000083100000|100%|HC|  |TAMS 0x0000000083100000, 0x0000000083100000| Complete 
|  11|0x0000000083100000, 0x0000000083200000, 0x0000000083200000|100%| O|  |TAMS 0x0000000083200000, 0x0000000083200000| Untracked 
|  12|0x0000000083200000, 0x0000000083300000, 0x0000000083300000|100%| O|  |TAMS 0x0000000083300000, 0x0000000083300000| Untracked 
|  13|0x0000000083300000, 0x0000000083400000, 0x0000000083400000|100%| O|  |TAMS 0x0000000083400000, 0x0000000083400000| Untracked 
|  14|0x0000000083400000, 0x0000000083500000, 0x0000000083500000|100%| O|  |TAMS 0x0000000083500000, 0x0000000083500000| Untracked 
|  15|0x0000000083500000, 0x0000000083600000, 0x0000000083600000|100%| O|  |TAMS 0x0000000083600000, 0x0000000083600000| Untracked 
|  16|0x0000000083600000, 0x0000000083700000, 0x0000000083700000|100%| O|  |TAMS 0x0000000083700000, 0x0000000083700000| Untracked 
|  17|0x0000000083700000, 0x0000000083800000, 0x0000000083800000|100%| O|  |TAMS 0x0000000083800000, 0x0000000083800000| Untracked 
|  18|0x0000000083800000, 0x0000000083900000, 0x0000000083900000|100%| O|  |TAMS 0x0000000083900000, 0x0000000083900000| Untracked 
|  19|0x0000000083900000, 0x0000000083a00000, 0x0000000083a00000|100%| O|  |TAMS 0x0000000083a00000, 0x0000000083a00000| Untracked 
|  20|0x0000000083a00000, 0x0000000083b00000, 0x0000000083b00000|100%| O|  |TAMS 0x0000000083b00000, 0x0000000083b00000| Untracked 
|  21|0x0000000083b00000, 0x0000000083c00000, 0x0000000083c00000|100%| O|  |TAMS 0x0000000083c00000, 0x0000000083c00000| Untracked 
|  22|0x0000000083c00000, 0x0000000083d00000, 0x0000000083d00000|100%| O|  |TAMS 0x0000000083d00000, 0x0000000083d00000| Untracked 
|  23|0x0000000083d00000, 0x0000000083e00000, 0x0000000083e00000|100%| O|  |TAMS 0x0000000083e00000, 0x0000000083e00000| Untracked 
|  24|0x0000000083e00000, 0x0000000083f00000, 0x0000000083f00000|100%| O|  |TAMS 0x0000000083f00000, 0x0000000083f00000| Untracked 
|  25|0x0000000083f00000, 0x0000000084000000, 0x0000000084000000|100%| O|  |TAMS 0x0000000084000000, 0x0000000084000000| Untracked 
|  26|0x0000000084000000, 0x0000000084100000, 0x0000000084100000|100%| O|  |TAMS 0x0000000084100000, 0x0000000084100000| Untracked 
|  27|0x0000000084100000, 0x0000000084200000, 0x0000000084200000|100%|HS|  |TAMS 0x0000000084200000, 0x0000000084200000| Complete 
|  28|0x0000000084200000, 0x0000000084300000, 0x0000000084300000|100%|HC|  |TAMS 0x0000000084300000, 0x0000000084300000| Complete 
|  29|0x0000000084300000, 0x0000000084400000, 0x0000000084400000|100%| O|  |TAMS 0x0000000084400000, 0x0000000084400000| Untracked 
|  30|0x0000000084400000, 0x0000000084500000, 0x0000000084500000|100%| O|  |TAMS 0x0000000084500000, 0x0000000084500000| Untracked 
|  31|0x0000000084500000, 0x0000000084600000, 0x0000000084600000|100%| O|  |TAMS 0x0000000084500000, 0x0000000084600000| Untracked 
|  32|0x0000000084600000, 0x0000000084700000, 0x0000000084700000|100%| O|  |TAMS 0x0000000084600000, 0x0000000084700000| Untracked 
|  33|0x0000000084700000, 0x0000000084700000, 0x0000000084800000|  0%| F|  |TAMS 0x0000000084700000, 0x0000000084700000| Untracked 
|  34|0x0000000084800000, 0x0000000084900000, 0x0000000084900000|100%| O|  |TAMS 0x0000000084900000, 0x0000000084900000| Untracked 
|  35|0x0000000084900000, 0x0000000084a00000, 0x0000000084a00000|100%| O|  |TAMS 0x0000000084a00000, 0x0000000084a00000| Untracked 
|  36|0x0000000084a00000, 0x0000000084b00000, 0x0000000084b00000|100%| O|  |TAMS 0x0000000084b00000, 0x0000000084b00000| Untracked 
|  37|0x0000000084b00000, 0x0000000084c00000, 0x0000000084c00000|100%| O|  |TAMS 0x0000000084c00000, 0x0000000084c00000| Untracked 
|  38|0x0000000084c00000, 0x0000000084d00000, 0x0000000084d00000|100%| O|  |TAMS 0x0000000084d00000, 0x0000000084d00000| Untracked 
|  39|0x0000000084d00000, 0x0000000084e00000, 0x0000000084e00000|100%| O|  |TAMS 0x0000000084e00000, 0x0000000084e00000| Untracked 
|  40|0x0000000084e00000, 0x0000000084f00000, 0x0000000084f00000|100%| O|  |TAMS 0x0000000084f00000, 0x0000000084f00000| Untracked 
|  41|0x0000000084f00000, 0x0000000085000000, 0x0000000085000000|100%| O|  |TAMS 0x0000000085000000, 0x0000000085000000| Untracked 
|  42|0x0000000085000000, 0x0000000085100000, 0x0000000085100000|100%| O|  |TAMS 0x0000000085100000, 0x0000000085100000| Untracked 
|  43|0x0000000085100000, 0x0000000085200000, 0x0000000085200000|100%| O|  |TAMS 0x0000000085200000, 0x0000000085200000| Untracked 
|  44|0x0000000085200000, 0x0000000085300000, 0x0000000085300000|100%| O|  |TAMS 0x0000000085241800, 0x0000000085300000| Untracked 
|  45|0x0000000085300000, 0x0000000085400000, 0x0000000085400000|100%| O|  |TAMS 0x0000000085300000, 0x0000000085400000| Untracked 
|  46|0x0000000085400000, 0x0000000085500000, 0x0000000085500000|100%| O|  |TAMS 0x0000000085400000, 0x0000000085500000| Untracked 
|  47|0x0000000085500000, 0x0000000085600000, 0x0000000085600000|100%| O|  |TAMS 0x0000000085500000, 0x0000000085600000| Untracked 
|  48|0x0000000085600000, 0x0000000085600000, 0x0000000085700000|  0%| F|  |TAMS 0x0000000085600000, 0x0000000085600000| Untracked 
|  49|0x0000000085700000, 0x0000000085700000, 0x0000000085800000|  0%| F|  |TAMS 0x0000000085700000, 0x0000000085700000| Untracked 
|  50|0x0000000085800000, 0x0000000085800000, 0x0000000085900000|  0%| F|  |TAMS 0x0000000085800000, 0x0000000085800000| Untracked 
|  51|0x0000000085900000, 0x0000000085900000, 0x0000000085a00000|  0%| F|  |TAMS 0x0000000085900000, 0x0000000085900000| Untracked 
|  52|0x0000000085a00000, 0x0000000085a00000, 0x0000000085b00000|  0%| F|  |TAMS 0x0000000085a00000, 0x0000000085a00000| Untracked 
|  53|0x0000000085b00000, 0x0000000085b00000, 0x0000000085c00000|  0%| F|  |TAMS 0x0000000085b00000, 0x0000000085b00000| Untracked 
|  54|0x0000000085c00000, 0x0000000085c00000, 0x0000000085d00000|  0%| F|  |TAMS 0x0000000085c00000, 0x0000000085c00000| Untracked 
|  55|0x0000000085d00000, 0x0000000085d00000, 0x0000000085e00000|  0%| F|  |TAMS 0x0000000085d00000, 0x0000000085d00000| Untracked 
|  56|0x0000000085e00000, 0x0000000085e00000, 0x0000000085f00000|  0%| F|  |TAMS 0x0000000085e00000, 0x0000000085e00000| Untracked 
|  57|0x0000000085f00000, 0x0000000085f00000, 0x0000000086000000|  0%| F|  |TAMS 0x0000000085f00000, 0x0000000085f00000| Untracked 
|  58|0x0000000086000000, 0x0000000086000000, 0x0000000086100000|  0%| F|  |TAMS 0x0000000086000000, 0x0000000086000000| Untracked 
|  59|0x0000000086100000, 0x0000000086100000, 0x0000000086200000|  0%| F|  |TAMS 0x0000000086100000, 0x0000000086100000| Untracked 
|  60|0x0000000086200000, 0x0000000086200000, 0x0000000086300000|  0%| F|  |TAMS 0x0000000086200000, 0x0000000086200000| Untracked 
|  61|0x0000000086300000, 0x0000000086300000, 0x0000000086400000|  0%| F|  |TAMS 0x0000000086300000, 0x0000000086300000| Untracked 
|  62|0x0000000086400000, 0x000000008640c8a8, 0x0000000086500000|  4%| S|CS|TAMS 0x0000000086400000, 0x0000000086400000| Complete 
|  63|0x0000000086500000, 0x0000000086600000, 0x0000000086600000|100%| S|CS|TAMS 0x0000000086500000, 0x0000000086500000| Complete 
|  64|0x0000000086600000, 0x0000000086700000, 0x0000000086700000|100%| S|CS|TAMS 0x0000000086600000, 0x0000000086600000| Complete 
|  65|0x0000000086700000, 0x0000000086700000, 0x0000000086800000|  0%| F|  |TAMS 0x0000000086700000, 0x0000000086700000| Untracked 
|  66|0x0000000086800000, 0x0000000086800000, 0x0000000086900000|  0%| F|  |TAMS 0x0000000086800000, 0x0000000086800000| Untracked 
|  67|0x0000000086900000, 0x0000000086900000, 0x0000000086a00000|  0%| F|  |TAMS 0x0000000086900000, 0x0000000086900000| Untracked 
|  68|0x0000000086a00000, 0x0000000086a00000, 0x0000000086b00000|  0%| F|  |TAMS 0x0000000086a00000, 0x0000000086a00000| Untracked 
|  69|0x0000000086b00000, 0x0000000086b00000, 0x0000000086c00000|  0%| F|  |TAMS 0x0000000086b00000, 0x0000000086b00000| Untracked 
|  70|0x0000000086c00000, 0x0000000086c00000, 0x0000000086d00000|  0%| F|  |TAMS 0x0000000086c00000, 0x0000000086c00000| Untracked 
|  71|0x0000000086d00000, 0x0000000086d00000, 0x0000000086e00000|  0%| F|  |TAMS 0x0000000086d00000, 0x0000000086d00000| Untracked 
|  72|0x0000000086e00000, 0x0000000086e00000, 0x0000000086f00000|  0%| F|  |TAMS 0x0000000086e00000, 0x0000000086e00000| Untracked 
|  73|0x0000000086f00000, 0x0000000086f00000, 0x0000000087000000|  0%| F|  |TAMS 0x0000000086f00000, 0x0000000086f00000| Untracked 
|  74|0x0000000087000000, 0x0000000087000000, 0x0000000087100000|  0%| F|  |TAMS 0x0000000087000000, 0x0000000087000000| Untracked 
|  75|0x0000000087100000, 0x0000000087100000, 0x0000000087200000|  0%| F|  |TAMS 0x0000000087100000, 0x0000000087100000| Untracked 
|  76|0x0000000087200000, 0x0000000087200000, 0x0000000087300000|  0%| F|  |TAMS 0x0000000087200000, 0x0000000087200000| Untracked 
|  77|0x0000000087300000, 0x0000000087300000, 0x0000000087400000|  0%| F|  |TAMS 0x0000000087300000, 0x0000000087300000| Untracked 
|  78|0x0000000087400000, 0x0000000087400000, 0x0000000087500000|  0%| F|  |TAMS 0x0000000087400000, 0x0000000087400000| Untracked 
|  79|0x0000000087500000, 0x0000000087500000, 0x0000000087600000|  0%| F|  |TAMS 0x0000000087500000, 0x0000000087500000| Untracked 
|  80|0x0000000087600000, 0x0000000087600000, 0x0000000087700000|  0%| F|  |TAMS 0x0000000087600000, 0x0000000087600000| Untracked 
|  81|0x0000000087700000, 0x0000000087700000, 0x0000000087800000|  0%| F|  |TAMS 0x0000000087700000, 0x0000000087700000| Untracked 
|  82|0x0000000087800000, 0x0000000087800000, 0x0000000087900000|  0%| F|  |TAMS 0x0000000087800000, 0x0000000087800000| Untracked 
|  83|0x0000000087900000, 0x0000000087900000, 0x0000000087a00000|  0%| F|  |TAMS 0x0000000087900000, 0x0000000087900000| Untracked 
|  84|0x0000000087a00000, 0x0000000087a00000, 0x0000000087b00000|  0%| F|  |TAMS 0x0000000087a00000, 0x0000000087a00000| Untracked 
|  85|0x0000000087b00000, 0x0000000087b00000, 0x0000000087c00000|  0%| F|  |TAMS 0x0000000087b00000, 0x0000000087b00000| Untracked 
|  86|0x0000000087c00000, 0x0000000087c00000, 0x0000000087d00000|  0%| F|  |TAMS 0x0000000087c00000, 0x0000000087c00000| Untracked 
|  87|0x0000000087d00000, 0x0000000087d00000, 0x0000000087e00000|  0%| F|  |TAMS 0x0000000087d00000, 0x0000000087d00000| Untracked 
|  88|0x0000000087e00000, 0x0000000087e00000, 0x0000000087f00000|  0%| F|  |TAMS 0x0000000087e00000, 0x0000000087e00000| Untracked 
|  89|0x0000000087f00000, 0x0000000087f00000, 0x0000000088000000|  0%| F|  |TAMS 0x0000000087f00000, 0x0000000087f00000| Untracked 
|  90|0x0000000088000000, 0x0000000088000000, 0x0000000088100000|  0%| F|  |TAMS 0x0000000088000000, 0x0000000088000000| Untracked 
|  91|0x0000000088100000, 0x0000000088100000, 0x0000000088200000|  0%| F|  |TAMS 0x0000000088100000, 0x0000000088100000| Untracked 
|  92|0x0000000088200000, 0x0000000088200000, 0x0000000088300000|  0%| F|  |TAMS 0x0000000088200000, 0x0000000088200000| Untracked 
|  93|0x0000000088300000, 0x0000000088300000, 0x0000000088400000|  0%| F|  |TAMS 0x0000000088300000, 0x0000000088300000| Untracked 
|  94|0x0000000088400000, 0x0000000088400000, 0x0000000088500000|  0%| F|  |TAMS 0x0000000088400000, 0x0000000088400000| Untracked 
|  95|0x0000000088500000, 0x0000000088500000, 0x0000000088600000|  0%| F|  |TAMS 0x0000000088500000, 0x0000000088500000| Untracked 
|  96|0x0000000088600000, 0x0000000088600000, 0x0000000088700000|  0%| F|  |TAMS 0x0000000088600000, 0x0000000088600000| Untracked 
|  97|0x0000000088700000, 0x0000000088700000, 0x0000000088800000|  0%| F|  |TAMS 0x0000000088700000, 0x0000000088700000| Untracked 
|  98|0x0000000088800000, 0x0000000088800000, 0x0000000088900000|  0%| F|  |TAMS 0x0000000088800000, 0x0000000088800000| Untracked 
|  99|0x0000000088900000, 0x0000000088900000, 0x0000000088a00000|  0%| F|  |TAMS 0x0000000088900000, 0x0000000088900000| Untracked 
| 100|0x0000000088a00000, 0x0000000088a00000, 0x0000000088b00000|  0%| F|  |TAMS 0x0000000088a00000, 0x0000000088a00000| Untracked 
| 101|0x0000000088b00000, 0x0000000088b00000, 0x0000000088c00000|  0%| F|  |TAMS 0x0000000088b00000, 0x0000000088b00000| Untracked 
| 102|0x0000000088c00000, 0x0000000088c00000, 0x0000000088d00000|  0%| F|  |TAMS 0x0000000088c00000, 0x0000000088c00000| Untracked 
| 103|0x0000000088d00000, 0x0000000088d00000, 0x0000000088e00000|  0%| F|  |TAMS 0x0000000088d00000, 0x0000000088d00000| Untracked 
| 104|0x0000000088e00000, 0x0000000088e00000, 0x0000000088f00000|  0%| F|  |TAMS 0x0000000088e00000, 0x0000000088e00000| Untracked 
| 105|0x0000000088f00000, 0x0000000088f00000, 0x0000000089000000|  0%| F|  |TAMS 0x0000000088f00000, 0x0000000088f00000| Untracked 
| 106|0x0000000089000000, 0x0000000089000000, 0x0000000089100000|  0%| F|  |TAMS 0x0000000089000000, 0x0000000089000000| Untracked 
| 107|0x0000000089100000, 0x0000000089100000, 0x0000000089200000|  0%| F|  |TAMS 0x0000000089100000, 0x0000000089100000| Untracked 
| 108|0x0000000089200000, 0x0000000089200000, 0x0000000089300000|  0%| F|  |TAMS 0x0000000089200000, 0x0000000089200000| Untracked 
| 109|0x0000000089300000, 0x0000000089300000, 0x0000000089400000|  0%| F|  |TAMS 0x0000000089300000, 0x0000000089300000| Untracked 
| 110|0x0000000089400000, 0x0000000089400000, 0x0000000089500000|  0%| F|  |TAMS 0x0000000089400000, 0x0000000089400000| Untracked 
| 111|0x0000000089500000, 0x0000000089500000, 0x0000000089600000|  0%| F|  |TAMS 0x0000000089500000, 0x0000000089500000| Untracked 
| 112|0x0000000089600000, 0x0000000089600000, 0x0000000089700000|  0%| F|  |TAMS 0x0000000089600000, 0x0000000089600000| Untracked 
| 113|0x0000000089700000, 0x0000000089700000, 0x0000000089800000|  0%| F|  |TAMS 0x0000000089700000, 0x0000000089700000| Untracked 
| 114|0x0000000089800000, 0x0000000089800000, 0x0000000089900000|  0%| F|  |TAMS 0x0000000089800000, 0x0000000089800000| Untracked 
| 115|0x0000000089900000, 0x0000000089900000, 0x0000000089a00000|  0%| F|  |TAMS 0x0000000089900000, 0x0000000089900000| Untracked 
| 116|0x0000000089a00000, 0x0000000089a00000, 0x0000000089b00000|  0%| F|  |TAMS 0x0000000089a00000, 0x0000000089a00000| Untracked 
| 117|0x0000000089b00000, 0x0000000089b00000, 0x0000000089c00000|  0%| F|  |TAMS 0x0000000089b00000, 0x0000000089b00000| Untracked 
| 118|0x0000000089c00000, 0x0000000089c00000, 0x0000000089d00000|  0%| F|  |TAMS 0x0000000089c00000, 0x0000000089c00000| Untracked 
| 119|0x0000000089d00000, 0x0000000089d00000, 0x0000000089e00000|  0%| F|  |TAMS 0x0000000089d00000, 0x0000000089d00000| Untracked 
| 120|0x0000000089e00000, 0x0000000089e00000, 0x0000000089f00000|  0%| F|  |TAMS 0x0000000089e00000, 0x0000000089e00000| Untracked 
| 121|0x0000000089f00000, 0x0000000089f00000, 0x000000008a000000|  0%| F|  |TAMS 0x0000000089f00000, 0x0000000089f00000| Untracked 
| 122|0x000000008a000000, 0x000000008a000000, 0x000000008a100000|  0%| F|  |TAMS 0x000000008a000000, 0x000000008a000000| Untracked 
| 123|0x000000008a100000, 0x000000008a100000, 0x000000008a200000|  0%| F|  |TAMS 0x000000008a100000, 0x000000008a100000| Untracked 
| 124|0x000000008a200000, 0x000000008a200000, 0x000000008a300000|  0%| F|  |TAMS 0x000000008a200000, 0x000000008a200000| Untracked 
| 125|0x000000008a300000, 0x000000008a300000, 0x000000008a400000|  0%| F|  |TAMS 0x000000008a300000, 0x000000008a300000| Untracked 

Card table byte_map: [0x000001f077860000,0x000001f077c50000] _byte_map_base: 0x000001f07744d000

Marking Bits (Prev, Next): (CMBitMap*) 0x000001f064ff9520, (CMBitMap*) 0x000001f064ff9560
 Prev Bits: [0x000001f078040000, 0x000001f079fa8000)
 Next Bits: [0x000001f079fb0000, 0x000001f07bf18000)

Polling page: 0x000001f062f00000

Metaspace:

Usage:
  Non-class:     47.55 MB used.
      Class:      6.38 MB used.
       Both:     53.93 MB used.

Virtual space:
  Non-class space:       56.00 MB reserved,      47.69 MB ( 85%) committed,  7 nodes.
      Class space:        1.00 GB reserved,       6.50 MB ( <1%) committed,  1 nodes.
             Both:        1.05 GB reserved,      54.19 MB (  5%) committed. 

Chunk freelists:
   Non-Class:  3.78 MB
       Class:  1.45 MB
        Both:  5.23 MB

MaxMetaspaceSize: unlimited
CompressedClassSpaceSize: 1.00 GB
Initial GC threshold: 21.00 MB
Current GC threshold: 85.94 MB
CDS: off
MetaspaceReclaimPolicy: balanced
 - commit_granule_bytes: 65536.
 - commit_granule_words: 8192.
 - virtual_space_node_default_size: 1048576.
 - enlarge_chunks_in_place: 1.
 - new_chunks_are_fully_committed: 0.
 - uncommit_free_chunks: 1.
 - use_allocation_guard: 0.
 - handle_deallocations: 1.


Internal statistics:

num_allocs_failed_limit: 6.
num_arena_births: 218.
num_arena_deaths: 0.
num_vsnodes_births: 8.
num_vsnodes_deaths: 0.
num_space_committed: 865.
num_space_uncommitted: 0.
num_chunks_returned_to_freelist: 6.
num_chunks_taken_from_freelist: 1801.
num_chunk_merges: 3.
num_chunk_splits: 1481.
num_chunks_enlarged: 1325.
num_purges: 0.
num_inconsistent_stats: 0.

CodeHeap 'non-profiled nmethods': size=120000Kb used=2548Kb max_used=2548Kb free=117451Kb
 bounds [0x000001f06ff40000, 0x000001f0701c0000, 0x000001f077470000]
CodeHeap 'profiled nmethods': size=120000Kb used=13421Kb max_used=13421Kb free=106578Kb
 bounds [0x000001f068470000, 0x000001f069190000, 0x000001f06f9a0000]
CodeHeap 'non-nmethods': size=5760Kb used=1296Kb max_used=1370Kb free=4463Kb
 bounds [0x000001f06f9a0000, 0x000001f06fc10000, 0x000001f06ff40000]
 total_blobs=6184 nmethods=5571 adapters=524
 compilation: enabled
              stopped_count=0, restarted_count=0
 full_count=0

Compilation events (20 events):
Event: 6.636 Thread 0x000001f07f029880 nmethod 5586 0x000001f06918a090 code [0x000001f06918a3a0, 0x000001f06918adc8]
Event: 6.636 Thread 0x000001f07f029880 5587       1       org.jetbrains.kotlin.resolve.CompilerDeserializationConfiguration::getSkipPrereleaseCheck (5 bytes)
Event: 6.636 Thread 0x000001f07f029880 nmethod 5587 0x000001f0701bb890 code [0x000001f0701bba20, 0x000001f0701bbaf8]
Event: 6.637 Thread 0x000001f07f029880 5588       1       org.jetbrains.kotlin.load.kotlin.header.KotlinClassHeader::getData (5 bytes)
Event: 6.637 Thread 0x000001f07f029880 nmethod 5588 0x000001f0701bbb90 code [0x000001f0701bbd20, 0x000001f0701bbdf8]
Event: 6.637 Thread 0x000001f07f029880 5589       1       org.jetbrains.kotlin.load.kotlin.header.KotlinClassHeader::getStrings (5 bytes)
Event: 6.637 Thread 0x000001f07f029880 nmethod 5589 0x000001f0701bbe90 code [0x000001f0701bc020, 0x000001f0701bc0f8]
Event: 6.637 Thread 0x000001f07f029880 5590       1       org.jetbrains.kotlin.metadata.jvm.JvmProtoBuf$StringTableTypes::getLocalNameList (5 bytes)
Event: 6.637 Thread 0x000001f07f029880 nmethod 5590 0x000001f0701bc190 code [0x000001f0701bc320, 0x000001f0701bc3f8]
Event: 6.637 Thread 0x000001f07f029880 5591       1       org.jetbrains.kotlin.metadata.jvm.JvmProtoBuf$StringTableTypes::getRecordList (5 bytes)
Event: 6.637 Thread 0x000001f07f029880 nmethod 5591 0x000001f0701bc490 code [0x000001f0701bc620, 0x000001f0701bc6f8]
Event: 6.637 Thread 0x000001f07f029880 5592       1       org.jetbrains.kotlin.resolve.CompilerDeserializationConfiguration::getReportErrorsOnPreReleaseDependencies (5 bytes)
Event: 6.638 Thread 0x000001f07f029880 nmethod 5592 0x000001f0701bc790 code [0x000001f0701bc920, 0x000001f0701bc9f8]
Event: 6.638 Thread 0x000001f07f029880 5593       2       org.jetbrains.kotlin.load.kotlin.header.KotlinClassHeader::isPreRelease (10 bytes)
Event: 6.638 Thread 0x000001f07f029880 nmethod 5593 0x000001f06918b410 code [0x000001f06918b5a0, 0x000001f06918b6b8]
Event: 6.638 Thread 0x000001f07f029880 5594       1       org.jetbrains.kotlin.resolve.CompilerDeserializationConfiguration::getAllowUnstableDependencies (5 bytes)
Event: 6.638 Thread 0x000001f07f029880 nmethod 5594 0x000001f0701bca90 code [0x000001f0701bcc20, 0x000001f0701bccf8]
Event: 6.638 Thread 0x000001f07f029880 5595       1       org.jetbrains.kotlin.load.java.lazy.JavaResolverComponents::getDeserializedDescriptorResolver (5 bytes)
Event: 6.638 Thread 0x000001f07f029880 nmethod 5595 0x000001f0701bcd90 code [0x000001f0701bcf20, 0x000001f0701bcff8]
Event: 6.638 Thread 0x000001f07f029880 5596   !   2       org.jetbrains.kotlin.metadata.jvm.JvmProtoBuf$StringTableTypes::<init> (495 bytes)

GC Heap History (20 events):
Event: 3.926 GC heap after
{Heap after GC invocations=8 (full 0):
 garbage-first heap   total 72704K, used 25655K [0x0000000082600000, 0x0000000100000000)
  region size 1024K, 4 young (4096K), 4 survivors (4096K)
 Metaspace       used 35802K, committed 35968K, reserved 1081344K
  class space    used 4524K, committed 4608K, reserved 1048576K
}
Event: 4.354 GC heap before
{Heap before GC invocations=9 (full 0):
 garbage-first heap   total 72704K, used 52279K [0x0000000082600000, 0x0000000100000000)
  region size 1024K, 30 young (30720K), 4 survivors (4096K)
 Metaspace       used 41062K, committed 41280K, reserved 1089536K
  class space    used 5021K, committed 5120K, reserved 1048576K
}
Event: 4.363 GC heap after
{Heap after GC invocations=10 (full 0):
 garbage-first heap   total 72704K, used 27169K [0x0000000082600000, 0x0000000100000000)
  region size 1024K, 4 young (4096K), 4 survivors (4096K)
 Metaspace       used 41062K, committed 41280K, reserved 1089536K
  class space    used 5021K, committed 5120K, reserved 1048576K
}
Event: 4.855 GC heap before
{Heap before GC invocations=10 (full 0):
 garbage-first heap   total 72704K, used 51745K [0x0000000082600000, 0x0000000100000000)
  region size 1024K, 29 young (29696K), 4 survivors (4096K)
 Metaspace       used 47573K, committed 47808K, reserved 1097728K
  class space    used 5804K, committed 5888K, reserved 1048576K
}
Event: 4.863 GC heap after
{Heap after GC invocations=11 (full 0):
 garbage-first heap   total 72704K, used 29006K [0x0000000082600000, 0x0000000100000000)
  region size 1024K, 2 young (2048K), 2 survivors (2048K)
 Metaspace       used 47573K, committed 47808K, reserved 1097728K
  class space    used 5804K, committed 5888K, reserved 1048576K
}
Event: 5.106 GC heap before
{Heap before GC invocations=11 (full 0):
 garbage-first heap   total 72704K, used 56654K [0x0000000082600000, 0x0000000100000000)
  region size 1024K, 27 young (27648K), 2 survivors (2048K)
 Metaspace       used 48632K, committed 48832K, reserved 1097728K
  class space    used 5898K, committed 5952K, reserved 1048576K
}
Event: 5.118 GC heap after
{Heap after GC invocations=12 (full 0):
 garbage-first heap   total 72704K, used 37446K [0x0000000082600000, 0x0000000100000000)
  region size 1024K, 4 young (4096K), 4 survivors (4096K)
 Metaspace       used 48632K, committed 48832K, reserved 1097728K
  class space    used 5898K, committed 5952K, reserved 1048576K
}
Event: 5.282 GC heap before
{Heap before GC invocations=12 (full 0):
 garbage-first heap   total 72704K, used 54854K [0x0000000082600000, 0x0000000100000000)
  region size 1024K, 21 young (21504K), 4 survivors (4096K)
 Metaspace       used 49928K, committed 50176K, reserved 1097728K
  class space    used 6037K, committed 6144K, reserved 1048576K
}
Event: 5.292 GC heap after
{Heap after GC invocations=13 (full 0):
 garbage-first heap   total 88064K, used 39833K [0x0000000082600000, 0x0000000100000000)
  region size 1024K, 2 young (2048K), 2 survivors (2048K)
 Metaspace       used 49928K, committed 50176K, reserved 1097728K
  class space    used 6037K, committed 6144K, reserved 1048576K
}
Event: 5.940 GC heap before
{Heap before GC invocations=14 (full 0):
 garbage-first heap   total 88064K, used 66457K [0x0000000082600000, 0x0000000100000000)
  region size 1024K, 28 young (28672K), 2 survivors (2048K)
 Metaspace       used 51878K, committed 52160K, reserved 1097728K
  class space    used 6179K, committed 6336K, reserved 1048576K
}
Event: 5.950 GC heap after
{Heap after GC invocations=15 (full 0):
 garbage-first heap   total 88064K, used 44865K [0x0000000082600000, 0x0000000100000000)
  region size 1024K, 4 young (4096K), 4 survivors (4096K)
 Metaspace       used 51878K, committed 52160K, reserved 1097728K
  class space    used 6179K, committed 6336K, reserved 1048576K
}
Event: 5.964 GC heap before
{Heap before GC invocations=15 (full 0):
 garbage-first heap   total 88064K, used 45889K [0x0000000082600000, 0x0000000100000000)
  region size 1024K, 5 young (5120K), 4 survivors (4096K)
 Metaspace       used 51889K, committed 52160K, reserved 1097728K
  class space    used 6179K, committed 6336K, reserved 1048576K
}
Event: 5.971 GC heap after
{Heap after GC invocations=16 (full 0):
 garbage-first heap   total 88064K, used 45014K [0x0000000082600000, 0x0000000100000000)
  region size 1024K, 1 young (1024K), 1 survivors (1024K)
 Metaspace       used 51889K, committed 52160K, reserved 1097728K
  class space    used 6179K, committed 6336K, reserved 1048576K
}
Event: 6.244 GC heap before
{Heap before GC invocations=16 (full 0):
 garbage-first heap   total 88064K, used 67542K [0x0000000082600000, 0x0000000100000000)
  region size 1024K, 23 young (23552K), 1 survivors (1024K)
 Metaspace       used 52373K, committed 52672K, reserved 1097728K
  class space    used 6203K, committed 6336K, reserved 1048576K
}
Event: 6.253 GC heap after
{Heap after GC invocations=17 (full 0):
 garbage-first heap   total 88064K, used 49152K [0x0000000082600000, 0x0000000100000000)
  region size 1024K, 3 young (3072K), 3 survivors (3072K)
 Metaspace       used 52373K, committed 52672K, reserved 1097728K
  class space    used 6203K, committed 6336K, reserved 1048576K
}
Event: 6.355 GC heap before
{Heap before GC invocations=18 (full 0):
 garbage-first heap   total 88064K, used 67584K [0x0000000082600000, 0x0000000100000000)
  region size 1024K, 22 young (22528K), 3 survivors (3072K)
 Metaspace       used 52645K, committed 52928K, reserved 1097728K
  class space    used 6223K, committed 6336K, reserved 1048576K
}
Event: 6.361 GC heap after
{Heap after GC invocations=19 (full 0):
 garbage-first heap   total 88064K, used 49110K [0x0000000082600000, 0x0000000100000000)
  region size 1024K, 1 young (1024K), 1 survivors (1024K)
 Metaspace       used 52645K, committed 52928K, reserved 1097728K
  class space    used 6223K, committed 6336K, reserved 1048576K
}
Event: 6.367 GC heap before
{Heap before GC invocations=19 (full 0):
 garbage-first heap   total 88064K, used 52182K [0x0000000082600000, 0x0000000100000000)
  region size 1024K, 4 young (4096K), 1 survivors (1024K)
 Metaspace       used 52645K, committed 52928K, reserved 1097728K
  class space    used 6223K, committed 6336K, reserved 1048576K
}
Event: 6.373 GC heap after
{Heap after GC invocations=20 (full 0):
 garbage-first heap   total 88064K, used 48585K [0x0000000082600000, 0x0000000100000000)
  region size 1024K, 1 young (1024K), 1 survivors (1024K)
 Metaspace       used 52645K, committed 52928K, reserved 1097728K
  class space    used 6223K, committed 6336K, reserved 1048576K
}
Event: 6.640 GC heap before
{Heap before GC invocations=20 (full 0):
 garbage-first heap   total 88064K, used 69065K [0x0000000082600000, 0x0000000100000000)
  region size 1024K, 21 young (21504K), 1 survivors (1024K)
 Metaspace       used 55223K, committed 55488K, reserved 1105920K
  class space    used 6530K, committed 6656K, reserved 1048576K
}

Dll operation events (2 events):
Event: 0.014 Loaded shared library E:\Android studio 2022.1.3\jbr\bin\java.dll
Event: 2.604 Loaded shared library E:\Android studio 2022.1.3\jbr\bin\verify.dll

Deoptimization events (20 events):
Event: 6.608 Thread 0x000001f064fa09d0 DEOPT PACKING pc=0x000001f07015c460 sp=0x000000ece90faa10
Event: 6.608 Thread 0x000001f064fa09d0 DEOPT UNPACKING pc=0x000001f06f9f69a3 sp=0x000000ece90faa10 mode 2
Event: 6.608 Thread 0x000001f064fa09d0 Uncommon trap: trap_request=0xffffffc6 fr.pc=0x000001f07015c460 relative=0x0000000000001100
Event: 6.608 Thread 0x000001f064fa09d0 Uncommon trap: reason=bimorphic_or_optimized_type_check action=maybe_recompile pc=0x000001f07015c460 method=kotlin.collections.CollectionsKt__MutableCollectionsKt.addAll(Ljava/util/Collection;Ljava/lang/Iterable;)Z @ 24 c2
Event: 6.608 Thread 0x000001f064fa09d0 DEOPT PACKING pc=0x000001f07015c460 sp=0x000000ece90faa10
Event: 6.608 Thread 0x000001f064fa09d0 DEOPT UNPACKING pc=0x000001f06f9f69a3 sp=0x000000ece90faa10 mode 2
Event: 6.608 Thread 0x000001f064fa09d0 Uncommon trap: trap_request=0xffffffc6 fr.pc=0x000001f07015c460 relative=0x0000000000001100
Event: 6.608 Thread 0x000001f064fa09d0 Uncommon trap: reason=bimorphic_or_optimized_type_check action=maybe_recompile pc=0x000001f07015c460 method=kotlin.collections.CollectionsKt__MutableCollectionsKt.addAll(Ljava/util/Collection;Ljava/lang/Iterable;)Z @ 24 c2
Event: 6.608 Thread 0x000001f064fa09d0 DEOPT PACKING pc=0x000001f07015c460 sp=0x000000ece90faa10
Event: 6.608 Thread 0x000001f064fa09d0 DEOPT UNPACKING pc=0x000001f06f9f69a3 sp=0x000000ece90faa10 mode 2
Event: 6.608 Thread 0x000001f064fa09d0 Uncommon trap: trap_request=0xffffffc6 fr.pc=0x000001f07015c460 relative=0x0000000000001100
Event: 6.608 Thread 0x000001f064fa09d0 Uncommon trap: reason=bimorphic_or_optimized_type_check action=maybe_recompile pc=0x000001f07015c460 method=kotlin.collections.CollectionsKt__MutableCollectionsKt.addAll(Ljava/util/Collection;Ljava/lang/Iterable;)Z @ 24 c2
Event: 6.608 Thread 0x000001f064fa09d0 DEOPT PACKING pc=0x000001f07015c460 sp=0x000000ece90faa10
Event: 6.608 Thread 0x000001f064fa09d0 DEOPT UNPACKING pc=0x000001f06f9f69a3 sp=0x000000ece90faa10 mode 2
Event: 6.614 Thread 0x000001f064fa09d0 Uncommon trap: trap_request=0xffffff45 fr.pc=0x000001f0700f39e8 relative=0x0000000000000c88
Event: 6.614 Thread 0x000001f064fa09d0 Uncommon trap: reason=unstable_if action=reinterpret pc=0x000001f0700f39e8 method=gnu.trove.TObjectHash.insertionIndex(Ljava/lang/Object;)I @ 182 c2
Event: 6.614 Thread 0x000001f064fa09d0 DEOPT PACKING pc=0x000001f0700f39e8 sp=0x000000ece90fa890
Event: 6.614 Thread 0x000001f064fa09d0 DEOPT UNPACKING pc=0x000001f06f9f69a3 sp=0x000000ece90fa838 mode 2
Event: 6.633 Thread 0x000001f064fa09d0 DEOPT PACKING pc=0x000001f068b15005 sp=0x000000ece90f9c50
Event: 6.633 Thread 0x000001f064fa09d0 DEOPT UNPACKING pc=0x000001f06f9f7143 sp=0x000000ece90f90e0 mode 0

Classes unloaded (0 events):
No events

Classes redefined (0 events):
No events

Internal exceptions (20 events):
Event: 2.877 Thread 0x000001f064fa09d0 Exception <a 'java/lang/NoSuchMethodError'{0x0000000084828348}: 'void java.lang.invoke.DirectMethodHandle$Holder.invokeSpecial(java.lang.Object, java.lang.Object, java.lang.Object)'> (0x0000000084828348) 
thrown [s\src\hotspot\share\interpreter\linkResolver.cpp, line 771]
Event: 3.135 Thread 0x000001f064fa09d0 Exception <a 'java/lang/NoSuchMethodError'{0x0000000083de2400}: 'void java.lang.invoke.DirectMethodHandle$Holder.invokeStatic(java.lang.Object, java.lang.Object, java.lang.Object, java.lang.Object)'> (0x0000000083de2400) 
thrown [s\src\hotspot\share\interpreter\linkResolver.cpp, line 771]
Event: 3.198 Thread 0x000001f064fa09d0 Exception <a 'java/lang/NoSuchMethodError'{0x000000008398e3c8}: 'void java.lang.invoke.DirectMethodHandle$Holder.invokeStaticInit(java.lang.Object, java.lang.Object)'> (0x000000008398e3c8) 
thrown [s\src\hotspot\share\interpreter\linkResolver.cpp, line 771]
Event: 3.280 Thread 0x000001f064fa09d0 Exception <a 'java/lang/NoSuchMethodError'{0x00000000887ca628}: 'void java.lang.invoke.DirectMethodHandle$Holder.invokeVirtual(java.lang.Object, java.lang.Object)'> (0x00000000887ca628) 
thrown [s\src\hotspot\share\interpreter\linkResolver.cpp, line 771]
Event: 3.291 Thread 0x000001f064fa09d0 Exception <a 'java/lang/NoSuchMethodError'{0x0000000088655790}: 'int java.lang.invoke.DirectMethodHandle$Holder.invokeVirtual(java.lang.Object, java.lang.Object)'> (0x0000000088655790) 
thrown [s\src\hotspot\share\interpreter\linkResolver.cpp, line 771]
Event: 3.309 Thread 0x000001f064fa09d0 Exception <a 'java/lang/NoSuchMethodError'{0x00000000886fc7f0}: 'java.lang.Object java.lang.invoke.Invokers$Holder.invokeExact_MT(java.lang.Object, java.lang.Object, java.lang.Object, java.lang.Object, java.lang.Object, java.lang.Object)'> (0x00000000886fc7f0) 
thrown [s\src\hotspot\share\interpreter\linkResolver.cpp, line 771]
Event: 3.912 Thread 0x000001f064fa09d0 Exception <a 'java/lang/NoSuchMethodError'{0x000000008559fd70}: 'java.lang.Object java.lang.invoke.DirectMethodHandle$Holder.invokeVirtual(java.lang.Object, java.lang.Object, java.lang.Object)'> (0x000000008559fd70) 
thrown [s\src\hotspot\share\interpreter\linkResolver.cpp, line 771]
Event: 4.608 Thread 0x000001f064fa09d0 Exception <a 'java/lang/NoSuchMethodError'{0x0000000085e7acd8}: 'java.lang.Object java.lang.invoke.DirectMethodHandle$Holder.newInvokeSpecial(java.lang.Object, java.lang.Object, int)'> (0x0000000085e7acd8) 
thrown [s\src\hotspot\share\interpreter\linkResolver.cpp, line 771]
Event: 4.644 Thread 0x000001f064fa09d0 Exception <a 'java/lang/NoSuchMethodError'{0x0000000085def460}: 'java.lang.Object java.lang.invoke.DirectMethodHandle$Holder.newInvokeSpecial(java.lang.Object, java.lang.Object, java.lang.Object, int)'> (0x0000000085def460) 
thrown [s\src\hotspot\share\interpreter\linkResolver.cpp, line 771]
Event: 4.644 Thread 0x000001f064fa09d0 Exception <a 'java/lang/NoSuchMethodError'{0x0000000085df3ae8}: 'java.lang.Object java.lang.invoke.DirectMethodHandle$Holder.invokeSpecial(java.lang.Object, java.lang.Object, java.lang.Object, java.lang.Object, int)'> (0x0000000085df3ae8) 
thrown [s\src\hotspot\share\interpreter\linkResolver.cpp, line 771]
Event: 4.644 Thread 0x000001f064fa09d0 Exception <a 'java/lang/NoSuchMethodError'{0x0000000085df7958}: 'java.lang.Object java.lang.invoke.Invokers$Holder.linkToTargetMethod(java.lang.Object, java.lang.Object, int, java.lang.Object)'> (0x0000000085df7958) 
thrown [s\src\hotspot\share\interpreter\linkResolver.cpp, line 771]
Event: 4.819 Thread 0x000001f064fa09d0 Exception <a 'java/lang/NoSuchMethodError'{0x00000000855db500}: 'java.lang.Object java.lang.invoke.DirectMethodHandle$Holder.invokeInterface(java.lang.Object, java.lang.Object)'> (0x00000000855db500) 
thrown [s\src\hotspot\share\interpreter\linkResolver.cpp, line 771]
Event: 5.484 Thread 0x000001f064fa09d0 Exception <a 'java/lang/NoSuchMethodError'{0x0000000087560c58}: 'java.lang.Object java.lang.invoke.DirectMethodHandle$Holder.invokeStaticInit(java.lang.Object, java.lang.Object, java.lang.Object)'> (0x0000000087560c58) 
thrown [s\src\hotspot\share\interpreter\linkResolver.cpp, line 771]
Event: 6.000 Thread 0x000001f064fa09d0 Implicit null exception at 0x000001f06ff8f20e to 0x000001f06ff8f490
Event: 6.000 Thread 0x000001f064fa09d0 Implicit null exception at 0x000001f06ff9e98f to 0x000001f06ff9ea09
Event: 6.097 Thread 0x000001f064fa09d0 Exception <a 'java/lang/NoSuchMethodError'{0x000000008718f180}: 'java.lang.Object java.lang.invoke.DirectMethodHandle$Holder.newInvokeSpecial(java.lang.Object, int, java.lang.Object)'> (0x000000008718f180) 
thrown [s\src\hotspot\share\interpreter\linkResolver.cpp, line 771]
Event: 6.098 Thread 0x000001f064fa09d0 Exception <a 'java/lang/NoSuchMethodError'{0x0000000087195810}: 'int java.lang.invoke.DirectMethodHandle$Holder.invokeInterface(java.lang.Object, java.lang.Object)'> (0x0000000087195810) 
thrown [s\src\hotspot\share\interpreter\linkResolver.cpp, line 771]
Event: 6.497 Thread 0x000001f064fa09d0 Implicit null exception at 0x000001f0700349a0 to 0x000001f070034b24
Event: 6.497 Thread 0x000001f064fa09d0 Implicit null exception at 0x000001f06ffa6560 to 0x000001f06ffa65fa
Event: 6.515 Thread 0x000001f064fa09d0 Exception <a 'java/lang/NoSuchMethodError'{0x000000008726aad0}: 'java.lang.Object java.lang.invoke.DirectMethodHandle$Holder.newInvokeSpecial(java.lang.Object, java.lang.Object, java.lang.Object, java.lang.Object, java.lang.Object, java.lang.Object)'> (0x000000008726aad0) 
thrown [s\src\hotspot\share\interpreter\linkResolver.cpp, line 771]

VM Operations (20 events):
Event: 6.288 Executing VM operation: HandshakeAllThreads done
Event: 6.307 Executing VM operation: G1Concurrent
Event: 6.312 Executing VM operation: G1Concurrent done
Event: 6.338 Executing VM operation: G1Concurrent
Event: 6.338 Executing VM operation: G1Concurrent done
Event: 6.355 Executing VM operation: G1CollectForAllocation
Event: 6.361 Executing VM operation: G1CollectForAllocation done
Event: 6.367 Executing VM operation: G1CollectForAllocation
Event: 6.373 Executing VM operation: G1CollectForAllocation done
Event: 6.407 Executing VM operation: HandshakeAllThreads
Event: 6.407 Executing VM operation: HandshakeAllThreads done
Event: 6.452 Executing VM operation: HandshakeAllThreads
Event: 6.452 Executing VM operation: HandshakeAllThreads done
Event: 6.520 Executing VM operation: HandshakeAllThreads
Event: 6.520 Executing VM operation: HandshakeAllThreads done
Event: 6.548 Executing VM operation: HandshakeAllThreads
Event: 6.548 Executing VM operation: HandshakeAllThreads done
Event: 6.577 Executing VM operation: HandshakeAllThreads
Event: 6.577 Executing VM operation: HandshakeAllThreads done
Event: 6.640 Executing VM operation: G1CollectForAllocation

Events (20 events):
Event: 5.192 loading class java/util/function/BiConsumer
Event: 5.192 loading class java/util/function/BiConsumer done
Event: 5.193 loading class java/util/function/BinaryOperator
Event: 5.193 loading class java/util/function/BinaryOperator done
Event: 5.193 loading class java/util/stream/ReduceOps
Event: 5.193 loading class java/util/stream/ReduceOps done
Event: 5.193 loading class java/util/stream/ReduceOps$3
Event: 5.194 loading class java/util/stream/ReduceOps$ReduceOp
Event: 5.194 loading class java/util/stream/ReduceOps$ReduceOp done
Event: 5.194 loading class java/util/stream/ReduceOps$3 done
Event: 5.194 loading class java/util/stream/ReduceOps$3ReducingSink
Event: 5.194 loading class java/util/stream/ReduceOps$AccumulatingSink
Event: 5.194 loading class java/util/stream/ReduceOps$AccumulatingSink done
Event: 5.194 loading class java/util/stream/ReduceOps$Box
Event: 5.194 loading class java/util/stream/ReduceOps$Box done
Event: 5.194 loading class java/util/stream/ReduceOps$3ReducingSink done
Event: 5.194 loading class java/util/stream/ReferencePipeline$2$1
Event: 5.194 loading class java/util/stream/ReferencePipeline$2$1 done
Event: 5.384 loading class java/util/RegularEnumSet$EnumSetIterator
Event: 5.385 loading class java/util/RegularEnumSet$EnumSetIterator done


Dynamic libraries:
0x00007ff6dfdf0000 - 0x00007ff6dfdfa000 	E:\Android studio 2022.1.3\jbr\bin\java.exe
0x00007ff9c4250000 - 0x00007ff9c4448000 	C:\WINDOWS\SYSTEM32\ntdll.dll
0x00007ff9bb470000 - 0x00007ff9bb489000 	C:\Program Files\Avast Software\Avast\aswhook.dll
0x00007ff9c22b0000 - 0x00007ff9c236f000 	C:\WINDOWS\System32\KERNEL32.DLL
0x00007ff9c19a0000 - 0x00007ff9c1c96000 	C:\WINDOWS\System32\KERNELBASE.dll
0x00007ff9c1ca0000 - 0x00007ff9c1da0000 	C:\WINDOWS\System32\ucrtbase.dll
0x00007ff9acd70000 - 0x00007ff9acd8b000 	E:\Android studio 2022.1.3\jbr\bin\VCRUNTIME140.dll
0x00007ff9684f0000 - 0x00007ff968507000 	E:\Android studio 2022.1.3\jbr\bin\jli.dll
0x00007ff9c29e0000 - 0x00007ff9c2b7d000 	C:\WINDOWS\System32\USER32.dll
0x00007ff9c1f70000 - 0x00007ff9c1f92000 	C:\WINDOWS\System32\win32u.dll
0x00007ff9c3b70000 - 0x00007ff9c3b9c000 	C:\WINDOWS\System32\GDI32.dll
0x00007ff9a7610000 - 0x00007ff9a78aa000 	C:\WINDOWS\WinSxS\amd64_microsoft.windows.common-controls_6595b64144ccf1df_6.0.19041.1110_none_60b5254171f9507e\COMCTL32.dll
0x00007ff9c1e50000 - 0x00007ff9c1f65000 	C:\WINDOWS\System32\gdi32full.dll
0x00007ff9c2180000 - 0x00007ff9c221d000 	C:\WINDOWS\System32\msvcp_win.dll
0x00007ff9c4110000 - 0x00007ff9c41ae000 	C:\WINDOWS\System32\msvcrt.dll
0x00007ff9c3080000 - 0x00007ff9c30b0000 	C:\WINDOWS\System32\IMM32.DLL
0x00007ff9bcd30000 - 0x00007ff9bcd3c000 	E:\Android studio 2022.1.3\jbr\bin\vcruntime140_1.dll
0x00007ff9ab900000 - 0x00007ff9ab98d000 	E:\Android studio 2022.1.3\jbr\bin\msvcp140.dll
0x00007ff9675f0000 - 0x00007ff96825e000 	E:\Android studio 2022.1.3\jbr\bin\server\jvm.dll
0x00007ff9c3f20000 - 0x00007ff9c3fcf000 	C:\WINDOWS\System32\ADVAPI32.dll
0x00007ff9c2c00000 - 0x00007ff9c2c9c000 	C:\WINDOWS\System32\sechost.dll
0x00007ff9c3fe0000 - 0x00007ff9c4106000 	C:\WINDOWS\System32\RPCRT4.dll
0x00007ff9a79d0000 - 0x00007ff9a79f7000 	C:\WINDOWS\SYSTEM32\WINMM.dll
0x00007ff9b0720000 - 0x00007ff9b0729000 	C:\WINDOWS\SYSTEM32\WSOCK32.dll
0x00007ff9bbfc0000 - 0x00007ff9bbfca000 	C:\WINDOWS\SYSTEM32\VERSION.dll
0x00007ff9c2f60000 - 0x00007ff9c2fcb000 	C:\WINDOWS\System32\WS2_32.dll
0x00007ff9bf7c0000 - 0x00007ff9bf7d2000 	C:\WINDOWS\SYSTEM32\kernel.appcore.dll
0x00007ff9aa280000 - 0x00007ff9aa28a000 	E:\Android studio 2022.1.3\jbr\bin\jimage.dll
0x00007ff9b3c10000 - 0x00007ff9b3df4000 	C:\WINDOWS\SYSTEM32\DBGHELP.DLL
0x00007ff9b3ad0000 - 0x00007ff9b3b04000 	C:\WINDOWS\SYSTEM32\dbgcore.DLL
0x00007ff9c2220000 - 0x00007ff9c22a2000 	C:\WINDOWS\System32\bcryptPrimitives.dll
0x00007ff997f10000 - 0x00007ff997f35000 	E:\Android studio 2022.1.3\jbr\bin\java.dll
0x00007ff964370000 - 0x00007ff964388000 	E:\Android studio 2022.1.3\jbr\bin\zip.dll
0x00007ff9c30b0000 - 0x00007ff9c37f4000 	C:\WINDOWS\System32\SHELL32.dll
0x00007ff9bf9c0000 - 0x00007ff9c0153000 	C:\WINDOWS\SYSTEM32\windows.storage.dll
0x00007ff9c3ba0000 - 0x00007ff9c3ef4000 	C:\WINDOWS\System32\combase.dll
0x00007ff9c11c0000 - 0x00007ff9c11ee000 	C:\WINDOWS\SYSTEM32\Wldp.dll
0x00007ff9c2ca0000 - 0x00007ff9c2d4d000 	C:\WINDOWS\System32\SHCORE.dll
0x00007ff9c27e0000 - 0x00007ff9c2835000 	C:\WINDOWS\System32\shlwapi.dll
0x00007ff9c1870000 - 0x00007ff9c188f000 	C:\WINDOWS\SYSTEM32\profapi.dll
0x00007ff9622e0000 - 0x00007ff9622f9000 	E:\Android studio 2022.1.3\jbr\bin\net.dll
0x00007ff9b5790000 - 0x00007ff9b589a000 	C:\WINDOWS\SYSTEM32\WINHTTP.dll
0x00007ff9c0fa0000 - 0x00007ff9c100a000 	C:\WINDOWS\system32\mswsock.dll
0x00007ff9622c0000 - 0x00007ff9622d6000 	E:\Android studio 2022.1.3\jbr\bin\nio.dll
0x00007ff9a8830000 - 0x00007ff9a8840000 	E:\Android studio 2022.1.3\jbr\bin\verify.dll

dbghelp: loaded successfully - version: 4.0.5 - missing functions: none
symbol engine: initialized successfully - sym options: 0x614 - pdb path: .;E:\Android studio 2022.1.3\jbr\bin;C:\WINDOWS\SYSTEM32;C:\Program Files\Avast Software\Avast;C:\WINDOWS\WinSxS\amd64_microsoft.windows.common-controls_6595b64144ccf1df_6.0.19041.1110_none_60b5254171f9507e;E:\Android studio 2022.1.3\jbr\bin\server

VM Arguments:
java_command: org.jetbrains.kotlin.cli.jvm.K2JVMCompiler @C:\Users\Thoriso Tumelo\AndroidStudioProjects\WILAPP\app\build\20231119_11011921464978215101.compiler.options
java_class_path (initial): C:\Users\Thoriso Tumelo\.gradle\caches\modules-2\files-2.1\org.jetbrains.kotlin\kotlin-compiler-embeddable\1.8.0\eb9118d4bcceaa2a94b2ae2a33a4ddba7c9a947f\kotlin-compiler-embeddable-1.8.0.jar;C:\Users\Thoriso Tumelo\.gradle\caches\modules-2\files-2.1\org.jetbrains.kotlin\kotlin-stdlib\1.8.0\1796921c7a3e2e2665a83e6c8d33399336cd39bc\kotlin-stdlib-1.8.0.jar;C:\Users\Thoriso Tumelo\.gradle\caches\modules-2\files-2.1\org.jetbrains.kotlin\kotlin-script-runtime\1.8.0\b2f7e760d283cb339974851c222a4c1d48f2d3d\kotlin-script-runtime-1.8.0.jar;C:\Users\Thoriso Tumelo\.gradle\caches\modules-2\files-2.1\org.jetbrains.kotlin\kotlin-reflect\1.6.10\1cbe9c92c12a94eea200d23c2bbaedaf3daf5132\kotlin-reflect-1.6.10.jar;C:\Users\Thoriso Tumelo\.gradle\caches\modules-2\files-2.1\org.jetbrains.kotlin\kotlin-daemon-embeddable\1.8.0\d255216c551685dc3a7e852b53617f5f01aaaa5c\kotlin-daemon-embeddable-1.8.0.jar;C:\Users\Thoriso Tumelo\.gradle\caches\modules-2\files-2.1\org.jetbrains.intellij.deps\trove4j\1.0.20200330\3afb14d5f9ceb459d724e907a21145e8ff394f02\trove4j-1.0.20200330.jar;C:\Users\Thoriso Tumelo\.gradle\caches\modules-2\files-2.1\net.java.dev.jna\jna\5.6.0\330f2244e9030119ab3030fc3fededc86713d9cc\jna-5.6.0.jar;C:\Users\Thoriso Tumelo\.gradle\caches\modules-2\files-2.1\org.jetbrains.kotlin\kotlin-stdlib-common\1.8.0\f7197e7cc76453ac59f8b0f8d5137cc600becd36\kotlin-stdlib-common-1.8.0.jar;C:\Users\Thoriso Tumelo\.gradle\caches\modules-2\files-2.1\org.jetbrains\annotations\13.0\919f0dfe192fb4e063e7dacadee7f8bb9a2672a9\annotations-13.0.jar
Launcher Type: SUN_STANDARD

[Global flags]
     intx CICompilerCount                          = 3                                         {product} {ergonomic}
     uint ConcGCThreads                            = 1                                         {product} {ergonomic}
     uint G1ConcRefinementThreads                  = 4                                         {product} {ergonomic}
   size_t G1HeapRegionSize                         = 1048576                                   {product} {ergonomic}
    uintx GCDrainStackTargetSize                   = 64                                        {product} {ergonomic}
   size_t InitialHeapSize                          = 132120576                                 {product} {ergonomic}
   size_t MarkStackSize                            = 4194304                                   {product} {ergonomic}
   size_t MaxHeapSize                              = 2107637760                                {product} {ergonomic}
   size_t MaxNewSize                               = 1264582656                                {product} {ergonomic}
   size_t MinHeapDeltaBytes                        = 1048576                                   {product} {ergonomic}
   size_t MinHeapSize                              = 8388608                                   {product} {ergonomic}
    uintx NonNMethodCodeHeapSize                   = 5832780                                {pd product} {ergonomic}
    uintx NonProfiledCodeHeapSize                  = 122912730                              {pd product} {ergonomic}
    uintx ProfiledCodeHeapSize                     = 122912730                              {pd product} {ergonomic}
    uintx ReservedCodeCacheSize                    = 251658240                              {pd product} {ergonomic}
     bool SegmentedCodeCache                       = true                                      {product} {ergonomic}
   size_t SoftMaxHeapSize                          = 2107637760                             {manageable} {ergonomic}
     bool UseCompressedClassPointers               = true                           {product lp64_product} {ergonomic}
     bool UseCompressedOops                        = true                           {product lp64_product} {ergonomic}
     bool UseG1GC                                  = true                                      {product} {ergonomic}
     bool UseLargePagesIndividualAllocation        = false                                  {pd product} {ergonomic}

Logging:
Log output configuration:
 #0: stdout all=warning uptime,level,tags
 #1: stderr all=off uptime,level,tags

Environment Variables:
PATH=C:\WINDOWS\system32;C:\WINDOWS;C:\WINDOWS\System32\Wbem;C:\WINDOWS\System32\WindowsPowerShell\v1.0\;C:\WINDOWS\System32\OpenSSH\;C:\Program Files\Git\cmd;C:\Users\Thoriso Tumelo\AppData\Local\Microsoft\WindowsApps
USERNAME=Thoriso Tumelo
OS=Windows_NT
PROCESSOR_IDENTIFIER=Intel64 Family 6 Model 158 Stepping 11, GenuineIntel
TMP=C:\Users\THORIS~1\AppData\Local\Temp
TEMP=C:\Users\THORIS~1\AppData\Local\Temp


JNI global refs:
JNI global refs: 9, weak refs: 11

JNI global refs memory usage: 843, weak refs: 841


---------------  S Y S T E M  ---------------

OS:
 Windows 10 , 64 bit Build 19041 (10.0.19041.3031)
OS uptime: 0 days 0:32 hours
Hyper-V role detected

CPU: total 4 (initial active 4) (4 cores per cpu, 1 threads per core) family 6 model 158 stepping 11 microcode 0xb4, cx8, cmov, fxsr, mmx, 3dnowpref, sse, sse2, sse3, ssse3, sse4.1, sse4.2, popcnt, lzcnt, tsc, tscinvbit, avx, avx2, aes, erms, clmul, bmi1, bmi2, adx, fma, vzeroupper, clflush, clflushopt, hv

Memory: 4k page, system-wide physical 8035M (567M free)
TotalPageFile size 9707M (AvailPageFile size 55M)
current process WorkingSet (physical memory assigned to process): 258M, peak: 258M
current process commit charge ("private bytes"): 328M, peak: 458M

vm_info: OpenJDK 64-Bit Server VM (17.0.6+0-b2043.56-10027231) for windows-amd64 JRE (17.0.6+0-b2043.56-10027231), built on Apr 28 2023 00:43:19 by "androidbuild" with MS VC++ 16.10 / 16.11 (VS2019)

END.
