#
# There is insufficient memory for the Java Runtime Environment to continue.
# Native memory allocation (malloc) failed to allocate 1781312 bytes for Chunk::new
# Possible reasons:
#   The system is out of physical RAM or swap space
#   The process is running with CompressedOops enabled, and the Java Heap may be blocking the growth of the native heap
# Possible solutions:
#   Reduce memory load on the system
#   Increase physical memory or swap space
#   Check if swap backing store is full
#   Decrease Java heap size (-Xmx/-Xms)
#   Decrease number of Java threads
#   Decrease Java thread stack sizes (-Xss)
#   Set larger code cache with -XX:ReservedCodeCacheSize=
#   JVM is running with Unscaled Compressed Oops mode in which the Java heap is
#     placed in the first 4GB address space. The Java Heap base address is the
#     maximum limit for the native heap growth. Please use -XX:HeapBaseMinAddress
#     to set the Java Heap base and to place the Java Heap above 4GB virtual address.
# This output file may be truncated or incomplete.
#
#  Out of Memory Error (arena.cpp:189), pid=8744, tid=5412
#
# JRE version: OpenJDK Runtime Environment (17.0.6) (build 17.0.6+0-b2043.56-10027231)
# Java VM: OpenJDK 64-Bit Server VM (17.0.6+0-b2043.56-10027231, mixed mode, tiered, compressed oops, compressed class ptrs, g1 gc, windows-amd64)
# No core dump will be written. Minidumps are not enabled by default on client versions of Windows
#

---------------  S U M M A R Y ------------

Command Line: org.jetbrains.kotlin.cli.jvm.K2JVMCompiler @C:\Users\Thoriso Tumelo\AndroidStudioProjects\WILAPP\app\build\20231119_12860762212181967798.compiler.options

Host: Intel(R) Core(TM) i3-8100T CPU @ 3.10GHz, 4 cores, 7G,  Windows 10 , 64 bit Build 19041 (10.0.19041.3031)
Time: Sun Nov 19 11:15:21 2023 South Africa Standard Time elapsed time: 8.428334 seconds (0d 0h 0m 8s)

---------------  T H R E A D  ---------------

Current thread (0x00000121208258b0):  JavaThread "C2 CompilerThread0" daemon [_thread_in_native, id=5412, stack(0x0000000516b00000,0x0000000516c00000)]


Current CompileTask:
C2:   8428 8703       4       org.jetbrains.kotlin.ir.util.TypeTranslator::translateType (625 bytes)

Stack: [0x0000000516b00000,0x0000000516c00000]
Native frames: (J=compiled Java code, j=interpreted, Vv=VM code, C=native code)
V  [jvm.dll+0x683c9a]
V  [jvm.dll+0x8427a4]
V  [jvm.dll+0x843f9e]
V  [jvm.dll+0x844603]
V  [jvm.dll+0x249b75]
V  [jvm.dll+0xabcac]
V  [jvm.dll+0xac27c]
V  [jvm.dll+0x368857]
V  [jvm.dll+0x332f31]
V  [jvm.dll+0x3323da]
V  [jvm.dll+0x21c201]
V  [jvm.dll+0x21b621]
V  [jvm.dll+0x1a4fdd]
V  [jvm.dll+0x22b098]
V  [jvm.dll+0x229159]
V  [jvm.dll+0x7f81ec]
V  [jvm.dll+0x7f274a]
V  [jvm.dll+0x682ad5]
C  [ucrtbase.dll+0x21bb2]
C  [KERNEL32.DLL+0x17614]
C  [ntdll.dll+0x526f1]


---------------  P R O C E S S  ---------------

Threads class SMR info:
_java_thread_list=0x0000012120f7f440, length=13, elements={
0x000001210694cfc0, 0x000001211fdbf600, 0x000001211fdc0c60, 0x000001211fdf06f0,
0x000001211fdf12a0, 0x0000012120824400, 0x0000012120824cc0, 0x00000121208258b0,
0x0000012120828a50, 0x000001212089a620, 0x000001212098d0f0, 0x0000012120997e40,
0x0000012120faf8a0
}

Java Threads: ( => current thread )
  0x000001210694cfc0 JavaThread "main" [_thread_in_vm, id=924, stack(0x0000000515d00000,0x0000000515e00000)]
  0x000001211fdbf600 JavaThread "Reference Handler" daemon [_thread_blocked, id=12184, stack(0x0000000516500000,0x0000000516600000)]
  0x000001211fdc0c60 JavaThread "Finalizer" daemon [_thread_blocked, id=1336, stack(0x0000000516600000,0x0000000516700000)]
  0x000001211fdf06f0 JavaThread "Signal Dispatcher" daemon [_thread_blocked, id=2492, stack(0x0000000516700000,0x0000000516800000)]
  0x000001211fdf12a0 JavaThread "Attach Listener" daemon [_thread_blocked, id=1984, stack(0x0000000516800000,0x0000000516900000)]
  0x0000012120824400 JavaThread "Service Thread" daemon [_thread_blocked, id=11916, stack(0x0000000516900000,0x0000000516a00000)]
  0x0000012120824cc0 JavaThread "Monitor Deflation Thread" daemon [_thread_blocked, id=6812, stack(0x0000000516a00000,0x0000000516b00000)]
=>0x00000121208258b0 JavaThread "C2 CompilerThread0" daemon [_thread_in_native, id=5412, stack(0x0000000516b00000,0x0000000516c00000)]
  0x0000012120828a50 JavaThread "C1 CompilerThread0" daemon [_thread_in_vm, id=8164, stack(0x0000000516c00000,0x0000000516d00000)]
  0x000001212089a620 JavaThread "Sweeper thread" daemon [_thread_blocked, id=3564, stack(0x0000000516d00000,0x0000000516e00000)]
  0x000001212098d0f0 JavaThread "Notification Thread" daemon [_thread_blocked, id=10388, stack(0x0000000516e00000,0x0000000516f00000)]
  0x0000012120997e40 JavaThread "Common-Cleaner" daemon [_thread_blocked, id=9864, stack(0x0000000517000000,0x0000000517100000)]
  0x0000012120faf8a0 JavaThread "C2 CompilerThread1" daemon [_thread_in_native, id=9544, stack(0x0000000517400000,0x0000000517500000)]

Other Threads:
  0x000001211fda85d0 VMThread "VM Thread" [stack: 0x0000000516400000,0x0000000516500000] [id=9972]
  0x000001212098f9e0 WatcherThread [stack: 0x0000000516f00000,0x0000000517000000] [id=3944]
  0x00000121069ab3b0 GCTaskThread "GC Thread#0" [stack: 0x0000000515f00000,0x0000000516000000] [id=3024]
  0x0000012120d8ebe0 GCTaskThread "GC Thread#1" [stack: 0x0000000517100000,0x0000000517200000] [id=2412]
  0x0000012120d8ee90 GCTaskThread "GC Thread#2" [stack: 0x0000000517200000,0x0000000517300000] [id=7020]
  0x0000012120de57e0 GCTaskThread "GC Thread#3" [stack: 0x0000000517300000,0x0000000517400000] [id=10328]
  0x00000121069bbe30 ConcurrentGCThread "G1 Main Marker" [stack: 0x0000000516000000,0x0000000516100000] [id=7084]
  0x00000121069bc840 ConcurrentGCThread "G1 Conc#0" [stack: 0x0000000516100000,0x0000000516200000] [id=4124]
  0x0000012106a1dfb0 ConcurrentGCThread "G1 Refine#0" [stack: 0x0000000516200000,0x0000000516300000] [id=12008]
  0x00000121248bdb00 ConcurrentGCThread "G1 Refine#1" [stack: 0x0000000517500000,0x0000000517600000] [id=6856]
  0x0000012106a1e9d0 ConcurrentGCThread "G1 Service" [stack: 0x0000000516300000,0x0000000516400000] [id=2676]

Threads with active compile tasks:
C2 CompilerThread0     8459 8703       4       org.jetbrains.kotlin.ir.util.TypeTranslator::translateType (625 bytes)
C1 CompilerThread0     8459 8897       3       org.jetbrains.kotlin.ir.builders.IrBuilder::<init> (26 bytes)
C2 CompilerThread1     8459 8711       4       org.jetbrains.kotlin.ir.types.impl.IrSimpleTypeImplKt::buildTypeProjection (48 bytes)

VM state: not at safepoint (normal execution)

VM Mutex/Monitor currently owned by a thread: None

Heap address: 0x0000000082600000, size: 2010 MB, Compressed Oops mode: 32-bit

CDS archive(s) not mapped
Compressed class space mapped at: 0x0000000100000000-0x0000000140000000, reserved size: 1073741824
Narrow klass base: 0x0000000000000000, Narrow klass shift: 3, Narrow klass range: 0x140000000

GC Precious Log:
 CPUs: 4 total, 4 available
 Memory: 8035M
 Large Page Support: Disabled
 NUMA Support: Disabled
 Compressed Oops: Enabled (32-bit)
 Heap Region Size: 1M
 Heap Min Capacity: 8M
 Heap Initial Capacity: 126M
 Heap Max Capacity: 2010M
 Pre-touch: Disabled
 Parallel Workers: 4
 Concurrent Workers: 1
 Concurrent Refinement Workers: 4
 Periodic GC: Disabled

Heap:
 garbage-first heap   total 149504K, used 83617K [0x0000000082600000, 0x0000000100000000)
  region size 1024K, 33 young (33792K), 8 survivors (8192K)
 Metaspace       used 72576K, committed 72896K, reserved 1114112K
  class space    used 8318K, committed 8448K, reserved 1048576K

Heap Regions: E=young(eden), S=young(survivor), O=old, HS=humongous(starts), HC=humongous(continues), CS=collection set, F=free, OA=open archive, CA=closed archive, TAMS=top-at-mark-start (previous, next)
|   0|0x0000000082600000, 0x0000000082700000, 0x0000000082700000|100%|HS|  |TAMS 0x0000000082700000, 0x0000000082600000| Complete 
|   1|0x0000000082700000, 0x0000000082800000, 0x0000000082800000|100%|HC|  |TAMS 0x0000000082800000, 0x0000000082700000| Complete 
|   2|0x0000000082800000, 0x0000000082900000, 0x0000000082900000|100%|HC|  |TAMS 0x0000000082900000, 0x0000000082800000| Complete 
|   3|0x0000000082900000, 0x0000000082a00000, 0x0000000082a00000|100%|HC|  |TAMS 0x0000000082a00000, 0x0000000082900000| Complete 
|   4|0x0000000082a00000, 0x0000000082b00000, 0x0000000082b00000|100%| O|  |TAMS 0x0000000082b00000, 0x0000000082a00000| Untracked 
|   5|0x0000000082b00000, 0x0000000082c00000, 0x0000000082c00000|100%| O|  |TAMS 0x0000000082c00000, 0x0000000082b00000| Untracked 
|   6|0x0000000082c00000, 0x0000000082d00000, 0x0000000082d00000|100%| O|  |TAMS 0x0000000082d00000, 0x0000000082c00000| Untracked 
|   7|0x0000000082d00000, 0x0000000082e00000, 0x0000000082e00000|100%|HS|  |TAMS 0x0000000082e00000, 0x0000000082d00000| Complete 
|   8|0x0000000082e00000, 0x0000000082f00000, 0x0000000082f00000|100%|HC|  |TAMS 0x0000000082f00000, 0x0000000082e00000| Complete 
|   9|0x0000000082f00000, 0x0000000083000000, 0x0000000083000000|100%|HC|  |TAMS 0x0000000083000000, 0x0000000082f00000| Complete 
|  10|0x0000000083000000, 0x0000000083100000, 0x0000000083100000|100%|HC|  |TAMS 0x0000000083100000, 0x0000000083000000| Complete 
|  11|0x0000000083100000, 0x0000000083200000, 0x0000000083200000|100%| O|  |TAMS 0x0000000083200000, 0x0000000083100000| Untracked 
|  12|0x0000000083200000, 0x0000000083300000, 0x0000000083300000|100%| O|  |TAMS 0x0000000083300000, 0x0000000083200000| Untracked 
|  13|0x0000000083300000, 0x0000000083400000, 0x0000000083400000|100%| O|  |TAMS 0x0000000083400000, 0x0000000083300000| Untracked 
|  14|0x0000000083400000, 0x0000000083500000, 0x0000000083500000|100%| O|  |TAMS 0x0000000083500000, 0x0000000083400000| Untracked 
|  15|0x0000000083500000, 0x0000000083600000, 0x0000000083600000|100%| O|  |TAMS 0x0000000083600000, 0x0000000083500000| Untracked 
|  16|0x0000000083600000, 0x0000000083700000, 0x0000000083700000|100%| O|  |TAMS 0x0000000083700000, 0x0000000083600000| Untracked 
|  17|0x0000000083700000, 0x0000000083800000, 0x0000000083800000|100%| O|  |TAMS 0x0000000083800000, 0x0000000083700000| Untracked 
|  18|0x0000000083800000, 0x0000000083900000, 0x0000000083900000|100%| O|  |TAMS 0x0000000083900000, 0x0000000083800000| Untracked 
|  19|0x0000000083900000, 0x0000000083a00000, 0x0000000083a00000|100%| O|  |TAMS 0x0000000083a00000, 0x0000000083900000| Untracked 
|  20|0x0000000083a00000, 0x0000000083b00000, 0x0000000083b00000|100%| O|  |TAMS 0x0000000083b00000, 0x0000000083a00000| Untracked 
|  21|0x0000000083b00000, 0x0000000083c00000, 0x0000000083c00000|100%| O|  |TAMS 0x0000000083c00000, 0x0000000083b00000| Untracked 
|  22|0x0000000083c00000, 0x0000000083d00000, 0x0000000083d00000|100%| O|  |TAMS 0x0000000083d00000, 0x0000000083c00000| Untracked 
|  23|0x0000000083d00000, 0x0000000083e00000, 0x0000000083e00000|100%| O|  |TAMS 0x0000000083e00000, 0x0000000083d00000| Untracked 
|  24|0x0000000083e00000, 0x0000000083f00000, 0x0000000083f00000|100%| O|  |TAMS 0x0000000083f00000, 0x0000000083e00000| Untracked 
|  25|0x0000000083f00000, 0x0000000084000000, 0x0000000084000000|100%| O|  |TAMS 0x0000000084000000, 0x0000000083f00000| Untracked 
|  26|0x0000000084000000, 0x0000000084100000, 0x0000000084100000|100%| O|  |TAMS 0x0000000084100000, 0x0000000084000000| Untracked 
|  27|0x0000000084100000, 0x0000000084200000, 0x0000000084200000|100%|HS|  |TAMS 0x0000000084200000, 0x0000000084100000| Complete 
|  28|0x0000000084200000, 0x0000000084300000, 0x0000000084300000|100%|HC|  |TAMS 0x0000000084300000, 0x0000000084200000| Complete 
|  29|0x0000000084300000, 0x0000000084400000, 0x0000000084400000|100%| O|  |TAMS 0x0000000084400000, 0x0000000084300000| Untracked 
|  30|0x0000000084400000, 0x0000000084500000, 0x0000000084500000|100%| O|  |TAMS 0x0000000084500000, 0x0000000084400000| Untracked 
|  31|0x0000000084500000, 0x0000000084600000, 0x0000000084600000|100%| O|  |TAMS 0x0000000084600000, 0x0000000084500000| Untracked 
|  32|0x0000000084600000, 0x0000000084700000, 0x0000000084700000|100%| O|  |TAMS 0x0000000084700000, 0x0000000084600000| Untracked 
|  33|0x0000000084700000, 0x0000000084800000, 0x0000000084800000|100%| O|  |TAMS 0x0000000084800000, 0x0000000084700000| Untracked 
|  34|0x0000000084800000, 0x0000000084900000, 0x0000000084900000|100%| O|  |TAMS 0x0000000084900000, 0x0000000084800000| Untracked 
|  35|0x0000000084900000, 0x0000000084a00000, 0x0000000084a00000|100%| O|  |TAMS 0x0000000084a00000, 0x0000000084900000| Untracked 
|  36|0x0000000084a00000, 0x0000000084b00000, 0x0000000084b00000|100%| O|  |TAMS 0x0000000084b00000, 0x0000000084a00000| Untracked 
|  37|0x0000000084b00000, 0x0000000084c00000, 0x0000000084c00000|100%| O|  |TAMS 0x0000000084c00000, 0x0000000084b00000| Untracked 
|  38|0x0000000084c00000, 0x0000000084d00000, 0x0000000084d00000|100%| O|  |TAMS 0x0000000084d00000, 0x0000000084c00000| Untracked 
|  39|0x0000000084d00000, 0x0000000084e00000, 0x0000000084e00000|100%| O|  |TAMS 0x0000000084e00000, 0x0000000084d00000| Untracked 
|  40|0x0000000084e00000, 0x0000000084f00000, 0x0000000084f00000|100%| O|  |TAMS 0x0000000084f00000, 0x0000000084e00000| Untracked 
|  41|0x0000000084f00000, 0x0000000085000000, 0x0000000085000000|100%| O|  |TAMS 0x0000000085000000, 0x0000000084f00000| Untracked 
|  42|0x0000000085000000, 0x0000000085100000, 0x0000000085100000|100%| O|  |TAMS 0x0000000085100000, 0x0000000085000000| Untracked 
|  43|0x0000000085100000, 0x0000000085200000, 0x0000000085200000|100%| O|  |TAMS 0x0000000085200000, 0x0000000085100000| Untracked 
|  44|0x0000000085200000, 0x0000000085300000, 0x0000000085300000|100%| O|  |TAMS 0x0000000085300000, 0x0000000085200000| Untracked 
|  45|0x0000000085300000, 0x0000000085400000, 0x0000000085400000|100%| O|  |TAMS 0x0000000085400000, 0x0000000085300000| Untracked 
|  46|0x0000000085400000, 0x0000000085500000, 0x0000000085500000|100%| O|  |TAMS 0x0000000085500000, 0x0000000085400000| Untracked 
|  47|0x0000000085500000, 0x0000000085600000, 0x0000000085600000|100%| O|  |TAMS 0x0000000085600000, 0x0000000085500000| Untracked 
|  48|0x0000000085600000, 0x0000000085700000, 0x0000000085700000|100%| O|  |TAMS 0x0000000085700000, 0x0000000085600000| Untracked 
|  49|0x0000000085700000, 0x0000000085800000, 0x0000000085800000|100%| O|  |TAMS 0x0000000085800000, 0x0000000085700000| Complete 
|  50|0x0000000085800000, 0x0000000085800000, 0x0000000085900000|  0%| F|  |TAMS 0x0000000085800000, 0x0000000085800000| Untracked 
|  51|0x0000000085900000, 0x0000000085900000, 0x0000000085a00000|  0%| F|  |TAMS 0x0000000085900000, 0x0000000085900000| Untracked 
|  52|0x0000000085a00000, 0x0000000085a00000, 0x0000000085b00000|  0%| F|  |TAMS 0x0000000085a00000, 0x0000000085a00000| Untracked 
|  53|0x0000000085b00000, 0x0000000085b00000, 0x0000000085c00000|  0%| F|  |TAMS 0x0000000085b00000, 0x0000000085b00000| Untracked 
|  54|0x0000000085c00000, 0x0000000085c00000, 0x0000000085d00000|  0%| F|  |TAMS 0x0000000085c00000, 0x0000000085c00000| Untracked 
|  55|0x0000000085d00000, 0x0000000085d00000, 0x0000000085e00000|  0%| F|  |TAMS 0x0000000085d00000, 0x0000000085d00000| Untracked 
|  56|0x0000000085e00000, 0x0000000085e00000, 0x0000000085f00000|  0%| F|  |TAMS 0x0000000085e00000, 0x0000000085e00000| Untracked 
|  57|0x0000000085f00000, 0x0000000085f00000, 0x0000000086000000|  0%| F|  |TAMS 0x0000000085f00000, 0x0000000085f00000| Untracked 
|  58|0x0000000086000000, 0x0000000086000000, 0x0000000086100000|  0%| F|  |TAMS 0x0000000086000000, 0x0000000086000000| Untracked 
|  59|0x0000000086100000, 0x0000000086100000, 0x0000000086200000|  0%| F|  |TAMS 0x0000000086100000, 0x0000000086100000| Untracked 
|  60|0x0000000086200000, 0x0000000086200000, 0x0000000086300000|  0%| F|  |TAMS 0x0000000086200000, 0x0000000086200000| Untracked 
|  61|0x0000000086300000, 0x0000000086300000, 0x0000000086400000|  0%| F|  |TAMS 0x0000000086300000, 0x0000000086300000| Untracked 
|  62|0x0000000086400000, 0x0000000086400000, 0x0000000086500000|  0%| F|  |TAMS 0x0000000086400000, 0x0000000086400000| Untracked 
|  63|0x0000000086500000, 0x0000000086500000, 0x0000000086600000|  0%| F|  |TAMS 0x0000000086500000, 0x0000000086500000| Untracked 
|  64|0x0000000086600000, 0x0000000086600000, 0x0000000086700000|  0%| F|  |TAMS 0x0000000086600000, 0x0000000086600000| Untracked 
|  65|0x0000000086700000, 0x0000000086700000, 0x0000000086800000|  0%| F|  |TAMS 0x0000000086700000, 0x0000000086700000| Untracked 
|  66|0x0000000086800000, 0x0000000086800000, 0x0000000086900000|  0%| F|  |TAMS 0x0000000086800000, 0x0000000086800000| Untracked 
|  67|0x0000000086900000, 0x0000000086900000, 0x0000000086a00000|  0%| F|  |TAMS 0x0000000086900000, 0x0000000086900000| Untracked 
|  68|0x0000000086a00000, 0x0000000086a00000, 0x0000000086b00000|  0%| F|  |TAMS 0x0000000086a00000, 0x0000000086a00000| Untracked 
|  69|0x0000000086b00000, 0x0000000086b00000, 0x0000000086c00000|  0%| F|  |TAMS 0x0000000086b00000, 0x0000000086b00000| Untracked 
|  70|0x0000000086c00000, 0x0000000086c00000, 0x0000000086d00000|  0%| F|  |TAMS 0x0000000086c00000, 0x0000000086c00000| Untracked 
|  71|0x0000000086d00000, 0x0000000086d00000, 0x0000000086e00000|  0%| F|  |TAMS 0x0000000086d00000, 0x0000000086d00000| Untracked 
|  72|0x0000000086e00000, 0x0000000086e00000, 0x0000000086f00000|  0%| F|  |TAMS 0x0000000086e00000, 0x0000000086e00000| Untracked 
|  73|0x0000000086f00000, 0x0000000086f00000, 0x0000000087000000|  0%| F|  |TAMS 0x0000000086f00000, 0x0000000086f00000| Untracked 
|  74|0x0000000087000000, 0x0000000087000000, 0x0000000087100000|  0%| F|  |TAMS 0x0000000087000000, 0x0000000087000000| Untracked 
|  75|0x0000000087100000, 0x0000000087100000, 0x0000000087200000|  0%| F|  |TAMS 0x0000000087100000, 0x0000000087100000| Untracked 
|  76|0x0000000087200000, 0x00000000872a87f0, 0x0000000087300000| 65%| S|CS|TAMS 0x0000000087200000, 0x0000000087200000| Complete 
|  77|0x0000000087300000, 0x0000000087400000, 0x0000000087400000|100%| S|CS|TAMS 0x0000000087300000, 0x0000000087300000| Complete 
|  78|0x0000000087400000, 0x0000000087500000, 0x0000000087500000|100%| S|CS|TAMS 0x0000000087400000, 0x0000000087400000| Complete 
|  79|0x0000000087500000, 0x0000000087600000, 0x0000000087600000|100%| S|CS|TAMS 0x0000000087500000, 0x0000000087500000| Complete 
|  80|0x0000000087600000, 0x0000000087700000, 0x0000000087700000|100%| S|CS|TAMS 0x0000000087600000, 0x0000000087600000| Complete 
|  81|0x0000000087700000, 0x0000000087800000, 0x0000000087800000|100%| S|CS|TAMS 0x0000000087700000, 0x0000000087700000| Complete 
|  82|0x0000000087800000, 0x0000000087900000, 0x0000000087900000|100%| S|CS|TAMS 0x0000000087800000, 0x0000000087800000| Complete 
|  83|0x0000000087900000, 0x0000000087a00000, 0x0000000087a00000|100%| S|CS|TAMS 0x0000000087900000, 0x0000000087900000| Complete 
|  84|0x0000000087a00000, 0x0000000087a00000, 0x0000000087b00000|  0%| F|  |TAMS 0x0000000087a00000, 0x0000000087a00000| Untracked 
|  85|0x0000000087b00000, 0x0000000087b00000, 0x0000000087c00000|  0%| F|  |TAMS 0x0000000087b00000, 0x0000000087b00000| Untracked 
|  86|0x0000000087c00000, 0x0000000087c00000, 0x0000000087d00000|  0%| F|  |TAMS 0x0000000087c00000, 0x0000000087c00000| Untracked 
|  87|0x0000000087d00000, 0x0000000087d00000, 0x0000000087e00000|  0%| F|  |TAMS 0x0000000087d00000, 0x0000000087d00000| Untracked 
|  88|0x0000000087e00000, 0x0000000087e00000, 0x0000000087f00000|  0%| F|  |TAMS 0x0000000087e00000, 0x0000000087e00000| Untracked 
|  89|0x0000000087f00000, 0x0000000087f00000, 0x0000000088000000|  0%| F|  |TAMS 0x0000000087f00000, 0x0000000087f00000| Untracked 
|  90|0x0000000088000000, 0x0000000088000000, 0x0000000088100000|  0%| F|  |TAMS 0x0000000088000000, 0x0000000088000000| Untracked 
|  91|0x0000000088100000, 0x0000000088100000, 0x0000000088200000|  0%| F|  |TAMS 0x0000000088100000, 0x0000000088100000| Untracked 
|  92|0x0000000088200000, 0x0000000088200000, 0x0000000088300000|  0%| F|  |TAMS 0x0000000088200000, 0x0000000088200000| Untracked 
|  93|0x0000000088300000, 0x0000000088300000, 0x0000000088400000|  0%| F|  |TAMS 0x0000000088300000, 0x0000000088300000| Untracked 
|  94|0x0000000088400000, 0x0000000088400000, 0x0000000088500000|  0%| F|  |TAMS 0x0000000088400000, 0x0000000088400000| Untracked 
|  95|0x0000000088500000, 0x0000000088500000, 0x0000000088600000|  0%| F|  |TAMS 0x0000000088500000, 0x0000000088500000| Untracked 
|  96|0x0000000088600000, 0x0000000088600000, 0x0000000088700000|  0%| F|  |TAMS 0x0000000088600000, 0x0000000088600000| Untracked 
|  97|0x0000000088700000, 0x0000000088700000, 0x0000000088800000|  0%| F|  |TAMS 0x0000000088700000, 0x0000000088700000| Untracked 
|  98|0x0000000088800000, 0x0000000088800000, 0x0000000088900000|  0%| F|  |TAMS 0x0000000088800000, 0x0000000088800000| Untracked 
|  99|0x0000000088900000, 0x0000000088900000, 0x0000000088a00000|  0%| F|  |TAMS 0x0000000088900000, 0x0000000088900000| Untracked 
| 100|0x0000000088a00000, 0x0000000088a00000, 0x0000000088b00000|  0%| F|  |TAMS 0x0000000088a00000, 0x0000000088a00000| Untracked 
| 101|0x0000000088b00000, 0x0000000088b00000, 0x0000000088c00000|  0%| F|  |TAMS 0x0000000088b00000, 0x0000000088b00000| Untracked 
| 102|0x0000000088c00000, 0x0000000088c00000, 0x0000000088d00000|  0%| F|  |TAMS 0x0000000088c00000, 0x0000000088c00000| Untracked 
| 103|0x0000000088d00000, 0x0000000088d00000, 0x0000000088e00000|  0%| F|  |TAMS 0x0000000088d00000, 0x0000000088d00000| Untracked 
| 104|0x0000000088e00000, 0x0000000088e00000, 0x0000000088f00000|  0%| F|  |TAMS 0x0000000088e00000, 0x0000000088e00000| Untracked 
| 105|0x0000000088f00000, 0x0000000088f00000, 0x0000000089000000|  0%| F|  |TAMS 0x0000000088f00000, 0x0000000088f00000| Untracked 
| 106|0x0000000089000000, 0x0000000089000000, 0x0000000089100000|  0%| F|  |TAMS 0x0000000089000000, 0x0000000089000000| Untracked 
| 107|0x0000000089100000, 0x0000000089100000, 0x0000000089200000|  0%| F|  |TAMS 0x0000000089100000, 0x0000000089100000| Untracked 
| 108|0x0000000089200000, 0x0000000089200000, 0x0000000089300000|  0%| F|  |TAMS 0x0000000089200000, 0x0000000089200000| Untracked 
| 109|0x0000000089300000, 0x0000000089300000, 0x0000000089400000|  0%| F|  |TAMS 0x0000000089300000, 0x0000000089300000| Untracked 
| 110|0x0000000089400000, 0x0000000089400000, 0x0000000089500000|  0%| F|  |TAMS 0x0000000089400000, 0x0000000089400000| Untracked 
| 111|0x0000000089500000, 0x0000000089500000, 0x0000000089600000|  0%| F|  |TAMS 0x0000000089500000, 0x0000000089500000| Untracked 
| 112|0x0000000089600000, 0x0000000089600000, 0x0000000089700000|  0%| F|  |TAMS 0x0000000089600000, 0x0000000089600000| Untracked 
| 113|0x0000000089700000, 0x0000000089700000, 0x0000000089800000|  0%| F|  |TAMS 0x0000000089700000, 0x0000000089700000| Untracked 
| 114|0x0000000089800000, 0x0000000089800000, 0x0000000089900000|  0%| F|  |TAMS 0x0000000089800000, 0x0000000089800000| Untracked 
| 115|0x0000000089900000, 0x0000000089900000, 0x0000000089a00000|  0%| F|  |TAMS 0x0000000089900000, 0x0000000089900000| Untracked 
| 116|0x0000000089a00000, 0x0000000089a00000, 0x0000000089b00000|  0%| F|  |TAMS 0x0000000089a00000, 0x0000000089a00000| Untracked 
| 117|0x0000000089b00000, 0x0000000089b00000, 0x0000000089c00000|  0%| F|  |TAMS 0x0000000089b00000, 0x0000000089b00000| Untracked 
| 118|0x0000000089c00000, 0x0000000089c00000, 0x0000000089d00000|  0%| F|  |TAMS 0x0000000089c00000, 0x0000000089c00000| Untracked 
| 119|0x0000000089d00000, 0x0000000089d00000, 0x0000000089e00000|  0%| F|  |TAMS 0x0000000089d00000, 0x0000000089d00000| Untracked 
| 120|0x0000000089e00000, 0x0000000089e00000, 0x0000000089f00000|  0%| F|  |TAMS 0x0000000089e00000, 0x0000000089e00000| Untracked 
| 121|0x0000000089f00000, 0x0000000089fa9780, 0x000000008a000000| 66%| E|  |TAMS 0x0000000089f00000, 0x0000000089f00000| Complete 
| 122|0x000000008a000000, 0x000000008a100000, 0x000000008a100000|100%| E|CS|TAMS 0x000000008a000000, 0x000000008a000000| Complete 
| 123|0x000000008a100000, 0x000000008a200000, 0x000000008a200000|100%| E|CS|TAMS 0x000000008a100000, 0x000000008a100000| Complete 
| 124|0x000000008a200000, 0x000000008a300000, 0x000000008a300000|100%| E|CS|TAMS 0x000000008a200000, 0x000000008a200000| Complete 
| 125|0x000000008a300000, 0x000000008a400000, 0x000000008a400000|100%| E|CS|TAMS 0x000000008a300000, 0x000000008a300000| Complete 
| 126|0x000000008a400000, 0x000000008a500000, 0x000000008a500000|100%| E|CS|TAMS 0x000000008a400000, 0x000000008a400000| Complete 
| 127|0x000000008a500000, 0x000000008a600000, 0x000000008a600000|100%| E|CS|TAMS 0x000000008a500000, 0x000000008a500000| Complete 
| 128|0x000000008a600000, 0x000000008a700000, 0x000000008a700000|100%| E|CS|TAMS 0x000000008a600000, 0x000000008a600000| Complete 
| 129|0x000000008a700000, 0x000000008a800000, 0x000000008a800000|100%| E|CS|TAMS 0x000000008a700000, 0x000000008a700000| Complete 
| 130|0x000000008a800000, 0x000000008a900000, 0x000000008a900000|100%| E|CS|TAMS 0x000000008a800000, 0x000000008a800000| Complete 
| 131|0x000000008a900000, 0x000000008aa00000, 0x000000008aa00000|100%| E|CS|TAMS 0x000000008a900000, 0x000000008a900000| Complete 
| 132|0x000000008aa00000, 0x000000008ab00000, 0x000000008ab00000|100%| E|CS|TAMS 0x000000008aa00000, 0x000000008aa00000| Complete 
| 133|0x000000008ab00000, 0x000000008ac00000, 0x000000008ac00000|100%| E|CS|TAMS 0x000000008ab00000, 0x000000008ab00000| Complete 
| 134|0x000000008ac00000, 0x000000008ad00000, 0x000000008ad00000|100%| E|CS|TAMS 0x000000008ac00000, 0x000000008ac00000| Complete 
| 135|0x000000008ad00000, 0x000000008ae00000, 0x000000008ae00000|100%| E|CS|TAMS 0x000000008ad00000, 0x000000008ad00000| Complete 
| 136|0x000000008ae00000, 0x000000008af00000, 0x000000008af00000|100%| E|CS|TAMS 0x000000008ae00000, 0x000000008ae00000| Complete 
| 137|0x000000008af00000, 0x000000008b000000, 0x000000008b000000|100%| E|CS|TAMS 0x000000008af00000, 0x000000008af00000| Complete 
| 138|0x000000008b000000, 0x000000008b100000, 0x000000008b100000|100%| E|CS|TAMS 0x000000008b000000, 0x000000008b000000| Complete 
| 139|0x000000008b100000, 0x000000008b200000, 0x000000008b200000|100%| E|CS|TAMS 0x000000008b100000, 0x000000008b100000| Complete 
| 140|0x000000008b200000, 0x000000008b300000, 0x000000008b300000|100%| E|CS|TAMS 0x000000008b200000, 0x000000008b200000| Complete 
| 141|0x000000008b300000, 0x000000008b400000, 0x000000008b400000|100%| E|CS|TAMS 0x000000008b300000, 0x000000008b300000| Complete 
| 142|0x000000008b400000, 0x000000008b500000, 0x000000008b500000|100%| E|CS|TAMS 0x000000008b400000, 0x000000008b400000| Complete 
| 143|0x000000008b500000, 0x000000008b600000, 0x000000008b600000|100%| E|CS|TAMS 0x000000008b500000, 0x000000008b500000| Complete 
| 144|0x000000008b600000, 0x000000008b700000, 0x000000008b700000|100%| E|CS|TAMS 0x000000008b600000, 0x000000008b600000| Complete 
| 145|0x000000008b700000, 0x000000008b800000, 0x000000008b800000|100%| E|CS|TAMS 0x000000008b700000, 0x000000008b700000| Complete 

Card table byte_map: [0x0000012119210000,0x0000012119600000] _byte_map_base: 0x0000012118dfd000

Marking Bits (Prev, Next): (CMBitMap*) 0x00000121069ab9c0, (CMBitMap*) 0x00000121069aba00
 Prev Bits: [0x00000121199f0000, 0x000001211b958000)
 Next Bits: [0x000001211b960000, 0x000001211d8c8000)

Polling page: 0x0000012106120000

Metaspace:

Usage:
  Non-class:     62.80 MB used.
      Class:      8.13 MB used.
       Both:     70.93 MB used.

Virtual space:
  Non-class space:       64.00 MB reserved,      62.94 MB ( 98%) committed,  8 nodes.
      Class space:        1.00 GB reserved,       8.25 MB ( <1%) committed,  1 nodes.
             Both:        1.06 GB reserved,      71.19 MB (  7%) committed. 

Chunk freelists:
   Non-Class:  768.00 KB
       Class:  3.70 MB
        Both:  4.45 MB

MaxMetaspaceSize: unlimited
CompressedClassSpaceSize: 1.00 GB
Initial GC threshold: 21.00 MB
Current GC threshold: 114.50 MB
CDS: off
MetaspaceReclaimPolicy: balanced
 - commit_granule_bytes: 65536.
 - commit_granule_words: 8192.
 - virtual_space_node_default_size: 1048576.
 - enlarge_chunks_in_place: 1.
 - new_chunks_are_fully_committed: 0.
 - uncommit_free_chunks: 1.
 - use_allocation_guard: 0.
 - handle_deallocations: 1.


Internal statistics:

num_allocs_failed_limit: 18.
num_arena_births: 274.
num_arena_deaths: 0.
num_vsnodes_births: 9.
num_vsnodes_deaths: 0.
num_space_committed: 1137.
num_space_uncommitted: 0.
num_chunks_returned_to_freelist: 18.
num_chunks_taken_from_freelist: 2442.
num_chunk_merges: 18.
num_chunk_splits: 2050.
num_chunks_enlarged: 1861.
num_purges: 0.
num_inconsistent_stats: 0.

CodeHeap 'non-profiled nmethods': size=120000Kb used=3607Kb max_used=3875Kb free=116392Kb
 bounds [0x00000121118f0000, 0x0000012111cc0000, 0x0000012118e20000]
CodeHeap 'profiled nmethods': size=120000Kb used=18225Kb max_used=20611Kb free=101774Kb
 bounds [0x0000012109e20000, 0x000001210b250000, 0x0000012111350000]
CodeHeap 'non-nmethods': size=5760Kb used=1387Kb max_used=1466Kb free=4372Kb
 bounds [0x0000012111350000, 0x00000121115c0000, 0x00000121118f0000]
 total_blobs=8183 nmethods=7460 adapters=631
 compilation: enabled
              stopped_count=0, restarted_count=0
 full_count=0

Compilation events (20 events):
Event: 8.418 Thread 0x0000012120828a50 8863       3       org.jetbrains.kotlin.backend.jvm.lower.JvmArgumentNullabilityAssertionsLowering::visitDeclaration (10 bytes)
Event: 8.419 Thread 0x0000012120828a50 nmethod 8863 0x000001210a1c0690 code [0x000001210a1c09c0, 0x000001210a1c1ae8]
Event: 8.419 Thread 0x0000012120828a50 8866       3       org.jetbrains.kotlin.backend.jvm.lower.JvmArgumentNullabilityAssertionsLowering::visitDeclaration (21 bytes)
Event: 8.420 Thread 0x0000012120828a50 nmethod 8866 0x000001210a929310 code [0x000001210a929620, 0x000001210a92a608]
Event: 8.420 Thread 0x0000012120828a50 8864       3       org.jetbrains.kotlin.backend.jvm.lower.JvmArgumentNullabilityAssertionsLowering::visitValueParameter (10 bytes)
Event: 8.421 Thread 0x0000012120828a50 nmethod 8864 0x000001210a4a9910 code [0x000001210a4a9c40, 0x000001210a4aadb8]
Event: 8.421 Thread 0x0000012120828a50 8865       3       org.jetbrains.kotlin.backend.jvm.lower.JvmArgumentNullabilityAssertionsLowering::visitValueParameter (7 bytes)
Event: 8.422 Thread 0x0000012120828a50 nmethod 8865 0x000001210a59af10 code [0x000001210a59b280, 0x000001210a59c588]
Event: 8.422 Thread 0x0000012120828a50 8867       3       org.jetbrains.kotlin.backend.jvm.lower.JvmArgumentNullabilityAssertionsLowering::visitFunction (10 bytes)
Event: 8.423 Thread 0x0000012120828a50 nmethod 8867 0x000001210a54cf10 code [0x000001210a54d240, 0x000001210a54e3b8]
Event: 8.423 Thread 0x0000012120828a50 8868       3       org.jetbrains.kotlin.backend.jvm.lower.JvmArgumentNullabilityAssertionsLowering::visitFunction (7 bytes)
Event: 8.424 Thread 0x0000012120828a50 nmethod 8868 0x000001210ab48d90 code [0x000001210ab49100, 0x000001210ab4a408]
Event: 8.424 Thread 0x0000012120828a50 8869       3       org.jetbrains.kotlin.backend.common.ClassLoweringVisitor::visitCall (13 bytes)
Event: 8.425 Thread 0x0000012120828a50 nmethod 8869 0x0000012109e92510 code [0x0000012109e92800, 0x0000012109e935d8]
Event: 8.425 Thread 0x0000012120828a50 8870       3       org.jetbrains.kotlin.ir.expressions.IrBody::transform (25 bytes)
Event: 8.426 Thread 0x0000012120828a50 nmethod 8870 0x000001210aa97a90 code [0x000001210aa97d20, 0x000001210aa989d8]
Event: 8.426 Thread 0x0000012120828a50 8871       3       org.jetbrains.kotlin.ir.expressions.IrWhen::accept (15 bytes)
Event: 8.426 Thread 0x0000012120828a50 nmethod 8871 0x000001210a941810 code [0x000001210a941a20, 0x000001210a9420a8]
Event: 8.426 Thread 0x0000012120828a50 8872       1       org.jetbrains.kotlin.backend.jvm.JvmBackendContext::getIrBuiltIns (5 bytes)
Event: 8.427 Thread 0x0000012120828a50 nmethod 8872 0x0000012111b39490 code [0x0000012111b39620, 0x0000012111b396f8]

GC Heap History (20 events):
Event: 2.634 GC heap before
{Heap before GC invocations=6 (full 0):
 garbage-first heap   total 45056K, used 34094K [0x0000000082600000, 0x0000000100000000)
  region size 1024K, 17 young (17408K), 1 survivors (1024K)
 Metaspace       used 31126K, committed 31360K, reserved 1081344K
  class space    used 3768K, committed 3904K, reserved 1048576K
}
Event: 2.639 GC heap after
{Heap after GC invocations=7 (full 0):
 garbage-first heap   total 69632K, used 21504K [0x0000000082600000, 0x0000000100000000)
  region size 1024K, 3 young (3072K), 3 survivors (3072K)
 Metaspace       used 31126K, committed 31360K, reserved 1081344K
  class space    used 3768K, committed 3904K, reserved 1048576K
}
Event: 3.019 GC heap before
{Heap before GC invocations=7 (full 0):
 garbage-first heap   total 69632K, used 45056K [0x0000000082600000, 0x0000000100000000)
  region size 1024K, 27 young (27648K), 3 survivors (3072K)
 Metaspace       used 35917K, committed 36096K, reserved 1081344K
  class space    used 4526K, committed 4608K, reserved 1048576K
}
Event: 3.029 GC heap after
{Heap after GC invocations=8 (full 0):
 garbage-first heap   total 69632K, used 25595K [0x0000000082600000, 0x0000000100000000)
  region size 1024K, 4 young (4096K), 4 survivors (4096K)
 Metaspace       used 35917K, committed 36096K, reserved 1081344K
  class space    used 4526K, committed 4608K, reserved 1048576K
}
Event: 3.419 GC heap before
{Heap before GC invocations=9 (full 0):
 garbage-first heap   total 69632K, used 50171K [0x0000000082600000, 0x0000000100000000)
  region size 1024K, 29 young (29696K), 4 survivors (4096K)
 Metaspace       used 41095K, committed 41280K, reserved 1089536K
  class space    used 5012K, committed 5120K, reserved 1048576K
}
Event: 3.429 GC heap after
{Heap after GC invocations=10 (full 0):
 garbage-first heap   total 69632K, used 26421K [0x0000000082600000, 0x0000000100000000)
  region size 1024K, 3 young (3072K), 3 survivors (3072K)
 Metaspace       used 41095K, committed 41280K, reserved 1089536K
  class space    used 5012K, committed 5120K, reserved 1048576K
}
Event: 3.447 GC heap before
{Heap before GC invocations=10 (full 0):
 garbage-first heap   total 69632K, used 27445K [0x0000000082600000, 0x0000000100000000)
  region size 1024K, 4 young (4096K), 3 survivors (3072K)
 Metaspace       used 41313K, committed 41472K, reserved 1089536K
  class space    used 5035K, committed 5120K, reserved 1048576K
}
Event: 3.452 GC heap after
{Heap after GC invocations=11 (full 0):
 garbage-first heap   total 69632K, used 26847K [0x0000000082600000, 0x0000000100000000)
  region size 1024K, 1 young (1024K), 1 survivors (1024K)
 Metaspace       used 41313K, committed 41472K, reserved 1089536K
  class space    used 5035K, committed 5120K, reserved 1048576K
}
Event: 3.919 GC heap before
{Heap before GC invocations=11 (full 0):
 garbage-first heap   total 69632K, used 50399K [0x0000000082600000, 0x0000000100000000)
  region size 1024K, 25 young (25600K), 1 survivors (1024K)
 Metaspace       used 47482K, committed 47744K, reserved 1097728K
  class space    used 5790K, committed 5888K, reserved 1048576K
}
Event: 3.926 GC heap after
{Heap after GC invocations=12 (full 0):
 garbage-first heap   total 123904K, used 28154K [0x0000000082600000, 0x0000000100000000)
  region size 1024K, 2 young (2048K), 2 survivors (2048K)
 Metaspace       used 47482K, committed 47744K, reserved 1097728K
  class space    used 5790K, committed 5888K, reserved 1048576K
}
Event: 4.785 GC heap before
{Heap before GC invocations=12 (full 0):
 garbage-first heap   total 123904K, used 92666K [0x0000000082600000, 0x0000000100000000)
  region size 1024K, 62 young (63488K), 2 survivors (2048K)
 Metaspace       used 51747K, committed 51968K, reserved 1097728K
  class space    used 6162K, committed 6272K, reserved 1048576K
}
Event: 4.800 GC heap after
{Heap after GC invocations=13 (full 0):
 garbage-first heap   total 123904K, used 38565K [0x0000000082600000, 0x0000000100000000)
  region size 1024K, 8 young (8192K), 8 survivors (8192K)
 Metaspace       used 51747K, committed 51968K, reserved 1097728K
  class space    used 6162K, committed 6272K, reserved 1048576K
}
Event: 5.463 GC heap before
{Heap before GC invocations=13 (full 0):
 garbage-first heap   total 123904K, used 90789K [0x0000000082600000, 0x0000000100000000)
  region size 1024K, 59 young (60416K), 8 survivors (8192K)
 Metaspace       used 52900K, committed 53184K, reserved 1097728K
  class space    used 6222K, committed 6336K, reserved 1048576K
}
Event: 5.484 GC heap after
{Heap after GC invocations=14 (full 0):
 garbage-first heap   total 123904K, used 45632K [0x0000000082600000, 0x0000000100000000)
  region size 1024K, 7 young (7168K), 7 survivors (7168K)
 Metaspace       used 52900K, committed 53184K, reserved 1097728K
  class space    used 6222K, committed 6336K, reserved 1048576K
}
Event: 6.617 GC heap before
{Heap before GC invocations=14 (full 0):
 garbage-first heap   total 123904K, used 92736K [0x0000000082600000, 0x0000000100000000)
  region size 1024K, 53 young (54272K), 7 survivors (7168K)
 Metaspace       used 57908K, committed 58176K, reserved 1105920K
  class space    used 6759K, committed 6912K, reserved 1048576K
}
Event: 6.637 GC heap after
{Heap after GC invocations=15 (full 0):
 garbage-first heap   total 123904K, used 51200K [0x0000000082600000, 0x0000000100000000)
  region size 1024K, 6 young (6144K), 6 survivors (6144K)
 Metaspace       used 57908K, committed 58176K, reserved 1105920K
  class space    used 6759K, committed 6912K, reserved 1048576K
}
Event: 6.870 GC heap before
{Heap before GC invocations=15 (full 0):
 garbage-first heap   total 123904K, used 60416K [0x0000000082600000, 0x0000000100000000)
  region size 1024K, 16 young (16384K), 6 survivors (6144K)
 Metaspace       used 60124K, committed 60416K, reserved 1105920K
  class space    used 7007K, committed 7104K, reserved 1048576K
}
Event: 6.878 GC heap after
{Heap after GC invocations=16 (full 0):
 garbage-first heap   total 149504K, used 52736K [0x0000000082600000, 0x0000000100000000)
  region size 1024K, 2 young (2048K), 2 survivors (2048K)
 Metaspace       used 60124K, committed 60416K, reserved 1105920K
  class space    used 7007K, committed 7104K, reserved 1048576K
}
Event: 8.018 GC heap before
{Heap before GC invocations=17 (full 0):
 garbage-first heap   total 149504K, used 114176K [0x0000000082600000, 0x0000000100000000)
  region size 1024K, 62 young (63488K), 2 survivors (2048K)
 Metaspace       used 69448K, committed 69760K, reserved 1114112K
  class space    used 7989K, committed 8128K, reserved 1048576K
}
Event: 8.028 GC heap after
{Heap after GC invocations=18 (full 0):
 garbage-first heap   total 149504K, used 59041K [0x0000000082600000, 0x0000000100000000)
  region size 1024K, 8 young (8192K), 8 survivors (8192K)
 Metaspace       used 69448K, committed 69760K, reserved 1114112K
  class space    used 7989K, committed 8128K, reserved 1048576K
}

Dll operation events (2 events):
Event: 0.025 Loaded shared library E:\Android studio 2022.1.3\jbr\bin\java.dll
Event: 1.651 Loaded shared library E:\Android studio 2022.1.3\jbr\bin\verify.dll

Deoptimization events (20 events):
Event: 8.294 Thread 0x000001210694cfc0 Uncommon trap: trap_request=0xffffffde fr.pc=0x0000012111c29bf0 relative=0x0000000000000310
Event: 8.294 Thread 0x000001210694cfc0 Uncommon trap: reason=class_check action=maybe_recompile pc=0x0000012111c29bf0 method=org.jetbrains.kotlin.load.java.typeEnhancement.TypeEnhancementUtilsKt.hasEnhancedNullability(Lorg/jetbrains/kotlin/types/TypeSystemCommonBackendContext;Lorg/jetbrains/ko
Event: 8.294 Thread 0x000001210694cfc0 DEOPT PACKING pc=0x0000012111c29bf0 sp=0x0000000515dfd950
Event: 8.294 Thread 0x000001210694cfc0 DEOPT UNPACKING pc=0x00000121113a69a3 sp=0x0000000515dfd8d0 mode 2
Event: 8.295 Thread 0x000001210694cfc0 Uncommon trap: trap_request=0xffffffde fr.pc=0x0000012111c29bf0 relative=0x0000000000000310
Event: 8.295 Thread 0x000001210694cfc0 Uncommon trap: reason=class_check action=maybe_recompile pc=0x0000012111c29bf0 method=org.jetbrains.kotlin.load.java.typeEnhancement.TypeEnhancementUtilsKt.hasEnhancedNullability(Lorg/jetbrains/kotlin/types/TypeSystemCommonBackendContext;Lorg/jetbrains/ko
Event: 8.295 Thread 0x000001210694cfc0 DEOPT PACKING pc=0x0000012111c29bf0 sp=0x0000000515dfd950
Event: 8.295 Thread 0x000001210694cfc0 DEOPT UNPACKING pc=0x00000121113a69a3 sp=0x0000000515dfd8d0 mode 2
Event: 8.295 Thread 0x000001210694cfc0 Uncommon trap: trap_request=0xffffffde fr.pc=0x0000012111c29bf0 relative=0x0000000000000310
Event: 8.295 Thread 0x000001210694cfc0 Uncommon trap: reason=class_check action=maybe_recompile pc=0x0000012111c29bf0 method=org.jetbrains.kotlin.load.java.typeEnhancement.TypeEnhancementUtilsKt.hasEnhancedNullability(Lorg/jetbrains/kotlin/types/TypeSystemCommonBackendContext;Lorg/jetbrains/ko
Event: 8.295 Thread 0x000001210694cfc0 DEOPT PACKING pc=0x0000012111c29bf0 sp=0x0000000515dfd950
Event: 8.295 Thread 0x000001210694cfc0 DEOPT UNPACKING pc=0x00000121113a69a3 sp=0x0000000515dfd8d0 mode 2
Event: 8.295 Thread 0x000001210694cfc0 Uncommon trap: trap_request=0xffffffde fr.pc=0x0000012111c29bf0 relative=0x0000000000000310
Event: 8.295 Thread 0x000001210694cfc0 Uncommon trap: reason=class_check action=maybe_recompile pc=0x0000012111c29bf0 method=org.jetbrains.kotlin.load.java.typeEnhancement.TypeEnhancementUtilsKt.hasEnhancedNullability(Lorg/jetbrains/kotlin/types/TypeSystemCommonBackendContext;Lorg/jetbrains/ko
Event: 8.295 Thread 0x000001210694cfc0 DEOPT PACKING pc=0x0000012111c29bf0 sp=0x0000000515dfd950
Event: 8.295 Thread 0x000001210694cfc0 DEOPT UNPACKING pc=0x00000121113a69a3 sp=0x0000000515dfd8d0 mode 2
Event: 8.300 Thread 0x000001210694cfc0 Uncommon trap: trap_request=0xffffffcc fr.pc=0x0000012111cb6828 relative=0x0000000000000288
Event: 8.300 Thread 0x000001210694cfc0 Uncommon trap: reason=intrinsic_or_type_checked_inlining action=make_not_entrant pc=0x0000012111cb6828 method=java.util.ArrayList.toArray([Ljava/lang/Object;)[Ljava/lang/Object; @ 36 c2
Event: 8.300 Thread 0x000001210694cfc0 DEOPT PACKING pc=0x0000012111cb6828 sp=0x0000000515dfdca0
Event: 8.300 Thread 0x000001210694cfc0 DEOPT UNPACKING pc=0x00000121113a69a3 sp=0x0000000515dfdc50 mode 2

Classes unloaded (0 events):
No events

Classes redefined (0 events):
No events

Internal exceptions (20 events):
Event: 3.901 Thread 0x000001210694cfc0 Exception <a 'java/lang/NoSuchMethodError'{0x000000008516ab78}: 'java.lang.Object java.lang.invoke.DirectMethodHandle$Holder.invokeInterface(java.lang.Object, java.lang.Object)'> (0x000000008516ab78) 
thrown [s\src\hotspot\share\interpreter\linkResolver.cpp, line 771]
Event: 4.505 Thread 0x000001210694cfc0 Exception <a 'java/lang/NoSuchMethodError'{0x0000000086d773b8}: 'java.lang.Object java.lang.invoke.DirectMethodHandle$Holder.invokeStaticInit(java.lang.Object, java.lang.Object, java.lang.Object)'> (0x0000000086d773b8) 
thrown [s\src\hotspot\share\interpreter\linkResolver.cpp, line 771]
Event: 5.123 Thread 0x000001210694cfc0 Implicit null exception at 0x000001211193a48e to 0x000001211193a708
Event: 5.124 Thread 0x000001210694cfc0 Implicit null exception at 0x0000012111951a8f to 0x0000012111951b09
Event: 5.218 Thread 0x000001210694cfc0 Exception <a 'java/lang/NoSuchMethodError'{0x0000000088b4a1a8}: 'java.lang.Object java.lang.invoke.DirectMethodHandle$Holder.newInvokeSpecial(java.lang.Object, int, java.lang.Object)'> (0x0000000088b4a1a8) 
thrown [s\src\hotspot\share\interpreter\linkResolver.cpp, line 771]
Event: 5.219 Thread 0x000001210694cfc0 Exception <a 'java/lang/NoSuchMethodError'{0x0000000088b50838}: 'int java.lang.invoke.DirectMethodHandle$Holder.invokeInterface(java.lang.Object, java.lang.Object)'> (0x0000000088b50838) 
thrown [s\src\hotspot\share\interpreter\linkResolver.cpp, line 771]
Event: 5.667 Thread 0x000001210694cfc0 Exception <a 'java/lang/NoSuchMethodError'{0x00000000893354e0}: 'java.lang.Object java.lang.invoke.DirectMethodHandle$Holder.newInvokeSpecial(java.lang.Object, java.lang.Object, java.lang.Object, java.lang.Object, java.lang.Object, java.lang.Object)'> (0x00000000893354e0) 
thrown [s\src\hotspot\share\interpreter\linkResolver.cpp, line 771]
Event: 5.846 Thread 0x000001210694cfc0 Implicit null exception at 0x0000012111a43acc to 0x0000012111a43bc0
Event: 6.121 Thread 0x000001210694cfc0 Implicit null exception at 0x0000012111b27660 to 0x0000012111b285bc
Event: 6.256 Thread 0x000001210694cfc0 Exception <a 'java/lang/NoSuchMethodError'{0x00000000878a2570}: 'java.lang.Object java.lang.invoke.DirectMethodHandle$Holder.newInvokeSpecial(java.lang.Object, java.lang.Object, java.lang.Object, java.lang.Object, java.lang.Object, java.lang.Object, java.lang.Object)'> (0x00000000878a2570) 
thrown [s\src\hotspot\share\interpreter\linkResolver.cpp, line 771]
Event: 6.256 Thread 0x000001210694cfc0 Exception <a 'java/lang/NoSuchMethodError'{0x00000000878a7678}: 'java.lang.Object java.lang.invoke.Invokers$Holder.linkToTargetMethod(java.lang.Object, java.lang.Object, java.lang.Object, java.lang.Object, java.lang.Object, java.lang.Object, java.lang.Object)'> (0x00000000878a7678) 
thrown [s\src\hotspot\share\interpreter\linkResolver.cpp, line 771]
Event: 6.393 Thread 0x000001210694cfc0 Implicit null exception at 0x0000012111ae3a40 to 0x0000012111ae5128
Event: 6.410 Thread 0x000001210694cfc0 Exception <a 'java/lang/NoSuchMethodError'{0x0000000087429e98}: 'java.lang.Object java.lang.invoke.DirectMethodHandle$Holder.invokeInterface(java.lang.Object, java.lang.Object, java.lang.Object)'> (0x0000000087429e98) 
thrown [s\src\hotspot\share\interpreter\linkResolver.cpp, line 771]
Event: 6.411 Thread 0x000001210694cfc0 Exception <a 'java/lang/IncompatibleClassChangeError'{0x000000008742d808}: Found class java.lang.Object, but interface was expected> (0x000000008742d808) 
thrown [s\src\hotspot\share\interpreter\linkResolver.cpp, line 838]
Event: 6.726 Thread 0x000001210694cfc0 Implicit null exception at 0x0000012111984a91 to 0x0000012111984d20
Event: 6.841 Thread 0x000001210694cfc0 Exception <a 'java/lang/NoSuchMethodError'{0x00000000897ed970}: 'java.lang.Object java.lang.invoke.DirectMethodHandle$Holder.invokeStaticInit(java.lang.Object, java.lang.Object, java.lang.Object, java.lang.Object)'> (0x00000000897ed970) 
thrown [s\src\hotspot\share\interpreter\linkResolver.cpp, line 771]
Event: 7.063 Thread 0x000001210694cfc0 Implicit null exception at 0x00000121119516e0 to 0x000001211195177a
Event: 7.089 Thread 0x000001210694cfc0 Exception <a 'java/lang/NoSuchMethodError'{0x000000008acbbd00}: 'java.lang.Object java.lang.invoke.DirectMethodHandle$Holder.newInvokeSpecial(java.lang.Object, java.lang.Object, java.lang.Object, int, int)'> (0x000000008acbbd00) 
thrown [s\src\hotspot\share\interpreter\linkResolver.cpp, line 771]
Event: 7.089 Thread 0x000001210694cfc0 Exception <a 'java/lang/NoSuchMethodError'{0x000000008acbfb40}: 'java.lang.Object java.lang.invoke.DirectMethodHandle$Holder.invokeSpecial(java.lang.Object, java.lang.Object, java.lang.Object, java.lang.Object, int, int)'> (0x000000008acbfb40) 
thrown [s\src\hotspot\share\interpreter\linkResolver.cpp, line 771]
Event: 7.140 Thread 0x000001210694cfc0 Exception <a 'java/lang/NoSuchMethodError'{0x000000008aaa0588}: 'java.lang.Object java.lang.invoke.Invokers$Holder.linkToTargetMethod(java.lang.Object, java.lang.Object, int, int, java.lang.Object, java.lang.Object, java.lang.Object, java.lang.Object, java.lang.Object)'> (0x000000008aaa0588) 
thrown [s\src\hotspot\share\interpreter\linkResolver.cpp, line 771]

VM Operations (20 events):
Event: 8.018 Executing VM operation: G1CollectForAllocation
Event: 8.028 Executing VM operation: G1CollectForAllocation done
Event: 8.105 Executing VM operation: G1Concurrent
Event: 8.111 Executing VM operation: G1Concurrent done
Event: 8.143 Executing VM operation: G1Concurrent
Event: 8.143 Executing VM operation: G1Concurrent done
Event: 8.168 Executing VM operation: HandshakeAllThreads
Event: 8.168 Executing VM operation: HandshakeAllThreads done
Event: 8.326 Executing VM operation: ICBufferFull
Event: 8.326 Executing VM operation: ICBufferFull done
Event: 8.368 Executing VM operation: HandshakeAllThreads
Event: 8.368 Executing VM operation: HandshakeAllThreads done
Event: 8.368 Executing VM operation: HandshakeAllThreads
Event: 8.368 Executing VM operation: HandshakeAllThreads done
Event: 8.374 Executing VM operation: HandshakeAllThreads
Event: 8.374 Executing VM operation: HandshakeAllThreads done
Event: 8.390 Executing VM operation: HandshakeAllThreads
Event: 8.390 Executing VM operation: HandshakeAllThreads done
Event: 8.390 Executing VM operation: HandshakeAllThreads
Event: 8.390 Executing VM operation: HandshakeAllThreads done

Events (20 events):
Event: 8.402 Thread 0x000001212089a620 flushing nmethod 0x000001210ab4e010
Event: 8.402 Thread 0x000001212089a620 flushing nmethod 0x000001210ab50e90
Event: 8.402 Thread 0x000001212089a620 flushing nmethod 0x000001210ab52190
Event: 8.402 Thread 0x000001212089a620 flushing nmethod 0x000001210ab5dd90
Event: 8.402 Thread 0x000001212089a620 flushing nmethod 0x000001210ab5e110
Event: 8.402 Thread 0x000001212089a620 flushing nmethod 0x000001210ab61710
Event: 8.402 Thread 0x000001212089a620 flushing nmethod 0x000001210ab66890
Event: 8.402 Thread 0x000001212089a620 flushing nmethod 0x000001210ab68d90
Event: 8.402 Thread 0x000001212089a620 flushing nmethod 0x000001210ab80690
Event: 8.403 Thread 0x000001212089a620 flushing nmethod 0x000001210aba3990
Event: 8.403 Thread 0x000001212089a620 flushing nmethod 0x000001210aba4a90
Event: 8.403 Thread 0x000001212089a620 flushing nmethod 0x000001210aba5a90
Event: 8.403 Thread 0x000001212089a620 flushing nmethod 0x000001210aba6f10
Event: 8.403 Thread 0x000001212089a620 flushing nmethod 0x000001210aba7990
Event: 8.403 Thread 0x000001212089a620 flushing nmethod 0x000001210abc2910
Event: 8.403 Thread 0x000001212089a620 flushing nmethod 0x000001210abe9990
Event: 8.403 Thread 0x000001212089a620 flushing nmethod 0x000001210abf4290
Event: 8.403 Thread 0x000001212089a620 flushing nmethod 0x000001210abfea90
Event: 8.403 Thread 0x000001212089a620 flushing nmethod 0x000001210ac0cf90
Event: 8.403 Thread 0x000001212089a620 flushing nmethod 0x000001210ac45f90


Dynamic libraries:
0x00007ff6dfdf0000 - 0x00007ff6dfdfa000 	E:\Android studio 2022.1.3\jbr\bin\java.exe
0x00007ff9c4250000 - 0x00007ff9c4448000 	C:\WINDOWS\SYSTEM32\ntdll.dll
0x00007ff9bb470000 - 0x00007ff9bb489000 	C:\Program Files\Avast Software\Avast\aswhook.dll
0x00007ff9c22b0000 - 0x00007ff9c236f000 	C:\WINDOWS\System32\KERNEL32.DLL
0x00007ff9c19a0000 - 0x00007ff9c1c96000 	C:\WINDOWS\System32\KERNELBASE.dll
0x00007ff9c1ca0000 - 0x00007ff9c1da0000 	C:\WINDOWS\System32\ucrtbase.dll
0x00007ff9684f0000 - 0x00007ff968507000 	E:\Android studio 2022.1.3\jbr\bin\jli.dll
0x00007ff9c29e0000 - 0x00007ff9c2b7d000 	C:\WINDOWS\System32\USER32.dll
0x00007ff9c1f70000 - 0x00007ff9c1f92000 	C:\WINDOWS\System32\win32u.dll
0x00007ff9c3b70000 - 0x00007ff9c3b9c000 	C:\WINDOWS\System32\GDI32.dll
0x00007ff9c1e50000 - 0x00007ff9c1f65000 	C:\WINDOWS\System32\gdi32full.dll
0x00007ff9c2180000 - 0x00007ff9c221d000 	C:\WINDOWS\System32\msvcp_win.dll
0x00007ff9acd70000 - 0x00007ff9acd8b000 	E:\Android studio 2022.1.3\jbr\bin\VCRUNTIME140.dll
0x00007ff9a7610000 - 0x00007ff9a78aa000 	C:\WINDOWS\WinSxS\amd64_microsoft.windows.common-controls_6595b64144ccf1df_6.0.19041.1110_none_60b5254171f9507e\COMCTL32.dll
0x00007ff9c4110000 - 0x00007ff9c41ae000 	C:\WINDOWS\System32\msvcrt.dll
0x00007ff9c3080000 - 0x00007ff9c30b0000 	C:\WINDOWS\System32\IMM32.DLL
0x00007ff9bcd30000 - 0x00007ff9bcd3c000 	E:\Android studio 2022.1.3\jbr\bin\vcruntime140_1.dll
0x00007ff9ab900000 - 0x00007ff9ab98d000 	E:\Android studio 2022.1.3\jbr\bin\msvcp140.dll
0x00007ff9675f0000 - 0x00007ff96825e000 	E:\Android studio 2022.1.3\jbr\bin\server\jvm.dll
0x00007ff9c3f20000 - 0x00007ff9c3fcf000 	C:\WINDOWS\System32\ADVAPI32.dll
0x00007ff9c2c00000 - 0x00007ff9c2c9c000 	C:\WINDOWS\System32\sechost.dll
0x00007ff9c3fe0000 - 0x00007ff9c4106000 	C:\WINDOWS\System32\RPCRT4.dll
0x00007ff9b0720000 - 0x00007ff9b0729000 	C:\WINDOWS\SYSTEM32\WSOCK32.dll
0x00007ff9c2f60000 - 0x00007ff9c2fcb000 	C:\WINDOWS\System32\WS2_32.dll
0x00007ff9a79d0000 - 0x00007ff9a79f7000 	C:\WINDOWS\SYSTEM32\WINMM.dll
0x00007ff9bbfc0000 - 0x00007ff9bbfca000 	C:\WINDOWS\SYSTEM32\VERSION.dll
0x00007ff9bf7c0000 - 0x00007ff9bf7d2000 	C:\WINDOWS\SYSTEM32\kernel.appcore.dll
0x00007ff9aa280000 - 0x00007ff9aa28a000 	E:\Android studio 2022.1.3\jbr\bin\jimage.dll
0x00007ff9b3c10000 - 0x00007ff9b3df4000 	C:\WINDOWS\SYSTEM32\DBGHELP.DLL
0x00007ff9b3ad0000 - 0x00007ff9b3b04000 	C:\WINDOWS\SYSTEM32\dbgcore.DLL
0x00007ff9c2220000 - 0x00007ff9c22a2000 	C:\WINDOWS\System32\bcryptPrimitives.dll
0x00007ff997f10000 - 0x00007ff997f35000 	E:\Android studio 2022.1.3\jbr\bin\java.dll
0x00007ff964370000 - 0x00007ff964388000 	E:\Android studio 2022.1.3\jbr\bin\zip.dll
0x00007ff9c30b0000 - 0x00007ff9c37f4000 	C:\WINDOWS\System32\SHELL32.dll
0x00007ff9bf9c0000 - 0x00007ff9c0153000 	C:\WINDOWS\SYSTEM32\windows.storage.dll
0x00007ff9c3ba0000 - 0x00007ff9c3ef4000 	C:\WINDOWS\System32\combase.dll
0x00007ff9c11c0000 - 0x00007ff9c11ee000 	C:\WINDOWS\SYSTEM32\Wldp.dll
0x00007ff9c2ca0000 - 0x00007ff9c2d4d000 	C:\WINDOWS\System32\SHCORE.dll
0x00007ff9c27e0000 - 0x00007ff9c2835000 	C:\WINDOWS\System32\shlwapi.dll
0x00007ff9c1870000 - 0x00007ff9c188f000 	C:\WINDOWS\SYSTEM32\profapi.dll
0x00007ff9622e0000 - 0x00007ff9622f9000 	E:\Android studio 2022.1.3\jbr\bin\net.dll
0x00007ff9b5790000 - 0x00007ff9b589a000 	C:\WINDOWS\SYSTEM32\WINHTTP.dll
0x00007ff9c0fa0000 - 0x00007ff9c100a000 	C:\WINDOWS\system32\mswsock.dll
0x00007ff9622c0000 - 0x00007ff9622d6000 	E:\Android studio 2022.1.3\jbr\bin\nio.dll
0x00007ff9a8830000 - 0x00007ff9a8840000 	E:\Android studio 2022.1.3\jbr\bin\verify.dll

dbghelp: loaded successfully - version: 4.0.5 - missing functions: none
symbol engine: initialized successfully - sym options: 0x614 - pdb path: .;E:\Android studio 2022.1.3\jbr\bin;C:\WINDOWS\SYSTEM32;C:\Program Files\Avast Software\Avast;C:\WINDOWS\WinSxS\amd64_microsoft.windows.common-controls_6595b64144ccf1df_6.0.19041.1110_none_60b5254171f9507e;E:\Android studio 2022.1.3\jbr\bin\server

VM Arguments:
java_command: org.jetbrains.kotlin.cli.jvm.K2JVMCompiler @C:\Users\Thoriso Tumelo\AndroidStudioProjects\WILAPP\app\build\20231119_12860762212181967798.compiler.options
java_class_path (initial): C:\Users\Thoriso Tumelo\.gradle\caches\modules-2\files-2.1\org.jetbrains.kotlin\kotlin-compiler-embeddable\1.8.0\eb9118d4bcceaa2a94b2ae2a33a4ddba7c9a947f\kotlin-compiler-embeddable-1.8.0.jar;C:\Users\Thoriso Tumelo\.gradle\caches\modules-2\files-2.1\org.jetbrains.kotlin\kotlin-stdlib\1.8.0\1796921c7a3e2e2665a83e6c8d33399336cd39bc\kotlin-stdlib-1.8.0.jar;C:\Users\Thoriso Tumelo\.gradle\caches\modules-2\files-2.1\org.jetbrains.kotlin\kotlin-script-runtime\1.8.0\b2f7e760d283cb339974851c222a4c1d48f2d3d\kotlin-script-runtime-1.8.0.jar;C:\Users\Thoriso Tumelo\.gradle\caches\modules-2\files-2.1\org.jetbrains.kotlin\kotlin-reflect\1.6.10\1cbe9c92c12a94eea200d23c2bbaedaf3daf5132\kotlin-reflect-1.6.10.jar;C:\Users\Thoriso Tumelo\.gradle\caches\modules-2\files-2.1\org.jetbrains.kotlin\kotlin-daemon-embeddable\1.8.0\d255216c551685dc3a7e852b53617f5f01aaaa5c\kotlin-daemon-embeddable-1.8.0.jar;C:\Users\Thoriso Tumelo\.gradle\caches\modules-2\files-2.1\org.jetbrains.intellij.deps\trove4j\1.0.20200330\3afb14d5f9ceb459d724e907a21145e8ff394f02\trove4j-1.0.20200330.jar;C:\Users\Thoriso Tumelo\.gradle\caches\modules-2\files-2.1\net.java.dev.jna\jna\5.6.0\330f2244e9030119ab3030fc3fededc86713d9cc\jna-5.6.0.jar;C:\Users\Thoriso Tumelo\.gradle\caches\modules-2\files-2.1\org.jetbrains.kotlin\kotlin-stdlib-common\1.8.0\f7197e7cc76453ac59f8b0f8d5137cc600becd36\kotlin-stdlib-common-1.8.0.jar;C:\Users\Thoriso Tumelo\.gradle\caches\modules-2\files-2.1\org.jetbrains\annotations\13.0\919f0dfe192fb4e063e7dacadee7f8bb9a2672a9\annotations-13.0.jar
Launcher Type: SUN_STANDARD

[Global flags]
     intx CICompilerCount                          = 3                                         {product} {ergonomic}
     uint ConcGCThreads                            = 1                                         {product} {ergonomic}
     uint G1ConcRefinementThreads                  = 4                                         {product} {ergonomic}
   size_t G1HeapRegionSize                         = 1048576                                   {product} {ergonomic}
    uintx GCDrainStackTargetSize                   = 64                                        {product} {ergonomic}
   size_t InitialHeapSize                          = 132120576                                 {product} {ergonomic}
   size_t MarkStackSize                            = 4194304                                   {product} {ergonomic}
   size_t MaxHeapSize                              = 2107637760                                {product} {ergonomic}
   size_t MaxNewSize                               = 1264582656                                {product} {ergonomic}
   size_t MinHeapDeltaBytes                        = 1048576                                   {product} {ergonomic}
   size_t MinHeapSize                              = 8388608                                   {product} {ergonomic}
    uintx NonNMethodCodeHeapSize                   = 5832780                                {pd product} {ergonomic}
    uintx NonProfiledCodeHeapSize                  = 122912730                              {pd product} {ergonomic}
    uintx ProfiledCodeHeapSize                     = 122912730                              {pd product} {ergonomic}
    uintx ReservedCodeCacheSize                    = 251658240                              {pd product} {ergonomic}
     bool SegmentedCodeCache                       = true                                      {product} {ergonomic}
   size_t SoftMaxHeapSize                          = 2107637760                             {manageable} {ergonomic}
     bool UseCompressedClassPointers               = true                           {product lp64_product} {ergonomic}
     bool UseCompressedOops                        = true                           {product lp64_product} {ergonomic}
     bool UseG1GC                                  = true                                      {product} {ergonomic}
     bool UseLargePagesIndividualAllocation        = false                                  {pd product} {ergonomic}

Logging:
Log output configuration:
 #0: stdout all=warning uptime,level,tags
 #1: stderr all=off uptime,level,tags

Environment Variables:
PATH=C:\WINDOWS\system32;C:\WINDOWS;C:\WINDOWS\System32\Wbem;C:\WINDOWS\System32\WindowsPowerShell\v1.0\;C:\WINDOWS\System32\OpenSSH\;C:\Program Files\Git\cmd;C:\Users\Thoriso Tumelo\AppData\Local\Microsoft\WindowsApps
USERNAME=Thoriso Tumelo
OS=Windows_NT
PROCESSOR_IDENTIFIER=Intel64 Family 6 Model 158 Stepping 11, GenuineIntel
TMP=C:\Users\THORIS~1\AppData\Local\Temp
TEMP=C:\Users\THORIS~1\AppData\Local\Temp


JNI global refs:
JNI global refs: 11, weak refs: 10

JNI global refs memory usage: 843, weak refs: 841


---------------  S Y S T E M  ---------------

OS:
 Windows 10 , 64 bit Build 19041 (10.0.19041.3031)
OS uptime: 0 days 0:33 hours
Hyper-V role detected

CPU: total 4 (initial active 4) (4 cores per cpu, 1 threads per core) family 6 model 158 stepping 11 microcode 0xb4, cx8, cmov, fxsr, mmx, 3dnowpref, sse, sse2, sse3, ssse3, sse4.1, sse4.2, popcnt, lzcnt, tsc, tscinvbit, avx, avx2, aes, erms, clmul, bmi1, bmi2, adx, fma, vzeroupper, clflush, clflushopt, hv

Memory: 4k page, system-wide physical 8035M (487M free)
TotalPageFile size 9707M (AvailPageFile size 5M)
current process WorkingSet (physical memory assigned to process): 340M, peak: 340M
current process commit charge ("private bytes"): 370M, peak: 371M

vm_info: OpenJDK 64-Bit Server VM (17.0.6+0-b2043.56-10027231) for windows-amd64 JRE (17.0.6+0-b2043.56-10027231), built on Apr 28 2023 00:43:19 by "androidbuild" with MS VC++ 16.10 / 16.11 (VS2019)

END.
