#
# There is insufficient memory for the Java Runtime Environment to continue.
# Native memory allocation (mmap) failed to map 17825792 bytes for G1 virtual space
# Possible reasons:
#   The system is out of physical RAM or swap space
#   The process is running with CompressedOops enabled, and the Java Heap may be blocking the growth of the native heap
# Possible solutions:
#   Reduce memory load on the system
#   Increase physical memory or swap space
#   Check if swap backing store is full
#   Decrease Java heap size (-Xmx/-Xms)
#   Decrease number of Java threads
#   Decrease Java thread stack sizes (-Xss)
#   Set larger code cache with -XX:ReservedCodeCacheSize=
#   JVM is running with Unscaled Compressed Oops mode in which the Java heap is
#     placed in the first 4GB address space. The Java Heap base address is the
#     maximum limit for the native heap growth. Please use -XX:HeapBaseMinAddress
#     to set the Java Heap base and to place the Java Heap above 4GB virtual address.
# This output file may be truncated or incomplete.
#
#  Out of Memory Error (os_windows.cpp:3769), pid=11332, tid=4256
#
# JRE version: OpenJDK Runtime Environment (17.0.6) (build 17.0.6+0-b2043.56-10027231)
# Java VM: OpenJDK 64-Bit Server VM (17.0.6+0-b2043.56-10027231, mixed mode, tiered, compressed oops, compressed class ptrs, g1 gc, windows-amd64)
# No core dump will be written. Minidumps are not enabled by default on client versions of Windows
#

---------------  S U M M A R Y ------------

Command Line: org.jetbrains.kotlin.cli.jvm.K2JVMCompiler @C:\Users\Thoriso Tumelo\Downloads\Compressed\WILAPPUPDATED\WILAPP\app\build\20231121_10198151633705946000.compiler.options

Host: Intel(R) Core(TM) i3-8100T CPU @ 3.10GHz, 4 cores, 7G,  Windows 10 , 64 bit Build 19041 (10.0.19041.3031)
Time: Tue Nov 21 21:44:58 2023 South Africa Standard Time elapsed time: 3.567074 seconds (0d 0h 0m 3s)

---------------  T H R E A D  ---------------

Current thread (0x00000277f58fa410):  VMThread "VM Thread" [stack: 0x000000b08ed00000,0x000000b08ee00000] [id=4256]

Stack: [0x000000b08ed00000,0x000000b08ee00000]
Native frames: (J=compiled Java code, j=interpreted, Vv=VM code, C=native code)
V  [jvm.dll+0x683c9a]
V  [jvm.dll+0x8427a4]
V  [jvm.dll+0x843f9e]
V  [jvm.dll+0x844603]
V  [jvm.dll+0x249b75]
V  [jvm.dll+0x680b69]
V  [jvm.dll+0x67505a]
V  [jvm.dll+0x309acb]
V  [jvm.dll+0x310f86]
V  [jvm.dll+0x3608ee]
V  [jvm.dll+0x360b1f]
V  [jvm.dll+0x2dfbf8]
V  [jvm.dll+0x2ddec4]
V  [jvm.dll+0x2dd4cc]
V  [jvm.dll+0x321f3b]
V  [jvm.dll+0x848ccb]
V  [jvm.dll+0x849a04]
V  [jvm.dll+0x849f1d]
V  [jvm.dll+0x84a2f4]
V  [jvm.dll+0x84a3c0]
V  [jvm.dll+0x7f274a]
V  [jvm.dll+0x682ad5]
C  [ucrtbase.dll+0x21bb2]
C  [KERNEL32.DLL+0x17614]
C  [ntdll.dll+0x526f1]

VM_Operation (0x000000b08e7fa080): G1CollectForAllocation, mode: safepoint, requested by thread 0x00000277dc4e02e0


---------------  P R O C E S S  ---------------

Threads class SMR info:
_java_thread_list=0x00000277f6592980, length=13, elements={
0x00000277dc4e02e0, 0x00000277f5953800, 0x00000277f5954670, 0x00000277f642e130,
0x00000277f6421440, 0x00000277f6424200, 0x00000277f6424bb0, 0x00000277f643a6f0,
0x00000277f643d000, 0x00000277f643e910, 0x00000277f658cbc0, 0x00000277f658f0a0,
0x00000277f65b0ff0
}

Java Threads: ( => current thread )
  0x00000277dc4e02e0 JavaThread "main" [_thread_blocked, id=11156, stack(0x000000b08e700000,0x000000b08e800000)]
  0x00000277f5953800 JavaThread "Reference Handler" daemon [_thread_blocked, id=2300, stack(0x000000b08ee00000,0x000000b08ef00000)]
  0x00000277f5954670 JavaThread "Finalizer" daemon [_thread_blocked, id=4504, stack(0x000000b08ef00000,0x000000b08f000000)]
  0x00000277f642e130 JavaThread "Signal Dispatcher" daemon [_thread_blocked, id=3028, stack(0x000000b08f000000,0x000000b08f100000)]
  0x00000277f6421440 JavaThread "Attach Listener" daemon [_thread_blocked, id=2624, stack(0x000000b08f100000,0x000000b08f200000)]
  0x00000277f6424200 JavaThread "Service Thread" daemon [_thread_blocked, id=7028, stack(0x000000b08f200000,0x000000b08f300000)]
  0x00000277f6424bb0 JavaThread "Monitor Deflation Thread" daemon [_thread_blocked, id=10812, stack(0x000000b08f300000,0x000000b08f400000)]
  0x00000277f643a6f0 JavaThread "C2 CompilerThread0" daemon [_thread_blocked, id=9256, stack(0x000000b08f400000,0x000000b08f500000)]
  0x00000277f643d000 JavaThread "C1 CompilerThread0" daemon [_thread_blocked, id=7064, stack(0x000000b08f500000,0x000000b08f600000)]
  0x00000277f643e910 JavaThread "Sweeper thread" daemon [_thread_blocked, id=3524, stack(0x000000b08f600000,0x000000b08f700000)]
  0x00000277f658cbc0 JavaThread "Notification Thread" daemon [_thread_blocked, id=5880, stack(0x000000b08f700000,0x000000b08f800000)]
  0x00000277f658f0a0 JavaThread "Common-Cleaner" daemon [_thread_blocked, id=10304, stack(0x000000b08f900000,0x000000b08fa00000)]
  0x00000277f65b0ff0 JavaThread "C2 CompilerThread1" daemon [_thread_blocked, id=11036, stack(0x000000b08fa00000,0x000000b08fb00000)]

Other Threads:
=>0x00000277f58fa410 VMThread "VM Thread" [stack: 0x000000b08ed00000,0x000000b08ee00000] [id=4256]
  0x00000277dc553870 WatcherThread [stack: 0x000000b08f800000,0x000000b08f900000] [id=3592]
  0x00000277dc53c100 GCTaskThread "GC Thread#0" [stack: 0x000000b08e800000,0x000000b08e900000] [id=4076]
  0x00000277f67200c0 GCTaskThread "GC Thread#1" [stack: 0x000000b08fb00000,0x000000b08fc00000] [id=5400]
  0x00000277f6720620 GCTaskThread "GC Thread#2" [stack: 0x000000b08fc00000,0x000000b08fd00000] [id=11916]
  0x00000277f6720b80 GCTaskThread "GC Thread#3" [stack: 0x000000b08fd00000,0x000000b08fe00000] [id=4632]
  0x00000277dc54cb80 ConcurrentGCThread "G1 Main Marker" [stack: 0x000000b08e900000,0x000000b08ea00000] [id=6200]
  0x00000277dc54d590 ConcurrentGCThread "G1 Conc#0" [stack: 0x000000b08ea00000,0x000000b08eb00000] [id=8156]
  0x00000277f57a0090 ConcurrentGCThread "G1 Refine#0" [stack: 0x000000b08eb00000,0x000000b08ec00000] [id=12256]
  0x00000277f9fa77c0 ConcurrentGCThread "G1 Refine#1" [stack: 0x000000b08fe00000,0x000000b08ff00000] [id=10872]
  0x00000277f57a0ab0 ConcurrentGCThread "G1 Service" [stack: 0x000000b08ec00000,0x000000b08ed00000] [id=7152]

Threads with active compile tasks:
C2 CompilerThread0     3608 3490 %     4       sun.nio.fs.WindowsPathParser::normalize @ 15 (138 bytes)
C1 CompilerThread0     3608 3548   !   3       org.jetbrains.kotlin.metadata.jvm.JvmProtoBuf$StringTableTypes$Record::<init> (759 bytes)
C2 CompilerThread1     3608 3521       4       org.jetbrains.org.objectweb.asm.ClassReader::readMethod (1061 bytes)

VM state: at safepoint (normal execution)

VM Mutex/Monitor currently owned by a thread:  ([mutex/lock_event])
[0x00000277dc4dbfc0] Threads_lock - owner thread: 0x00000277f58fa410
[0x00000277dc4dc050] Heap_lock - owner thread: 0x00000277dc4e02e0

Heap address: 0x0000000082600000, size: 2010 MB, Compressed Oops mode: 32-bit

CDS archive(s) not mapped
Compressed class space mapped at: 0x0000000100000000-0x0000000140000000, reserved size: 1073741824
Narrow klass base: 0x0000000000000000, Narrow klass shift: 3, Narrow klass range: 0x140000000

GC Precious Log:
 CPUs: 4 total, 4 available
 Memory: 8035M
 Large Page Support: Disabled
 NUMA Support: Disabled
 Compressed Oops: Enabled (32-bit)
 Heap Region Size: 1M
 Heap Min Capacity: 8M
 Heap Initial Capacity: 126M
 Heap Max Capacity: 2010M
 Pre-touch: Disabled
 Parallel Workers: 4
 Concurrent Workers: 1
 Concurrent Refinement Workers: 4
 Periodic GC: Disabled

Heap:
 garbage-first heap   total 102400K, used 34982K [0x0000000082600000, 0x0000000100000000)
  region size 1024K, 4 young (4096K), 4 survivors (4096K)
 Metaspace       used 48708K, committed 48896K, reserved 1097728K
  class space    used 5896K, committed 5952K, reserved 1048576K

Heap Regions: E=young(eden), S=young(survivor), O=old, HS=humongous(starts), HC=humongous(continues), CS=collection set, F=free, OA=open archive, CA=closed archive, TAMS=top-at-mark-start (previous, next)
|   0|0x0000000082600000, 0x0000000082700000, 0x0000000082700000|100%|HS|  |TAMS 0x0000000082700000, 0x0000000082600000| Complete 
|   1|0x0000000082700000, 0x0000000082800000, 0x0000000082800000|100%|HC|  |TAMS 0x0000000082800000, 0x0000000082700000| Complete 
|   2|0x0000000082800000, 0x0000000082900000, 0x0000000082900000|100%|HC|  |TAMS 0x0000000082900000, 0x0000000082800000| Complete 
|   3|0x0000000082900000, 0x0000000082a00000, 0x0000000082a00000|100%|HC|  |TAMS 0x0000000082a00000, 0x0000000082900000| Complete 
|   4|0x0000000082a00000, 0x0000000082b00000, 0x0000000082b00000|100%| O|  |TAMS 0x0000000082b00000, 0x0000000082a00000| Untracked 
|   5|0x0000000082b00000, 0x0000000082c00000, 0x0000000082c00000|100%| O|  |TAMS 0x0000000082c00000, 0x0000000082b00000| Untracked 
|   6|0x0000000082c00000, 0x0000000082d00000, 0x0000000082d00000|100%| O|  |TAMS 0x0000000082c00000, 0x0000000082c00000| Untracked 
|   7|0x0000000082d00000, 0x0000000082e00000, 0x0000000082e00000|100%|HS|  |TAMS 0x0000000082e00000, 0x0000000082d00000| Complete 
|   8|0x0000000082e00000, 0x0000000082f00000, 0x0000000082f00000|100%|HC|  |TAMS 0x0000000082f00000, 0x0000000082e00000| Complete 
|   9|0x0000000082f00000, 0x0000000083000000, 0x0000000083000000|100%|HC|  |TAMS 0x0000000083000000, 0x0000000082f00000| Complete 
|  10|0x0000000083000000, 0x0000000083100000, 0x0000000083100000|100%|HC|  |TAMS 0x0000000083100000, 0x0000000083000000| Complete 
|  11|0x0000000083100000, 0x0000000083200000, 0x0000000083200000|100%| O|  |TAMS 0x0000000083200000, 0x0000000083100000| Untracked 
|  12|0x0000000083200000, 0x0000000083300000, 0x0000000083300000|100%| O|  |TAMS 0x0000000083300000, 0x0000000083200000| Untracked 
|  13|0x0000000083300000, 0x0000000083400000, 0x0000000083400000|100%| O|  |TAMS 0x0000000083400000, 0x0000000083300000| Untracked 
|  14|0x0000000083400000, 0x0000000083500000, 0x0000000083500000|100%| O|  |TAMS 0x0000000083500000, 0x0000000083400000| Untracked 
|  15|0x0000000083500000, 0x0000000083600000, 0x0000000083600000|100%| O|  |TAMS 0x0000000083500000, 0x0000000083500000| Untracked 
|  16|0x0000000083600000, 0x0000000083700000, 0x0000000083700000|100%| O|  |TAMS 0x0000000083600000, 0x0000000083600000| Untracked 
|  17|0x0000000083700000, 0x0000000083800000, 0x0000000083800000|100%| O|  |TAMS 0x0000000083700000, 0x0000000083700000| Untracked 
|  18|0x0000000083800000, 0x0000000083900000, 0x0000000083900000|100%| O|  |TAMS 0x0000000083900000, 0x0000000083800000| Untracked 
|  19|0x0000000083900000, 0x0000000083900000, 0x0000000083a00000|  0%| F|  |TAMS 0x0000000083900000, 0x0000000083900000| Untracked 
|  20|0x0000000083a00000, 0x0000000083b00000, 0x0000000083b00000|100%| O|  |TAMS 0x0000000083a00000, 0x0000000083a00000| Untracked 
|  21|0x0000000083b00000, 0x0000000083c00000, 0x0000000083c00000|100%| O|  |TAMS 0x0000000083b00000, 0x0000000083b00000| Untracked 
|  22|0x0000000083c00000, 0x0000000083d00000, 0x0000000083d00000|100%| O|  |TAMS 0x0000000083c00000, 0x0000000083c00000| Untracked 
|  23|0x0000000083d00000, 0x0000000083e00000, 0x0000000083e00000|100%| O|  |TAMS 0x0000000083d00000, 0x0000000083d00000| Untracked 
|  24|0x0000000083e00000, 0x0000000083f00000, 0x0000000083f00000|100%| O|  |TAMS 0x0000000083e00000, 0x0000000083e00000| Untracked 
|  25|0x0000000083f00000, 0x0000000084000000, 0x0000000084000000|100%| O|  |TAMS 0x0000000083f00000, 0x0000000083f00000| Untracked 
|  26|0x0000000084000000, 0x0000000084100000, 0x0000000084100000|100%| O|  |TAMS 0x0000000084000000, 0x0000000084000000| Untracked 
|  27|0x0000000084100000, 0x0000000084200000, 0x0000000084200000|100%|HS|  |TAMS 0x0000000084100000, 0x0000000084100000| Complete 
|  28|0x0000000084200000, 0x0000000084300000, 0x0000000084300000|100%|HC|  |TAMS 0x0000000084200000, 0x0000000084200000| Complete 
|  29|0x0000000084300000, 0x0000000084400000, 0x0000000084400000|100%| O|  |TAMS 0x0000000084300000, 0x0000000084300000| Untracked 
|  30|0x0000000084400000, 0x0000000084500000, 0x0000000084500000|100%| O|  |TAMS 0x0000000084400000, 0x0000000084400000| Untracked 
|  31|0x0000000084500000, 0x0000000084529800, 0x0000000084600000| 16%| O|  |TAMS 0x0000000084500000, 0x0000000084500000| Untracked 
|  32|0x0000000084600000, 0x0000000084600000, 0x0000000084700000|  0%| F|  |TAMS 0x0000000084600000, 0x0000000084600000| Untracked 
|  33|0x0000000084700000, 0x0000000084700000, 0x0000000084800000|  0%| F|  |TAMS 0x0000000084700000, 0x0000000084700000| Untracked 
|  34|0x0000000084800000, 0x0000000084800000, 0x0000000084900000|  0%| F|  |TAMS 0x0000000084800000, 0x0000000084800000| Untracked 
|  35|0x0000000084900000, 0x0000000084900000, 0x0000000084a00000|  0%| F|  |TAMS 0x0000000084900000, 0x0000000084900000| Untracked 
|  36|0x0000000084a00000, 0x0000000084a00000, 0x0000000084b00000|  0%| F|  |TAMS 0x0000000084a00000, 0x0000000084a00000| Untracked 
|  37|0x0000000084b00000, 0x0000000084b00000, 0x0000000084c00000|  0%| F|  |TAMS 0x0000000084b00000, 0x0000000084b00000| Untracked 
|  38|0x0000000084c00000, 0x0000000084d00000, 0x0000000084d00000|100%| S|CS|TAMS 0x0000000084c00000, 0x0000000084c00000| Complete 
|  39|0x0000000084d00000, 0x0000000084e00000, 0x0000000084e00000|100%| S|CS|TAMS 0x0000000084d00000, 0x0000000084d00000| Complete 
|  40|0x0000000084e00000, 0x0000000084f00000, 0x0000000084f00000|100%| S|CS|TAMS 0x0000000084e00000, 0x0000000084e00000| Complete 
|  41|0x0000000084f00000, 0x0000000084f00000, 0x0000000085000000|  0%| F|  |TAMS 0x0000000084f00000, 0x0000000084f00000| Untracked 
|  42|0x0000000085000000, 0x0000000085000000, 0x0000000085100000|  0%| F|  |TAMS 0x0000000085000000, 0x0000000085000000| Untracked 
|  43|0x0000000085100000, 0x0000000085200000, 0x0000000085200000|100%| S|CS|TAMS 0x0000000085100000, 0x0000000085100000| Complete 
|  44|0x0000000085200000, 0x0000000085200000, 0x0000000085300000|  0%| F|  |TAMS 0x0000000085200000, 0x0000000085200000| Untracked 
|  45|0x0000000085300000, 0x0000000085300000, 0x0000000085400000|  0%| F|  |TAMS 0x0000000085300000, 0x0000000085300000| Untracked 
|  46|0x0000000085400000, 0x0000000085400000, 0x0000000085500000|  0%| F|  |TAMS 0x0000000085400000, 0x0000000085400000| Untracked 
|  47|0x0000000085500000, 0x0000000085500000, 0x0000000085600000|  0%| F|  |TAMS 0x0000000085500000, 0x0000000085500000| Untracked 
|  48|0x0000000085600000, 0x0000000085600000, 0x0000000085700000|  0%| F|  |TAMS 0x0000000085600000, 0x0000000085600000| Untracked 
|  49|0x0000000085700000, 0x0000000085700000, 0x0000000085800000|  0%| F|  |TAMS 0x0000000085700000, 0x0000000085700000| Untracked 
|  50|0x0000000085800000, 0x0000000085800000, 0x0000000085900000|  0%| F|  |TAMS 0x0000000085800000, 0x0000000085800000| Untracked 
|  51|0x0000000085900000, 0x0000000085900000, 0x0000000085a00000|  0%| F|  |TAMS 0x0000000085900000, 0x0000000085900000| Untracked 
|  52|0x0000000085a00000, 0x0000000085a00000, 0x0000000085b00000|  0%| F|  |TAMS 0x0000000085a00000, 0x0000000085a00000| Untracked 
|  53|0x0000000085b00000, 0x0000000085b00000, 0x0000000085c00000|  0%| F|  |TAMS 0x0000000085b00000, 0x0000000085b00000| Untracked 
|  54|0x0000000085c00000, 0x0000000085c00000, 0x0000000085d00000|  0%| F|  |TAMS 0x0000000085c00000, 0x0000000085c00000| Untracked 
|  55|0x0000000085d00000, 0x0000000085d00000, 0x0000000085e00000|  0%| F|  |TAMS 0x0000000085d00000, 0x0000000085d00000| Untracked 
|  56|0x0000000085e00000, 0x0000000085e00000, 0x0000000085f00000|  0%| F|  |TAMS 0x0000000085e00000, 0x0000000085e00000| Untracked 
|  57|0x0000000085f00000, 0x0000000085f00000, 0x0000000086000000|  0%| F|  |TAMS 0x0000000085f00000, 0x0000000085f00000| Untracked 
|  58|0x0000000086000000, 0x0000000086000000, 0x0000000086100000|  0%| F|  |TAMS 0x0000000086000000, 0x0000000086000000| Untracked 
|  59|0x0000000086100000, 0x0000000086100000, 0x0000000086200000|  0%| F|  |TAMS 0x0000000086100000, 0x0000000086100000| Untracked 
|  60|0x0000000086200000, 0x0000000086200000, 0x0000000086300000|  0%| F|  |TAMS 0x0000000086200000, 0x0000000086200000| Untracked 
|  61|0x0000000086300000, 0x0000000086300000, 0x0000000086400000|  0%| F|  |TAMS 0x0000000086300000, 0x0000000086300000| Untracked 
|  62|0x0000000086400000, 0x0000000086400000, 0x0000000086500000|  0%| F|  |TAMS 0x0000000086400000, 0x0000000086400000| Untracked 
|  63|0x0000000086500000, 0x0000000086500000, 0x0000000086600000|  0%| F|  |TAMS 0x0000000086500000, 0x0000000086500000| Untracked 
|  64|0x0000000086600000, 0x0000000086600000, 0x0000000086700000|  0%| F|  |TAMS 0x0000000086600000, 0x0000000086600000| Untracked 
|  65|0x0000000086700000, 0x0000000086700000, 0x0000000086800000|  0%| F|  |TAMS 0x0000000086700000, 0x0000000086700000| Untracked 
|  66|0x0000000086800000, 0x0000000086800000, 0x0000000086900000|  0%| F|  |TAMS 0x0000000086800000, 0x0000000086800000| Untracked 
|  67|0x0000000086900000, 0x0000000086900000, 0x0000000086a00000|  0%| F|  |TAMS 0x0000000086900000, 0x0000000086900000| Untracked 
|  68|0x0000000086a00000, 0x0000000086a00000, 0x0000000086b00000|  0%| F|  |TAMS 0x0000000086a00000, 0x0000000086a00000| Untracked 
|  69|0x0000000086b00000, 0x0000000086b00000, 0x0000000086c00000|  0%| F|  |TAMS 0x0000000086b00000, 0x0000000086b00000| Untracked 
|  70|0x0000000086c00000, 0x0000000086c00000, 0x0000000086d00000|  0%| F|  |TAMS 0x0000000086c00000, 0x0000000086c00000| Untracked 
|  71|0x0000000086d00000, 0x0000000086d00000, 0x0000000086e00000|  0%| F|  |TAMS 0x0000000086d00000, 0x0000000086d00000| Untracked 
|  72|0x0000000086e00000, 0x0000000086e00000, 0x0000000086f00000|  0%| F|  |TAMS 0x0000000086e00000, 0x0000000086e00000| Untracked 
|  73|0x0000000086f00000, 0x0000000086f00000, 0x0000000087000000|  0%| F|  |TAMS 0x0000000086f00000, 0x0000000086f00000| Untracked 
|  74|0x0000000087000000, 0x0000000087000000, 0x0000000087100000|  0%| F|  |TAMS 0x0000000087000000, 0x0000000087000000| Untracked 
|  75|0x0000000087100000, 0x0000000087100000, 0x0000000087200000|  0%| F|  |TAMS 0x0000000087100000, 0x0000000087100000| Untracked 
|  76|0x0000000087200000, 0x0000000087200000, 0x0000000087300000|  0%| F|  |TAMS 0x0000000087200000, 0x0000000087200000| Untracked 
|  77|0x0000000087300000, 0x0000000087300000, 0x0000000087400000|  0%| F|  |TAMS 0x0000000087300000, 0x0000000087300000| Untracked 
|  78|0x0000000087400000, 0x0000000087400000, 0x0000000087500000|  0%| F|  |TAMS 0x0000000087400000, 0x0000000087400000| Untracked 
|  79|0x0000000087500000, 0x0000000087500000, 0x0000000087600000|  0%| F|  |TAMS 0x0000000087500000, 0x0000000087500000| Untracked 
|  80|0x0000000087600000, 0x0000000087600000, 0x0000000087700000|  0%| F|  |TAMS 0x0000000087600000, 0x0000000087600000| Untracked 
|  81|0x0000000087700000, 0x0000000087700000, 0x0000000087800000|  0%| F|  |TAMS 0x0000000087700000, 0x0000000087700000| Untracked 
|  82|0x0000000087800000, 0x0000000087800000, 0x0000000087900000|  0%| F|  |TAMS 0x0000000087800000, 0x0000000087800000| Untracked 
|  83|0x0000000087900000, 0x0000000087900000, 0x0000000087a00000|  0%| F|  |TAMS 0x0000000087900000, 0x0000000087900000| Untracked 
|  84|0x0000000087a00000, 0x0000000087a00000, 0x0000000087b00000|  0%| F|  |TAMS 0x0000000087a00000, 0x0000000087a00000| Untracked 
|  85|0x0000000087b00000, 0x0000000087b00000, 0x0000000087c00000|  0%| F|  |TAMS 0x0000000087b00000, 0x0000000087b00000| Untracked 
|  86|0x0000000087c00000, 0x0000000087c00000, 0x0000000087d00000|  0%| F|  |TAMS 0x0000000087c00000, 0x0000000087c00000| Untracked 
|  87|0x0000000087d00000, 0x0000000087d00000, 0x0000000087e00000|  0%| F|  |TAMS 0x0000000087d00000, 0x0000000087d00000| Untracked 
|  88|0x0000000087e00000, 0x0000000087e00000, 0x0000000087f00000|  0%| F|  |TAMS 0x0000000087e00000, 0x0000000087e00000| Untracked 
|  89|0x0000000087f00000, 0x0000000087f00000, 0x0000000088000000|  0%| F|  |TAMS 0x0000000087f00000, 0x0000000087f00000| Untracked 
|  90|0x0000000088000000, 0x0000000088000000, 0x0000000088100000|  0%| F|  |TAMS 0x0000000088000000, 0x0000000088000000| Untracked 
|  91|0x0000000088100000, 0x0000000088100000, 0x0000000088200000|  0%| F|  |TAMS 0x0000000088100000, 0x0000000088100000| Untracked 
|  92|0x0000000088200000, 0x0000000088200000, 0x0000000088300000|  0%| F|  |TAMS 0x0000000088200000, 0x0000000088200000| Untracked 
|  93|0x0000000088300000, 0x0000000088300000, 0x0000000088400000|  0%| F|  |TAMS 0x0000000088300000, 0x0000000088300000| Untracked 
|  94|0x0000000088400000, 0x0000000088400000, 0x0000000088500000|  0%| F|  |TAMS 0x0000000088400000, 0x0000000088400000| Untracked 
|  95|0x0000000088500000, 0x0000000088500000, 0x0000000088600000|  0%| F|  |TAMS 0x0000000088500000, 0x0000000088500000| Untracked 
|  96|0x0000000088600000, 0x0000000088600000, 0x0000000088700000|  0%| F|  |TAMS 0x0000000088600000, 0x0000000088600000| Untracked 
|  97|0x0000000088700000, 0x0000000088700000, 0x0000000088800000|  0%| F|  |TAMS 0x0000000088700000, 0x0000000088700000| Untracked 
|  98|0x0000000088800000, 0x0000000088800000, 0x0000000088900000|  0%| F|  |TAMS 0x0000000088800000, 0x0000000088800000| Untracked 
| 125|0x000000008a300000, 0x000000008a300000, 0x000000008a400000|  0%| F|  |TAMS 0x000000008a300000, 0x000000008a300000| Untracked 

Card table byte_map: [0x00000277eeda0000,0x00000277ef190000] _byte_map_base: 0x00000277ee98d000

Marking Bits (Prev, Next): (CMBitMap*) 0x00000277dc53c710, (CMBitMap*) 0x00000277dc53c750
 Prev Bits: [0x00000277ef580000, 0x00000277f14e8000)
 Next Bits: [0x00000277f14f0000, 0x00000277f3458000)

Polling page: 0x00000277da420000

Metaspace:

Usage:
  Non-class:     41.81 MB used.
      Class:      5.76 MB used.
       Both:     47.57 MB used.

Virtual space:
  Non-class space:       48.00 MB reserved,      41.94 MB ( 87%) committed,  6 nodes.
      Class space:        1.00 GB reserved,       5.81 MB ( <1%) committed,  1 nodes.
             Both:        1.05 GB reserved,      47.75 MB (  4%) committed. 

Chunk freelists:
   Non-Class:  1.27 MB
       Class:  2.06 MB
        Both:  3.33 MB

MaxMetaspaceSize: unlimited
CompressedClassSpaceSize: 1.00 GB
Initial GC threshold: 21.00 MB
Current GC threshold: 58.88 MB
CDS: off
MetaspaceReclaimPolicy: balanced
 - commit_granule_bytes: 65536.
 - commit_granule_words: 8192.
 - virtual_space_node_default_size: 1048576.
 - enlarge_chunks_in_place: 1.
 - new_chunks_are_fully_committed: 0.
 - uncommit_free_chunks: 1.
 - use_allocation_guard: 0.
 - handle_deallocations: 1.


Internal statistics:

num_allocs_failed_limit: 6.
num_arena_births: 200.
num_arena_deaths: 0.
num_vsnodes_births: 7.
num_vsnodes_deaths: 0.
num_space_committed: 763.
num_space_uncommitted: 0.
num_chunks_returned_to_freelist: 6.
num_chunks_taken_from_freelist: 1541.
num_chunk_merges: 6.
num_chunk_splits: 1275.
num_chunks_enlarged: 1142.
num_purges: 0.
num_inconsistent_stats: 0.

CodeHeap 'non-profiled nmethods': size=120000Kb used=1535Kb max_used=1535Kb free=118464Kb
 bounds [0x00000277e7480000, 0x00000277e76f0000, 0x00000277ee9b0000]
CodeHeap 'profiled nmethods': size=120000Kb used=7090Kb max_used=7090Kb free=112909Kb
 bounds [0x00000277df9b0000, 0x00000277e00a0000, 0x00000277e6ee0000]
CodeHeap 'non-nmethods': size=5760Kb used=1275Kb max_used=1373Kb free=4484Kb
 bounds [0x00000277e6ee0000, 0x00000277e7150000, 0x00000277e7480000]
 total_blobs=4127 nmethods=3535 adapters=504
 compilation: enabled
              stopped_count=0, restarted_count=0
 full_count=0

Compilation events (20 events):
Event: 3.552 Thread 0x00000277f643d000 nmethod 3529 0x00000277e0093a90 code [0x00000277e0093c40, 0x00000277e0093e08]
Event: 3.552 Thread 0x00000277f643d000 3530       3       org.jetbrains.kotlin.metadata.ProtoBuf$Package::getFunction (14 bytes)
Event: 3.552 Thread 0x00000277f643d000 nmethod 3530 0x00000277e0093f10 code [0x00000277e00940c0, 0x00000277e0094368]
Event: 3.552 Thread 0x00000277f643d000 3534       3       org.jetbrains.kotlin.serialization.deserialization.NameResolverUtilKt::getName (23 bytes)
Event: 3.552 Thread 0x00000277f643d000 nmethod 3534 0x00000277e0094490 code [0x00000277e0094740, 0x00000277e0095288]
Event: 3.552 Thread 0x00000277f643d000 3539       3       org.jetbrains.kotlin.metadata.ProtoBuf$Type$Argument::getSerializedSize (97 bytes)
Event: 3.553 Thread 0x00000277f643d000 nmethod 3539 0x00000277e0095690 code [0x00000277e0095920, 0x00000277e0096378]
Event: 3.553 Thread 0x00000277f643d000 3538       3       org.jetbrains.kotlin.protobuf.AbstractMessageLite::writeDelimitedTo (40 bytes)
Event: 3.554 Thread 0x00000277f643d000 nmethod 3538 0x00000277e0096790 code [0x00000277e00969e0, 0x00000277e0097358]
Event: 3.554 Thread 0x00000277f643d000 3535       3       org.jetbrains.kotlin.metadata.jvm.deserialization.JvmNameResolverBase::getString (450 bytes)
Event: 3.555 Thread 0x00000277f643d000 nmethod 3535 0x00000277e0097690 code [0x00000277e0097b00, 0x00000277e00999a8]
Event: 3.555 Thread 0x00000277f643d000 3536       3       org.jetbrains.kotlin.metadata.jvm.JvmProtoBuf$StringTableTypes$Record::hasString (16 bytes)
Event: 3.555 Thread 0x00000277f643d000 nmethod 3536 0x00000277e009a490 code [0x00000277e009a620, 0x00000277e009a798]
Event: 3.555 Thread 0x00000277f643d000 3537       3       org.jetbrains.kotlin.metadata.jvm.JvmProtoBuf$StringTableTypes$Record::hasPredefinedIndex (16 bytes)
Event: 3.555 Thread 0x00000277f643d000 nmethod 3537 0x00000277e009a810 code [0x00000277e009a9a0, 0x00000277e009ab18]
Event: 3.555 Thread 0x00000277f643d000 3540       1       org.jetbrains.kotlin.metadata.ProtoBuf$Type$Argument$Projection::getNumber (5 bytes)
Event: 3.555 Thread 0x00000277f643d000 nmethod 3540 0x00000277e75ffa90 code [0x00000277e75ffc20, 0x00000277e75ffcf8]
Event: 3.555 Thread 0x00000277f643d000 3543 %     3       org.jetbrains.kotlin.metadata.jvm.deserialization.UtfEncodingKt::stringsToBytes @ 97 (173 bytes)
Event: 3.556 Thread 0x00000277f643d000 nmethod 3543% 0x00000277e009ab90 code [0x00000277e009ae80, 0x00000277e009c018]
Event: 3.556 Thread 0x00000277f643d000 3548   !   3       org.jetbrains.kotlin.metadata.jvm.JvmProtoBuf$StringTableTypes$Record::<init> (759 bytes)

GC Heap History (20 events):
Event: 0.444 GC heap after
{Heap after GC invocations=1 (full 0):
 garbage-first heap   total 129024K, used 6220K [0x0000000082600000, 0x0000000100000000)
  region size 1024K, 2 young (2048K), 2 survivors (2048K)
 Metaspace       used 10453K, committed 10560K, reserved 1064960K
  class space    used 902K, committed 960K, reserved 1048576K
}
Event: 0.756 GC heap before
{Heap before GC invocations=1 (full 0):
 garbage-first heap   total 129024K, used 23628K [0x0000000082600000, 0x0000000100000000)
  region size 1024K, 19 young (19456K), 2 survivors (2048K)
 Metaspace       used 14586K, committed 14720K, reserved 1064960K
  class space    used 1453K, committed 1536K, reserved 1048576K
}
Event: 0.759 GC heap after
{Heap after GC invocations=2 (full 0):
 garbage-first heap   total 129024K, used 7977K [0x0000000082600000, 0x0000000100000000)
  region size 1024K, 2 young (2048K), 2 survivors (2048K)
 Metaspace       used 14586K, committed 14720K, reserved 1064960K
  class space    used 1453K, committed 1536K, reserved 1048576K
}
Event: 1.211 GC heap before
{Heap before GC invocations=2 (full 0):
 garbage-first heap   total 129024K, used 32553K [0x0000000082600000, 0x0000000100000000)
  region size 1024K, 27 young (27648K), 2 survivors (2048K)
 Metaspace       used 21311K, committed 21504K, reserved 1073152K
  class space    used 2323K, committed 2432K, reserved 1048576K
}
Event: 1.216 GC heap after
{Heap after GC invocations=3 (full 0):
 garbage-first heap   total 129024K, used 10373K [0x0000000082600000, 0x0000000100000000)
  region size 1024K, 5 young (5120K), 5 survivors (5120K)
 Metaspace       used 21311K, committed 21504K, reserved 1073152K
  class space    used 2323K, committed 2432K, reserved 1048576K
}
Event: 1.628 GC heap before
{Heap before GC invocations=4 (full 0):
 garbage-first heap   total 45056K, used 35973K [0x0000000082600000, 0x0000000100000000)
  region size 1024K, 26 young (26624K), 5 survivors (5120K)
 Metaspace       used 27625K, committed 27840K, reserved 1081344K
  class space    used 3044K, committed 3136K, reserved 1048576K
}
Event: 1.636 GC heap after
{Heap after GC invocations=5 (full 0):
 garbage-first heap   total 45056K, used 16574K [0x0000000082600000, 0x0000000100000000)
  region size 1024K, 3 young (3072K), 3 survivors (3072K)
 Metaspace       used 27625K, committed 27840K, reserved 1081344K
  class space    used 3044K, committed 3136K, reserved 1048576K
}
Event: 1.652 GC heap before
{Heap before GC invocations=5 (full 0):
 garbage-first heap   total 45056K, used 17598K [0x0000000082600000, 0x0000000100000000)
  region size 1024K, 4 young (4096K), 3 survivors (3072K)
 Metaspace       used 27867K, committed 28096K, reserved 1081344K
  class space    used 3073K, committed 3200K, reserved 1048576K
}
Event: 1.655 GC heap after
{Heap after GC invocations=6 (full 0):
 garbage-first heap   total 45056K, used 16695K [0x0000000082600000, 0x0000000100000000)
  region size 1024K, 1 young (1024K), 1 survivors (1024K)
 Metaspace       used 27867K, committed 28096K, reserved 1081344K
  class space    used 3073K, committed 3200K, reserved 1048576K
}
Event: 1.970 GC heap before
{Heap before GC invocations=6 (full 0):
 garbage-first heap   total 45056K, used 33079K [0x0000000082600000, 0x0000000100000000)
  region size 1024K, 17 young (17408K), 1 survivors (1024K)
 Metaspace       used 31025K, committed 31296K, reserved 1081344K
  class space    used 3767K, committed 3904K, reserved 1048576K
}
Event: 1.975 GC heap after
{Heap after GC invocations=7 (full 0):
 garbage-first heap   total 68608K, used 19456K [0x0000000082600000, 0x0000000100000000)
  region size 1024K, 3 young (3072K), 3 survivors (3072K)
 Metaspace       used 31025K, committed 31296K, reserved 1081344K
  class space    used 3767K, committed 3904K, reserved 1048576K
}
Event: 2.388 GC heap before
{Heap before GC invocations=7 (full 0):
 garbage-first heap   total 68608K, used 49152K [0x0000000082600000, 0x0000000100000000)
  region size 1024K, 31 young (31744K), 3 survivors (3072K)
 Metaspace       used 35764K, committed 35968K, reserved 1081344K
  class space    used 4515K, committed 4608K, reserved 1048576K
}
Event: 2.398 GC heap after
{Heap after GC invocations=8 (full 0):
 garbage-first heap   total 68608K, used 26297K [0x0000000082600000, 0x0000000100000000)
  region size 1024K, 5 young (5120K), 5 survivors (5120K)
 Metaspace       used 35764K, committed 35968K, reserved 1081344K
  class space    used 4515K, committed 4608K, reserved 1048576K
}
Event: 2.752 GC heap before
{Heap before GC invocations=9 (full 0):
 garbage-first heap   total 68608K, used 48825K [0x0000000082600000, 0x0000000100000000)
  region size 1024K, 28 young (28672K), 5 survivors (5120K)
 Metaspace       used 40251K, committed 40448K, reserved 1089536K
  class space    used 4965K, committed 5056K, reserved 1048576K
}
Event: 2.761 GC heap after
{Heap after GC invocations=10 (full 0):
 garbage-first heap   total 68608K, used 26857K [0x0000000082600000, 0x0000000100000000)
  region size 1024K, 3 young (3072K), 3 survivors (3072K)
 Metaspace       used 40251K, committed 40448K, reserved 1089536K
  class space    used 4965K, committed 5056K, reserved 1048576K
}
Event: 2.779 GC heap before
{Heap before GC invocations=10 (full 0):
 garbage-first heap   total 68608K, used 27881K [0x0000000082600000, 0x0000000100000000)
  region size 1024K, 4 young (4096K), 3 survivors (3072K)
 Metaspace       used 40576K, committed 40768K, reserved 1089536K
  class space    used 4985K, committed 5056K, reserved 1048576K
}
Event: 2.784 GC heap after
{Heap after GC invocations=11 (full 0):
 garbage-first heap   total 68608K, used 26967K [0x0000000082600000, 0x0000000100000000)
  region size 1024K, 1 young (1024K), 1 survivors (1024K)
 Metaspace       used 40576K, committed 40768K, reserved 1089536K
  class space    used 4985K, committed 5056K, reserved 1048576K
}
Event: 3.240 GC heap before
{Heap before GC invocations=11 (full 0):
 garbage-first heap   total 68608K, used 49495K [0x0000000082600000, 0x0000000100000000)
  region size 1024K, 24 young (24576K), 1 survivors (1024K)
 Metaspace       used 46594K, committed 46784K, reserved 1097728K
  class space    used 5676K, committed 5760K, reserved 1048576K
}
Event: 3.248 GC heap after
{Heap after GC invocations=12 (full 0):
 garbage-first heap   total 68608K, used 28381K [0x0000000082600000, 0x0000000100000000)
  region size 1024K, 2 young (2048K), 2 survivors (2048K)
 Metaspace       used 46594K, committed 46784K, reserved 1097728K
  class space    used 5676K, committed 5760K, reserved 1048576K
}
Event: 3.557 GC heap before
{Heap before GC invocations=12 (full 0):
 garbage-first heap   total 68608K, used 53981K [0x0000000082600000, 0x0000000100000000)
  region size 1024K, 25 young (25600K), 2 survivors (2048K)
 Metaspace       used 48708K, committed 48896K, reserved 1097728K
  class space    used 5896K, committed 5952K, reserved 1048576K
}

Dll operation events (2 events):
Event: 0.012 Loaded shared library E:\Android studio 2022.1.3\jbr\bin\java.dll
Event: 1.045 Loaded shared library E:\Android studio 2022.1.3\jbr\bin\verify.dll

Deoptimization events (20 events):
Event: 3.371 Thread 0x00000277dc4e02e0 DEOPT PACKING pc=0x00000277e7598788 sp=0x000000b08e7fa930
Event: 3.371 Thread 0x00000277dc4e02e0 DEOPT UNPACKING pc=0x00000277e6f369a3 sp=0x000000b08e7fa818 mode 2
Event: 3.375 Thread 0x00000277dc4e02e0 Uncommon trap: trap_request=0xffffffc6 fr.pc=0x00000277e759950c relative=0x000000000000032c
Event: 3.375 Thread 0x00000277dc4e02e0 Uncommon trap: reason=bimorphic_or_optimized_type_check action=maybe_recompile pc=0x00000277e759950c method=org.jetbrains.kotlin.protobuf.CodedInputStream.tryRefillBuffer(I)Z @ 177 c2
Event: 3.375 Thread 0x00000277dc4e02e0 DEOPT PACKING pc=0x00000277e759950c sp=0x000000b08e7fa7f0
Event: 3.375 Thread 0x00000277dc4e02e0 DEOPT UNPACKING pc=0x00000277e6f369a3 sp=0x000000b08e7fa728 mode 2
Event: 3.386 Thread 0x00000277dc4e02e0 DEOPT PACKING pc=0x00000277dfed1be5 sp=0x000000b08e7fa950
Event: 3.386 Thread 0x00000277dc4e02e0 DEOPT UNPACKING pc=0x00000277e6f37143 sp=0x000000b08e7f9dc8 mode 0
Event: 3.429 Thread 0x00000277dc4e02e0 DEOPT PACKING pc=0x00000277dfed1be5 sp=0x000000b08e7f7d80
Event: 3.429 Thread 0x00000277dc4e02e0 DEOPT UNPACKING pc=0x00000277e6f37143 sp=0x000000b08e7f71f8 mode 0
Event: 3.493 Thread 0x00000277dc4e02e0 DEOPT PACKING pc=0x00000277dff874a9 sp=0x000000b08e7f89a0
Event: 3.493 Thread 0x00000277dc4e02e0 DEOPT UNPACKING pc=0x00000277e6f37143 sp=0x000000b08e7f7f20 mode 0
Event: 3.523 Thread 0x00000277dc4e02e0 Uncommon trap: trap_request=0xffffffc6 fr.pc=0x00000277e75969bc relative=0x000000000000009c
Event: 3.523 Thread 0x00000277dc4e02e0 Uncommon trap: reason=bimorphic_or_optimized_type_check action=maybe_recompile pc=0x00000277e75969bc method=java.util.AbstractList$Itr.hasNext()Z @ 8 c2
Event: 3.523 Thread 0x00000277dc4e02e0 DEOPT PACKING pc=0x00000277e75969bc sp=0x000000b08e7fa090
Event: 3.523 Thread 0x00000277dc4e02e0 DEOPT UNPACKING pc=0x00000277e6f369a3 sp=0x000000b08e7fa028 mode 2
Event: 3.523 Thread 0x00000277dc4e02e0 Uncommon trap: trap_request=0xffffffc6 fr.pc=0x00000277e75969bc relative=0x000000000000009c
Event: 3.523 Thread 0x00000277dc4e02e0 Uncommon trap: reason=bimorphic_or_optimized_type_check action=maybe_recompile pc=0x00000277e75969bc method=java.util.AbstractList$Itr.hasNext()Z @ 8 c2
Event: 3.523 Thread 0x00000277dc4e02e0 DEOPT PACKING pc=0x00000277e75969bc sp=0x000000b08e7fa090
Event: 3.523 Thread 0x00000277dc4e02e0 DEOPT UNPACKING pc=0x00000277e6f369a3 sp=0x000000b08e7fa028 mode 2

Classes unloaded (0 events):
No events

Classes redefined (0 events):
No events

Internal exceptions (20 events):
Event: 0.961 Thread 0x00000277dc4e02e0 Exception <a 'java/lang/NoSuchMethodError'{0x0000000089858660}: 'int java.lang.invoke.DelegatingMethodHandle$Holder.reinvoke_L(java.lang.Object, java.lang.Object, java.lang.Object, long, int)'> (0x0000000089858660) 
thrown [s\src\hotspot\share\interpreter\linkResolver.cpp, line 771]
Event: 1.048 Thread 0x00000277dc4e02e0 Exception <a 'java/lang/NoSuchMethodError'{0x00000000895c6cb0}: 'java.lang.Object java.lang.invoke.DirectMethodHandle$Holder.invokeStaticInit(java.lang.Object)'> (0x00000000895c6cb0) 
thrown [s\src\hotspot\share\interpreter\linkResolver.cpp, line 771]
Event: 1.162 Thread 0x00000277dc4e02e0 Exception <a 'java/lang/NoSuchMethodError'{0x0000000088c93148}: 'java.lang.Object java.lang.invoke.DirectMethodHandle$Holder.invokeStaticInit(java.lang.Object, int)'> (0x0000000088c93148) 
thrown [s\src\hotspot\share\interpreter\linkResolver.cpp, line 771]
Event: 1.170 Thread 0x00000277dc4e02e0 Exception <a 'java/lang/NoSuchMethodError'{0x0000000088b1cf00}: 'void java.lang.invoke.DirectMethodHandle$Holder.invokeStatic(java.lang.Object, java.lang.Object)'> (0x0000000088b1cf00) 
thrown [s\src\hotspot\share\interpreter\linkResolver.cpp, line 771]
Event: 1.190 Thread 0x00000277dc4e02e0 Exception <a 'java/lang/NoSuchMethodError'{0x0000000088a56358}: 'long java.lang.invoke.DirectMethodHandle$Holder.invokeStatic(java.lang.Object)'> (0x0000000088a56358) 
thrown [s\src\hotspot\share\interpreter\linkResolver.cpp, line 771]
Event: 1.190 Thread 0x00000277dc4e02e0 Exception <a 'java/lang/NoSuchMethodError'{0x0000000088a59ab0}: 'long java.lang.invoke.DirectMethodHandle$Holder.invokeStaticInit(java.lang.Object)'> (0x0000000088a59ab0) 
thrown [s\src\hotspot\share\interpreter\linkResolver.cpp, line 771]
Event: 1.261 Thread 0x00000277dc4e02e0 Exception <a 'java/lang/NoSuchMethodError'{0x0000000084913998}: 'int java.lang.invoke.DirectMethodHandle$Holder.invokeStaticInit(java.lang.Object, java.lang.Object, java.lang.Object)'> (0x0000000084913998) 
thrown [s\src\hotspot\share\interpreter\linkResolver.cpp, line 771]
Event: 1.265 Thread 0x00000277dc4e02e0 Exception <a 'java/lang/NoSuchMethodError'{0x000000008493c300}: 'int java.lang.invoke.DirectMethodHandle$Holder.invokeStaticInit(java.lang.Object, java.lang.Object)'> (0x000000008493c300) 
thrown [s\src\hotspot\share\interpreter\linkResolver.cpp, line 771]
Event: 1.283 Thread 0x00000277dc4e02e0 Exception <a 'java/lang/NoSuchMethodError'{0x00000000848184a0}: 'void java.lang.invoke.DirectMethodHandle$Holder.invokeSpecial(java.lang.Object, java.lang.Object, java.lang.Object)'> (0x00000000848184a0) 
thrown [s\src\hotspot\share\interpreter\linkResolver.cpp, line 771]
Event: 1.536 Thread 0x00000277dc4e02e0 Exception <a 'java/lang/NoSuchMethodError'{0x0000000083dd1900}: 'void java.lang.invoke.DirectMethodHandle$Holder.invokeStatic(java.lang.Object, java.lang.Object, java.lang.Object, java.lang.Object)'> (0x0000000083dd1900) 
thrown [s\src\hotspot\share\interpreter\linkResolver.cpp, line 771]
Event: 1.601 Thread 0x00000277dc4e02e0 Exception <a 'java/lang/NoSuchMethodError'{0x000000008397c6e8}: 'void java.lang.invoke.DirectMethodHandle$Holder.invokeStaticInit(java.lang.Object, java.lang.Object)'> (0x000000008397c6e8) 
thrown [s\src\hotspot\share\interpreter\linkResolver.cpp, line 771]
Event: 1.688 Thread 0x00000277dc4e02e0 Exception <a 'java/lang/NoSuchMethodError'{0x00000000887a8410}: 'void java.lang.invoke.DirectMethodHandle$Holder.invokeVirtual(java.lang.Object, java.lang.Object)'> (0x00000000887a8410) 
thrown [s\src\hotspot\share\interpreter\linkResolver.cpp, line 771]
Event: 1.700 Thread 0x00000277dc4e02e0 Exception <a 'java/lang/NoSuchMethodError'{0x0000000088633738}: 'int java.lang.invoke.DirectMethodHandle$Holder.invokeVirtual(java.lang.Object, java.lang.Object)'> (0x0000000088633738) 
thrown [s\src\hotspot\share\interpreter\linkResolver.cpp, line 771]
Event: 1.717 Thread 0x00000277dc4e02e0 Exception <a 'java/lang/NoSuchMethodError'{0x00000000886d9860}: 'java.lang.Object java.lang.invoke.Invokers$Holder.invokeExact_MT(java.lang.Object, java.lang.Object, java.lang.Object, java.lang.Object, java.lang.Object, java.lang.Object)'> (0x00000000886d9860) 
thrown [s\src\hotspot\share\interpreter\linkResolver.cpp, line 771]
Event: 2.398 Thread 0x00000277dc4e02e0 Exception <a 'java/lang/NoSuchMethodError'{0x000000008a302dc8}: 'java.lang.Object java.lang.invoke.DirectMethodHandle$Holder.invokeVirtual(java.lang.Object, java.lang.Object, java.lang.Object)'> (0x000000008a302dc8) 
thrown [s\src\hotspot\share\interpreter\linkResolver.cpp, line 771]
Event: 3.094 Thread 0x00000277dc4e02e0 Exception <a 'java/lang/NoSuchMethodError'{0x0000000085794260}: 'java.lang.Object java.lang.invoke.DirectMethodHandle$Holder.newInvokeSpecial(java.lang.Object, java.lang.Object, int)'> (0x0000000085794260) 
thrown [s\src\hotspot\share\interpreter\linkResolver.cpp, line 771]
Event: 3.129 Thread 0x00000277dc4e02e0 Exception <a 'java/lang/NoSuchMethodError'{0x000000008550ee68}: 'java.lang.Object java.lang.invoke.DirectMethodHandle$Holder.newInvokeSpecial(java.lang.Object, java.lang.Object, java.lang.Object, int)'> (0x000000008550ee68) 
thrown [s\src\hotspot\share\interpreter\linkResolver.cpp, line 771]
Event: 3.129 Thread 0x00000277dc4e02e0 Exception <a 'java/lang/NoSuchMethodError'{0x00000000855134f0}: 'java.lang.Object java.lang.invoke.DirectMethodHandle$Holder.invokeSpecial(java.lang.Object, java.lang.Object, java.lang.Object, java.lang.Object, int)'> (0x00000000855134f0) 
thrown [s\src\hotspot\share\interpreter\linkResolver.cpp, line 771]
Event: 3.129 Thread 0x00000277dc4e02e0 Exception <a 'java/lang/NoSuchMethodError'{0x0000000085517360}: 'java.lang.Object java.lang.invoke.Invokers$Holder.linkToTargetMethod(java.lang.Object, java.lang.Object, int, java.lang.Object)'> (0x0000000085517360) 
thrown [s\src\hotspot\share\interpreter\linkResolver.cpp, line 771]
Event: 3.310 Thread 0x00000277dc4e02e0 Exception <a 'java/lang/NoSuchMethodError'{0x0000000088601ef8}: 'java.lang.Object java.lang.invoke.DirectMethodHandle$Holder.invokeInterface(java.lang.Object, java.lang.Object)'> (0x0000000088601ef8) 
thrown [s\src\hotspot\share\interpreter\linkResolver.cpp, line 771]

VM Operations (20 events):
Event: 2.761 Executing VM operation: G1CollectForAllocation done
Event: 2.779 Executing VM operation: G1CollectForAllocation
Event: 2.784 Executing VM operation: G1CollectForAllocation done
Event: 3.112 Executing VM operation: HandshakeAllThreads
Event: 3.112 Executing VM operation: HandshakeAllThreads done
Event: 3.182 Executing VM operation: HandshakeAllThreads
Event: 3.182 Executing VM operation: HandshakeAllThreads done
Event: 3.240 Executing VM operation: G1CollectForAllocation
Event: 3.248 Executing VM operation: G1CollectForAllocation done
Event: 3.316 Executing VM operation: HandshakeAllThreads
Event: 3.316 Executing VM operation: HandshakeAllThreads done
Event: 3.360 Executing VM operation: HandshakeAllThreads
Event: 3.360 Executing VM operation: HandshakeAllThreads done
Event: 3.364 Executing VM operation: HandshakeAllThreads
Event: 3.364 Executing VM operation: HandshakeAllThreads done
Event: 3.527 Executing VM operation: HandshakeAllThreads
Event: 3.527 Executing VM operation: HandshakeAllThreads done
Event: 3.528 Executing VM operation: ICBufferFull
Event: 3.529 Executing VM operation: ICBufferFull done
Event: 3.557 Executing VM operation: G1CollectForAllocation

Events (20 events):
Event: 3.018 loading class java/util/PrimitiveIterator$OfInt
Event: 3.018 loading class java/util/PrimitiveIterator
Event: 3.018 loading class java/util/PrimitiveIterator done
Event: 3.018 loading class java/util/PrimitiveIterator$OfInt done
Event: 3.034 loading class java/util/AbstractMap$SimpleImmutableEntry
Event: 3.034 loading class java/util/AbstractMap$SimpleImmutableEntry done
Event: 3.093 loading class java/util/function/IntUnaryOperator
Event: 3.093 loading class java/util/function/IntUnaryOperator done
Event: 3.111 loading class java/util/ArrayList$ListItr
Event: 3.111 loading class java/util/ArrayList$ListItr done
Event: 3.181 loading class java/util/AbstractList$SubList$1
Event: 3.181 loading class java/util/AbstractList$SubList$1 done
Event: 3.181 loading class java/util/AbstractList$ListItr
Event: 3.181 loading class java/util/AbstractList$ListItr done
Event: 3.236 loading class java/text/StringCharacterIterator
Event: 3.236 loading class java/text/CharacterIterator
Event: 3.237 loading class java/text/CharacterIterator done
Event: 3.237 loading class java/text/StringCharacterIterator done
Event: 3.402 loading class java/util/Collections$SingletonMap
Event: 3.402 loading class java/util/Collections$SingletonMap done


Dynamic libraries:
0x00007ff7c2c60000 - 0x00007ff7c2c6a000 	E:\Android studio 2022.1.3\jbr\bin\java.exe
0x00007fffe8ed0000 - 0x00007fffe90c8000 	C:\WINDOWS\SYSTEM32\ntdll.dll
0x00007fffe3100000 - 0x00007fffe3119000 	C:\Program Files\Avast Software\Avast\aswhook.dll
0x00007fffe6f90000 - 0x00007fffe704f000 	C:\WINDOWS\System32\KERNEL32.DLL
0x00007fffe6690000 - 0x00007fffe6986000 	C:\WINDOWS\System32\KERNELBASE.dll
0x00007fffe6bb0000 - 0x00007fffe6cb0000 	C:\WINDOWS\System32\ucrtbase.dll
0x00007fffac970000 - 0x00007fffac98b000 	E:\Android studio 2022.1.3\jbr\bin\VCRUNTIME140.dll
0x00007fffcee20000 - 0x00007fffcee37000 	E:\Android studio 2022.1.3\jbr\bin\jli.dll
0x00007fffe7a60000 - 0x00007fffe7bfd000 	C:\WINDOWS\System32\USER32.dll
0x00007fffe6660000 - 0x00007fffe6682000 	C:\WINDOWS\System32\win32u.dll
0x00007fffc7ee0000 - 0x00007fffc817a000 	C:\WINDOWS\WinSxS\amd64_microsoft.windows.common-controls_6595b64144ccf1df_6.0.19041.1110_none_60b5254171f9507e\COMCTL32.dll
0x00007fffe8520000 - 0x00007fffe854c000 	C:\WINDOWS\System32\GDI32.dll
0x00007fffe7dd0000 - 0x00007fffe7e6e000 	C:\WINDOWS\System32\msvcrt.dll
0x00007fffe6cb0000 - 0x00007fffe6dc5000 	C:\WINDOWS\System32\gdi32full.dll
0x00007fffe6a50000 - 0x00007fffe6aed000 	C:\WINDOWS\System32\msvcp_win.dll
0x00007fffe7e80000 - 0x00007fffe7eb0000 	C:\WINDOWS\System32\IMM32.DLL
0x00007fffce860000 - 0x00007fffce86c000 	E:\Android studio 2022.1.3\jbr\bin\vcruntime140_1.dll
0x00007fffab410000 - 0x00007fffab49d000 	E:\Android studio 2022.1.3\jbr\bin\msvcp140.dll
0x00007fffad810000 - 0x00007fffae47e000 	E:\Android studio 2022.1.3\jbr\bin\server\jvm.dll
0x00007fffe79b0000 - 0x00007fffe7a5f000 	C:\WINDOWS\System32\ADVAPI32.dll
0x00007fffe7d20000 - 0x00007fffe7dbc000 	C:\WINDOWS\System32\sechost.dll
0x00007fffe82a0000 - 0x00007fffe83c6000 	C:\WINDOWS\System32\RPCRT4.dll
0x00007fffd3b00000 - 0x00007fffd3b27000 	C:\WINDOWS\SYSTEM32\WINMM.dll
0x00007fffd59f0000 - 0x00007fffd59f9000 	C:\WINDOWS\SYSTEM32\WSOCK32.dll
0x00007fffe0b00000 - 0x00007fffe0b0a000 	C:\WINDOWS\SYSTEM32\VERSION.dll
0x00007fffe8600000 - 0x00007fffe866b000 	C:\WINDOWS\System32\WS2_32.dll
0x00007fffe4440000 - 0x00007fffe4452000 	C:\WINDOWS\SYSTEM32\kernel.appcore.dll
0x00007fffe0180000 - 0x00007fffe018a000 	E:\Android studio 2022.1.3\jbr\bin\jimage.dll
0x00007fffd9150000 - 0x00007fffd9334000 	C:\WINDOWS\SYSTEM32\DBGHELP.DLL
0x00007fffd9110000 - 0x00007fffd9144000 	C:\WINDOWS\SYSTEM32\dbgcore.DLL
0x00007fffe6b20000 - 0x00007fffe6ba2000 	C:\WINDOWS\System32\bcryptPrimitives.dll
0x00007fffd6000000 - 0x00007fffd6025000 	E:\Android studio 2022.1.3\jbr\bin\java.dll
0x00007fffd3d20000 - 0x00007fffd3d38000 	E:\Android studio 2022.1.3\jbr\bin\zip.dll
0x00007fffe8740000 - 0x00007fffe8e84000 	C:\WINDOWS\System32\SHELL32.dll
0x00007fffe4640000 - 0x00007fffe4dd3000 	C:\WINDOWS\SYSTEM32\windows.storage.dll
0x00007fffe75a0000 - 0x00007fffe78f4000 	C:\WINDOWS\System32\combase.dll
0x00007fffe5e40000 - 0x00007fffe5e6e000 	C:\WINDOWS\SYSTEM32\Wldp.dll
0x00007fffe7900000 - 0x00007fffe79ad000 	C:\WINDOWS\System32\SHCORE.dll
0x00007fffe8680000 - 0x00007fffe86d5000 	C:\WINDOWS\System32\shlwapi.dll
0x00007fffe64f0000 - 0x00007fffe650f000 	C:\WINDOWS\SYSTEM32\profapi.dll
0x00007fffd3980000 - 0x00007fffd3999000 	E:\Android studio 2022.1.3\jbr\bin\net.dll
0x00007fffddf40000 - 0x00007fffde04a000 	C:\WINDOWS\SYSTEM32\WINHTTP.dll
0x00007fffe5c20000 - 0x00007fffe5c8a000 	C:\WINDOWS\system32\mswsock.dll
0x00007fffd37c0000 - 0x00007fffd37d6000 	E:\Android studio 2022.1.3\jbr\bin\nio.dll
0x00007fffd60e0000 - 0x00007fffd60f0000 	E:\Android studio 2022.1.3\jbr\bin\verify.dll

dbghelp: loaded successfully - version: 4.0.5 - missing functions: none
symbol engine: initialized successfully - sym options: 0x614 - pdb path: .;E:\Android studio 2022.1.3\jbr\bin;C:\WINDOWS\SYSTEM32;C:\Program Files\Avast Software\Avast;C:\WINDOWS\WinSxS\amd64_microsoft.windows.common-controls_6595b64144ccf1df_6.0.19041.1110_none_60b5254171f9507e;E:\Android studio 2022.1.3\jbr\bin\server

VM Arguments:
java_command: org.jetbrains.kotlin.cli.jvm.K2JVMCompiler @C:\Users\Thoriso Tumelo\Downloads\Compressed\WILAPPUPDATED\WILAPP\app\build\20231121_10198151633705946000.compiler.options
java_class_path (initial): C:\Users\Thoriso Tumelo\.gradle\caches\modules-2\files-2.1\org.jetbrains.kotlin\kotlin-compiler-embeddable\1.8.0\eb9118d4bcceaa2a94b2ae2a33a4ddba7c9a947f\kotlin-compiler-embeddable-1.8.0.jar;C:\Users\Thoriso Tumelo\.gradle\caches\modules-2\files-2.1\org.jetbrains.kotlin\kotlin-stdlib\1.8.0\1796921c7a3e2e2665a83e6c8d33399336cd39bc\kotlin-stdlib-1.8.0.jar;C:\Users\Thoriso Tumelo\.gradle\caches\modules-2\files-2.1\org.jetbrains.kotlin\kotlin-script-runtime\1.8.0\b2f7e760d283cb339974851c222a4c1d48f2d3d\kotlin-script-runtime-1.8.0.jar;C:\Users\Thoriso Tumelo\.gradle\caches\modules-2\files-2.1\org.jetbrains.kotlin\kotlin-reflect\1.6.10\1cbe9c92c12a94eea200d23c2bbaedaf3daf5132\kotlin-reflect-1.6.10.jar;C:\Users\Thoriso Tumelo\.gradle\caches\modules-2\files-2.1\org.jetbrains.kotlin\kotlin-daemon-embeddable\1.8.0\d255216c551685dc3a7e852b53617f5f01aaaa5c\kotlin-daemon-embeddable-1.8.0.jar;C:\Users\Thoriso Tumelo\.gradle\caches\modules-2\files-2.1\org.jetbrains.intellij.deps\trove4j\1.0.20200330\3afb14d5f9ceb459d724e907a21145e8ff394f02\trove4j-1.0.20200330.jar;C:\Users\Thoriso Tumelo\.gradle\caches\modules-2\files-2.1\net.java.dev.jna\jna\5.6.0\330f2244e9030119ab3030fc3fededc86713d9cc\jna-5.6.0.jar;C:\Users\Thoriso Tumelo\.gradle\caches\modules-2\files-2.1\org.jetbrains.kotlin\kotlin-stdlib-common\1.8.0\f7197e7cc76453ac59f8b0f8d5137cc600becd36\kotlin-stdlib-common-1.8.0.jar;C:\Users\Thoriso Tumelo\.gradle\caches\modules-2\files-2.1\org.jetbrains\annotations\13.0\919f0dfe192fb4e063e7dacadee7f8bb9a2672a9\annotations-13.0.jar
Launcher Type: SUN_STANDARD

[Global flags]
     intx CICompilerCount                          = 3                                         {product} {ergonomic}
     uint ConcGCThreads                            = 1                                         {product} {ergonomic}
     uint G1ConcRefinementThreads                  = 4                                         {product} {ergonomic}
   size_t G1HeapRegionSize                         = 1048576                                   {product} {ergonomic}
    uintx GCDrainStackTargetSize                   = 64                                        {product} {ergonomic}
   size_t InitialHeapSize                          = 132120576                                 {product} {ergonomic}
   size_t MarkStackSize                            = 4194304                                   {product} {ergonomic}
   size_t MaxHeapSize                              = 2107637760                                {product} {ergonomic}
   size_t MaxNewSize                               = 1264582656                                {product} {ergonomic}
   size_t MinHeapDeltaBytes                        = 1048576                                   {product} {ergonomic}
   size_t MinHeapSize                              = 8388608                                   {product} {ergonomic}
    uintx NonNMethodCodeHeapSize                   = 5832780                                {pd product} {ergonomic}
    uintx NonProfiledCodeHeapSize                  = 122912730                              {pd product} {ergonomic}
    uintx ProfiledCodeHeapSize                     = 122912730                              {pd product} {ergonomic}
    uintx ReservedCodeCacheSize                    = 251658240                              {pd product} {ergonomic}
     bool SegmentedCodeCache                       = true                                      {product} {ergonomic}
   size_t SoftMaxHeapSize                          = 2107637760                             {manageable} {ergonomic}
     bool UseCompressedClassPointers               = true                           {product lp64_product} {ergonomic}
     bool UseCompressedOops                        = true                           {product lp64_product} {ergonomic}
     bool UseG1GC                                  = true                                      {product} {ergonomic}
     bool UseLargePagesIndividualAllocation        = false                                  {pd product} {ergonomic}

Logging:
Log output configuration:
 #0: stdout all=warning uptime,level,tags
 #1: stderr all=off uptime,level,tags

Environment Variables:
PATH=C:\WINDOWS\system32;C:\WINDOWS;C:\WINDOWS\System32\Wbem;C:\WINDOWS\System32\WindowsPowerShell\v1.0\;C:\WINDOWS\System32\OpenSSH\;C:\Program Files\Git\cmd;C:\Users\Thoriso Tumelo\AppData\Local\Microsoft\WindowsApps
USERNAME=Thoriso Tumelo
OS=Windows_NT
PROCESSOR_IDENTIFIER=Intel64 Family 6 Model 158 Stepping 11, GenuineIntel
TMP=C:\Users\THORIS~1\AppData\Local\Temp
TEMP=C:\Users\THORIS~1\AppData\Local\Temp


JNI global refs:
JNI global refs: 9, weak refs: 8

JNI global refs memory usage: 843, weak refs: 841


---------------  S Y S T E M  ---------------

OS:
 Windows 10 , 64 bit Build 19041 (10.0.19041.3031)
OS uptime: 0 days 23:54 hours
Hyper-V role detected

CPU: total 4 (initial active 4) (4 cores per cpu, 1 threads per core) family 6 model 158 stepping 11 microcode 0xb4, cx8, cmov, fxsr, mmx, 3dnowpref, sse, sse2, sse3, ssse3, sse4.1, sse4.2, popcnt, lzcnt, tsc, tscinvbit, avx, avx2, aes, erms, clmul, bmi1, bmi2, adx, fma, vzeroupper, clflush, clflushopt, hv

Memory: 4k page, system-wide physical 8035M (387M free)
TotalPageFile size 9939M (AvailPageFile size 20M)
current process WorkingSet (physical memory assigned to process): 219M, peak: 228M
current process commit charge ("private bytes"): 281M, peak: 298M

vm_info: OpenJDK 64-Bit Server VM (17.0.6+0-b2043.56-10027231) for windows-amd64 JRE (17.0.6+0-b2043.56-10027231), built on Apr 28 2023 00:43:19 by "androidbuild" with MS VC++ 16.10 / 16.11 (VS2019)

END.
