#
# There is insufficient memory for the Java Runtime Environment to continue.
# Native memory allocation (malloc) failed to allocate 882976 bytes for Chunk::new
# Possible reasons:
#   The system is out of physical RAM or swap space
#   The process is running with CompressedOops enabled, and the Java Heap may be blocking the growth of the native heap
# Possible solutions:
#   Reduce memory load on the system
#   Increase physical memory or swap space
#   Check if swap backing store is full
#   Decrease Java heap size (-Xmx/-Xms)
#   Decrease number of Java threads
#   Decrease Java thread stack sizes (-Xss)
#   Set larger code cache with -XX:ReservedCodeCacheSize=
#   JVM is running with Unscaled Compressed Oops mode in which the Java heap is
#     placed in the first 4GB address space. The Java Heap base address is the
#     maximum limit for the native heap growth. Please use -XX:HeapBaseMinAddress
#     to set the Java Heap base and to place the Java Heap above 4GB virtual address.
# This output file may be truncated or incomplete.
#
#  Out of Memory Error (arena.cpp:189), pid=3872, tid=1092
#
# JRE version: OpenJDK Runtime Environment (17.0.6) (build 17.0.6+0-b2043.56-10027231)
# Java VM: OpenJDK 64-Bit Server VM (17.0.6+0-b2043.56-10027231, mixed mode, tiered, compressed oops, compressed class ptrs, g1 gc, windows-amd64)
# No core dump will be written. Minidumps are not enabled by default on client versions of Windows
#

---------------  S U M M A R Y ------------

Command Line: org.jetbrains.kotlin.cli.jvm.K2JVMCompiler @C:\Users\Thoriso Tumelo\AndroidStudioProjects\WILAPP\app\build\20231120_15018992755901372827.compiler.options

Host: Intel(R) Core(TM) i3-8100T CPU @ 3.10GHz, 4 cores, 7G,  Windows 10 , 64 bit Build 19041 (10.0.19041.3031)
Time: Mon Nov 20 23:24:31 2023 South Africa Standard Time elapsed time: 3.974474 seconds (0d 0h 0m 3s)

---------------  T H R E A D  ---------------

Current thread (0x0000024f36827020):  JavaThread "C2 CompilerThread0" daemon [_thread_in_native, id=1092, stack(0x0000007610300000,0x0000007610400000)]


Current CompileTask:
C2:   3974 4044       4       java.lang.ClassLoader::loadClass (7 bytes)

Stack: [0x0000007610300000,0x0000007610400000]
Native frames: (J=compiled Java code, j=interpreted, Vv=VM code, C=native code)
V  [jvm.dll+0x683c9a]
V  [jvm.dll+0x8427a4]
V  [jvm.dll+0x843f9e]
V  [jvm.dll+0x844603]
V  [jvm.dll+0x249b75]
V  [jvm.dll+0xabcac]
V  [jvm.dll+0xac27c]
V  [jvm.dll+0x2b0eef]
V  [jvm.dll+0x58a267]
V  [jvm.dll+0x2243b2]
V  [jvm.dll+0x22478f]
V  [jvm.dll+0x21e055]
V  [jvm.dll+0x21b51b]
V  [jvm.dll+0x1a4fdd]
V  [jvm.dll+0x22b098]
V  [jvm.dll+0x229159]
V  [jvm.dll+0x7f81ec]
V  [jvm.dll+0x7f274a]
V  [jvm.dll+0x682ad5]
C  [ucrtbase.dll+0x21bb2]
C  [KERNEL32.DLL+0x17614]
C  [ntdll.dll+0x526f1]


---------------  P R O C E S S  ---------------

Threads class SMR info:
_java_thread_list=0x0000024f36ef0580, length=13, elements={
0x0000024f1c94e500, 0x0000024f35dc6a40, 0x0000024f35dc77f0, 0x0000024f3682ddb0,
0x0000024f3682e760, 0x0000024f368218d0, 0x0000024f36822bb0, 0x0000024f36827020,
0x0000024f3683b660, 0x0000024f3683c370, 0x0000024f36999360, 0x0000024f369ae6d0,
0x0000024f36f26df0
}

Java Threads: ( => current thread )
  0x0000024f1c94e500 JavaThread "main" [_thread_in_vm, id=7616, stack(0x000000760f600000,0x000000760f700000)]
  0x0000024f35dc6a40 JavaThread "Reference Handler" daemon [_thread_blocked, id=12000, stack(0x000000760fd00000,0x000000760fe00000)]
  0x0000024f35dc77f0 JavaThread "Finalizer" daemon [_thread_blocked, id=7740, stack(0x000000760fe00000,0x000000760ff00000)]
  0x0000024f3682ddb0 JavaThread "Signal Dispatcher" daemon [_thread_blocked, id=3932, stack(0x000000760ff00000,0x0000007610000000)]
  0x0000024f3682e760 JavaThread "Attach Listener" daemon [_thread_blocked, id=9436, stack(0x0000007610000000,0x0000007610100000)]
  0x0000024f368218d0 JavaThread "Service Thread" daemon [_thread_blocked, id=1960, stack(0x0000007610100000,0x0000007610200000)]
  0x0000024f36822bb0 JavaThread "Monitor Deflation Thread" daemon [_thread_blocked, id=9272, stack(0x0000007610200000,0x0000007610300000)]
=>0x0000024f36827020 JavaThread "C2 CompilerThread0" daemon [_thread_in_native, id=1092, stack(0x0000007610300000,0x0000007610400000)]
  0x0000024f3683b660 JavaThread "C1 CompilerThread0" daemon [_thread_in_vm, id=11688, stack(0x0000007610400000,0x0000007610500000)]
  0x0000024f3683c370 JavaThread "Sweeper thread" daemon [_thread_blocked, id=11244, stack(0x0000007610500000,0x0000007610600000)]
  0x0000024f36999360 JavaThread "Notification Thread" daemon [_thread_blocked, id=11544, stack(0x0000007610600000,0x0000007610700000)]
  0x0000024f369ae6d0 JavaThread "Common-Cleaner" daemon [_thread_blocked, id=3764, stack(0x0000007610800000,0x0000007610900000)]
  0x0000024f36f26df0 JavaThread "C2 CompilerThread1" daemon [_thread_in_native, id=992, stack(0x0000007610c00000,0x0000007610d00000)]

Other Threads:
  0x0000024f35dc37b0 VMThread "VM Thread" [stack: 0x000000760fc00000,0x000000760fd00000] [id=1768]
  0x0000024f1c9c7590 WatcherThread [stack: 0x0000007610700000,0x0000007610800000] [id=10756]
  0x0000024f1c9ab950 GCTaskThread "GC Thread#0" [stack: 0x000000760f700000,0x000000760f800000] [id=11160]
  0x0000024f36dd38b0 GCTaskThread "GC Thread#1" [stack: 0x0000007610900000,0x0000007610a00000] [id=5404]
  0x0000024f36df1690 GCTaskThread "GC Thread#2" [stack: 0x0000007610a00000,0x0000007610b00000] [id=2756]
  0x0000024f36e23ac0 GCTaskThread "GC Thread#3" [stack: 0x0000007610b00000,0x0000007610c00000] [id=1188]
  0x0000024f1c9bc3d0 ConcurrentGCThread "G1 Main Marker" [stack: 0x000000760f800000,0x000000760f900000] [id=10404]
  0x0000024f1c9bd580 ConcurrentGCThread "G1 Conc#0" [stack: 0x000000760f900000,0x000000760fa00000] [id=8684]
  0x0000024f1ca16420 ConcurrentGCThread "G1 Refine#0" [stack: 0x000000760fa00000,0x000000760fb00000] [id=6008]
  0x0000024f387254f0 ConcurrentGCThread "G1 Refine#1" [stack: 0x0000007610d00000,0x0000007610e00000] [id=3684]
  0x0000024f3b595760 ConcurrentGCThread "G1 Refine#2" [stack: 0x0000007610e00000,0x0000007610f00000] [id=10300]
  0x0000024f1ca16d40 ConcurrentGCThread "G1 Service" [stack: 0x000000760fb00000,0x000000760fc00000] [id=10972]

Threads with active compile tasks:
C2 CompilerThread0     4016 4044       4       java.lang.ClassLoader::loadClass (7 bytes)
C1 CompilerThread0     4016 4333       3       org.jetbrains.kotlin.descriptors.impl.PackageFragmentDescriptorImpl::getContainingDeclaration (8 bytes)
C2 CompilerThread1     4016 4327       4       org.jetbrains.kotlin.load.java.structure.impl.classFiles.BinaryClassSignatureParser::parseTypeString (120 bytes)

VM state: not at safepoint (normal execution)

VM Mutex/Monitor currently owned by a thread: None

Heap address: 0x0000000082600000, size: 2010 MB, Compressed Oops mode: 32-bit

CDS archive(s) not mapped
Compressed class space mapped at: 0x0000000100000000-0x0000000140000000, reserved size: 1073741824
Narrow klass base: 0x0000000000000000, Narrow klass shift: 3, Narrow klass range: 0x140000000

GC Precious Log:
 CPUs: 4 total, 4 available
 Memory: 8035M
 Large Page Support: Disabled
 NUMA Support: Disabled
 Compressed Oops: Enabled (32-bit)
 Heap Region Size: 1M
 Heap Min Capacity: 8M
 Heap Initial Capacity: 126M
 Heap Max Capacity: 2010M
 Pre-touch: Disabled
 Parallel Workers: 4
 Concurrent Workers: 1
 Concurrent Refinement Workers: 4
 Periodic GC: Disabled

Heap:
 garbage-first heap   total 139264K, used 48776K [0x0000000082600000, 0x0000000100000000)
  region size 1024K, 13 young (13312K), 3 survivors (3072K)
 Metaspace       used 51179K, committed 51456K, reserved 1097728K
  class space    used 6158K, committed 6272K, reserved 1048576K

Heap Regions: E=young(eden), S=young(survivor), O=old, HS=humongous(starts), HC=humongous(continues), CS=collection set, F=free, OA=open archive, CA=closed archive, TAMS=top-at-mark-start (previous, next)
|   0|0x0000000082600000, 0x0000000082700000, 0x0000000082700000|100%|HS|  |TAMS 0x0000000082700000, 0x0000000082600000| Complete 
|   1|0x0000000082700000, 0x0000000082800000, 0x0000000082800000|100%|HC|  |TAMS 0x0000000082800000, 0x0000000082700000| Complete 
|   2|0x0000000082800000, 0x0000000082900000, 0x0000000082900000|100%|HC|  |TAMS 0x0000000082900000, 0x0000000082800000| Complete 
|   3|0x0000000082900000, 0x0000000082a00000, 0x0000000082a00000|100%|HC|  |TAMS 0x0000000082a00000, 0x0000000082900000| Complete 
|   4|0x0000000082a00000, 0x0000000082b00000, 0x0000000082b00000|100%| O|  |TAMS 0x0000000082b00000, 0x0000000082a00000| Untracked 
|   5|0x0000000082b00000, 0x0000000082c00000, 0x0000000082c00000|100%| O|  |TAMS 0x0000000082c00000, 0x0000000082b00000| Untracked 
|   6|0x0000000082c00000, 0x0000000082d00000, 0x0000000082d00000|100%| O|  |TAMS 0x0000000082d00000, 0x0000000082c00000| Untracked 
|   7|0x0000000082d00000, 0x0000000082e00000, 0x0000000082e00000|100%|HS|  |TAMS 0x0000000082e00000, 0x0000000082d00000| Complete 
|   8|0x0000000082e00000, 0x0000000082f00000, 0x0000000082f00000|100%|HC|  |TAMS 0x0000000082f00000, 0x0000000082e00000| Complete 
|   9|0x0000000082f00000, 0x0000000083000000, 0x0000000083000000|100%|HC|  |TAMS 0x0000000083000000, 0x0000000082f00000| Complete 
|  10|0x0000000083000000, 0x0000000083100000, 0x0000000083100000|100%|HC|  |TAMS 0x0000000083100000, 0x0000000083000000| Complete 
|  11|0x0000000083100000, 0x0000000083200000, 0x0000000083200000|100%| O|  |TAMS 0x0000000083200000, 0x0000000083100000| Untracked 
|  12|0x0000000083200000, 0x0000000083300000, 0x0000000083300000|100%| O|  |TAMS 0x0000000083300000, 0x0000000083200000| Untracked 
|  13|0x0000000083300000, 0x0000000083400000, 0x0000000083400000|100%| O|  |TAMS 0x0000000083400000, 0x0000000083300000| Untracked 
|  14|0x0000000083400000, 0x0000000083500000, 0x0000000083500000|100%| O|  |TAMS 0x0000000083500000, 0x0000000083400000| Untracked 
|  15|0x0000000083500000, 0x0000000083600000, 0x0000000083600000|100%| O|  |TAMS 0x0000000083600000, 0x0000000083500000| Untracked 
|  16|0x0000000083600000, 0x0000000083700000, 0x0000000083700000|100%| O|  |TAMS 0x0000000083700000, 0x0000000083600000| Untracked 
|  17|0x0000000083700000, 0x0000000083800000, 0x0000000083800000|100%| O|  |TAMS 0x0000000083800000, 0x0000000083700000| Untracked 
|  18|0x0000000083800000, 0x0000000083900000, 0x0000000083900000|100%| O|  |TAMS 0x0000000083900000, 0x0000000083800000| Untracked 
|  19|0x0000000083900000, 0x0000000083a00000, 0x0000000083a00000|100%| O|  |TAMS 0x0000000083900000, 0x0000000083900000| Untracked 
|  20|0x0000000083a00000, 0x0000000083b00000, 0x0000000083b00000|100%| O|  |TAMS 0x0000000083b00000, 0x0000000083a00000| Untracked 
|  21|0x0000000083b00000, 0x0000000083c00000, 0x0000000083c00000|100%| O|  |TAMS 0x0000000083c00000, 0x0000000083b00000| Untracked 
|  22|0x0000000083c00000, 0x0000000083d00000, 0x0000000083d00000|100%| O|  |TAMS 0x0000000083d00000, 0x0000000083c00000| Untracked 
|  23|0x0000000083d00000, 0x0000000083e00000, 0x0000000083e00000|100%| O|  |TAMS 0x0000000083e00000, 0x0000000083d00000| Untracked 
|  24|0x0000000083e00000, 0x0000000083f00000, 0x0000000083f00000|100%| O|  |TAMS 0x0000000083f00000, 0x0000000083e00000| Untracked 
|  25|0x0000000083f00000, 0x0000000084000000, 0x0000000084000000|100%| O|  |TAMS 0x0000000084000000, 0x0000000083f00000| Untracked 
|  26|0x0000000084000000, 0x0000000084100000, 0x0000000084100000|100%| O|  |TAMS 0x0000000084100000, 0x0000000084000000| Untracked 
|  27|0x0000000084100000, 0x0000000084200000, 0x0000000084200000|100%|HS|  |TAMS 0x0000000084200000, 0x0000000084100000| Complete 
|  28|0x0000000084200000, 0x0000000084300000, 0x0000000084300000|100%|HC|  |TAMS 0x0000000084300000, 0x0000000084200000| Complete 
|  29|0x0000000084300000, 0x0000000084400000, 0x0000000084400000|100%| O|  |TAMS 0x0000000084400000, 0x0000000084300000| Untracked 
|  30|0x0000000084400000, 0x0000000084500000, 0x0000000084500000|100%| O|  |TAMS 0x0000000084500000, 0x0000000084400000| Untracked 
|  31|0x0000000084500000, 0x0000000084600000, 0x0000000084600000|100%| O|  |TAMS 0x0000000084600000, 0x0000000084500000| Untracked 
|  32|0x0000000084600000, 0x0000000084700000, 0x0000000084700000|100%| O|  |TAMS 0x0000000084700000, 0x0000000084600000| Untracked 
|  33|0x0000000084700000, 0x0000000084800000, 0x0000000084800000|100%| O|  |TAMS 0x000000008472d400, 0x0000000084700000| Untracked 
|  34|0x0000000084800000, 0x0000000084900000, 0x0000000084900000|100%| O|  |TAMS 0x0000000084800000, 0x0000000084800000| Untracked 
|  35|0x0000000084900000, 0x0000000084a00000, 0x0000000084a00000|100%| O|  |TAMS 0x0000000084900000, 0x0000000084900000| Untracked 
|  36|0x0000000084a00000, 0x0000000084a51600, 0x0000000084b00000| 31%| O|  |TAMS 0x0000000084a00000, 0x0000000084a00000| Untracked 
|  37|0x0000000084b00000, 0x0000000084b00000, 0x0000000084c00000|  0%| F|  |TAMS 0x0000000084b00000, 0x0000000084b00000| Untracked 
|  38|0x0000000084c00000, 0x0000000084c00000, 0x0000000084d00000|  0%| F|  |TAMS 0x0000000084c00000, 0x0000000084c00000| Untracked 
|  39|0x0000000084d00000, 0x0000000084d00000, 0x0000000084e00000|  0%| F|  |TAMS 0x0000000084d00000, 0x0000000084d00000| Untracked 
|  40|0x0000000084e00000, 0x0000000084e00000, 0x0000000084f00000|  0%| F|  |TAMS 0x0000000084e00000, 0x0000000084e00000| Untracked 
|  41|0x0000000084f00000, 0x0000000084f00000, 0x0000000085000000|  0%| F|  |TAMS 0x0000000084f00000, 0x0000000084f00000| Untracked 
|  42|0x0000000085000000, 0x0000000085000000, 0x0000000085100000|  0%| F|  |TAMS 0x0000000085000000, 0x0000000085000000| Untracked 
|  43|0x0000000085100000, 0x0000000085100000, 0x0000000085200000|  0%| F|  |TAMS 0x0000000085100000, 0x0000000085100000| Untracked 
|  44|0x0000000085200000, 0x0000000085200000, 0x0000000085300000|  0%| F|  |TAMS 0x0000000085200000, 0x0000000085200000| Untracked 
|  45|0x0000000085300000, 0x0000000085300000, 0x0000000085400000|  0%| F|  |TAMS 0x0000000085300000, 0x0000000085300000| Untracked 
|  46|0x0000000085400000, 0x0000000085400000, 0x0000000085500000|  0%| F|  |TAMS 0x0000000085400000, 0x0000000085400000| Untracked 
|  47|0x0000000085500000, 0x0000000085500000, 0x0000000085600000|  0%| F|  |TAMS 0x0000000085500000, 0x0000000085500000| Untracked 
|  48|0x0000000085600000, 0x0000000085600000, 0x0000000085700000|  0%| F|  |TAMS 0x0000000085600000, 0x0000000085600000| Untracked 
|  49|0x0000000085700000, 0x0000000085700000, 0x0000000085800000|  0%| F|  |TAMS 0x0000000085700000, 0x0000000085700000| Untracked 
|  50|0x0000000085800000, 0x0000000085800000, 0x0000000085900000|  0%| F|  |TAMS 0x0000000085800000, 0x0000000085800000| Untracked 
|  51|0x0000000085900000, 0x0000000085950bd8, 0x0000000085a00000| 31%| S|CS|TAMS 0x0000000085900000, 0x0000000085900000| Complete 
|  52|0x0000000085a00000, 0x0000000085b00000, 0x0000000085b00000|100%| S|CS|TAMS 0x0000000085a00000, 0x0000000085a00000| Complete 
|  53|0x0000000085b00000, 0x0000000085c00000, 0x0000000085c00000|100%| S|CS|TAMS 0x0000000085b00000, 0x0000000085b00000| Complete 
|  54|0x0000000085c00000, 0x0000000085c00000, 0x0000000085d00000|  0%| F|  |TAMS 0x0000000085c00000, 0x0000000085c00000| Untracked 
|  55|0x0000000085d00000, 0x0000000085d00000, 0x0000000085e00000|  0%| F|  |TAMS 0x0000000085d00000, 0x0000000085d00000| Untracked 
|  56|0x0000000085e00000, 0x0000000085e00000, 0x0000000085f00000|  0%| F|  |TAMS 0x0000000085e00000, 0x0000000085e00000| Untracked 
|  57|0x0000000085f00000, 0x0000000085f00000, 0x0000000086000000|  0%| F|  |TAMS 0x0000000085f00000, 0x0000000085f00000| Untracked 
|  58|0x0000000086000000, 0x0000000086000000, 0x0000000086100000|  0%| F|  |TAMS 0x0000000086000000, 0x0000000086000000| Untracked 
|  59|0x0000000086100000, 0x0000000086100000, 0x0000000086200000|  0%| F|  |TAMS 0x0000000086100000, 0x0000000086100000| Untracked 
|  60|0x0000000086200000, 0x0000000086200000, 0x0000000086300000|  0%| F|  |TAMS 0x0000000086200000, 0x0000000086200000| Untracked 
|  61|0x0000000086300000, 0x0000000086300000, 0x0000000086400000|  0%| F|  |TAMS 0x0000000086300000, 0x0000000086300000| Untracked 
|  62|0x0000000086400000, 0x0000000086400000, 0x0000000086500000|  0%| F|  |TAMS 0x0000000086400000, 0x0000000086400000| Untracked 
|  63|0x0000000086500000, 0x0000000086500000, 0x0000000086600000|  0%| F|  |TAMS 0x0000000086500000, 0x0000000086500000| Untracked 
|  64|0x0000000086600000, 0x0000000086600000, 0x0000000086700000|  0%| F|  |TAMS 0x0000000086600000, 0x0000000086600000| Untracked 
|  65|0x0000000086700000, 0x0000000086700000, 0x0000000086800000|  0%| F|  |TAMS 0x0000000086700000, 0x0000000086700000| Untracked 
|  66|0x0000000086800000, 0x0000000086800000, 0x0000000086900000|  0%| F|  |TAMS 0x0000000086800000, 0x0000000086800000| Untracked 
|  67|0x0000000086900000, 0x0000000086900000, 0x0000000086a00000|  0%| F|  |TAMS 0x0000000086900000, 0x0000000086900000| Untracked 
|  68|0x0000000086a00000, 0x0000000086a00000, 0x0000000086b00000|  0%| F|  |TAMS 0x0000000086a00000, 0x0000000086a00000| Untracked 
|  69|0x0000000086b00000, 0x0000000086b00000, 0x0000000086c00000|  0%| F|  |TAMS 0x0000000086b00000, 0x0000000086b00000| Untracked 
|  70|0x0000000086c00000, 0x0000000086c00000, 0x0000000086d00000|  0%| F|  |TAMS 0x0000000086c00000, 0x0000000086c00000| Untracked 
|  71|0x0000000086d00000, 0x0000000086d00000, 0x0000000086e00000|  0%| F|  |TAMS 0x0000000086d00000, 0x0000000086d00000| Untracked 
|  72|0x0000000086e00000, 0x0000000086e00000, 0x0000000086f00000|  0%| F|  |TAMS 0x0000000086e00000, 0x0000000086e00000| Untracked 
|  73|0x0000000086f00000, 0x0000000086f00000, 0x0000000087000000|  0%| F|  |TAMS 0x0000000086f00000, 0x0000000086f00000| Untracked 
|  74|0x0000000087000000, 0x0000000087000000, 0x0000000087100000|  0%| F|  |TAMS 0x0000000087000000, 0x0000000087000000| Untracked 
|  75|0x0000000087100000, 0x0000000087100000, 0x0000000087200000|  0%| F|  |TAMS 0x0000000087100000, 0x0000000087100000| Untracked 
|  76|0x0000000087200000, 0x0000000087200000, 0x0000000087300000|  0%| F|  |TAMS 0x0000000087200000, 0x0000000087200000| Untracked 
|  77|0x0000000087300000, 0x0000000087300000, 0x0000000087400000|  0%| F|  |TAMS 0x0000000087300000, 0x0000000087300000| Untracked 
|  78|0x0000000087400000, 0x0000000087400000, 0x0000000087500000|  0%| F|  |TAMS 0x0000000087400000, 0x0000000087400000| Untracked 
|  79|0x0000000087500000, 0x0000000087500000, 0x0000000087600000|  0%| F|  |TAMS 0x0000000087500000, 0x0000000087500000| Untracked 
|  80|0x0000000087600000, 0x0000000087600000, 0x0000000087700000|  0%| F|  |TAMS 0x0000000087600000, 0x0000000087600000| Untracked 
|  81|0x0000000087700000, 0x0000000087700000, 0x0000000087800000|  0%| F|  |TAMS 0x0000000087700000, 0x0000000087700000| Untracked 
|  82|0x0000000087800000, 0x0000000087800000, 0x0000000087900000|  0%| F|  |TAMS 0x0000000087800000, 0x0000000087800000| Untracked 
|  83|0x0000000087900000, 0x0000000087900000, 0x0000000087a00000|  0%| F|  |TAMS 0x0000000087900000, 0x0000000087900000| Untracked 
|  84|0x0000000087a00000, 0x0000000087a00000, 0x0000000087b00000|  0%| F|  |TAMS 0x0000000087a00000, 0x0000000087a00000| Untracked 
|  85|0x0000000087b00000, 0x0000000087b00000, 0x0000000087c00000|  0%| F|  |TAMS 0x0000000087b00000, 0x0000000087b00000| Untracked 
|  86|0x0000000087c00000, 0x0000000087c00000, 0x0000000087d00000|  0%| F|  |TAMS 0x0000000087c00000, 0x0000000087c00000| Untracked 
|  87|0x0000000087d00000, 0x0000000087d00000, 0x0000000087e00000|  0%| F|  |TAMS 0x0000000087d00000, 0x0000000087d00000| Untracked 
|  88|0x0000000087e00000, 0x0000000087e00000, 0x0000000087f00000|  0%| F|  |TAMS 0x0000000087e00000, 0x0000000087e00000| Untracked 
|  89|0x0000000087f00000, 0x0000000087f00000, 0x0000000088000000|  0%| F|  |TAMS 0x0000000087f00000, 0x0000000087f00000| Untracked 
|  90|0x0000000088000000, 0x0000000088000000, 0x0000000088100000|  0%| F|  |TAMS 0x0000000088000000, 0x0000000088000000| Untracked 
|  91|0x0000000088100000, 0x0000000088100000, 0x0000000088200000|  0%| F|  |TAMS 0x0000000088100000, 0x0000000088100000| Untracked 
|  92|0x0000000088200000, 0x0000000088200000, 0x0000000088300000|  0%| F|  |TAMS 0x0000000088200000, 0x0000000088200000| Untracked 
|  93|0x0000000088300000, 0x0000000088300000, 0x0000000088400000|  0%| F|  |TAMS 0x0000000088300000, 0x0000000088300000| Untracked 
|  94|0x0000000088400000, 0x0000000088400000, 0x0000000088500000|  0%| F|  |TAMS 0x0000000088400000, 0x0000000088400000| Untracked 
|  95|0x0000000088500000, 0x0000000088500000, 0x0000000088600000|  0%| F|  |TAMS 0x0000000088500000, 0x0000000088500000| Untracked 
|  96|0x0000000088600000, 0x0000000088600000, 0x0000000088700000|  0%| F|  |TAMS 0x0000000088600000, 0x0000000088600000| Untracked 
|  97|0x0000000088700000, 0x0000000088700000, 0x0000000088800000|  0%| F|  |TAMS 0x0000000088700000, 0x0000000088700000| Untracked 
|  98|0x0000000088800000, 0x0000000088800000, 0x0000000088900000|  0%| F|  |TAMS 0x0000000088800000, 0x0000000088800000| Untracked 
|  99|0x0000000088900000, 0x0000000088900000, 0x0000000088a00000|  0%| F|  |TAMS 0x0000000088900000, 0x0000000088900000| Untracked 
| 100|0x0000000088a00000, 0x0000000088a00000, 0x0000000088b00000|  0%| F|  |TAMS 0x0000000088a00000, 0x0000000088a00000| Untracked 
| 101|0x0000000088b00000, 0x0000000088b00000, 0x0000000088c00000|  0%| F|  |TAMS 0x0000000088b00000, 0x0000000088b00000| Untracked 
| 102|0x0000000088c00000, 0x0000000088c00000, 0x0000000088d00000|  0%| F|  |TAMS 0x0000000088c00000, 0x0000000088c00000| Untracked 
| 103|0x0000000088d00000, 0x0000000088d00000, 0x0000000088e00000|  0%| F|  |TAMS 0x0000000088d00000, 0x0000000088d00000| Untracked 
| 104|0x0000000088e00000, 0x0000000088e00000, 0x0000000088f00000|  0%| F|  |TAMS 0x0000000088e00000, 0x0000000088e00000| Untracked 
| 105|0x0000000088f00000, 0x0000000088f00000, 0x0000000089000000|  0%| F|  |TAMS 0x0000000088f00000, 0x0000000088f00000| Untracked 
| 106|0x0000000089000000, 0x0000000089000000, 0x0000000089100000|  0%| F|  |TAMS 0x0000000089000000, 0x0000000089000000| Untracked 
| 107|0x0000000089100000, 0x0000000089100000, 0x0000000089200000|  0%| F|  |TAMS 0x0000000089100000, 0x0000000089100000| Untracked 
| 108|0x0000000089200000, 0x0000000089200000, 0x0000000089300000|  0%| F|  |TAMS 0x0000000089200000, 0x0000000089200000| Untracked 
| 109|0x0000000089300000, 0x0000000089300000, 0x0000000089400000|  0%| F|  |TAMS 0x0000000089300000, 0x0000000089300000| Untracked 
| 110|0x0000000089400000, 0x0000000089400000, 0x0000000089500000|  0%| F|  |TAMS 0x0000000089400000, 0x0000000089400000| Untracked 
| 111|0x0000000089500000, 0x0000000089500000, 0x0000000089600000|  0%| F|  |TAMS 0x0000000089500000, 0x0000000089500000| Untracked 
| 112|0x0000000089600000, 0x0000000089600000, 0x0000000089700000|  0%| F|  |TAMS 0x0000000089600000, 0x0000000089600000| Untracked 
| 113|0x0000000089700000, 0x0000000089700000, 0x0000000089800000|  0%| F|  |TAMS 0x0000000089700000, 0x0000000089700000| Untracked 
| 114|0x0000000089800000, 0x0000000089800000, 0x0000000089900000|  0%| F|  |TAMS 0x0000000089800000, 0x0000000089800000| Untracked 
| 115|0x0000000089900000, 0x0000000089900000, 0x0000000089a00000|  0%| F|  |TAMS 0x0000000089900000, 0x0000000089900000| Untracked 
| 116|0x0000000089a00000, 0x0000000089a00000, 0x0000000089b00000|  0%| F|  |TAMS 0x0000000089a00000, 0x0000000089a00000| Untracked 
| 117|0x0000000089b00000, 0x0000000089b00000, 0x0000000089c00000|  0%| F|  |TAMS 0x0000000089b00000, 0x0000000089b00000| Untracked 
| 118|0x0000000089c00000, 0x0000000089c00000, 0x0000000089d00000|  0%| F|  |TAMS 0x0000000089c00000, 0x0000000089c00000| Untracked 
| 119|0x0000000089d00000, 0x0000000089d00000, 0x0000000089e00000|  0%| F|  |TAMS 0x0000000089d00000, 0x0000000089d00000| Untracked 
| 120|0x0000000089e00000, 0x0000000089e00000, 0x0000000089f00000|  0%| F|  |TAMS 0x0000000089e00000, 0x0000000089e00000| Untracked 
| 121|0x0000000089f00000, 0x0000000089f00000, 0x000000008a000000|  0%| F|  |TAMS 0x0000000089f00000, 0x0000000089f00000| Untracked 
| 122|0x000000008a000000, 0x000000008a000000, 0x000000008a100000|  0%| F|  |TAMS 0x000000008a000000, 0x000000008a000000| Untracked 
| 123|0x000000008a100000, 0x000000008a100000, 0x000000008a200000|  0%| F|  |TAMS 0x000000008a100000, 0x000000008a100000| Untracked 
| 124|0x000000008a200000, 0x000000008a200000, 0x000000008a300000|  0%| F|  |TAMS 0x000000008a200000, 0x000000008a200000| Untracked 
| 125|0x000000008a300000, 0x000000008a300000, 0x000000008a400000|  0%| F|  |TAMS 0x000000008a300000, 0x000000008a300000| Untracked 
| 126|0x000000008a400000, 0x000000008a500000, 0x000000008a500000|100%| E|  |TAMS 0x000000008a400000, 0x000000008a400000| Complete 
| 127|0x000000008a500000, 0x000000008a600000, 0x000000008a600000|100%| E|CS|TAMS 0x000000008a500000, 0x000000008a500000| Complete 
| 128|0x000000008a600000, 0x000000008a700000, 0x000000008a700000|100%| E|CS|TAMS 0x000000008a600000, 0x000000008a600000| Complete 
| 129|0x000000008a700000, 0x000000008a800000, 0x000000008a800000|100%| E|CS|TAMS 0x000000008a700000, 0x000000008a700000| Complete 
| 130|0x000000008a800000, 0x000000008a900000, 0x000000008a900000|100%| E|CS|TAMS 0x000000008a800000, 0x000000008a800000| Complete 
| 131|0x000000008a900000, 0x000000008aa00000, 0x000000008aa00000|100%| E|CS|TAMS 0x000000008a900000, 0x000000008a900000| Complete 
| 132|0x000000008aa00000, 0x000000008ab00000, 0x000000008ab00000|100%| E|CS|TAMS 0x000000008aa00000, 0x000000008aa00000| Complete 
| 133|0x000000008ab00000, 0x000000008ac00000, 0x000000008ac00000|100%| E|CS|TAMS 0x000000008ab00000, 0x000000008ab00000| Complete 
| 134|0x000000008ac00000, 0x000000008ad00000, 0x000000008ad00000|100%| E|CS|TAMS 0x000000008ac00000, 0x000000008ac00000| Complete 
| 135|0x000000008ad00000, 0x000000008ae00000, 0x000000008ae00000|100%| E|CS|TAMS 0x000000008ad00000, 0x000000008ad00000| Complete 

Card table byte_map: [0x0000024f2f210000,0x0000024f2f600000] _byte_map_base: 0x0000024f2edfd000

Marking Bits (Prev, Next): (CMBitMap*) 0x0000024f1c9abfa0, (CMBitMap*) 0x0000024f1c9abf60
 Prev Bits: [0x0000024f31960000, 0x0000024f338c8000)
 Next Bits: [0x0000024f2f9f0000, 0x0000024f31958000)

Polling page: 0x0000024f1a900000

Metaspace:

Usage:
  Non-class:     43.99 MB used.
      Class:      6.01 MB used.
       Both:     50.00 MB used.

Virtual space:
  Non-class space:       48.00 MB reserved,      44.12 MB ( 92%) committed,  6 nodes.
      Class space:        1.00 GB reserved,       6.12 MB ( <1%) committed,  1 nodes.
             Both:        1.05 GB reserved,      50.25 MB (  5%) committed. 

Chunk freelists:
   Non-Class:  3.58 MB
       Class:  1.81 MB
        Both:  5.39 MB

MaxMetaspaceSize: unlimited
CompressedClassSpaceSize: 1.00 GB
Initial GC threshold: 21.00 MB
Current GC threshold: 82.19 MB
CDS: off
MetaspaceReclaimPolicy: balanced
 - commit_granule_bytes: 65536.
 - commit_granule_words: 8192.
 - virtual_space_node_default_size: 1048576.
 - enlarge_chunks_in_place: 1.
 - new_chunks_are_fully_committed: 0.
 - uncommit_free_chunks: 1.
 - use_allocation_guard: 0.
 - handle_deallocations: 1.


Internal statistics:

num_allocs_failed_limit: 8.
num_arena_births: 212.
num_arena_deaths: 0.
num_vsnodes_births: 7.
num_vsnodes_deaths: 0.
num_space_committed: 803.
num_space_uncommitted: 0.
num_chunks_returned_to_freelist: 8.
num_chunks_taken_from_freelist: 1649.
num_chunk_merges: 8.
num_chunk_splits: 1357.
num_chunks_enlarged: 1215.
num_purges: 0.
num_inconsistent_stats: 0.

CodeHeap 'non-profiled nmethods': size=120000Kb used=1938Kb max_used=1938Kb free=118062Kb
 bounds [0x0000024f278f0000, 0x0000024f27b60000, 0x0000024f2ee20000]
CodeHeap 'profiled nmethods': size=120000Kb used=8736Kb max_used=8736Kb free=111263Kb
 bounds [0x0000024f1fe20000, 0x0000024f206b0000, 0x0000024f27350000]
CodeHeap 'non-nmethods': size=5760Kb used=1282Kb max_used=1376Kb free=4477Kb
 bounds [0x0000024f27350000, 0x0000024f275c0000, 0x0000024f278f0000]
 total_blobs=4921 nmethods=4321 adapters=512
 compilation: enabled
              stopped_count=0, restarted_count=0
 full_count=0

Compilation events (20 events):
Event: 3.972 Thread 0x0000024f3683b660 4246       3       org.jetbrains.kotlin.load.java.typeEnhancement.SignatureParts::getTypeSystem (8 bytes)
Event: 3.972 Thread 0x0000024f3683b660 nmethod 4246 0x0000024f20664b90 code [0x0000024f20664d20, 0x0000024f20664e98]
Event: 3.972 Thread 0x0000024f3683b660 4238       1       org.jetbrains.kotlin.load.java.typeEnhancement.AbstractSignatureParts$TypeAndDefaultQualifiers::getDefaultQualifiers (5 bytes)
Event: 3.972 Thread 0x0000024f3683b660 nmethod 4238 0x0000024f27acc990 code [0x0000024f27accb20, 0x0000024f27accbf8]
Event: 3.972 Thread 0x0000024f3683b660 4248       1       kotlin.collections.EmptySet::isEmpty (2 bytes)
Event: 3.972 Thread 0x0000024f3683b660 nmethod 4248 0x0000024f27accc90 code [0x0000024f27acce20, 0x0000024f27accef8]
Event: 3.972 Thread 0x0000024f3683b660 4249       1       org.jetbrains.kotlin.descriptors.impl.ValueParameterDescriptorImpl::isCrossinline (5 bytes)
Event: 3.972 Thread 0x0000024f36f26df0 nmethod 4241 0x0000024f27accf90 code [0x0000024f27acd120, 0x0000024f27acd418]
Event: 3.972 Thread 0x0000024f3683b660 nmethod 4249 0x0000024f27acd610 code [0x0000024f27acd7a0, 0x0000024f27acd878]
Event: 3.972 Thread 0x0000024f36f26df0 4243       4       java.util.Arrays$ArrayItr::hasNext (18 bytes)
Event: 3.972 Thread 0x0000024f3683b660 4250       1       org.jetbrains.kotlin.descriptors.impl.ValueParameterDescriptorImpl::isNoinline (5 bytes)
Event: 3.972 Thread 0x0000024f3683b660 nmethod 4250 0x0000024f27acd910 code [0x0000024f27acdaa0, 0x0000024f27acdb78]
Event: 3.972 Thread 0x0000024f3683b660 4244       1       org.jetbrains.kotlin.load.java.lazy.JavaResolverComponents::getModuleClassResolver (5 bytes)
Event: 3.972 Thread 0x0000024f3683b660 nmethod 4244 0x0000024f27acdc10 code [0x0000024f27acdda0, 0x0000024f27acde78]
Event: 3.972 Thread 0x0000024f3683b660 4245       1       org.jetbrains.kotlin.load.java.lazy.descriptors.JvmPackageScope::getJavaScope$descriptors_jvm (5 bytes)
Event: 3.973 Thread 0x0000024f3683b660 nmethod 4245 0x0000024f27acdf10 code [0x0000024f27ace0a0, 0x0000024f27ace178]
Event: 3.973 Thread 0x0000024f3683b660 4251       1       javaslang.collection.HashArrayMappedTrieModule$LeafSingleton::hash (5 bytes)
Event: 3.973 Thread 0x0000024f36f26df0 nmethod 4243 0x0000024f27ace210 code [0x0000024f27ace380, 0x0000024f27ace418]
Event: 3.973 Thread 0x0000024f3683b660 nmethod 4251 0x0000024f27ace510 code [0x0000024f27ace6a0, 0x0000024f27ace778]
Event: 3.973 Thread 0x0000024f3683b660 4252       3       org.jetbrains.org.objectweb.asm.Type::getDescriptor (93 bytes)

GC Heap History (20 events):
Event: 1.167 GC heap before
{Heap before GC invocations=2 (full 0):
 garbage-first heap   total 129024K, used 32505K [0x0000000082600000, 0x0000000100000000)
  region size 1024K, 27 young (27648K), 2 survivors (2048K)
 Metaspace       used 21319K, committed 21504K, reserved 1073152K
  class space    used 2323K, committed 2432K, reserved 1048576K
}
Event: 1.172 GC heap after
{Heap after GC invocations=3 (full 0):
 garbage-first heap   total 129024K, used 10407K [0x0000000082600000, 0x0000000100000000)
  region size 1024K, 5 young (5120K), 5 survivors (5120K)
 Metaspace       used 21319K, committed 21504K, reserved 1073152K
  class space    used 2323K, committed 2432K, reserved 1048576K
}
Event: 1.571 GC heap before
{Heap before GC invocations=4 (full 0):
 garbage-first heap   total 45056K, used 34983K [0x0000000082600000, 0x0000000100000000)
  region size 1024K, 26 young (26624K), 5 survivors (5120K)
 Metaspace       used 27625K, committed 27840K, reserved 1081344K
  class space    used 3045K, committed 3136K, reserved 1048576K
}
Event: 1.579 GC heap after
{Heap after GC invocations=5 (full 0):
 garbage-first heap   total 45056K, used 16591K [0x0000000082600000, 0x0000000100000000)
  region size 1024K, 3 young (3072K), 3 survivors (3072K)
 Metaspace       used 27625K, committed 27840K, reserved 1081344K
  class space    used 3045K, committed 3136K, reserved 1048576K
}
Event: 1.594 GC heap before
{Heap before GC invocations=5 (full 0):
 garbage-first heap   total 45056K, used 17615K [0x0000000082600000, 0x0000000100000000)
  region size 1024K, 4 young (4096K), 3 survivors (3072K)
 Metaspace       used 27876K, committed 28096K, reserved 1081344K
  class space    used 3075K, committed 3200K, reserved 1048576K
}
Event: 1.597 GC heap after
{Heap after GC invocations=6 (full 0):
 garbage-first heap   total 45056K, used 16686K [0x0000000082600000, 0x0000000100000000)
  region size 1024K, 1 young (1024K), 1 survivors (1024K)
 Metaspace       used 27876K, committed 28096K, reserved 1081344K
  class space    used 3075K, committed 3200K, reserved 1048576K
}
Event: 1.900 GC heap before
{Heap before GC invocations=6 (full 0):
 garbage-first heap   total 45056K, used 32046K [0x0000000082600000, 0x0000000100000000)
  region size 1024K, 17 young (17408K), 1 survivors (1024K)
 Metaspace       used 31019K, committed 31232K, reserved 1081344K
  class space    used 3768K, committed 3904K, reserved 1048576K
}
Event: 1.905 GC heap after
{Heap after GC invocations=7 (full 0):
 garbage-first heap   total 73728K, used 19311K [0x0000000082600000, 0x0000000100000000)
  region size 1024K, 3 young (3072K), 3 survivors (3072K)
 Metaspace       used 31019K, committed 31232K, reserved 1081344K
  class space    used 3768K, committed 3904K, reserved 1048576K
}
Event: 2.310 GC heap before
{Heap before GC invocations=7 (full 0):
 garbage-first heap   total 73728K, used 49007K [0x0000000082600000, 0x0000000100000000)
  region size 1024K, 31 young (31744K), 3 survivors (3072K)
 Metaspace       used 35757K, committed 35968K, reserved 1081344K
  class space    used 4514K, committed 4608K, reserved 1048576K
}
Event: 2.321 GC heap after
{Heap after GC invocations=8 (full 0):
 garbage-first heap   total 73728K, used 26173K [0x0000000082600000, 0x0000000100000000)
  region size 1024K, 5 young (5120K), 5 survivors (5120K)
 Metaspace       used 35757K, committed 35968K, reserved 1081344K
  class space    used 4514K, committed 4608K, reserved 1048576K
}
Event: 2.717 GC heap before
{Heap before GC invocations=9 (full 0):
 garbage-first heap   total 73728K, used 50749K [0x0000000082600000, 0x0000000100000000)
  region size 1024K, 30 young (30720K), 5 survivors (5120K)
 Metaspace       used 40716K, committed 40896K, reserved 1089536K
  class space    used 4995K, committed 5056K, reserved 1048576K
}
Event: 2.726 GC heap after
{Heap after GC invocations=10 (full 0):
 garbage-first heap   total 73728K, used 26842K [0x0000000082600000, 0x0000000100000000)
  region size 1024K, 3 young (3072K), 3 survivors (3072K)
 Metaspace       used 40716K, committed 40896K, reserved 1089536K
  class space    used 4995K, committed 5056K, reserved 1048576K
}
Event: 2.743 GC heap before
{Heap before GC invocations=10 (full 0):
 garbage-first heap   total 73728K, used 26842K [0x0000000082600000, 0x0000000100000000)
  region size 1024K, 4 young (4096K), 3 survivors (3072K)
 Metaspace       used 40992K, committed 41216K, reserved 1089536K
  class space    used 5015K, committed 5120K, reserved 1048576K
}
Event: 2.749 GC heap after
{Heap after GC invocations=11 (full 0):
 garbage-first heap   total 73728K, used 27222K [0x0000000082600000, 0x0000000100000000)
  region size 1024K, 1 young (1024K), 1 survivors (1024K)
 Metaspace       used 40992K, committed 41216K, reserved 1089536K
  class space    used 5015K, committed 5120K, reserved 1048576K
}
Event: 3.244 GC heap before
{Heap before GC invocations=11 (full 0):
 garbage-first heap   total 73728K, used 51798K [0x0000000082600000, 0x0000000100000000)
  region size 1024K, 26 young (26624K), 1 survivors (1024K)
 Metaspace       used 47562K, committed 47744K, reserved 1097728K
  class space    used 5790K, committed 5888K, reserved 1048576K
}
Event: 3.249 GC heap after
{Heap after GC invocations=12 (full 0):
 garbage-first heap   total 73728K, used 28672K [0x0000000082600000, 0x0000000100000000)
  region size 1024K, 2 young (2048K), 2 survivors (2048K)
 Metaspace       used 47562K, committed 47744K, reserved 1097728K
  class space    used 5790K, committed 5888K, reserved 1048576K
}
Event: 3.533 GC heap before
{Heap before GC invocations=12 (full 0):
 garbage-first heap   total 73728K, used 56320K [0x0000000082600000, 0x0000000100000000)
  region size 1024K, 27 young (27648K), 2 survivors (2048K)
 Metaspace       used 48771K, committed 48960K, reserved 1097728K
  class space    used 5897K, committed 5952K, reserved 1048576K
}
Event: 3.545 GC heap after
{Heap after GC invocations=13 (full 0):
 garbage-first heap   total 73728K, used 37045K [0x0000000082600000, 0x0000000100000000)
  region size 1024K, 4 young (4096K), 4 survivors (4096K)
 Metaspace       used 48771K, committed 48960K, reserved 1097728K
  class space    used 5897K, committed 5952K, reserved 1048576K
}
Event: 3.729 GC heap before
{Heap before GC invocations=13 (full 0):
 garbage-first heap   total 73728K, used 55477K [0x0000000082600000, 0x0000000100000000)
  region size 1024K, 22 young (22528K), 4 survivors (4096K)
 Metaspace       used 49957K, committed 50176K, reserved 1097728K
  class space    used 6031K, committed 6144K, reserved 1048576K
}
Event: 3.738 GC heap after
{Heap after GC invocations=14 (full 0):
 garbage-first heap   total 139264K, used 39560K [0x0000000082600000, 0x0000000100000000)
  region size 1024K, 3 young (3072K), 3 survivors (3072K)
 Metaspace       used 49957K, committed 50176K, reserved 1097728K
  class space    used 6031K, committed 6144K, reserved 1048576K
}

Dll operation events (2 events):
Event: 0.008 Loaded shared library E:\Android studio 2022.1.3\jbr\bin\java.dll
Event: 1.007 Loaded shared library E:\Android studio 2022.1.3\jbr\bin\verify.dll

Deoptimization events (20 events):
Event: 3.665 Thread 0x0000024f1c94e500 Uncommon trap: trap_request=0xffffffc6 fr.pc=0x0000024f27a53f80 relative=0x0000000000000d00
Event: 3.665 Thread 0x0000024f1c94e500 Uncommon trap: reason=bimorphic_or_optimized_type_check action=maybe_recompile pc=0x0000024f27a53f80 method=java.util.HashMap.putVal(ILjava/lang/Object;Ljava/lang/Object;ZZ)Ljava/lang/Object; @ 203 c2
Event: 3.665 Thread 0x0000024f1c94e500 DEOPT PACKING pc=0x0000024f27a53f80 sp=0x000000760f6fb720
Event: 3.665 Thread 0x0000024f1c94e500 DEOPT UNPACKING pc=0x0000024f273a69a3 sp=0x000000760f6fb6b0 mode 2
Event: 3.798 Thread 0x0000024f1c94e500 Uncommon trap: trap_request=0xffffff45 fr.pc=0x0000024f27a6ef70 relative=0x0000000000000b90
Event: 3.798 Thread 0x0000024f1c94e500 Uncommon trap: reason=unstable_if action=reinterpret pc=0x0000024f27a6ef70 method=gnu.trove.TObjectHash.insertionIndex(Ljava/lang/Object;)I @ 65 c2
Event: 3.798 Thread 0x0000024f1c94e500 DEOPT PACKING pc=0x0000024f27a6ef70 sp=0x000000760f6fd350
Event: 3.798 Thread 0x0000024f1c94e500 DEOPT UNPACKING pc=0x0000024f273a69a3 sp=0x000000760f6fd2e0 mode 2
Event: 3.810 Thread 0x0000024f1c94e500 Uncommon trap: trap_request=0xffffff45 fr.pc=0x0000024f27a7d188 relative=0x0000000000002348
Event: 3.810 Thread 0x0000024f1c94e500 Uncommon trap: reason=unstable_if action=reinterpret pc=0x0000024f27a7d188 method=org.jetbrains.org.objectweb.asm.ClassReader.readMethod(Lorg/jetbrains/org/objectweb/asm/ClassVisitor;Lorg/jetbrains/org/objectweb/asm/Context;I)I @ 658 c2
Event: 3.810 Thread 0x0000024f1c94e500 DEOPT PACKING pc=0x0000024f27a7d188 sp=0x000000760f6fa670
Event: 3.810 Thread 0x0000024f1c94e500 DEOPT UNPACKING pc=0x0000024f273a69a3 sp=0x000000760f6fa5e8 mode 2
Event: 3.873 Thread 0x0000024f1c94e500 Uncommon trap: trap_request=0xfffffff4 fr.pc=0x0000024f27ab2d70 relative=0x0000000000000690
Event: 3.873 Thread 0x0000024f1c94e500 Uncommon trap: reason=null_check action=make_not_entrant pc=0x0000024f27ab2d70 method=org.jetbrains.kotlin.storage.LockBasedStorageManager$LockBasedLazyValue.invoke()Ljava/lang/Object; @ 6 c2
Event: 3.873 Thread 0x0000024f1c94e500 DEOPT PACKING pc=0x0000024f27ab2d70 sp=0x000000760f6fe1c0
Event: 3.873 Thread 0x0000024f1c94e500 DEOPT UNPACKING pc=0x0000024f273a69a3 sp=0x000000760f6fe180 mode 2
Event: 3.959 Thread 0x0000024f1c94e500 Uncommon trap: trap_request=0xffffff45 fr.pc=0x0000024f27acb65c relative=0x00000000000008fc
Event: 3.959 Thread 0x0000024f1c94e500 Uncommon trap: reason=unstable_if action=reinterpret pc=0x0000024f27acb65c method=org.jetbrains.org.objectweb.asm.Type.getDescriptor()Ljava/lang/String; @ 35 c2
Event: 3.959 Thread 0x0000024f1c94e500 DEOPT PACKING pc=0x0000024f27acb65c sp=0x000000760f6f92c0
Event: 3.959 Thread 0x0000024f1c94e500 DEOPT UNPACKING pc=0x0000024f273a69a3 sp=0x000000760f6f9298 mode 2

Classes unloaded (0 events):
No events

Classes redefined (0 events):
No events

Internal exceptions (20 events):
Event: 1.126 Thread 0x0000024f1c94e500 Exception <a 'java/lang/NoSuchMethodError'{0x0000000088c90af0}: 'void java.lang.invoke.DirectMethodHandle$Holder.invokeStatic(java.lang.Object, java.lang.Object)'> (0x0000000088c90af0) 
thrown [s\src\hotspot\share\interpreter\linkResolver.cpp, line 771]
Event: 1.145 Thread 0x0000024f1c94e500 Exception <a 'java/lang/NoSuchMethodError'{0x0000000088bcb3c0}: 'long java.lang.invoke.DirectMethodHandle$Holder.invokeStatic(java.lang.Object)'> (0x0000000088bcb3c0) 
thrown [s\src\hotspot\share\interpreter\linkResolver.cpp, line 771]
Event: 1.146 Thread 0x0000024f1c94e500 Exception <a 'java/lang/NoSuchMethodError'{0x0000000088bceb18}: 'long java.lang.invoke.DirectMethodHandle$Holder.invokeStaticInit(java.lang.Object)'> (0x0000000088bceb18) 
thrown [s\src\hotspot\share\interpreter\linkResolver.cpp, line 771]
Event: 1.216 Thread 0x0000024f1c94e500 Exception <a 'java/lang/NoSuchMethodError'{0x0000000084913998}: 'int java.lang.invoke.DirectMethodHandle$Holder.invokeStaticInit(java.lang.Object, java.lang.Object, java.lang.Object)'> (0x0000000084913998) 
thrown [s\src\hotspot\share\interpreter\linkResolver.cpp, line 771]
Event: 1.220 Thread 0x0000024f1c94e500 Exception <a 'java/lang/NoSuchMethodError'{0x000000008493c300}: 'int java.lang.invoke.DirectMethodHandle$Holder.invokeStaticInit(java.lang.Object, java.lang.Object)'> (0x000000008493c300) 
thrown [s\src\hotspot\share\interpreter\linkResolver.cpp, line 771]
Event: 1.237 Thread 0x0000024f1c94e500 Exception <a 'java/lang/NoSuchMethodError'{0x00000000848184a0}: 'void java.lang.invoke.DirectMethodHandle$Holder.invokeSpecial(java.lang.Object, java.lang.Object, java.lang.Object)'> (0x00000000848184a0) 
thrown [s\src\hotspot\share\interpreter\linkResolver.cpp, line 771]
Event: 1.484 Thread 0x0000024f1c94e500 Exception <a 'java/lang/NoSuchMethodError'{0x0000000083dd1900}: 'void java.lang.invoke.DirectMethodHandle$Holder.invokeStatic(java.lang.Object, java.lang.Object, java.lang.Object, java.lang.Object)'> (0x0000000083dd1900) 
thrown [s\src\hotspot\share\interpreter\linkResolver.cpp, line 771]
Event: 1.545 Thread 0x0000024f1c94e500 Exception <a 'java/lang/NoSuchMethodError'{0x000000008397c6e8}: 'void java.lang.invoke.DirectMethodHandle$Holder.invokeStaticInit(java.lang.Object, java.lang.Object)'> (0x000000008397c6e8) 
thrown [s\src\hotspot\share\interpreter\linkResolver.cpp, line 771]
Event: 1.639 Thread 0x0000024f1c94e500 Exception <a 'java/lang/NoSuchMethodError'{0x00000000887b7b00}: 'void java.lang.invoke.DirectMethodHandle$Holder.invokeVirtual(java.lang.Object, java.lang.Object)'> (0x00000000887b7b00) 
thrown [s\src\hotspot\share\interpreter\linkResolver.cpp, line 771]
Event: 1.652 Thread 0x0000024f1c94e500 Exception <a 'java/lang/NoSuchMethodError'{0x0000000088641f60}: 'int java.lang.invoke.DirectMethodHandle$Holder.invokeVirtual(java.lang.Object, java.lang.Object)'> (0x0000000088641f60) 
thrown [s\src\hotspot\share\interpreter\linkResolver.cpp, line 771]
Event: 1.667 Thread 0x0000024f1c94e500 Exception <a 'java/lang/NoSuchMethodError'{0x00000000886e8580}: 'java.lang.Object java.lang.invoke.Invokers$Holder.invokeExact_MT(java.lang.Object, java.lang.Object, java.lang.Object, java.lang.Object, java.lang.Object, java.lang.Object)'> (0x00000000886e8580) 
thrown [s\src\hotspot\share\interpreter\linkResolver.cpp, line 771]
Event: 2.323 Thread 0x0000024f1c94e500 Exception <a 'java/lang/NoSuchMethodError'{0x000000008a309508}: 'java.lang.Object java.lang.invoke.DirectMethodHandle$Holder.invokeVirtual(java.lang.Object, java.lang.Object, java.lang.Object)'> (0x000000008a309508) 
thrown [s\src\hotspot\share\interpreter\linkResolver.cpp, line 771]
Event: 2.998 Thread 0x0000024f1c94e500 Implicit null exception at 0x0000024f27a42650 to 0x0000024f27a42724
Event: 3.012 Thread 0x0000024f1c94e500 Exception <a 'java/lang/NoSuchMethodError'{0x0000000085efb3b8}: 'java.lang.Object java.lang.invoke.DirectMethodHandle$Holder.newInvokeSpecial(java.lang.Object, java.lang.Object, int)'> (0x0000000085efb3b8) 
thrown [s\src\hotspot\share\interpreter\linkResolver.cpp, line 771]
Event: 3.048 Thread 0x0000024f1c94e500 Exception <a 'java/lang/NoSuchMethodError'{0x0000000085c78888}: 'java.lang.Object java.lang.invoke.DirectMethodHandle$Holder.newInvokeSpecial(java.lang.Object, java.lang.Object, java.lang.Object, int)'> (0x0000000085c78888) 
thrown [s\src\hotspot\share\interpreter\linkResolver.cpp, line 771]
Event: 3.048 Thread 0x0000024f1c94e500 Exception <a 'java/lang/NoSuchMethodError'{0x0000000085c7cf10}: 'java.lang.Object java.lang.invoke.DirectMethodHandle$Holder.invokeSpecial(java.lang.Object, java.lang.Object, java.lang.Object, java.lang.Object, int)'> (0x0000000085c7cf10) 
thrown [s\src\hotspot\share\interpreter\linkResolver.cpp, line 771]
Event: 3.048 Thread 0x0000024f1c94e500 Exception <a 'java/lang/NoSuchMethodError'{0x0000000085c80d80}: 'java.lang.Object java.lang.invoke.Invokers$Holder.linkToTargetMethod(java.lang.Object, java.lang.Object, int, java.lang.Object)'> (0x0000000085c80d80) 
thrown [s\src\hotspot\share\interpreter\linkResolver.cpp, line 771]
Event: 3.228 Thread 0x0000024f1c94e500 Exception <a 'java/lang/NoSuchMethodError'{0x0000000085464ee8}: 'java.lang.Object java.lang.invoke.DirectMethodHandle$Holder.invokeInterface(java.lang.Object, java.lang.Object)'> (0x0000000085464ee8) 
thrown [s\src\hotspot\share\interpreter\linkResolver.cpp, line 771]
Event: 3.873 Thread 0x0000024f1c94e500 Implicit null exception at 0x0000024f27ab2720 to 0x0000024f27ab2d61
Event: 3.959 Thread 0x0000024f1c94e500 Exception <a 'java/lang/NoSuchMethodError'{0x000000008a6d4788}: 'java.lang.Object java.lang.invoke.DirectMethodHandle$Holder.invokeStaticInit(java.lang.Object, java.lang.Object, java.lang.Object)'> (0x000000008a6d4788) 
thrown [s\src\hotspot\share\interpreter\linkResolver.cpp, line 771]

VM Operations (20 events):
Event: 3.243 Executing VM operation: G1CollectForAllocation
Event: 3.249 Executing VM operation: G1CollectForAllocation done
Event: 3.286 Executing VM operation: HandshakeAllThreads
Event: 3.286 Executing VM operation: HandshakeAllThreads done
Event: 3.495 Executing VM operation: ICBufferFull
Event: 3.495 Executing VM operation: ICBufferFull done
Event: 3.533 Executing VM operation: G1CollectForAllocation
Event: 3.545 Executing VM operation: G1CollectForAllocation done
Event: 3.689 Executing VM operation: HandshakeAllThreads
Event: 3.689 Executing VM operation: HandshakeAllThreads done
Event: 3.729 Executing VM operation: G1CollectForAllocation
Event: 3.740 Executing VM operation: G1CollectForAllocation done
Event: 3.775 Executing VM operation: G1Concurrent
Event: 3.778 Executing VM operation: G1Concurrent done
Event: 3.796 Executing VM operation: G1Concurrent
Event: 3.796 Executing VM operation: G1Concurrent done
Event: 3.851 Executing VM operation: HandshakeAllThreads
Event: 3.851 Executing VM operation: HandshakeAllThreads done
Event: 3.967 Executing VM operation: ICBufferFull
Event: 3.967 Executing VM operation: ICBufferFull done

Events (20 events):
Event: 3.627 loading class java/util/function/BiConsumer
Event: 3.627 loading class java/util/function/BiConsumer done
Event: 3.628 loading class java/util/function/BinaryOperator
Event: 3.628 loading class java/util/function/BinaryOperator done
Event: 3.628 loading class java/util/stream/ReduceOps
Event: 3.629 loading class java/util/stream/ReduceOps done
Event: 3.629 loading class java/util/stream/ReduceOps$3
Event: 3.629 loading class java/util/stream/ReduceOps$ReduceOp
Event: 3.629 loading class java/util/stream/ReduceOps$ReduceOp done
Event: 3.629 loading class java/util/stream/ReduceOps$3 done
Event: 3.629 loading class java/util/stream/ReduceOps$3ReducingSink
Event: 3.630 loading class java/util/stream/ReduceOps$AccumulatingSink
Event: 3.630 loading class java/util/stream/ReduceOps$AccumulatingSink done
Event: 3.630 loading class java/util/stream/ReduceOps$Box
Event: 3.630 loading class java/util/stream/ReduceOps$Box done
Event: 3.630 loading class java/util/stream/ReduceOps$3ReducingSink done
Event: 3.630 loading class java/util/stream/ReferencePipeline$2$1
Event: 3.630 loading class java/util/stream/ReferencePipeline$2$1 done
Event: 3.847 loading class java/util/RegularEnumSet$EnumSetIterator
Event: 3.847 loading class java/util/RegularEnumSet$EnumSetIterator done


Dynamic libraries:
0x00007ff799db0000 - 0x00007ff799dba000 	E:\Android studio 2022.1.3\jbr\bin\java.exe
0x00007fffe8ed0000 - 0x00007fffe90c8000 	C:\WINDOWS\SYSTEM32\ntdll.dll
0x00007fffe3100000 - 0x00007fffe3119000 	C:\Program Files\Avast Software\Avast\aswhook.dll
0x00007fffe6f90000 - 0x00007fffe704f000 	C:\WINDOWS\System32\KERNEL32.DLL
0x00007fffe6690000 - 0x00007fffe6986000 	C:\WINDOWS\System32\KERNELBASE.dll
0x00007fffe6bb0000 - 0x00007fffe6cb0000 	C:\WINDOWS\System32\ucrtbase.dll
0x00007fff91f40000 - 0x00007fff91f57000 	E:\Android studio 2022.1.3\jbr\bin\jli.dll
0x00007fffc7ee0000 - 0x00007fffc817a000 	C:\WINDOWS\WinSxS\amd64_microsoft.windows.common-controls_6595b64144ccf1df_6.0.19041.1110_none_60b5254171f9507e\COMCTL32.dll
0x00007fffe7dd0000 - 0x00007fffe7e6e000 	C:\WINDOWS\System32\msvcrt.dll
0x00007fffe8520000 - 0x00007fffe854c000 	C:\WINDOWS\System32\GDI32.dll
0x00007fffe6660000 - 0x00007fffe6682000 	C:\WINDOWS\System32\win32u.dll
0x00007fffe6cb0000 - 0x00007fffe6dc5000 	C:\WINDOWS\System32\gdi32full.dll
0x00007fffe6a50000 - 0x00007fffe6aed000 	C:\WINDOWS\System32\msvcp_win.dll
0x00007fffb7c80000 - 0x00007fffb7c9b000 	E:\Android studio 2022.1.3\jbr\bin\VCRUNTIME140.dll
0x00007fffe7a60000 - 0x00007fffe7bfd000 	C:\WINDOWS\System32\USER32.dll
0x00007fffe7e80000 - 0x00007fffe7eb0000 	C:\WINDOWS\System32\IMM32.DLL
0x00007fffb7c70000 - 0x00007fffb7c7c000 	E:\Android studio 2022.1.3\jbr\bin\vcruntime140_1.dll
0x00007fffb7980000 - 0x00007fffb7a0d000 	E:\Android studio 2022.1.3\jbr\bin\msvcp140.dll
0x00007fff7bb60000 - 0x00007fff7c7ce000 	E:\Android studio 2022.1.3\jbr\bin\server\jvm.dll
0x00007fffe79b0000 - 0x00007fffe7a5f000 	C:\WINDOWS\System32\ADVAPI32.dll
0x00007fffe7d20000 - 0x00007fffe7dbc000 	C:\WINDOWS\System32\sechost.dll
0x00007fffe82a0000 - 0x00007fffe83c6000 	C:\WINDOWS\System32\RPCRT4.dll
0x00007fffd59f0000 - 0x00007fffd59f9000 	C:\WINDOWS\SYSTEM32\WSOCK32.dll
0x00007fffd3b00000 - 0x00007fffd3b27000 	C:\WINDOWS\SYSTEM32\WINMM.dll
0x00007fffe8600000 - 0x00007fffe866b000 	C:\WINDOWS\System32\WS2_32.dll
0x00007fffe0b00000 - 0x00007fffe0b0a000 	C:\WINDOWS\SYSTEM32\VERSION.dll
0x00007fffe4440000 - 0x00007fffe4452000 	C:\WINDOWS\SYSTEM32\kernel.appcore.dll
0x00007fffc8280000 - 0x00007fffc828a000 	E:\Android studio 2022.1.3\jbr\bin\jimage.dll
0x00007fffd9150000 - 0x00007fffd9334000 	C:\WINDOWS\SYSTEM32\DBGHELP.DLL
0x00007fffd9110000 - 0x00007fffd9144000 	C:\WINDOWS\SYSTEM32\dbgcore.DLL
0x00007fffe6b20000 - 0x00007fffe6ba2000 	C:\WINDOWS\System32\bcryptPrimitives.dll
0x00007fffacc80000 - 0x00007fffacca5000 	E:\Android studio 2022.1.3\jbr\bin\java.dll
0x00007fffc8260000 - 0x00007fffc8278000 	E:\Android studio 2022.1.3\jbr\bin\zip.dll
0x00007fffe8740000 - 0x00007fffe8e84000 	C:\WINDOWS\System32\SHELL32.dll
0x00007fffe4640000 - 0x00007fffe4dd3000 	C:\WINDOWS\SYSTEM32\windows.storage.dll
0x00007fffe75a0000 - 0x00007fffe78f4000 	C:\WINDOWS\System32\combase.dll
0x00007fffe5e40000 - 0x00007fffe5e6e000 	C:\WINDOWS\SYSTEM32\Wldp.dll
0x00007fffe7900000 - 0x00007fffe79ad000 	C:\WINDOWS\System32\SHCORE.dll
0x00007fffe8680000 - 0x00007fffe86d5000 	C:\WINDOWS\System32\shlwapi.dll
0x00007fffe64f0000 - 0x00007fffe650f000 	C:\WINDOWS\SYSTEM32\profapi.dll
0x00007fffaccb0000 - 0x00007fffaccc9000 	E:\Android studio 2022.1.3\jbr\bin\net.dll
0x00007fffddf40000 - 0x00007fffde04a000 	C:\WINDOWS\SYSTEM32\WINHTTP.dll
0x00007fffe5c20000 - 0x00007fffe5c8a000 	C:\WINDOWS\system32\mswsock.dll
0x00007fffacc60000 - 0x00007fffacc76000 	E:\Android studio 2022.1.3\jbr\bin\nio.dll
0x00007fffb33d0000 - 0x00007fffb33e0000 	E:\Android studio 2022.1.3\jbr\bin\verify.dll

dbghelp: loaded successfully - version: 4.0.5 - missing functions: none
symbol engine: initialized successfully - sym options: 0x614 - pdb path: .;E:\Android studio 2022.1.3\jbr\bin;C:\WINDOWS\SYSTEM32;C:\Program Files\Avast Software\Avast;C:\WINDOWS\WinSxS\amd64_microsoft.windows.common-controls_6595b64144ccf1df_6.0.19041.1110_none_60b5254171f9507e;E:\Android studio 2022.1.3\jbr\bin\server

VM Arguments:
java_command: org.jetbrains.kotlin.cli.jvm.K2JVMCompiler @C:\Users\Thoriso Tumelo\AndroidStudioProjects\WILAPP\app\build\20231120_15018992755901372827.compiler.options
java_class_path (initial): C:\Users\Thoriso Tumelo\.gradle\caches\modules-2\files-2.1\org.jetbrains.kotlin\kotlin-compiler-embeddable\1.8.0\eb9118d4bcceaa2a94b2ae2a33a4ddba7c9a947f\kotlin-compiler-embeddable-1.8.0.jar;C:\Users\Thoriso Tumelo\.gradle\caches\modules-2\files-2.1\org.jetbrains.kotlin\kotlin-stdlib\1.8.0\1796921c7a3e2e2665a83e6c8d33399336cd39bc\kotlin-stdlib-1.8.0.jar;C:\Users\Thoriso Tumelo\.gradle\caches\modules-2\files-2.1\org.jetbrains.kotlin\kotlin-script-runtime\1.8.0\b2f7e760d283cb339974851c222a4c1d48f2d3d\kotlin-script-runtime-1.8.0.jar;C:\Users\Thoriso Tumelo\.gradle\caches\modules-2\files-2.1\org.jetbrains.kotlin\kotlin-reflect\1.6.10\1cbe9c92c12a94eea200d23c2bbaedaf3daf5132\kotlin-reflect-1.6.10.jar;C:\Users\Thoriso Tumelo\.gradle\caches\modules-2\files-2.1\org.jetbrains.kotlin\kotlin-daemon-embeddable\1.8.0\d255216c551685dc3a7e852b53617f5f01aaaa5c\kotlin-daemon-embeddable-1.8.0.jar;C:\Users\Thoriso Tumelo\.gradle\caches\modules-2\files-2.1\org.jetbrains.intellij.deps\trove4j\1.0.20200330\3afb14d5f9ceb459d724e907a21145e8ff394f02\trove4j-1.0.20200330.jar;C:\Users\Thoriso Tumelo\.gradle\caches\modules-2\files-2.1\net.java.dev.jna\jna\5.6.0\330f2244e9030119ab3030fc3fededc86713d9cc\jna-5.6.0.jar;C:\Users\Thoriso Tumelo\.gradle\caches\modules-2\files-2.1\org.jetbrains.kotlin\kotlin-stdlib-common\1.8.0\f7197e7cc76453ac59f8b0f8d5137cc600becd36\kotlin-stdlib-common-1.8.0.jar;C:\Users\Thoriso Tumelo\.gradle\caches\modules-2\files-2.1\org.jetbrains\annotations\13.0\919f0dfe192fb4e063e7dacadee7f8bb9a2672a9\annotations-13.0.jar
Launcher Type: SUN_STANDARD

[Global flags]
     intx CICompilerCount                          = 3                                         {product} {ergonomic}
     uint ConcGCThreads                            = 1                                         {product} {ergonomic}
     uint G1ConcRefinementThreads                  = 4                                         {product} {ergonomic}
   size_t G1HeapRegionSize                         = 1048576                                   {product} {ergonomic}
    uintx GCDrainStackTargetSize                   = 64                                        {product} {ergonomic}
   size_t InitialHeapSize                          = 132120576                                 {product} {ergonomic}
   size_t MarkStackSize                            = 4194304                                   {product} {ergonomic}
   size_t MaxHeapSize                              = 2107637760                                {product} {ergonomic}
   size_t MaxNewSize                               = 1264582656                                {product} {ergonomic}
   size_t MinHeapDeltaBytes                        = 1048576                                   {product} {ergonomic}
   size_t MinHeapSize                              = 8388608                                   {product} {ergonomic}
    uintx NonNMethodCodeHeapSize                   = 5832780                                {pd product} {ergonomic}
    uintx NonProfiledCodeHeapSize                  = 122912730                              {pd product} {ergonomic}
    uintx ProfiledCodeHeapSize                     = 122912730                              {pd product} {ergonomic}
    uintx ReservedCodeCacheSize                    = 251658240                              {pd product} {ergonomic}
     bool SegmentedCodeCache                       = true                                      {product} {ergonomic}
   size_t SoftMaxHeapSize                          = 2107637760                             {manageable} {ergonomic}
     bool UseCompressedClassPointers               = true                           {product lp64_product} {ergonomic}
     bool UseCompressedOops                        = true                           {product lp64_product} {ergonomic}
     bool UseG1GC                                  = true                                      {product} {ergonomic}
     bool UseLargePagesIndividualAllocation        = false                                  {pd product} {ergonomic}

Logging:
Log output configuration:
 #0: stdout all=warning uptime,level,tags
 #1: stderr all=off uptime,level,tags

Environment Variables:
PATH=C:\WINDOWS\system32;C:\WINDOWS;C:\WINDOWS\System32\Wbem;C:\WINDOWS\System32\WindowsPowerShell\v1.0\;C:\WINDOWS\System32\OpenSSH\;C:\Program Files\Git\cmd;C:\Users\Thoriso Tumelo\AppData\Local\Microsoft\WindowsApps
USERNAME=Thoriso Tumelo
OS=Windows_NT
PROCESSOR_IDENTIFIER=Intel64 Family 6 Model 158 Stepping 11, GenuineIntel
TMP=C:\Users\THORIS~1\AppData\Local\Temp
TEMP=C:\Users\THORIS~1\AppData\Local\Temp


JNI global refs:
JNI global refs: 9, weak refs: 6

JNI global refs memory usage: 843, weak refs: 841


---------------  S Y S T E M  ---------------

OS:
 Windows 10 , 64 bit Build 19041 (10.0.19041.3031)
OS uptime: 0 days 1:33 hours
Hyper-V role detected

CPU: total 4 (initial active 4) (4 cores per cpu, 1 threads per core) family 6 model 158 stepping 11 microcode 0xb4, cx8, cmov, fxsr, mmx, 3dnowpref, sse, sse2, sse3, ssse3, sse4.1, sse4.2, popcnt, lzcnt, tsc, tscinvbit, avx, avx2, aes, erms, clmul, bmi1, bmi2, adx, fma, vzeroupper, clflush, clflushopt, hv

Memory: 4k page, system-wide physical 8035M (1028M free)
TotalPageFile size 9341M (AvailPageFile size 5M)
current process WorkingSet (physical memory assigned to process): 239M, peak: 239M
current process commit charge ("private bytes"): 322M, peak: 323M

vm_info: OpenJDK 64-Bit Server VM (17.0.6+0-b2043.56-10027231) for windows-amd64 JRE (17.0.6+0-b2043.56-10027231), built on Apr 28 2023 00:43:19 by "androidbuild" with MS VC++ 16.10 / 16.11 (VS2019)

END.
