#
# There is insufficient memory for the Java Runtime Environment to continue.
# Native memory allocation (malloc) failed to allocate 1087616 bytes for Chunk::new
# Possible reasons:
#   The system is out of physical RAM or swap space
#   The process is running with CompressedOops enabled, and the Java Heap may be blocking the growth of the native heap
# Possible solutions:
#   Reduce memory load on the system
#   Increase physical memory or swap space
#   Check if swap backing store is full
#   Decrease Java heap size (-Xmx/-Xms)
#   Decrease number of Java threads
#   Decrease Java thread stack sizes (-Xss)
#   Set larger code cache with -XX:ReservedCodeCacheSize=
#   JVM is running with Unscaled Compressed Oops mode in which the Java heap is
#     placed in the first 4GB address space. The Java Heap base address is the
#     maximum limit for the native heap growth. Please use -XX:HeapBaseMinAddress
#     to set the Java Heap base and to place the Java Heap above 4GB virtual address.
# This output file may be truncated or incomplete.
#
#  Out of Memory Error (arena.cpp:189), pid=1384, tid=9688
#
# JRE version: OpenJDK Runtime Environment (17.0.6) (build 17.0.6+0-b2043.56-10027231)
# Java VM: OpenJDK 64-Bit Server VM (17.0.6+0-b2043.56-10027231, mixed mode, tiered, compressed oops, compressed class ptrs, g1 gc, windows-amd64)
# No core dump will be written. Minidumps are not enabled by default on client versions of Windows
#

---------------  S U M M A R Y ------------

Command Line: org.jetbrains.kotlin.cli.jvm.K2JVMCompiler @C:\Users\Thoriso Tumelo\AndroidStudioProjects\WILAPP\app\build\20231120_9474382084514566951.compiler.options

Host: Intel(R) Core(TM) i3-8100T CPU @ 3.10GHz, 4 cores, 7G,  Windows 10 , 64 bit Build 19041 (10.0.19041.3031)
Time: Mon Nov 20 23:24:47 2023 South Africa Standard Time elapsed time: 5.424735 seconds (0d 0h 0m 5s)

---------------  T H R E A D  ---------------

Current thread (0x0000023b98675020):  JavaThread "C2 CompilerThread1" daemon [_thread_in_native, id=9688, stack(0x00000076e2c00000,0x00000076e2d00000)]


Current CompileTask:
C2:   5424 5360       4       org.jetbrains.kotlin.load.java.structure.impl.classFiles.BinaryJavaMethodBase$Companion::create (572 bytes)

Stack: [0x00000076e2c00000,0x00000076e2d00000]
Native frames: (J=compiled Java code, j=interpreted, Vv=VM code, C=native code)
V  [jvm.dll+0x683c9a]
V  [jvm.dll+0x8427a4]
V  [jvm.dll+0x843f9e]
V  [jvm.dll+0x844603]
V  [jvm.dll+0x249b75]
V  [jvm.dll+0xabcac]
V  [jvm.dll+0xac27c]
V  [jvm.dll+0x2b0eef]
V  [jvm.dll+0x58a267]
V  [jvm.dll+0x2243b2]
V  [jvm.dll+0x22478f]
V  [jvm.dll+0x21e055]
V  [jvm.dll+0x21b51b]
V  [jvm.dll+0x1a4fdd]
V  [jvm.dll+0x22b098]
V  [jvm.dll+0x229159]
V  [jvm.dll+0x7f81ec]
V  [jvm.dll+0x7f274a]
V  [jvm.dll+0x682ad5]
C  [ucrtbase.dll+0x21bb2]
C  [KERNEL32.DLL+0x17614]
C  [ntdll.dll+0x526f1]


---------------  P R O C E S S  ---------------

Threads class SMR info:
_java_thread_list=0x0000023b98441750, length=13, elements={
0x0000023bfddceb30, 0x0000023bfef673c0, 0x0000023bfef684f0, 0x0000023bff92d690,
0x0000023bff92dd60, 0x0000023bff9231c0, 0x0000023bff923e30, 0x0000023bff935f60,
0x0000023bff93c490, 0x0000023bff93c9a0, 0x0000023bffa93950, 0x0000023bffaa7220,
0x0000023b98675020
}

Java Threads: ( => current thread )
  0x0000023bfddceb30 JavaThread "main" [_thread_in_vm, id=588, stack(0x00000076e1600000,0x00000076e1700000)]
  0x0000023bfef673c0 JavaThread "Reference Handler" daemon [_thread_blocked, id=12252, stack(0x00000076e1d00000,0x00000076e1e00000)]
  0x0000023bfef684f0 JavaThread "Finalizer" daemon [_thread_blocked, id=4484, stack(0x00000076e1e00000,0x00000076e1f00000)]
  0x0000023bff92d690 JavaThread "Signal Dispatcher" daemon [_thread_blocked, id=732, stack(0x00000076e1f00000,0x00000076e2000000)]
  0x0000023bff92dd60 JavaThread "Attach Listener" daemon [_thread_blocked, id=6448, stack(0x00000076e2000000,0x00000076e2100000)]
  0x0000023bff9231c0 JavaThread "Service Thread" daemon [_thread_blocked, id=11952, stack(0x00000076e2100000,0x00000076e2200000)]
  0x0000023bff923e30 JavaThread "Monitor Deflation Thread" daemon [_thread_blocked, id=10948, stack(0x00000076e2200000,0x00000076e2300000)]
  0x0000023bff935f60 JavaThread "C2 CompilerThread0" daemon [_thread_in_native, id=2908, stack(0x00000076e2300000,0x00000076e2400000)]
  0x0000023bff93c490 JavaThread "C1 CompilerThread0" daemon [_thread_blocked, id=9068, stack(0x00000076e2400000,0x00000076e2500000)]
  0x0000023bff93c9a0 JavaThread "Sweeper thread" daemon [_thread_blocked, id=2288, stack(0x00000076e2500000,0x00000076e2600000)]
  0x0000023bffa93950 JavaThread "Notification Thread" daemon [_thread_blocked, id=6920, stack(0x00000076e2600000,0x00000076e2700000)]
  0x0000023bffaa7220 JavaThread "Common-Cleaner" daemon [_thread_blocked, id=4720, stack(0x00000076e2800000,0x00000076e2900000)]
=>0x0000023b98675020 JavaThread "C2 CompilerThread1" daemon [_thread_in_native, id=9688, stack(0x00000076e2c00000,0x00000076e2d00000)]

Other Threads:
  0x0000023bfef09840 VMThread "VM Thread" [stack: 0x00000076e1c00000,0x00000076e1d00000] [id=9612]
  0x0000023bfde4b590 WatcherThread [stack: 0x00000076e2700000,0x00000076e2800000] [id=6988]
  0x0000023bfde29f00 GCTaskThread "GC Thread#0" [stack: 0x00000076e1700000,0x00000076e1800000] [id=6596]
  0x0000023b984bc350 GCTaskThread "GC Thread#1" [stack: 0x00000076e2900000,0x00000076e2a00000] [id=2096]
  0x0000023b984bc600 GCTaskThread "GC Thread#2" [stack: 0x00000076e2a00000,0x00000076e2b00000] [id=7556]
  0x0000023b984c1500 GCTaskThread "GC Thread#3" [stack: 0x00000076e2b00000,0x00000076e2c00000] [id=11216]
  0x0000023bfde3aa50 ConcurrentGCThread "G1 Main Marker" [stack: 0x00000076e1800000,0x00000076e1900000] [id=6352]
  0x0000023bfde3bc00 ConcurrentGCThread "G1 Conc#0" [stack: 0x00000076e1900000,0x00000076e1a00000] [id=7456]
  0x0000023bfde93240 ConcurrentGCThread "G1 Refine#0" [stack: 0x00000076e1a00000,0x00000076e1b00000] [id=3876]
  0x0000023b9df9dc90 ConcurrentGCThread "G1 Refine#1" [stack: 0x00000076e2d00000,0x00000076e2e00000] [id=4644]
  0x0000023bfde93870 ConcurrentGCThread "G1 Service" [stack: 0x00000076e1b00000,0x00000076e1c00000] [id=10020]

Threads with active compile tasks:
C2 CompilerThread0     5457 5392       4       gnu.trove.TObjectHash::insertionIndex (273 bytes)
C2 CompilerThread1     5457 5360       4       org.jetbrains.kotlin.load.java.structure.impl.classFiles.BinaryJavaMethodBase$Companion::create (572 bytes)

VM state: not at safepoint (normal execution)

VM Mutex/Monitor currently owned by a thread: None

Heap address: 0x0000000082600000, size: 2010 MB, Compressed Oops mode: 32-bit

CDS archive(s) not mapped
Compressed class space mapped at: 0x0000000100000000-0x0000000140000000, reserved size: 1073741824
Narrow klass base: 0x0000000000000000, Narrow klass shift: 3, Narrow klass range: 0x140000000

GC Precious Log:
 CPUs: 4 total, 4 available
 Memory: 8035M
 Large Page Support: Disabled
 NUMA Support: Disabled
 Compressed Oops: Enabled (32-bit)
 Heap Region Size: 1M
 Heap Min Capacity: 8M
 Heap Initial Capacity: 126M
 Heap Max Capacity: 2010M
 Pre-touch: Disabled
 Parallel Workers: 4
 Concurrent Workers: 1
 Concurrent Refinement Workers: 4
 Periodic GC: Disabled

Heap:
 garbage-first heap   total 86016K, used 58543K [0x0000000082600000, 0x0000000100000000)
  region size 1024K, 18 young (18432K), 3 survivors (3072K)
 Metaspace       used 52631K, committed 52928K, reserved 1097728K
  class space    used 6202K, committed 6336K, reserved 1048576K

Heap Regions: E=young(eden), S=young(survivor), O=old, HS=humongous(starts), HC=humongous(continues), CS=collection set, F=free, OA=open archive, CA=closed archive, TAMS=top-at-mark-start (previous, next)
|   0|0x0000000082600000, 0x0000000082700000, 0x0000000082700000|100%|HS|  |TAMS 0x0000000082700000, 0x0000000082600000| Complete 
|   1|0x0000000082700000, 0x0000000082800000, 0x0000000082800000|100%|HC|  |TAMS 0x0000000082800000, 0x0000000082700000| Complete 
|   2|0x0000000082800000, 0x0000000082900000, 0x0000000082900000|100%|HC|  |TAMS 0x0000000082900000, 0x0000000082800000| Complete 
|   3|0x0000000082900000, 0x0000000082a00000, 0x0000000082a00000|100%|HC|  |TAMS 0x0000000082a00000, 0x0000000082900000| Complete 
|   4|0x0000000082a00000, 0x0000000082b00000, 0x0000000082b00000|100%| O|  |TAMS 0x0000000082b00000, 0x0000000082a00000| Untracked 
|   5|0x0000000082b00000, 0x0000000082c00000, 0x0000000082c00000|100%| O|  |TAMS 0x0000000082c00000, 0x0000000082b00000| Untracked 
|   6|0x0000000082c00000, 0x0000000082d00000, 0x0000000082d00000|100%| O|  |TAMS 0x0000000082d00000, 0x0000000082c00000| Untracked 
|   7|0x0000000082d00000, 0x0000000082e00000, 0x0000000082e00000|100%|HS|  |TAMS 0x0000000082e00000, 0x0000000082d00000| Complete 
|   8|0x0000000082e00000, 0x0000000082f00000, 0x0000000082f00000|100%|HC|  |TAMS 0x0000000082f00000, 0x0000000082e00000| Complete 
|   9|0x0000000082f00000, 0x0000000083000000, 0x0000000083000000|100%|HC|  |TAMS 0x0000000083000000, 0x0000000082f00000| Complete 
|  10|0x0000000083000000, 0x0000000083100000, 0x0000000083100000|100%|HC|  |TAMS 0x0000000083100000, 0x0000000083000000| Complete 
|  11|0x0000000083100000, 0x0000000083200000, 0x0000000083200000|100%| O|  |TAMS 0x0000000083200000, 0x0000000083100000| Untracked 
|  12|0x0000000083200000, 0x0000000083300000, 0x0000000083300000|100%| O|  |TAMS 0x0000000083300000, 0x0000000083200000| Untracked 
|  13|0x0000000083300000, 0x0000000083400000, 0x0000000083400000|100%| O|  |TAMS 0x0000000083400000, 0x0000000083300000| Untracked 
|  14|0x0000000083400000, 0x0000000083500000, 0x0000000083500000|100%| O|  |TAMS 0x0000000083500000, 0x0000000083400000| Untracked 
|  15|0x0000000083500000, 0x0000000083600000, 0x0000000083600000|100%| O|  |TAMS 0x0000000083600000, 0x0000000083500000| Untracked 
|  16|0x0000000083600000, 0x0000000083700000, 0x0000000083700000|100%| O|  |TAMS 0x0000000083700000, 0x0000000083600000| Untracked 
|  17|0x0000000083700000, 0x0000000083800000, 0x0000000083800000|100%| O|  |TAMS 0x0000000083800000, 0x0000000083700000| Untracked 
|  18|0x0000000083800000, 0x0000000083900000, 0x0000000083900000|100%| O|  |TAMS 0x0000000083900000, 0x0000000083800000| Untracked 
|  19|0x0000000083900000, 0x0000000083a00000, 0x0000000083a00000|100%| O|  |TAMS 0x0000000083a00000, 0x0000000083900000| Untracked 
|  20|0x0000000083a00000, 0x0000000083b00000, 0x0000000083b00000|100%| O|  |TAMS 0x0000000083b00000, 0x0000000083a00000| Untracked 
|  21|0x0000000083b00000, 0x0000000083c00000, 0x0000000083c00000|100%| O|  |TAMS 0x0000000083c00000, 0x0000000083b00000| Untracked 
|  22|0x0000000083c00000, 0x0000000083d00000, 0x0000000083d00000|100%| O|  |TAMS 0x0000000083d00000, 0x0000000083c00000| Untracked 
|  23|0x0000000083d00000, 0x0000000083e00000, 0x0000000083e00000|100%| O|  |TAMS 0x0000000083e00000, 0x0000000083d00000| Untracked 
|  24|0x0000000083e00000, 0x0000000083f00000, 0x0000000083f00000|100%| O|  |TAMS 0x0000000083f00000, 0x0000000083e00000| Untracked 
|  25|0x0000000083f00000, 0x0000000084000000, 0x0000000084000000|100%| O|  |TAMS 0x0000000084000000, 0x0000000083f00000| Untracked 
|  26|0x0000000084000000, 0x0000000084100000, 0x0000000084100000|100%| O|  |TAMS 0x0000000084100000, 0x0000000084000000| Untracked 
|  27|0x0000000084100000, 0x0000000084200000, 0x0000000084200000|100%|HS|  |TAMS 0x0000000084200000, 0x0000000084100000| Complete 
|  28|0x0000000084200000, 0x0000000084300000, 0x0000000084300000|100%|HC|  |TAMS 0x0000000084300000, 0x0000000084200000| Complete 
|  29|0x0000000084300000, 0x0000000084400000, 0x0000000084400000|100%| O|  |TAMS 0x0000000084400000, 0x0000000084300000| Untracked 
|  30|0x0000000084400000, 0x0000000084500000, 0x0000000084500000|100%| O|  |TAMS 0x0000000084500000, 0x0000000084400000| Untracked 
|  31|0x0000000084500000, 0x0000000084600000, 0x0000000084600000|100%| O|  |TAMS 0x0000000084600000, 0x0000000084500000| Untracked 
|  32|0x0000000084600000, 0x0000000084600000, 0x0000000084700000|  0%| F|  |TAMS 0x0000000084600000, 0x0000000084600000| Untracked 
|  33|0x0000000084700000, 0x0000000084800000, 0x0000000084800000|100%| O|  |TAMS 0x0000000084800000, 0x0000000084700000| Untracked 
|  34|0x0000000084800000, 0x0000000084900000, 0x0000000084900000|100%| O|  |TAMS 0x0000000084900000, 0x0000000084800000| Untracked 
|  35|0x0000000084900000, 0x0000000084a00000, 0x0000000084a00000|100%| O|  |TAMS 0x0000000084a00000, 0x0000000084900000| Untracked 
|  36|0x0000000084a00000, 0x0000000084b00000, 0x0000000084b00000|100%| O|  |TAMS 0x0000000084b00000, 0x0000000084a00000| Untracked 
|  37|0x0000000084b00000, 0x0000000084c00000, 0x0000000084c00000|100%| O|  |TAMS 0x0000000084c00000, 0x0000000084b00000| Untracked 
|  38|0x0000000084c00000, 0x0000000084d00000, 0x0000000084d00000|100%| O|  |TAMS 0x0000000084c5e600, 0x0000000084c00000| Untracked 
|  39|0x0000000084d00000, 0x0000000084e00000, 0x0000000084e00000|100%| O|  |TAMS 0x0000000084d00000, 0x0000000084d00000| Untracked 
|  40|0x0000000084e00000, 0x0000000084f00000, 0x0000000084f00000|100%| O|  |TAMS 0x0000000084e00000, 0x0000000084e00000| Untracked 
|  41|0x0000000084f00000, 0x0000000084f62200, 0x0000000085000000| 38%| O|  |TAMS 0x0000000084f00000, 0x0000000084f00000| Untracked 
|  42|0x0000000085000000, 0x0000000085000000, 0x0000000085100000|  0%| F|  |TAMS 0x0000000085000000, 0x0000000085000000| Untracked 
|  43|0x0000000085100000, 0x0000000085100000, 0x0000000085200000|  0%| F|  |TAMS 0x0000000085100000, 0x0000000085100000| Untracked 
|  44|0x0000000085200000, 0x0000000085200000, 0x0000000085300000|  0%| F|  |TAMS 0x0000000085200000, 0x0000000085200000| Untracked 
|  45|0x0000000085300000, 0x0000000085300000, 0x0000000085400000|  0%| F|  |TAMS 0x0000000085300000, 0x0000000085300000| Untracked 
|  46|0x0000000085400000, 0x0000000085400000, 0x0000000085500000|  0%| F|  |TAMS 0x0000000085400000, 0x0000000085400000| Untracked 
|  47|0x0000000085500000, 0x0000000085500000, 0x0000000085600000|  0%| F|  |TAMS 0x0000000085500000, 0x0000000085500000| Untracked 
|  48|0x0000000085600000, 0x0000000085600000, 0x0000000085700000|  0%| F|  |TAMS 0x0000000085600000, 0x0000000085600000| Untracked 
|  49|0x0000000085700000, 0x0000000085700000, 0x0000000085800000|  0%| F|  |TAMS 0x0000000085700000, 0x0000000085700000| Untracked 
|  50|0x0000000085800000, 0x0000000085800000, 0x0000000085900000|  0%| F|  |TAMS 0x0000000085800000, 0x0000000085800000| Untracked 
|  51|0x0000000085900000, 0x0000000085900000, 0x0000000085a00000|  0%| F|  |TAMS 0x0000000085900000, 0x0000000085900000| Untracked 
|  52|0x0000000085a00000, 0x0000000085ac9a98, 0x0000000085b00000| 78%| S|CS|TAMS 0x0000000085a00000, 0x0000000085a00000| Complete 
|  53|0x0000000085b00000, 0x0000000085b00000, 0x0000000085c00000|  0%| F|  |TAMS 0x0000000085b00000, 0x0000000085b00000| Untracked 
|  54|0x0000000085c00000, 0x0000000085d00000, 0x0000000085d00000|100%| S|CS|TAMS 0x0000000085c00000, 0x0000000085c00000| Complete 
|  55|0x0000000085d00000, 0x0000000085e00000, 0x0000000085e00000|100%| S|CS|TAMS 0x0000000085d00000, 0x0000000085d00000| Complete 
|  56|0x0000000085e00000, 0x0000000085e00000, 0x0000000085f00000|  0%| F|  |TAMS 0x0000000085e00000, 0x0000000085e00000| Untracked 
|  57|0x0000000085f00000, 0x0000000085f00000, 0x0000000086000000|  0%| F|  |TAMS 0x0000000085f00000, 0x0000000085f00000| Untracked 
|  58|0x0000000086000000, 0x0000000086000000, 0x0000000086100000|  0%| F|  |TAMS 0x0000000086000000, 0x0000000086000000| Untracked 
|  59|0x0000000086100000, 0x0000000086100000, 0x0000000086200000|  0%| F|  |TAMS 0x0000000086100000, 0x0000000086100000| Untracked 
|  60|0x0000000086200000, 0x0000000086200000, 0x0000000086300000|  0%| F|  |TAMS 0x0000000086200000, 0x0000000086200000| Untracked 
|  61|0x0000000086300000, 0x0000000086300000, 0x0000000086400000|  0%| F|  |TAMS 0x0000000086300000, 0x0000000086300000| Untracked 
|  62|0x0000000086400000, 0x0000000086400000, 0x0000000086500000|  0%| F|  |TAMS 0x0000000086400000, 0x0000000086400000| Untracked 
|  63|0x0000000086500000, 0x0000000086500000, 0x0000000086600000|  0%| F|  |TAMS 0x0000000086500000, 0x0000000086500000| Untracked 
|  64|0x0000000086600000, 0x0000000086600000, 0x0000000086700000|  0%| F|  |TAMS 0x0000000086600000, 0x0000000086600000| Untracked 
|  65|0x0000000086700000, 0x0000000086700000, 0x0000000086800000|  0%| F|  |TAMS 0x0000000086700000, 0x0000000086700000| Untracked 
|  66|0x0000000086800000, 0x0000000086800000, 0x0000000086900000|  0%| F|  |TAMS 0x0000000086800000, 0x0000000086800000| Untracked 
|  67|0x0000000086900000, 0x0000000086900000, 0x0000000086a00000|  0%| F|  |TAMS 0x0000000086900000, 0x0000000086900000| Untracked 
|  68|0x0000000086a00000, 0x0000000086a00000, 0x0000000086b00000|  0%| F|  |TAMS 0x0000000086a00000, 0x0000000086a00000| Untracked 
|  69|0x0000000086b00000, 0x0000000086bcbd00, 0x0000000086c00000| 79%| E|  |TAMS 0x0000000086b00000, 0x0000000086b00000| Complete 
|  70|0x0000000086c00000, 0x0000000086d00000, 0x0000000086d00000|100%| E|CS|TAMS 0x0000000086c00000, 0x0000000086c00000| Complete 
|  71|0x0000000086d00000, 0x0000000086e00000, 0x0000000086e00000|100%| E|CS|TAMS 0x0000000086d00000, 0x0000000086d00000| Complete 
|  72|0x0000000086e00000, 0x0000000086f00000, 0x0000000086f00000|100%| E|CS|TAMS 0x0000000086e00000, 0x0000000086e00000| Complete 
|  73|0x0000000086f00000, 0x0000000087000000, 0x0000000087000000|100%| E|CS|TAMS 0x0000000086f00000, 0x0000000086f00000| Complete 
|  74|0x0000000087000000, 0x0000000087100000, 0x0000000087100000|100%| E|CS|TAMS 0x0000000087000000, 0x0000000087000000| Complete 
|  75|0x0000000087100000, 0x0000000087200000, 0x0000000087200000|100%| E|CS|TAMS 0x0000000087100000, 0x0000000087100000| Complete 
|  76|0x0000000087200000, 0x0000000087300000, 0x0000000087300000|100%| E|CS|TAMS 0x0000000087200000, 0x0000000087200000| Complete 
|  77|0x0000000087300000, 0x0000000087400000, 0x0000000087400000|100%| E|CS|TAMS 0x0000000087300000, 0x0000000087300000| Complete 
|  94|0x0000000088400000, 0x0000000088500000, 0x0000000088500000|100%| E|CS|TAMS 0x0000000088400000, 0x0000000088400000| Complete 
|  95|0x0000000088500000, 0x0000000088600000, 0x0000000088600000|100%| E|CS|TAMS 0x0000000088500000, 0x0000000088500000| Complete 
|  96|0x0000000088600000, 0x0000000088700000, 0x0000000088700000|100%| E|CS|TAMS 0x0000000088600000, 0x0000000088600000| Complete 
|  97|0x0000000088700000, 0x0000000088800000, 0x0000000088800000|100%| E|CS|TAMS 0x0000000088700000, 0x0000000088700000| Complete 
|  98|0x0000000088800000, 0x0000000088900000, 0x0000000088900000|100%| E|CS|TAMS 0x0000000088800000, 0x0000000088800000| Complete 
| 125|0x000000008a300000, 0x000000008a400000, 0x000000008a400000|100%| E|CS|TAMS 0x000000008a300000, 0x000000008a300000| Complete 

Card table byte_map: [0x0000023bfe290000,0x0000023bfe680000] _byte_map_base: 0x0000023bfde7d000

Marking Bits (Prev, Next): (CMBitMap*) 0x0000023bfde2a510, (CMBitMap*) 0x0000023bfde2a550
 Prev Bits: [0x0000023b92400000, 0x0000023b94368000)
 Next Bits: [0x0000023b94370000, 0x0000023b962d8000)

Polling page: 0x0000023bfbd30000

Metaspace:

Usage:
  Non-class:     45.34 MB used.
      Class:      6.06 MB used.
       Both:     51.40 MB used.

Virtual space:
  Non-class space:       48.00 MB reserved,      45.50 MB ( 95%) committed,  6 nodes.
      Class space:        1.00 GB reserved,       6.19 MB ( <1%) committed,  1 nodes.
             Both:        1.05 GB reserved,      51.69 MB (  5%) committed. 

Chunk freelists:
   Non-Class:  1.92 MB
       Class:  1.76 MB
        Both:  3.68 MB

MaxMetaspaceSize: unlimited
CompressedClassSpaceSize: 1.00 GB
Initial GC threshold: 21.00 MB
Current GC threshold: 85.75 MB
CDS: off
MetaspaceReclaimPolicy: balanced
 - commit_granule_bytes: 65536.
 - commit_granule_words: 8192.
 - virtual_space_node_default_size: 1048576.
 - enlarge_chunks_in_place: 1.
 - new_chunks_are_fully_committed: 0.
 - uncommit_free_chunks: 1.
 - use_allocation_guard: 0.
 - handle_deallocations: 1.


Internal statistics:

num_allocs_failed_limit: 6.
num_arena_births: 218.
num_arena_deaths: 0.
num_vsnodes_births: 7.
num_vsnodes_deaths: 0.
num_space_committed: 825.
num_space_uncommitted: 0.
num_chunks_returned_to_freelist: 6.
num_chunks_taken_from_freelist: 1706.
num_chunk_merges: 6.
num_chunk_splits: 1400.
num_chunks_enlarged: 1253.
num_purges: 0.
num_inconsistent_stats: 0.

CodeHeap 'non-profiled nmethods': size=120000Kb used=2685Kb max_used=2685Kb free=117314Kb
 bounds [0x0000023b8aed0000, 0x0000023b8b170000, 0x0000023b92400000]
CodeHeap 'profiled nmethods': size=120000Kb used=12911Kb max_used=12911Kb free=107088Kb
 bounds [0x0000023b83400000, 0x0000023b840a0000, 0x0000023b8a930000]
CodeHeap 'non-nmethods': size=5760Kb used=1291Kb max_used=1355Kb free=4469Kb
 bounds [0x0000023b8a930000, 0x0000023b8aba0000, 0x0000023b8aed0000]
 total_blobs=5984 nmethods=5380 adapters=515
 compilation: enabled
              stopped_count=0, restarted_count=0
 full_count=0

Compilation events (20 events):
Event: 5.396 Thread 0x0000023bff935f60 nmethod 5378 0x0000023b8b168290 code [0x0000023b8b168440, 0x0000023b8b168db8]
Event: 5.397 Thread 0x0000023bff93c490 5380       1       org.jetbrains.kotlin.serialization.deserialization.DeserializationContext::getTypeDeserializer (5 bytes)
Event: 5.397 Thread 0x0000023bff93c490 nmethod 5380 0x0000023b8b169010 code [0x0000023b8b1691a0, 0x0000023b8b169278]
Event: 5.399 Thread 0x0000023bff935f60 5381       4       org.jetbrains.kotlin.builtins.jvm.JavaToKotlinClassMap::isKotlinFunctionWithBigArity (81 bytes)
Event: 5.402 Thread 0x0000023bff935f60 nmethod 5381 0x0000023b8b169310 code [0x0000023b8b1694a0, 0x0000023b8b169878]
Event: 5.402 Thread 0x0000023bff935f60 5382       4       kotlin.sequences.FlatteningSequence$iterator$1::next (29 bytes)
Event: 5.405 Thread 0x0000023bff93c490 5383   !   3       org.jetbrains.kotlin.util.PerformanceCounter::time (216 bytes)
Event: 5.406 Thread 0x0000023bff93c490 nmethod 5383 0x0000023b84093d90 code [0x0000023b840941a0, 0x0000023b84095d98]
Event: 5.407 Thread 0x0000023bff93c490 5384       3       org.jetbrains.kotlin.load.java.components.JavaAnnotationDescriptor::getType (8 bytes)
Event: 5.407 Thread 0x0000023bff93c490 nmethod 5384 0x0000023b84096610 code [0x0000023b840968c0, 0x0000023b840975c8]
Event: 5.407 Thread 0x0000023bff93c490 5385       3       org.jetbrains.kotlin.load.java.AbstractAnnotationTypeQualifierResolver::hasAnnotation (85 bytes)
Event: 5.408 Thread 0x0000023bff93c490 nmethod 5385 0x0000023b84097a10 code [0x0000023b84097d00, 0x0000023b84098ee8]
Event: 5.410 Thread 0x0000023bff93c490 5387       3       org.jetbrains.kotlin.name.ClassId::getOuterClassId (36 bytes)
Event: 5.410 Thread 0x0000023bff93c490 nmethod 5387 0x0000023b84099490 code [0x0000023b84099680, 0x0000023b84099b88]
Event: 5.412 Thread 0x0000023bff935f60 nmethod 5382 0x0000023b8b169c10 code [0x0000023b8b169e20, 0x0000023b8b16a5f8]
Event: 5.412 Thread 0x0000023bff935f60 5386       4       org.jetbrains.kotlin.utils.SmartList$SingletonIteratorBase::hasNext (13 bytes)
Event: 5.413 Thread 0x0000023bff935f60 nmethod 5386 0x0000023b8b16ac90 code [0x0000023b8b16ae00, 0x0000023b8b16ae78]
Event: 5.413 Thread 0x0000023bff935f60 5388       4       gnu.trove.THash::postInsertHook (72 bytes)
Event: 5.414 Thread 0x0000023bff935f60 nmethod 5388 0x0000023b8b16af90 code [0x0000023b8b16b120, 0x0000023b8b16b308]
Event: 5.415 Thread 0x0000023bff935f60 5389       4       org.jetbrains.kotlin.load.java.structure.impl.classFiles.BinaryJavaMethod::<init> (51 bytes)

GC Heap History (20 events):
Event: 1.638 GC heap before
{Heap before GC invocations=4 (full 0):
 garbage-first heap   total 45056K, used 34986K [0x0000000082600000, 0x0000000100000000)
  region size 1024K, 26 young (26624K), 5 survivors (5120K)
 Metaspace       used 27631K, committed 27840K, reserved 1081344K
  class space    used 3046K, committed 3136K, reserved 1048576K
}
Event: 1.646 GC heap after
{Heap after GC invocations=5 (full 0):
 garbage-first heap   total 45056K, used 16268K [0x0000000082600000, 0x0000000100000000)
  region size 1024K, 2 young (2048K), 2 survivors (2048K)
 Metaspace       used 27631K, committed 27840K, reserved 1081344K
  class space    used 3046K, committed 3136K, reserved 1048576K
}
Event: 1.662 GC heap before
{Heap before GC invocations=5 (full 0):
 garbage-first heap   total 45056K, used 17292K [0x0000000082600000, 0x0000000100000000)
  region size 1024K, 3 young (3072K), 2 survivors (2048K)
 Metaspace       used 27881K, committed 28096K, reserved 1081344K
  class space    used 3076K, committed 3200K, reserved 1048576K
}
Event: 1.664 GC heap after
{Heap after GC invocations=6 (full 0):
 garbage-first heap   total 45056K, used 16832K [0x0000000082600000, 0x0000000100000000)
  region size 1024K, 1 young (1024K), 1 survivors (1024K)
 Metaspace       used 27881K, committed 28096K, reserved 1081344K
  class space    used 3076K, committed 3200K, reserved 1048576K
}
Event: 1.954 GC heap before
{Heap before GC invocations=6 (full 0):
 garbage-first heap   total 45056K, used 32192K [0x0000000082600000, 0x0000000100000000)
  region size 1024K, 17 young (17408K), 1 survivors (1024K)
 Metaspace       used 31024K, committed 31296K, reserved 1081344K
  class space    used 3768K, committed 3904K, reserved 1048576K
}
Event: 1.959 GC heap after
{Heap after GC invocations=7 (full 0):
 garbage-first heap   total 71680K, used 19674K [0x0000000082600000, 0x0000000100000000)
  region size 1024K, 3 young (3072K), 3 survivors (3072K)
 Metaspace       used 31024K, committed 31296K, reserved 1081344K
  class space    used 3768K, committed 3904K, reserved 1048576K
}
Event: 2.347 GC heap before
{Heap before GC invocations=7 (full 0):
 garbage-first heap   total 71680K, used 49370K [0x0000000082600000, 0x0000000100000000)
  region size 1024K, 31 young (31744K), 3 survivors (3072K)
 Metaspace       used 35757K, committed 35968K, reserved 1081344K
  class space    used 4514K, committed 4608K, reserved 1048576K
}
Event: 2.358 GC heap after
{Heap after GC invocations=8 (full 0):
 garbage-first heap   total 71680K, used 26473K [0x0000000082600000, 0x0000000100000000)
  region size 1024K, 5 young (5120K), 5 survivors (5120K)
 Metaspace       used 35757K, committed 35968K, reserved 1081344K
  class space    used 4514K, committed 4608K, reserved 1048576K
}
Event: 2.743 GC heap before
{Heap before GC invocations=9 (full 0):
 garbage-first heap   total 71680K, used 51049K [0x0000000082600000, 0x0000000100000000)
  region size 1024K, 30 young (30720K), 5 survivors (5120K)
 Metaspace       used 40683K, committed 40896K, reserved 1089536K
  class space    used 4991K, committed 5056K, reserved 1048576K
}
Event: 2.752 GC heap after
{Heap after GC invocations=10 (full 0):
 garbage-first heap   total 71680K, used 27277K [0x0000000082600000, 0x0000000100000000)
  region size 1024K, 3 young (3072K), 3 survivors (3072K)
 Metaspace       used 40683K, committed 40896K, reserved 1089536K
  class space    used 4991K, committed 5056K, reserved 1048576K
}
Event: 3.396 GC heap before
{Heap before GC invocations=10 (full 0):
 garbage-first heap   total 71680K, used 51853K [0x0000000082600000, 0x0000000100000000)
  region size 1024K, 28 young (28672K), 3 survivors (3072K)
 Metaspace       used 47368K, committed 47616K, reserved 1097728K
  class space    used 5748K, committed 5824K, reserved 1048576K
}
Event: 3.403 GC heap after
{Heap after GC invocations=11 (full 0):
 garbage-first heap   total 71680K, used 29488K [0x0000000082600000, 0x0000000100000000)
  region size 1024K, 2 young (2048K), 2 survivors (2048K)
 Metaspace       used 47368K, committed 47616K, reserved 1097728K
  class space    used 5748K, committed 5824K, reserved 1048576K
}
Event: 3.752 GC heap before
{Heap before GC invocations=11 (full 0):
 garbage-first heap   total 71680K, used 56112K [0x0000000082600000, 0x0000000100000000)
  region size 1024K, 26 young (26624K), 2 survivors (2048K)
 Metaspace       used 48974K, committed 49152K, reserved 1097728K
  class space    used 5897K, committed 5952K, reserved 1048576K
}
Event: 3.764 GC heap after
{Heap after GC invocations=12 (full 0):
 garbage-first heap   total 71680K, used 37452K [0x0000000082600000, 0x0000000100000000)
  region size 1024K, 4 young (4096K), 4 survivors (4096K)
 Metaspace       used 48974K, committed 49152K, reserved 1097728K
  class space    used 5897K, committed 5952K, reserved 1048576K
}
Event: 3.876 GC heap before
{Heap before GC invocations=12 (full 0):
 garbage-first heap   total 71680K, used 54860K [0x0000000082600000, 0x0000000100000000)
  region size 1024K, 21 young (21504K), 4 survivors (4096K)
 Metaspace       used 49531K, committed 49792K, reserved 1097728K
  class space    used 5957K, committed 6080K, reserved 1048576K
}
Event: 3.884 GC heap after
{Heap after GC invocations=13 (full 0):
 garbage-first heap   total 71680K, used 39523K [0x0000000082600000, 0x0000000100000000)
  region size 1024K, 2 young (2048K), 2 survivors (2048K)
 Metaspace       used 49531K, committed 49792K, reserved 1097728K
  class space    used 5957K, committed 6080K, reserved 1048576K
}
Event: 4.453 GC heap before
{Heap before GC invocations=14 (full 0):
 garbage-first heap   total 71680K, used 54883K [0x0000000082600000, 0x0000000100000000)
  region size 1024K, 18 young (18432K), 2 survivors (2048K)
 Metaspace       used 51688K, committed 51904K, reserved 1097728K
  class space    used 6167K, committed 6272K, reserved 1048576K
}
Event: 4.461 GC heap after
{Heap after GC invocations=15 (full 0):
 garbage-first heap   total 71680K, used 42361K [0x0000000082600000, 0x0000000100000000)
  region size 1024K, 3 young (3072K), 3 survivors (3072K)
 Metaspace       used 51688K, committed 51904K, reserved 1097728K
  class space    used 6167K, committed 6272K, reserved 1048576K
}
Event: 4.964 GC heap before
{Heap before GC invocations=15 (full 0):
 garbage-first heap   total 71680K, used 56697K [0x0000000082600000, 0x0000000100000000)
  region size 1024K, 17 young (17408K), 3 survivors (3072K)
 Metaspace       used 52346K, committed 52672K, reserved 1097728K
  class space    used 6183K, committed 6336K, reserved 1048576K
}
Event: 4.974 GC heap after
{Heap after GC invocations=16 (full 0):
 garbage-first heap   total 86016K, used 45231K [0x0000000082600000, 0x0000000100000000)
  region size 1024K, 3 young (3072K), 3 survivors (3072K)
 Metaspace       used 52346K, committed 52672K, reserved 1097728K
  class space    used 6183K, committed 6336K, reserved 1048576K
}

Dll operation events (2 events):
Event: 0.007 Loaded shared library E:\Android studio 2022.1.3\jbr\bin\java.dll
Event: 1.054 Loaded shared library E:\Android studio 2022.1.3\jbr\bin\verify.dll

Deoptimization events (20 events):
Event: 5.352 Thread 0x0000023bfddceb30 DEOPT PACKING pc=0x0000023b8b14fd68 sp=0x00000076e16fd080
Event: 5.352 Thread 0x0000023bfddceb30 DEOPT UNPACKING pc=0x0000023b8a9869a3 sp=0x00000076e16fd020 mode 2
Event: 5.392 Thread 0x0000023bfddceb30 DEOPT PACKING pc=0x0000023b8401a34d sp=0x00000076e16fc150
Event: 5.392 Thread 0x0000023bfddceb30 DEOPT UNPACKING pc=0x0000023b8a987143 sp=0x00000076e16fb5e0 mode 0
Event: 5.398 Thread 0x0000023bfddceb30 Uncommon trap: trap_request=0xffffffde fr.pc=0x0000023b8b14fd54 relative=0x0000000000000314
Event: 5.398 Thread 0x0000023bfddceb30 Uncommon trap: reason=class_check action=maybe_recompile pc=0x0000023b8b14fd54 method=org.jetbrains.kotlin.descriptors.DescriptorVisibilities.toDescriptorVisibility(Lorg/jetbrains/kotlin/descriptors/Visibility;)Lorg/jetbrains/kotlin/descriptors/Descriptor
Event: 5.398 Thread 0x0000023bfddceb30 DEOPT PACKING pc=0x0000023b8b14fd54 sp=0x00000076e16fd080
Event: 5.398 Thread 0x0000023bfddceb30 DEOPT UNPACKING pc=0x0000023b8a9869a3 sp=0x00000076e16fcfb8 mode 2
Event: 5.399 Thread 0x0000023bfddceb30 Uncommon trap: trap_request=0xffffffde fr.pc=0x0000023b8b14fd54 relative=0x0000000000000314
Event: 5.399 Thread 0x0000023bfddceb30 Uncommon trap: reason=class_check action=maybe_recompile pc=0x0000023b8b14fd54 method=org.jetbrains.kotlin.descriptors.DescriptorVisibilities.toDescriptorVisibility(Lorg/jetbrains/kotlin/descriptors/Visibility;)Lorg/jetbrains/kotlin/descriptors/Descriptor
Event: 5.399 Thread 0x0000023bfddceb30 DEOPT PACKING pc=0x0000023b8b14fd54 sp=0x00000076e16fd470
Event: 5.399 Thread 0x0000023bfddceb30 DEOPT UNPACKING pc=0x0000023b8a9869a3 sp=0x00000076e16fd3a8 mode 2
Event: 5.400 Thread 0x0000023bfddceb30 Uncommon trap: trap_request=0xffffffde fr.pc=0x0000023b8b14fd68 relative=0x0000000000000328
Event: 5.400 Thread 0x0000023bfddceb30 Uncommon trap: reason=class_check action=maybe_recompile pc=0x0000023b8b14fd68 method=org.jetbrains.kotlin.load.java.JavaDescriptorVisibilities.toDescriptorVisibility(Lorg/jetbrains/kotlin/descriptors/Visibility;)Lorg/jetbrains/kotlin/descriptors/Descript
Event: 5.400 Thread 0x0000023bfddceb30 DEOPT PACKING pc=0x0000023b8b14fd68 sp=0x00000076e16fd470
Event: 5.400 Thread 0x0000023bfddceb30 DEOPT UNPACKING pc=0x0000023b8a9869a3 sp=0x00000076e16fd410 mode 2
Event: 5.409 Thread 0x0000023bfddceb30 Uncommon trap: trap_request=0xffffffde fr.pc=0x0000023b8b14fd68 relative=0x0000000000000328
Event: 5.409 Thread 0x0000023bfddceb30 Uncommon trap: reason=class_check action=maybe_recompile pc=0x0000023b8b14fd68 method=org.jetbrains.kotlin.load.java.JavaDescriptorVisibilities.toDescriptorVisibility(Lorg/jetbrains/kotlin/descriptors/Visibility;)Lorg/jetbrains/kotlin/descriptors/Descript
Event: 5.409 Thread 0x0000023bfddceb30 DEOPT PACKING pc=0x0000023b8b14fd68 sp=0x00000076e16fd470
Event: 5.409 Thread 0x0000023bfddceb30 DEOPT UNPACKING pc=0x0000023b8a9869a3 sp=0x00000076e16fd410 mode 2

Classes unloaded (0 events):
No events

Classes redefined (0 events):
No events

Internal exceptions (20 events):
Event: 1.284 Thread 0x0000023bfddceb30 Exception <a 'java/lang/NoSuchMethodError'{0x000000008493c300}: 'int java.lang.invoke.DirectMethodHandle$Holder.invokeStaticInit(java.lang.Object, java.lang.Object)'> (0x000000008493c300) 
thrown [s\src\hotspot\share\interpreter\linkResolver.cpp, line 771]
Event: 1.301 Thread 0x0000023bfddceb30 Exception <a 'java/lang/NoSuchMethodError'{0x0000000084818db8}: 'void java.lang.invoke.DirectMethodHandle$Holder.invokeSpecial(java.lang.Object, java.lang.Object, java.lang.Object)'> (0x0000000084818db8) 
thrown [s\src\hotspot\share\interpreter\linkResolver.cpp, line 771]
Event: 1.546 Thread 0x0000023bfddceb30 Exception <a 'java/lang/NoSuchMethodError'{0x0000000083dd1900}: 'void java.lang.invoke.DirectMethodHandle$Holder.invokeStatic(java.lang.Object, java.lang.Object, java.lang.Object, java.lang.Object)'> (0x0000000083dd1900) 
thrown [s\src\hotspot\share\interpreter\linkResolver.cpp, line 771]
Event: 1.607 Thread 0x0000023bfddceb30 Exception <a 'java/lang/NoSuchMethodError'{0x000000008397c6e8}: 'void java.lang.invoke.DirectMethodHandle$Holder.invokeStaticInit(java.lang.Object, java.lang.Object)'> (0x000000008397c6e8) 
thrown [s\src\hotspot\share\interpreter\linkResolver.cpp, line 771]
Event: 1.693 Thread 0x0000023bfddceb30 Exception <a 'java/lang/NoSuchMethodError'{0x00000000887b7a18}: 'void java.lang.invoke.DirectMethodHandle$Holder.invokeVirtual(java.lang.Object, java.lang.Object)'> (0x00000000887b7a18) 
thrown [s\src\hotspot\share\interpreter\linkResolver.cpp, line 771]
Event: 1.703 Thread 0x0000023bfddceb30 Exception <a 'java/lang/NoSuchMethodError'{0x0000000088641f60}: 'int java.lang.invoke.DirectMethodHandle$Holder.invokeVirtual(java.lang.Object, java.lang.Object)'> (0x0000000088641f60) 
thrown [s\src\hotspot\share\interpreter\linkResolver.cpp, line 771]
Event: 1.719 Thread 0x0000023bfddceb30 Exception <a 'java/lang/NoSuchMethodError'{0x00000000886e8560}: 'java.lang.Object java.lang.invoke.Invokers$Holder.invokeExact_MT(java.lang.Object, java.lang.Object, java.lang.Object, java.lang.Object, java.lang.Object, java.lang.Object)'> (0x00000000886e8560) 
thrown [s\src\hotspot\share\interpreter\linkResolver.cpp, line 771]
Event: 2.360 Thread 0x0000023bfddceb30 Exception <a 'java/lang/NoSuchMethodError'{0x000000008a30d728}: 'java.lang.Object java.lang.invoke.DirectMethodHandle$Holder.invokeVirtual(java.lang.Object, java.lang.Object, java.lang.Object)'> (0x000000008a30d728) 
thrown [s\src\hotspot\share\interpreter\linkResolver.cpp, line 771]
Event: 3.078 Thread 0x0000023bfddceb30 Implicit null exception at 0x0000023b8b022150 to 0x0000023b8b022224
Event: 3.168 Thread 0x0000023bfddceb30 Exception <a 'java/lang/NoSuchMethodError'{0x0000000085b05b10}: 'java.lang.Object java.lang.invoke.DirectMethodHandle$Holder.newInvokeSpecial(java.lang.Object, java.lang.Object, int)'> (0x0000000085b05b10) 
thrown [s\src\hotspot\share\interpreter\linkResolver.cpp, line 771]
Event: 3.216 Thread 0x0000023bfddceb30 Exception <a 'java/lang/NoSuchMethodError'{0x0000000085a83ae0}: 'java.lang.Object java.lang.invoke.DirectMethodHandle$Holder.newInvokeSpecial(java.lang.Object, java.lang.Object, java.lang.Object, int)'> (0x0000000085a83ae0) 
thrown [s\src\hotspot\share\interpreter\linkResolver.cpp, line 771]
Event: 3.217 Thread 0x0000023bfddceb30 Exception <a 'java/lang/NoSuchMethodError'{0x0000000085a88168}: 'java.lang.Object java.lang.invoke.DirectMethodHandle$Holder.invokeSpecial(java.lang.Object, java.lang.Object, java.lang.Object, java.lang.Object, int)'> (0x0000000085a88168) 
thrown [s\src\hotspot\share\interpreter\linkResolver.cpp, line 771]
Event: 3.218 Thread 0x0000023bfddceb30 Exception <a 'java/lang/NoSuchMethodError'{0x0000000085a8bfd8}: 'java.lang.Object java.lang.invoke.Invokers$Holder.linkToTargetMethod(java.lang.Object, java.lang.Object, int, java.lang.Object)'> (0x0000000085a8bfd8) 
thrown [s\src\hotspot\share\interpreter\linkResolver.cpp, line 771]
Event: 3.414 Thread 0x0000023bfddceb30 Exception <a 'java/lang/NoSuchMethodError'{0x000000008a36f828}: 'java.lang.Object java.lang.invoke.DirectMethodHandle$Holder.invokeInterface(java.lang.Object, java.lang.Object)'> (0x000000008a36f828) 
thrown [s\src\hotspot\share\interpreter\linkResolver.cpp, line 771]
Event: 4.130 Thread 0x0000023bfddceb30 Implicit null exception at 0x0000023b8b0c1d0f to 0x0000023b8b0c1d4c
Event: 4.255 Thread 0x0000023bfddceb30 Exception <a 'java/lang/NoSuchMethodError'{0x0000000086166fd0}: 'java.lang.Object java.lang.invoke.DirectMethodHandle$Holder.invokeStaticInit(java.lang.Object, java.lang.Object, java.lang.Object)'> (0x0000000086166fd0) 
thrown [s\src\hotspot\share\interpreter\linkResolver.cpp, line 771]
Event: 5.029 Thread 0x0000023bfddceb30 Implicit null exception at 0x0000023b8af1ed8e to 0x0000023b8af1f008
Event: 5.029 Thread 0x0000023bfddceb30 Implicit null exception at 0x0000023b8af2d70f to 0x0000023b8af2d789
Event: 5.204 Thread 0x0000023bfddceb30 Exception <a 'java/lang/NoSuchMethodError'{0x00000000870a9198}: 'java.lang.Object java.lang.invoke.DirectMethodHandle$Holder.newInvokeSpecial(java.lang.Object, int, java.lang.Object)'> (0x00000000870a9198) 
thrown [s\src\hotspot\share\interpreter\linkResolver.cpp, line 771]
Event: 5.205 Thread 0x0000023bfddceb30 Exception <a 'java/lang/NoSuchMethodError'{0x00000000870af828}: 'int java.lang.invoke.DirectMethodHandle$Holder.invokeInterface(java.lang.Object, java.lang.Object)'> (0x00000000870af828) 
thrown [s\src\hotspot\share\interpreter\linkResolver.cpp, line 771]

VM Operations (20 events):
Event: 4.681 Executing VM operation: HandshakeAllThreads
Event: 4.681 Executing VM operation: HandshakeAllThreads done
Event: 4.695 Executing VM operation: HandshakeAllThreads
Event: 4.695 Executing VM operation: HandshakeAllThreads done
Event: 4.697 Executing VM operation: HandshakeAllThreads
Event: 4.697 Executing VM operation: HandshakeAllThreads done
Event: 4.761 Executing VM operation: ICBufferFull
Event: 4.762 Executing VM operation: ICBufferFull done
Event: 4.866 Executing VM operation: ICBufferFull
Event: 4.866 Executing VM operation: ICBufferFull done
Event: 4.963 Executing VM operation: G1CollectForAllocation
Event: 4.974 Executing VM operation: G1CollectForAllocation done
Event: 5.024 Executing VM operation: G1Concurrent
Event: 5.028 Executing VM operation: G1Concurrent done
Event: 5.050 Executing VM operation: G1Concurrent
Event: 5.050 Executing VM operation: G1Concurrent done
Event: 5.190 Executing VM operation: HandshakeAllThreads
Event: 5.190 Executing VM operation: HandshakeAllThreads done
Event: 5.196 Executing VM operation: ICBufferFull
Event: 5.196 Executing VM operation: ICBufferFull done

Events (20 events):
Event: 3.839 loading class java/util/function/BiConsumer
Event: 3.839 loading class java/util/function/BiConsumer done
Event: 3.839 loading class java/util/function/BinaryOperator
Event: 3.839 loading class java/util/function/BinaryOperator done
Event: 3.840 loading class java/util/stream/ReduceOps
Event: 3.840 loading class java/util/stream/ReduceOps done
Event: 3.840 loading class java/util/stream/ReduceOps$3
Event: 3.840 loading class java/util/stream/ReduceOps$ReduceOp
Event: 3.840 loading class java/util/stream/ReduceOps$ReduceOp done
Event: 3.840 loading class java/util/stream/ReduceOps$3 done
Event: 3.840 loading class java/util/stream/ReduceOps$3ReducingSink
Event: 3.840 loading class java/util/stream/ReduceOps$AccumulatingSink
Event: 3.840 loading class java/util/stream/ReduceOps$AccumulatingSink done
Event: 3.840 loading class java/util/stream/ReduceOps$Box
Event: 3.840 loading class java/util/stream/ReduceOps$Box done
Event: 3.840 loading class java/util/stream/ReduceOps$3ReducingSink done
Event: 3.840 loading class java/util/stream/ReferencePipeline$2$1
Event: 3.840 loading class java/util/stream/ReferencePipeline$2$1 done
Event: 4.043 loading class java/util/RegularEnumSet$EnumSetIterator
Event: 4.043 loading class java/util/RegularEnumSet$EnumSetIterator done


Dynamic libraries:
0x00007ff799db0000 - 0x00007ff799dba000 	E:\Android studio 2022.1.3\jbr\bin\java.exe
0x00007fffe8ed0000 - 0x00007fffe90c8000 	C:\WINDOWS\SYSTEM32\ntdll.dll
0x00007fffe3100000 - 0x00007fffe3119000 	C:\Program Files\Avast Software\Avast\aswhook.dll
0x00007fffe6f90000 - 0x00007fffe704f000 	C:\WINDOWS\System32\KERNEL32.DLL
0x00007fffe6690000 - 0x00007fffe6986000 	C:\WINDOWS\System32\KERNELBASE.dll
0x00007fffe6bb0000 - 0x00007fffe6cb0000 	C:\WINDOWS\System32\ucrtbase.dll
0x00007fff91f40000 - 0x00007fff91f57000 	E:\Android studio 2022.1.3\jbr\bin\jli.dll
0x00007fffb7c80000 - 0x00007fffb7c9b000 	E:\Android studio 2022.1.3\jbr\bin\VCRUNTIME140.dll
0x00007fffe7a60000 - 0x00007fffe7bfd000 	C:\WINDOWS\System32\USER32.dll
0x00007fffe6660000 - 0x00007fffe6682000 	C:\WINDOWS\System32\win32u.dll
0x00007fffc7ee0000 - 0x00007fffc817a000 	C:\WINDOWS\WinSxS\amd64_microsoft.windows.common-controls_6595b64144ccf1df_6.0.19041.1110_none_60b5254171f9507e\COMCTL32.dll
0x00007fffe8520000 - 0x00007fffe854c000 	C:\WINDOWS\System32\GDI32.dll
0x00007fffe7dd0000 - 0x00007fffe7e6e000 	C:\WINDOWS\System32\msvcrt.dll
0x00007fffe6cb0000 - 0x00007fffe6dc5000 	C:\WINDOWS\System32\gdi32full.dll
0x00007fffe6a50000 - 0x00007fffe6aed000 	C:\WINDOWS\System32\msvcp_win.dll
0x00007fffe7e80000 - 0x00007fffe7eb0000 	C:\WINDOWS\System32\IMM32.DLL
0x00007fffb7c70000 - 0x00007fffb7c7c000 	E:\Android studio 2022.1.3\jbr\bin\vcruntime140_1.dll
0x00007fffb7980000 - 0x00007fffb7a0d000 	E:\Android studio 2022.1.3\jbr\bin\msvcp140.dll
0x00007fff7bb60000 - 0x00007fff7c7ce000 	E:\Android studio 2022.1.3\jbr\bin\server\jvm.dll
0x00007fffe79b0000 - 0x00007fffe7a5f000 	C:\WINDOWS\System32\ADVAPI32.dll
0x00007fffe7d20000 - 0x00007fffe7dbc000 	C:\WINDOWS\System32\sechost.dll
0x00007fffe82a0000 - 0x00007fffe83c6000 	C:\WINDOWS\System32\RPCRT4.dll
0x00007fffd59f0000 - 0x00007fffd59f9000 	C:\WINDOWS\SYSTEM32\WSOCK32.dll
0x00007fffd3b00000 - 0x00007fffd3b27000 	C:\WINDOWS\SYSTEM32\WINMM.dll
0x00007fffe0b00000 - 0x00007fffe0b0a000 	C:\WINDOWS\SYSTEM32\VERSION.dll
0x00007fffe8600000 - 0x00007fffe866b000 	C:\WINDOWS\System32\WS2_32.dll
0x00007fffe4440000 - 0x00007fffe4452000 	C:\WINDOWS\SYSTEM32\kernel.appcore.dll
0x00007fffc8280000 - 0x00007fffc828a000 	E:\Android studio 2022.1.3\jbr\bin\jimage.dll
0x00007fffd9150000 - 0x00007fffd9334000 	C:\WINDOWS\SYSTEM32\DBGHELP.DLL
0x00007fffd9110000 - 0x00007fffd9144000 	C:\WINDOWS\SYSTEM32\dbgcore.DLL
0x00007fffe6b20000 - 0x00007fffe6ba2000 	C:\WINDOWS\System32\bcryptPrimitives.dll
0x00007fffacc80000 - 0x00007fffacca5000 	E:\Android studio 2022.1.3\jbr\bin\java.dll
0x00007fffc8260000 - 0x00007fffc8278000 	E:\Android studio 2022.1.3\jbr\bin\zip.dll
0x00007fffe8740000 - 0x00007fffe8e84000 	C:\WINDOWS\System32\SHELL32.dll
0x00007fffe4640000 - 0x00007fffe4dd3000 	C:\WINDOWS\SYSTEM32\windows.storage.dll
0x00007fffe75a0000 - 0x00007fffe78f4000 	C:\WINDOWS\System32\combase.dll
0x00007fffe5e40000 - 0x00007fffe5e6e000 	C:\WINDOWS\SYSTEM32\Wldp.dll
0x00007fffe7900000 - 0x00007fffe79ad000 	C:\WINDOWS\System32\SHCORE.dll
0x00007fffe8680000 - 0x00007fffe86d5000 	C:\WINDOWS\System32\shlwapi.dll
0x00007fffe64f0000 - 0x00007fffe650f000 	C:\WINDOWS\SYSTEM32\profapi.dll
0x00007fffaccb0000 - 0x00007fffaccc9000 	E:\Android studio 2022.1.3\jbr\bin\net.dll
0x00007fffddf40000 - 0x00007fffde04a000 	C:\WINDOWS\SYSTEM32\WINHTTP.dll
0x00007fffe5c20000 - 0x00007fffe5c8a000 	C:\WINDOWS\system32\mswsock.dll
0x00007fffacc60000 - 0x00007fffacc76000 	E:\Android studio 2022.1.3\jbr\bin\nio.dll
0x00007fffb33d0000 - 0x00007fffb33e0000 	E:\Android studio 2022.1.3\jbr\bin\verify.dll

dbghelp: loaded successfully - version: 4.0.5 - missing functions: none
symbol engine: initialized successfully - sym options: 0x614 - pdb path: .;E:\Android studio 2022.1.3\jbr\bin;C:\WINDOWS\SYSTEM32;C:\Program Files\Avast Software\Avast;C:\WINDOWS\WinSxS\amd64_microsoft.windows.common-controls_6595b64144ccf1df_6.0.19041.1110_none_60b5254171f9507e;E:\Android studio 2022.1.3\jbr\bin\server

VM Arguments:
java_command: org.jetbrains.kotlin.cli.jvm.K2JVMCompiler @C:\Users\Thoriso Tumelo\AndroidStudioProjects\WILAPP\app\build\20231120_9474382084514566951.compiler.options
java_class_path (initial): C:\Users\Thoriso Tumelo\.gradle\caches\modules-2\files-2.1\org.jetbrains.kotlin\kotlin-compiler-embeddable\1.8.0\eb9118d4bcceaa2a94b2ae2a33a4ddba7c9a947f\kotlin-compiler-embeddable-1.8.0.jar;C:\Users\Thoriso Tumelo\.gradle\caches\modules-2\files-2.1\org.jetbrains.kotlin\kotlin-stdlib\1.8.0\1796921c7a3e2e2665a83e6c8d33399336cd39bc\kotlin-stdlib-1.8.0.jar;C:\Users\Thoriso Tumelo\.gradle\caches\modules-2\files-2.1\org.jetbrains.kotlin\kotlin-script-runtime\1.8.0\b2f7e760d283cb339974851c222a4c1d48f2d3d\kotlin-script-runtime-1.8.0.jar;C:\Users\Thoriso Tumelo\.gradle\caches\modules-2\files-2.1\org.jetbrains.kotlin\kotlin-reflect\1.6.10\1cbe9c92c12a94eea200d23c2bbaedaf3daf5132\kotlin-reflect-1.6.10.jar;C:\Users\Thoriso Tumelo\.gradle\caches\modules-2\files-2.1\org.jetbrains.kotlin\kotlin-daemon-embeddable\1.8.0\d255216c551685dc3a7e852b53617f5f01aaaa5c\kotlin-daemon-embeddable-1.8.0.jar;C:\Users\Thoriso Tumelo\.gradle\caches\modules-2\files-2.1\org.jetbrains.intellij.deps\trove4j\1.0.20200330\3afb14d5f9ceb459d724e907a21145e8ff394f02\trove4j-1.0.20200330.jar;C:\Users\Thoriso Tumelo\.gradle\caches\modules-2\files-2.1\net.java.dev.jna\jna\5.6.0\330f2244e9030119ab3030fc3fededc86713d9cc\jna-5.6.0.jar;C:\Users\Thoriso Tumelo\.gradle\caches\modules-2\files-2.1\org.jetbrains.kotlin\kotlin-stdlib-common\1.8.0\f7197e7cc76453ac59f8b0f8d5137cc600becd36\kotlin-stdlib-common-1.8.0.jar;C:\Users\Thoriso Tumelo\.gradle\caches\modules-2\files-2.1\org.jetbrains\annotations\13.0\919f0dfe192fb4e063e7dacadee7f8bb9a2672a9\annotations-13.0.jar
Launcher Type: SUN_STANDARD

[Global flags]
     intx CICompilerCount                          = 3                                         {product} {ergonomic}
     uint ConcGCThreads                            = 1                                         {product} {ergonomic}
     uint G1ConcRefinementThreads                  = 4                                         {product} {ergonomic}
   size_t G1HeapRegionSize                         = 1048576                                   {product} {ergonomic}
    uintx GCDrainStackTargetSize                   = 64                                        {product} {ergonomic}
   size_t InitialHeapSize                          = 132120576                                 {product} {ergonomic}
   size_t MarkStackSize                            = 4194304                                   {product} {ergonomic}
   size_t MaxHeapSize                              = 2107637760                                {product} {ergonomic}
   size_t MaxNewSize                               = 1264582656                                {product} {ergonomic}
   size_t MinHeapDeltaBytes                        = 1048576                                   {product} {ergonomic}
   size_t MinHeapSize                              = 8388608                                   {product} {ergonomic}
    uintx NonNMethodCodeHeapSize                   = 5832780                                {pd product} {ergonomic}
    uintx NonProfiledCodeHeapSize                  = 122912730                              {pd product} {ergonomic}
    uintx ProfiledCodeHeapSize                     = 122912730                              {pd product} {ergonomic}
    uintx ReservedCodeCacheSize                    = 251658240                              {pd product} {ergonomic}
     bool SegmentedCodeCache                       = true                                      {product} {ergonomic}
   size_t SoftMaxHeapSize                          = 2107637760                             {manageable} {ergonomic}
     bool UseCompressedClassPointers               = true                           {product lp64_product} {ergonomic}
     bool UseCompressedOops                        = true                           {product lp64_product} {ergonomic}
     bool UseG1GC                                  = true                                      {product} {ergonomic}
     bool UseLargePagesIndividualAllocation        = false                                  {pd product} {ergonomic}

Logging:
Log output configuration:
 #0: stdout all=warning uptime,level,tags
 #1: stderr all=off uptime,level,tags

Environment Variables:
PATH=C:\WINDOWS\system32;C:\WINDOWS;C:\WINDOWS\System32\Wbem;C:\WINDOWS\System32\WindowsPowerShell\v1.0\;C:\WINDOWS\System32\OpenSSH\;C:\Program Files\Git\cmd;C:\Users\Thoriso Tumelo\AppData\Local\Microsoft\WindowsApps
USERNAME=Thoriso Tumelo
OS=Windows_NT
PROCESSOR_IDENTIFIER=Intel64 Family 6 Model 158 Stepping 11, GenuineIntel
TMP=C:\Users\THORIS~1\AppData\Local\Temp
TEMP=C:\Users\THORIS~1\AppData\Local\Temp


JNI global refs:
JNI global refs: 10, weak refs: 0

JNI global refs memory usage: 843, weak refs: 841


---------------  S Y S T E M  ---------------

OS:
 Windows 10 , 64 bit Build 19041 (10.0.19041.3031)
OS uptime: 0 days 1:33 hours
Hyper-V role detected

CPU: total 4 (initial active 4) (4 cores per cpu, 1 threads per core) family 6 model 158 stepping 11 microcode 0xb4, cx8, cmov, fxsr, mmx, 3dnowpref, sse, sse2, sse3, ssse3, sse4.1, sse4.2, popcnt, lzcnt, tsc, tscinvbit, avx, avx2, aes, erms, clmul, bmi1, bmi2, adx, fma, vzeroupper, clflush, clflushopt, hv

Memory: 4k page, system-wide physical 8035M (954M free)
TotalPageFile size 9341M (AvailPageFile size 5M)
current process WorkingSet (physical memory assigned to process): 219M, peak: 235M
current process commit charge ("private bytes"): 252M, peak: 274M

vm_info: OpenJDK 64-Bit Server VM (17.0.6+0-b2043.56-10027231) for windows-amd64 JRE (17.0.6+0-b2043.56-10027231), built on Apr 28 2023 00:43:19 by "androidbuild" with MS VC++ 16.10 / 16.11 (VS2019)

END.
